Application     C:\RGA\Appli\Entry\EQUIPE.ent
Type            ENTRY
Input Data      <<CSPro DB>> C:\RGA\Appli\Fext\teams.csdb
External        CARTOGRAPHIE_DICT=<<Empty>> 

Date            Dec 10, 2020
Start Time      14:35:32
End Time        14:35:39



CSPro Executor Normal End
------------------------------------------------------------------------------------------------------------------------
Application     C:\RGA\Appli\Entry\EQUIPE.ent
Type            ENTRY
Input Data      <<CSPro DB>> C:\RGA\Appli\Fext\teams.csdb
External        CARTOGRAPHIE_DICT=<<Empty>> 

Date            Dec 10, 2020
Start Time      14:37:57
End Time        14:38:22



CSPro Executor Normal End
------------------------------------------------------------------------------------------------------------------------
Application     C:\RGA\Appli\Entry\EQUIPE.ent
Type            ENTRY
Input Data      <<CSPro DB>> C:\RGA\Appli\Fext\teams.csdb
External        CARTOGRAPHIE_DICT=<<Empty>> 

Date            Dec 10, 2020
Start Time      14:39:26
End Time        14:40:19


System messages:

  Number        Freq         Message Text                                                                               
  ------        ----         ------------                                                                               
    1008           4         Invalid subscript: %s(%d) -- %p                                                            


CSPro Executor Normal End
------------------------------------------------------------------------------------------------------------------------
Application     C:\RGA\Appli\Entry\EQUIPE.ent
Type            ENTRY
Input Data      <<CSPro DB>> C:\RGA\Appli\Fext\teams.csdb
External        CARTOGRAPHIE_DICT=<<Empty>> 

Date            Dec 10, 2020
Start Time      14:43:16
End Time        14:45:01


System messages:

  Number        Freq         Message Text                                                                               
  ------        ----         ------------                                                                               
   47161           2         The dynamic value set created for %s contains some values that cannot be stored            
                             by the field                                                                               


CSPro Executor Normal End
------------------------------------------------------------------------------------------------------------------------
Application     C:\RGA\Appli\Entry\EQUIPE.ent
Type            ENTRY
Input Data      <<CSPro DB>> C:\RGA\Appli\Fext\teams.csdb
External        CARTOGRAPHIE_DICT=<<Empty>> 

Date            Dec 10, 2020
Start Time      14:45:40
End Time        14:46:19



CSPro Executor Normal End
------------------------------------------------------------------------------------------------------------------------
Application     C:\RGA\Appli\Entry\EQUIPE.ent
Type            ENTRY
Input Data      <<CSPro DB>> C:\RGA\Appli\Fext\teams.csdb
External        CARTOGRAPHIE_DICT=<<Empty>> 

Date            Dec 10, 2020
Start Time      14:48:54
End Time        14:49:53



CSPro Executor Normal End
------------------------------------------------------------------------------------------------------------------------
Application     C:\RGA\Appli\Entry\EQUIPE.ent
Type            ENTRY
Input Data      <<CSPro DB>> C:\RGA\Appli\Fext\teams.csdb
External        CARTOGRAPHIE_DICT=<<Empty>> 

Date            Dec 10, 2020
Start Time      14:50:19
End Time        14:50:32



CSPro Executor Normal End
------------------------------------------------------------------------------------------------------------------------
Application     C:\RGA\Appli\Entry\EQUIPE.ent
Type            ENTRY
Input Data      <<CSPro DB>> C:\RGA\Appli\Fext\teams.csdb
External        CARTOGRAPHIE_DICT=<<Empty>> 

Date            Dec 10, 2020
Start Time      14:53:22
End Time        14:55:46



CSPro Executor Normal End
------------------------------------------------------------------------------------------------------------------------
Application     C:\RGA\Appli\Entry\EQUIPE.ent
Type            ENTRY
Input Data      <<CSPro DB>> C:\RGA\Appli\Fext\teams.csdb
External        CARTOGRAPHIE_DICT=<<Empty>> 

Date            Dec 10, 2020
Start Time      14:55:53
End Time        14:56:41



CSPro Executor Normal End
------------------------------------------------------------------------------------------------------------------------
Application     C:\RGA\Appli\Entry\EQUIPE.ent
Type            ENTRY
Input Data      <<CSPro DB>> C:\RGA\Appli\Fext\teams.csdb
External        CARTOGRAPHIE_DICT=<<Empty>> 

Date            Dec 10, 2020
Start Time      14:56:48
End Time        14:57:11



CSPro Executor Normal End
------------------------------------------------------------------------------------------------------------------------
Application     C:\RGA\Appli\Entry\EQUIPE.ent
Type            ENTRY
Input Data      <<CSPro DB>> C:\RGA\Appli\Fext\teams.csdb
External        CARTOGRAPHIE_DICT=<<Empty>> 

Date            Dec 10, 2020
Start Time      15:06:10
End Time        15:06:37



CSPro Executor Normal End
------------------------------------------------------------------------------------------------------------------------
Application     C:\RGA\Appli\Entry\EQUIPE.ent
Type            ENTRY
Input Data      <<CSPro DB>> C:\RGA\Appli\Fext\teams.csdb
External        CARTOGRAPHIE_DICT=<<Empty>> 

Date            Dec 10, 2020
Start Time      15:07:39
End Time        15:08:19



CSPro Executor Normal End
------------------------------------------------------------------------------------------------------------------------
Application     C:\RGA\Appli\Entry\EQUIPE.ent
Type            ENTRY
Input Data      <<CSPro DB>> C:\RGA\Appli\Fext\teams.csdb
External        CARTOGRAPHIE_DICT=<<Empty>> 

Date            Dec 10, 2020
Start Time      15:08:43
End Time        15:09:08


***  has 1 message (0 E / 0 W / 0 U)
    A    1010 Application error: protected field RGAEQ11 is out of range - value is  NOTAPPL


CSPro Executor Normal End
------------------------------------------------------------------------------------------------------------------------
Application     C:\RGA\Appli\Entry\EQUIPE.ent
Type            ENTRY
Input Data      <<CSPro DB>> C:\RGA\Appli\Fext\teams.csdb
External        CARTOGRAPHIE_DICT=<<Empty>> 

Date            Dec 10, 2020
Start Time      15:09:31
End Time        15:10:34


***  has 1 message (0 E / 0 W / 0 U)
    A    1010 Application error: protected field RGAEQ11 is out of range - value is  NOTAPPL


CSPro Executor Normal End
------------------------------------------------------------------------------------------------------------------------
Application     C:\RGA\Appli\Entry\EQUIPE.ent
Type            ENTRY
Input Data      <<CSPro DB>> C:\RGA\Appli\Fext\teams.csdb
External        CARTOGRAPHIE_DICT=<<Empty>> 

Date            Dec 10, 2020
Start Time      15:12:15
End Time        15:13:06


***  has 1 message (0 E / 0 W / 0 U)
    A    1010 Application error: protected field RGAEQ11 is out of range - value is  NOTAPPL


CSPro Executor Normal End
------------------------------------------------------------------------------------------------------------------------
Application     C:\RGA\Appli\Entry\EQUIPE.ent
Type            ENTRY
Input Data      <<CSPro DB>> C:\RGA\Appli\Fext\teams.csdb
External        CARTOGRAPHIE_DICT=<<Empty>> 

Date            Dec 10, 2020
Start Time      15:18:51
End Time        15:20:16


System messages:

  Number        Freq         Message Text                                                                               
  ------        ----         ------------                                                                               
   34088           2         Invalid subscript: %s(%d) -- %p                                                            


CSPro Executor Normal End
------------------------------------------------------------------------------------------------------------------------
Application     C:\RGA\Appli\Entry\EQUIPE.ent
Type            ENTRY
Input Data      <<CSPro DB>> C:\RGA\Appli\Fext\teams.csdb
External        CARTOGRAPHIE_DICT=<<Empty>> 

Date            Dec 10, 2020
Start Time      15:20:24
End Time        15:21:13


System messages:

  Number        Freq         Message Text                                                                               
  ------        ----         ------------                                                                               
   34088           2         Invalid subscript: %s(%d) -- %p                                                            


CSPro Executor Normal End
------------------------------------------------------------------------------------------------------------------------
Application     C:\RGA\Appli\Entry\EQUIPE.ent
Type            ENTRY
Input Data      <<CSPro DB>> C:\RGA\Appli\Fext\teams.csdb
External        CARTOGRAPHIE_DICT=<<Empty>> 

Date            Dec 10, 2020
Start Time      15:21:43
End Time        15:23:57



CSPro Executor Normal End
------------------------------------------------------------------------------------------------------------------------
