Application     C:\QUESTIONNAIRE MENAGE ROUGEOLE - exportation\Entry\ProvExitall.bch
Type            BATCH
Input Data      <<Text File>> C:\QUESTIONNAIRE MENAGE ROUGEOLE - exportation\Dicts\sims.txt                                                                                                                                                                                                                                 
External        QUESTIONNAIRE_MENAGE_DICT=<<CSPro DB>> C:\QUESTIONNAIRE MENAGE ROUGEOLE - exportation\DataDrpbx\drop.csdb                                                                                                                                                                                                                             

Date            Feb 11, 2020
Start Time      01:32:05
End Time        01:32:10

CSPRO Process Summary
          +-----------------------------------------------------+
          |       1 Records Read ( 100% of input file)          |
          |       0 Ignored (       0 unknown,        0 erased) |
          |       0 Messages (       0 U,       0 W,       0 E) |
          +---------+--------------+--------------+-------------+
          |  Level  |  Input Case  |  Bad Struct  |  Level Post |
          +---------+--------------+--------------+-------------+
          |     1   |          1   |          0   |          1  |
          +---------+--------------+--------------+-------------+                                                     
                                                                                
                                                                                
                                                                                

Process Messages

CSPRO Executor Normal End
------------------------------------------------------------------------------------------------------------------------
