Application     C:\ENQBASE\SuiviCFCRTM\Exportcfcrtm\HH.bch
Type            BATCH
Input Data      <<CSPro DB>> C:\ENQBASE\SuiviCFCRTM\OutputMod\ModuleHH.csdb                                                                                                                                                                                                                                                 
<Output>        <<Empty>>                                                                                                                                                                                                                                                                                                   
<File>          HHP=C:\ENQBASE\SuiviCFCRTM\dbconcat\HHP.dat
<File>          HHBR=C:\ENQBASE\SuiviCFCRTM\dbconcat\HHBR.dat
<File>          HHLM=C:\ENQBASE\SuiviCFCRTM\dbconcat\HHLM.dat
<File>          HHED=C:\ENQBASE\SuiviCFCRTM\dbconcat\HHED.dat
<File>          HHTN=C:\ENQBASE\SuiviCFCRTM\dbconcat\HHTN.dat

Date            May 13, 2019
Start Time      16:03:56
End Time        16:04:08

CSPRO Process Summary
          +-----------------------------------------------------+
          |   38406 Records Read ( 100% of input file)          |
          |       0 Ignored (       0 unknown,        0 erased) |
          |       0 Messages (       0 U,       0 W,       0 E) |
          +---------+--------------+--------------+-------------+
          |  Level  |  Input Case  |  Bad Struct  |  Level Post |
          +---------+--------------+--------------+-------------+
          |     1   |       1903   |          0   |       1903  |
          +---------+--------------+--------------+-------------+                                                     
                                                                                
                                                                                
                                                                                

Process Messages

CSPRO Executor Normal End
--------------------------------------------------------------------------------
