Application     C:\ENQBASE\SuiviCFCRTM\SPSSdb\Tab\Non consentement.xtb
Type            Tab
Input Data      <<CSPro DB>> C:\ENQBASE\SuiviCFCRTM\OutputMod\ModuleHH.csdb                                                                                                                                                                                                                                                 
Output          C:\ENQBASE\SuiviCFCRTM\SPSSdb\Tab\ModuleHH.csdb.tab

Date            Apr 29, 2019
Start Time      01:12:08
End Time        01:12:11

CSPRO Process Summary
          +-----------------------------------------------------+
          |   38407 Records Read ( 100% of input file)          |
          |       0 Ignored (       0 unknown,        0 erased) |
          |       0 Messages (       0 U,       0 W,       0 E) |
          +---------+--------------+--------------+-------------+
          |  Level  |  Input Case  |  Bad Struct  |  Level Post |
          +---------+--------------+--------------+-------------+
          |     1   |       1903   |          0   |       1903  |
          +---------+--------------+--------------+-------------+                                                     
                                                                                
                                                                                
                                                                                

Process Messages

CSPRO Executor Normal End
--------------------------------------------------------------------------------
Application     C:\ENQBASE\SuiviCFCRTM\SPSSdb\Tab\Non consentement.xtb
Type            Format
Input Data      C:\ENQBASE\SuiviCFCRTM\SPSSdb\Tab\ModuleHH.csdb.tab
Output          C:\ENQBASE\SuiviCFCRTM\SPSSdb\Tab\Non consentement.xtb.tbw

Date            Apr 29, 2019
Start Time      01:12:11
End Time        01:12:11

CSPRO Process Summary
          +-----------------------------------------------------+
          |       6 Slices  Read ( 100% of input file)          |
          |       0 Ignored (       0 unknown,        0 erased) |
          |       0 Messages (       0 U,       0 W,       0 E) |
          +-----------------------------------------------------+
                                                                         

Process Messages

CSPRO Executor Normal End
--------------------------------------------------------------------------------
