Number of files requested to concatenate:  101

  C:\ENQBASE\SuiviCFCRTM\Alldata\HHENQ01.csdb
  C:\ENQBASE\SuiviCFCRTM\Alldata\HHENQ02.csdb
  C:\ENQBASE\SuiviCFCRTM\Alldata\HHENQ03.csdb
  C:\ENQBASE\SuiviCFCRTM\Alldata\HHENQ04.csdb
  C:\ENQBASE\SuiviCFCRTM\Alldata\HHENQ05.csdb
  C:\ENQBASE\SuiviCFCRTM\Alldata\HHENQ06.csdb
  C:\ENQBASE\SuiviCFCRTM\Alldata\HHENQ08.csdb
  C:\ENQBASE\SuiviCFCRTM\Alldata\HHENQ11.csdb
  C:\ENQBASE\SuiviCFCRTM\Alldata\HHENQ14.csdb
  C:\ENQBASE\SuiviCFCRTM\Alldata\HHENQ15.csdb
  C:\ENQBASE\SuiviCFCRTM\Alldata\HHENQ16.csdb
  C:\ENQBASE\SuiviCFCRTM\Alldata\HHENQ19.csdb
  C:\ENQBASE\SuiviCFCRTM\Alldata\HHENQ20.csdb
  C:\ENQBASE\SuiviCFCRTM\Alldata\HHENQ21.csdb
  C:\ENQBASE\SuiviCFCRTM\Alldata\HHENQ23.csdb
  C:\ENQBASE\SuiviCFCRTM\Alldata\HHENQ31.csdb
  C:\ENQBASE\SuiviCFCRTM\Alldata\HHENQ35.csdb
  C:\ENQBASE\SuiviCFCRTM\Alldata\HHENQ36.csdb
  C:\ENQBASE\SuiviCFCRTM\Alldata\HHENQ40.csdb
  C:\ENQBASE\SuiviCFCRTM\Alldata\HHENQ41.csdb
  C:\ENQBASE\SuiviCFCRTM\Alldata\HHENQ42.csdb
  C:\ENQBASE\SuiviCFCRTM\Alldata\HHENQ43.csdb
  C:\ENQBASE\SuiviCFCRTM\Alldata\HHENQ44.csdb
  C:\ENQBASE\SuiviCFCRTM\Alldata\HHENQ45.csdb
  C:\ENQBASE\SuiviCFCRTM\Alldata\HHENQ46.csdb
  C:\ENQBASE\SuiviCFCRTM\Alldata\HHENQ47.csdb
  C:\ENQBASE\SuiviCFCRTM\Alldata\HHENQ48.csdb
  C:\ENQBASE\SuiviCFCRTM\Alldata\HHENQ49.csdb
  C:\ENQBASE\SuiviCFCRTM\Alldata\HHENQ50.csdb
  C:\ENQBASE\SuiviCFCRTM\Alldata\HHENQ51.csdb
  C:\ENQBASE\SuiviCFCRTM\Alldata\HHENQ52.csdb
  C:\ENQBASE\SuiviCFCRTM\Alldata\HHENQ53.csdb
  C:\ENQBASE\SuiviCFCRTM\Alldata\HHENQ54.csdb
  C:\ENQBASE\SuiviCFCRTM\Alldata\HHENQ55.csdb
  C:\ENQBASE\SuiviCFCRTM\Alldata\HHENQ56.csdb
  C:\ENQBASE\SuiviCFCRTM\Alldata\HHENQ57.csdb
  C:\ENQBASE\SuiviCFCRTM\Alldata\HHENQ58.csdb
  C:\ENQBASE\SuiviCFCRTM\Alldata\HHENQ59.csdb
  C:\ENQBASE\SuiviCFCRTM\Alldata\HHENQ82.csdb
  C:\ENQBASE\SuiviCFCRTM\Alldata\HHENQ87.csdb
  C:\ENQBASE\SuiviCFCRTM\Alldata\HHENQ89.csdb

Number of files concatenated:  41

Output file:  
  C:\ENQBASE\SuiviCFCRTM\OutputMod\ModuleHH.csdb


Concatenation done with the following errors:

File C:\ENQBASE\SuiviCFCRTM\Alldata\HHENQ00.csdb not found

File C:\ENQBASE\SuiviCFCRTM\Alldata\HHENQ07.csdb not found

File C:\ENQBASE\SuiviCFCRTM\Alldata\HHENQ09.csdb not found

File C:\ENQBASE\SuiviCFCRTM\Alldata\HHENQ10.csdb not found

File C:\ENQBASE\SuiviCFCRTM\Alldata\HHENQ12.csdb not found

File C:\ENQBASE\SuiviCFCRTM\Alldata\HHENQ13.csdb not found

File C:\ENQBASE\SuiviCFCRTM\Alldata\HHENQ17.csdb not found

File C:\ENQBASE\SuiviCFCRTM\Alldata\HHENQ18.csdb not found

File C:\ENQBASE\SuiviCFCRTM\Alldata\HHENQ22.csdb not found

File C:\ENQBASE\SuiviCFCRTM\Alldata\HHENQ24.csdb not found

File C:\ENQBASE\SuiviCFCRTM\Alldata\HHENQ25.csdb not found

File C:\ENQBASE\SuiviCFCRTM\Alldata\HHENQ26.csdb not found

File C:\ENQBASE\SuiviCFCRTM\Alldata\HHENQ27.csdb not found

File C:\ENQBASE\SuiviCFCRTM\Alldata\HHENQ28.csdb not found

File C:\ENQBASE\SuiviCFCRTM\Alldata\HHENQ29.csdb not found

File C:\ENQBASE\SuiviCFCRTM\Alldata\HHENQ30.csdb not found

File C:\ENQBASE\SuiviCFCRTM\Alldata\HHENQ32.csdb not found

File C:\ENQBASE\SuiviCFCRTM\Alldata\HHENQ33.csdb not found

File C:\ENQBASE\SuiviCFCRTM\Alldata\HHENQ34.csdb not found

File C:\ENQBASE\SuiviCFCRTM\Alldata\HHENQ37.csdb not found

File C:\ENQBASE\SuiviCFCRTM\Alldata\HHENQ38.csdb not found

File C:\ENQBASE\SuiviCFCRTM\Alldata\HHENQ39.csdb not found

File C:\ENQBASE\SuiviCFCRTM\Alldata\HHENQ60.csdb not found

File C:\ENQBASE\SuiviCFCRTM\Alldata\HHENQ61.csdb not found

File C:\ENQBASE\SuiviCFCRTM\Alldata\HHENQ62.csdb not found

File C:\ENQBASE\SuiviCFCRTM\Alldata\HHENQ63.csdb not found

File C:\ENQBASE\SuiviCFCRTM\Alldata\HHENQ64.csdb not found

File C:\ENQBASE\SuiviCFCRTM\Alldata\HHENQ65.csdb not found

File C:\ENQBASE\SuiviCFCRTM\Alldata\HHENQ66.csdb not found

File C:\ENQBASE\SuiviCFCRTM\Alldata\HHENQ67.csdb not found

File C:\ENQBASE\SuiviCFCRTM\Alldata\HHENQ68.csdb not found

File C:\ENQBASE\SuiviCFCRTM\Alldata\HHENQ69.csdb not found

File C:\ENQBASE\SuiviCFCRTM\Alldata\HHENQ70.csdb not found

File C:\ENQBASE\SuiviCFCRTM\Alldata\HHENQ71.csdb not found

File C:\ENQBASE\SuiviCFCRTM\Alldata\HHENQ72.csdb not found

File C:\ENQBASE\SuiviCFCRTM\Alldata\HHENQ73.csdb not found

File C:\ENQBASE\SuiviCFCRTM\Alldata\HHENQ74.csdb not found

File C:\ENQBASE\SuiviCFCRTM\Alldata\HHENQ75.csdb not found

File C:\ENQBASE\SuiviCFCRTM\Alldata\HHENQ76.csdb not found

File C:\ENQBASE\SuiviCFCRTM\Alldata\HHENQ77.csdb not found

File C:\ENQBASE\SuiviCFCRTM\Alldata\HHENQ78.csdb not found

File C:\ENQBASE\SuiviCFCRTM\Alldata\HHENQ79.csdb not found

File C:\ENQBASE\SuiviCFCRTM\Alldata\HHENQ80.csdb not found

File C:\ENQBASE\SuiviCFCRTM\Alldata\HHENQ81.csdb not found

File C:\ENQBASE\SuiviCFCRTM\Alldata\HHENQ83.csdb not found

File C:\ENQBASE\SuiviCFCRTM\Alldata\HHENQ84.csdb not found

File C:\ENQBASE\SuiviCFCRTM\Alldata\HHENQ85.csdb not found

File C:\ENQBASE\SuiviCFCRTM\Alldata\HHENQ86.csdb not found

File C:\ENQBASE\SuiviCFCRTM\Alldata\HHENQ88.csdb not found

File C:\ENQBASE\SuiviCFCRTM\Alldata\HHENQ90.csdb not found

File C:\ENQBASE\SuiviCFCRTM\Alldata\HHENQ91.csdb not found

File C:\ENQBASE\SuiviCFCRTM\Alldata\HHENQ92.csdb not found

File C:\ENQBASE\SuiviCFCRTM\Alldata\HHENQ93.csdb not found

File C:\ENQBASE\SuiviCFCRTM\Alldata\HHENQ94.csdb not found

File C:\ENQBASE\SuiviCFCRTM\Alldata\HHENQ95.csdb not found

File C:\ENQBASE\SuiviCFCRTM\Alldata\HHENQ96.csdb not found

File C:\ENQBASE\SuiviCFCRTM\Alldata\HHENQ97.csdb not found

File C:\ENQBASE\SuiviCFCRTM\Alldata\HHENQ98.csdb not found

File C:\ENQBASE\SuiviCFCRTM\Alldata\HHENQ99.csdb not found

File C:\ENQBASE\SuiviCFCRTM\Alldata\HHENQ00.csdb not found

Unable to open file C:\ENQBASE\SuiviCFCRTM\Alldata\HHENQ00.csdb

Unable to open file C:\ENQBASE\SuiviCFCRTM\Alldata\HHENQ07.csdb

Unable to open file C:\ENQBASE\SuiviCFCRTM\Alldata\HHENQ09.csdb

Unable to open file C:\ENQBASE\SuiviCFCRTM\Alldata\HHENQ10.csdb

Unable to open file C:\ENQBASE\SuiviCFCRTM\Alldata\HHENQ12.csdb

Unable to open file C:\ENQBASE\SuiviCFCRTM\Alldata\HHENQ13.csdb

Unable to open file C:\ENQBASE\SuiviCFCRTM\Alldata\HHENQ17.csdb

Unable to open file C:\ENQBASE\SuiviCFCRTM\Alldata\HHENQ18.csdb

Unable to open file C:\ENQBASE\SuiviCFCRTM\Alldata\HHENQ22.csdb

Unable to open file C:\ENQBASE\SuiviCFCRTM\Alldata\HHENQ24.csdb

Unable to open file C:\ENQBASE\SuiviCFCRTM\Alldata\HHENQ25.csdb

Unable to open file C:\ENQBASE\SuiviCFCRTM\Alldata\HHENQ26.csdb

Unable to open file C:\ENQBASE\SuiviCFCRTM\Alldata\HHENQ27.csdb

Unable to open file C:\ENQBASE\SuiviCFCRTM\Alldata\HHENQ28.csdb

Unable to open file C:\ENQBASE\SuiviCFCRTM\Alldata\HHENQ29.csdb

Unable to open file C:\ENQBASE\SuiviCFCRTM\Alldata\HHENQ30.csdb

Unable to open file C:\ENQBASE\SuiviCFCRTM\Alldata\HHENQ32.csdb

Unable to open file C:\ENQBASE\SuiviCFCRTM\Alldata\HHENQ33.csdb

Unable to open file C:\ENQBASE\SuiviCFCRTM\Alldata\HHENQ34.csdb

Unable to open file C:\ENQBASE\SuiviCFCRTM\Alldata\HHENQ37.csdb

Unable to open file C:\ENQBASE\SuiviCFCRTM\Alldata\HHENQ38.csdb

Unable to open file C:\ENQBASE\SuiviCFCRTM\Alldata\HHENQ39.csdb

Unable to open file C:\ENQBASE\SuiviCFCRTM\Alldata\HHENQ60.csdb

Unable to open file C:\ENQBASE\SuiviCFCRTM\Alldata\HHENQ61.csdb

Unable to open file C:\ENQBASE\SuiviCFCRTM\Alldata\HHENQ62.csdb

Unable to open file C:\ENQBASE\SuiviCFCRTM\Alldata\HHENQ63.csdb

Unable to open file C:\ENQBASE\SuiviCFCRTM\Alldata\HHENQ64.csdb

Unable to open file C:\ENQBASE\SuiviCFCRTM\Alldata\HHENQ65.csdb

Unable to open file C:\ENQBASE\SuiviCFCRTM\Alldata\HHENQ66.csdb

Unable to open file C:\ENQBASE\SuiviCFCRTM\Alldata\HHENQ67.csdb

Unable to open file C:\ENQBASE\SuiviCFCRTM\Alldata\HHENQ68.csdb

Unable to open file C:\ENQBASE\SuiviCFCRTM\Alldata\HHENQ69.csdb

Unable to open file C:\ENQBASE\SuiviCFCRTM\Alldata\HHENQ70.csdb

Unable to open file C:\ENQBASE\SuiviCFCRTM\Alldata\HHENQ71.csdb

Unable to open file C:\ENQBASE\SuiviCFCRTM\Alldata\HHENQ72.csdb

Unable to open file C:\ENQBASE\SuiviCFCRTM\Alldata\HHENQ73.csdb

Unable to open file C:\ENQBASE\SuiviCFCRTM\Alldata\HHENQ74.csdb

Unable to open file C:\ENQBASE\SuiviCFCRTM\Alldata\HHENQ75.csdb

Unable to open file C:\ENQBASE\SuiviCFCRTM\Alldata\HHENQ76.csdb

Unable to open file C:\ENQBASE\SuiviCFCRTM\Alldata\HHENQ77.csdb

Unable to open file C:\ENQBASE\SuiviCFCRTM\Alldata\HHENQ78.csdb

Unable to open file C:\ENQBASE\SuiviCFCRTM\Alldata\HHENQ79.csdb

Unable to open file C:\ENQBASE\SuiviCFCRTM\Alldata\HHENQ80.csdb

Unable to open file C:\ENQBASE\SuiviCFCRTM\Alldata\HHENQ81.csdb

Unable to open file C:\ENQBASE\SuiviCFCRTM\Alldata\HHENQ83.csdb

Unable to open file C:\ENQBASE\SuiviCFCRTM\Alldata\HHENQ84.csdb

Unable to open file C:\ENQBASE\SuiviCFCRTM\Alldata\HHENQ85.csdb

Unable to open file C:\ENQBASE\SuiviCFCRTM\Alldata\HHENQ86.csdb

Unable to open file C:\ENQBASE\SuiviCFCRTM\Alldata\HHENQ88.csdb

Unable to open file C:\ENQBASE\SuiviCFCRTM\Alldata\HHENQ90.csdb

Unable to open file C:\ENQBASE\SuiviCFCRTM\Alldata\HHENQ91.csdb

Unable to open file C:\ENQBASE\SuiviCFCRTM\Alldata\HHENQ92.csdb

Unable to open file C:\ENQBASE\SuiviCFCRTM\Alldata\HHENQ93.csdb

Unable to open file C:\ENQBASE\SuiviCFCRTM\Alldata\HHENQ94.csdb

Unable to open file C:\ENQBASE\SuiviCFCRTM\Alldata\HHENQ95.csdb

Unable to open file C:\ENQBASE\SuiviCFCRTM\Alldata\HHENQ96.csdb

Unable to open file C:\ENQBASE\SuiviCFCRTM\Alldata\HHENQ97.csdb

Unable to open file C:\ENQBASE\SuiviCFCRTM\Alldata\HHENQ98.csdb

Unable to open file C:\ENQBASE\SuiviCFCRTM\Alldata\HHENQ99.csdb

Unable to open file C:\ENQBASE\SuiviCFCRTM\Alldata\HHENQ00.csdb

