Application     C:\Users\nn\AppData\Local\Temp\CSExpRun12692.bch
Type            BATCH
Input Data      E:\FUSIONCLARA
<File Name  >   CSPRO_EXPORT_FILE_VAR_F=

Date            Nov  9, 2018
Start Time      16:28:16
End Time        16:28:16

CSPRO Process Summary
          +-----------------------------------------------------+
          |    2541 Records Read ( 100% of input file)          |
          |       0 Ignored (       0 unknown,        0 erased) |
          |       0 Messages (       0 U,       0 W,       0 E) |
          +---------+--------------+--------------+-------------+
          |  Level  |  Input Case  |  Bad Struct  |  Level Post |
          +---------+--------------+--------------+-------------+
          |     1   |         46   |          0   |         46  |
          +---------+--------------+--------------+-------------+                                                     
                                                                                
                                                                                
                                                                                

Process Messages

CSPRO Executor Normal End
--------------------------------------------------------------------------------
