Application     C:\Users\jckaz\AppData\Local\Temp\CSExpRun4888.bch
Type            BATCH
Input Data      <<CSPro DB>> C:\ROUGEOLEDRC20\Masque de Denombrement\Data\BASE DENOMBREMENT 13112020.csdb
<File>          file_FICHE_DE_DENOMBREMENT_DES_MENAGES_DE_LA_GRAPPE=C:\ROUGEOLEDRC20\Masque de Denombrement\Data\FICHE_DE_DENOMBREMENT_DES_MENAGES_DE_LA_GRAPPE.dat
<File>          file_ENFMEN=C:\ROUGEOLEDRC20\Masque de Denombrement\Data\ENFMEN.dat

Date            Nov 13, 2020
Start Time      19:14:39
End Time        19:14:39

CSPro Process Summary

      ╔══════════════════════════════════════════════════════╗
      ║      1630 Records Read   100% of input file          ║
      ║         0 Ignored:       0 Unknown         0 Erased  ║
      ║         0 Messages:      0 E      0 W      0 User    ║
      ╠═════════╦══════════════╦══════════════╦══════════════╣
      ║  Level  ║  Input Case  ║  Bad Struct  ║  Level Post  ║
      ╠═════════╬══════════════╬══════════════╬══════════════╣
      ║      1  ║         334  ║           0  ║         334  ║
      ╚═════════╩══════════════╩══════════════╩══════════════╝

Process Messages


CSPro Executor Normal End
------------------------------------------------------------------------------------------------------------------------
