Application     C:\CAP_vf\Entry\Menu_Interview.ent
Type            ENTRY
Input Data      <<CSPro DB>> C:\CAP_vf\Data\Menu.csdb
External        QUESTIONNAIRE_MENAGE_DICT=<<CSPro DB>> C:\CAP_vf\Data\M .csdb
External        QUESTIONNAIRE_INDIVIDU_DICT=<<CSPro DB>> C:\CAP_vf\Data\I.csdb
External        DICT_DR_DICT=<<CSPro DB>> C:\CAP_vf\Reference\Identifiant.csdb

Date            Jul 21, 2020
Start Time      13:17:47
End Time        13:17:57

CSPRO Process Summary

CSPRO Executor Normal End
------------------------------------------------------------------------------------------------------------------------
Application     C:\CAP_vf\Entry\Menu_Interview.ent
Type            ENTRY
Input Data      <<CSPro DB>> C:\CAP_vf\Data\Menu.csdb
External        QUESTIONNAIRE_MENAGE_DICT=<<CSPro DB>> C:\CAP_vf\Data\M .csdb
External        QUESTIONNAIRE_INDIVIDU_DICT=<<CSPro DB>> C:\CAP_vf\Data\I.csdb
External        DICT_DR_DICT=<<CSPro DB>> C:\CAP_vf\Reference\Identifiant.csdb

Date            Jul 21, 2020
Start Time      13:22:41
End Time        13:23:38

CSPRO Process Summary

CSPRO Executor Normal End
------------------------------------------------------------------------------------------------------------------------
Application     C:\CAP_vf\Entry\Menu_Interview.ent
Type            ENTRY
Input Data      <<CSPro DB>> C:\CAP_vf\Data\Menu.csdb
External        QUESTIONNAIRE_MENAGE_DICT=<<CSPro DB>> C:\CAP_vf\Data\M .csdb
External        QUESTIONNAIRE_INDIVIDU_DICT=<<CSPro DB>> C:\CAP_vf\Data\I.csdb
External        DICT_DR_DICT=<<CSPro DB>> C:\CAP_vf\Reference\Identifiant.csdb

Date            Jul 21, 2020
Start Time      13:24:14
End Time        13:24:16

CSPRO Process Summary

CSPRO Executor Normal End
------------------------------------------------------------------------------------------------------------------------
Application     C:\CAP_vf\Entry\Menu_Interview.ent
Type            ENTRY
Input Data      <<CSPro DB>> C:\CAP_vf\Data\Menu.csdb
External        QUESTIONNAIRE_MENAGE_DICT=<<CSPro DB>> C:\CAP_vf\Data\M .csdb
External        QUESTIONNAIRE_INDIVIDU_DICT=<<CSPro DB>> C:\CAP_vf\Data\I.csdb
External        DICT_DR_DICT=<<CSPro DB>> C:\CAP_vf\Reference\Identifiant.csdb

Date            Jul 21, 2020
Start Time      13:25:21
End Time        13:25:30

CSPRO Process Summary

CSPRO Executor Normal End
------------------------------------------------------------------------------------------------------------------------
Application     C:\CAP_vf\Entry\Menu_Interview.ent
Type            ENTRY
Input Data      <<CSPro DB>> C:\CAP_vf\Data\Menu.csdb
External        QUESTIONNAIRE_MENAGE_DICT=<<CSPro DB>> C:\CAP_vf\Data\M .csdb
External        QUESTIONNAIRE_INDIVIDU_DICT=<<CSPro DB>> C:\CAP_vf\Data\I.csdb
External        DICT_DR_DICT=<<CSPro DB>> C:\CAP_vf\Reference\Identifiant.csdb

Date            Jul 21, 2020
Start Time      13:26:15
End Time        13:26:18

CSPRO Process Summary

CSPRO Executor Normal End
------------------------------------------------------------------------------------------------------------------------
Application     C:\CAP_vf\Entry\Menu_Interview.ent
Type            ENTRY
Input Data      <<CSPro DB>> C:\CAP_vf\Data\Menu.csdb
External        QUESTIONNAIRE_MENAGE_DICT=<<CSPro DB>> C:\CAP_vf\Data\M .csdb
External        QUESTIONNAIRE_INDIVIDU_DICT=<<CSPro DB>> C:\CAP_vf\Data\I.csdb
External        DICT_DR_DICT=<<CSPro DB>> C:\CAP_vf\Reference\Identifiant.csdb

Date            Jul 21, 2020
Start Time      13:29:26
End Time        13:29:35

CSPRO Process Summary

CSPRO Executor Normal End
------------------------------------------------------------------------------------------------------------------------
Application     C:\CAP_vf\Entry\Menu_Interview.ent
Type            ENTRY
Input Data      <<CSPro DB>> C:\CAP_vf\Data\Menu.csdb
External        QUESTIONNAIRE_MENAGE_DICT=<<CSPro DB>> C:\CAP_vf\Data\M .csdb
External        QUESTIONNAIRE_INDIVIDU_DICT=<<CSPro DB>> C:\CAP_vf\Data\I.csdb
External        DICT_DR_DICT=<<CSPro DB>> C:\CAP_vf\Reference\Identifiant.csdb

Date            Jul 21, 2020
Start Time      13:29:42
End Time        13:30:17

CSPRO Process Summary

CSPRO Executor Normal End
------------------------------------------------------------------------------------------------------------------------
Application     C:\CAP_vf\Entry\Menu_Interview.ent
Type            ENTRY
Input Data      <<CSPro DB>> C:\CAP_vf\Data\Menu.csdb
External        QUESTIONNAIRE_MENAGE_DICT=<<CSPro DB>> C:\CAP_vf\Data\M .csdb
External        QUESTIONNAIRE_INDIVIDU_DICT=<<CSPro DB>> C:\CAP_vf\Data\I.csdb
External        DICT_DR_DICT=<<CSPro DB>> C:\CAP_vf\Reference\Identifiant.csdb

Date            Jul 21, 2020
Start Time      13:30:46
End Time        13:31:07

CSPRO Process Summary

CSPRO Executor Normal End
------------------------------------------------------------------------------------------------------------------------
Application     C:\CAP_vf\Entry\Menu_Interview.ent
Type            ENTRY
Input Data      <<CSPro DB>> C:\CAP_vf\Data\Menu.csdb
External        QUESTIONNAIRE_MENAGE_DICT=<<CSPro DB>> C:\CAP_vf\Data\M .csdb
External        QUESTIONNAIRE_INDIVIDU_DICT=<<CSPro DB>> C:\CAP_vf\Data\I.csdb
External        DICT_DR_DICT=<<CSPro DB>> C:\CAP_vf\Reference\Identifiant.csdb

Date            Jul 21, 2020
Start Time      13:51:24
End Time        13:51:43

CSPRO Process Summary

CSPRO Executor Normal End
------------------------------------------------------------------------------------------------------------------------
Application     C:\CAP_vf\Entry\Menu_Interview.ent
Type            ENTRY
Input Data      <<CSPro DB>> C:\CAP_vf\Data\Menu.csdb
External        QUESTIONNAIRE_MENAGE_DICT=<<CSPro DB>> C:\CAP_vf\Data\M .csdb
External        QUESTIONNAIRE_INDIVIDU_DICT=<<CSPro DB>> C:\CAP_vf\Data\I.csdb
External        DICT_DR_DICT=<<CSPro DB>> C:\CAP_vf\Reference\Identifiant.csdb

Date            Jul 21, 2020
Start Time      14:06:14
End Time        14:06:41

CSPRO Process Summary

CSPRO Executor Normal End
------------------------------------------------------------------------------------------------------------------------
Application     C:\CAP_vf\Entry\Menu_Interview.ent
Type            ENTRY
Input Data      <<CSPro DB>> C:\CAP_vf\Data\Menu.csdb
External        QUESTIONNAIRE_MENAGE_DICT=<<CSPro DB>> C:\CAP_vf\Data\M .csdb
External        QUESTIONNAIRE_INDIVIDU_DICT=<<CSPro DB>> C:\CAP_vf\Data\I.csdb
External        DICT_DR_DICT=<<CSPro DB>> C:\CAP_vf\Reference\Identifiant.csdb

Date            Jul 21, 2020
Start Time      14:08:31
End Time        14:09:51

CSPRO Process Summary

CSPRO Executor Normal End
------------------------------------------------------------------------------------------------------------------------
Application     C:\CAP_vf\Entry\Menu_Interview.ent
Type            ENTRY
Input Data      <<CSPro DB>> C:\CAP_vf\Data\Menu.csdb
External        QUESTIONNAIRE_MENAGE_DICT=<<CSPro DB>> C:\CAP_vf\Data\M .csdb
External        QUESTIONNAIRE_INDIVIDU_DICT=<<CSPro DB>> C:\CAP_vf\Data\I.csdb
External        DICT_DR_DICT=<<CSPro DB>> C:\CAP_vf\Reference\Identifiant.csdb

Date            Jul 21, 2020
Start Time      22:20:28
End Time        22:21:09

CSPRO Process Summary

User unnumbered messages:

   Line    Freq  Pct.  Message text                                                                                Denom
   ----    ----  ----  ------------                                                                                -----
    167       1    -   Êtes-vous dans la même zone que précédement?                                                    -

CSPRO Executor Normal End
------------------------------------------------------------------------------------------------------------------------
Application     C:\CAP_vf\Entry\Menu_Interview.ent
Type            ENTRY
Input Data      <<CSPro DB>> C:\CAP_vf\Data\Menu.csdb
External        QUESTIONNAIRE_MENAGE_DICT=<<CSPro DB>> C:\CAP_vf\Data\M .csdb
External        QUESTIONNAIRE_INDIVIDU_DICT=<<CSPro DB>> C:\CAP_vf\Data\I.csdb
External        DICT_DR_DICT=<<CSPro DB>> C:\CAP_vf\Reference\Identifiant.csdb

Date            Jul 21, 2020
Start Time      22:21:45
End Time        22:21:55

CSPRO Process Summary

User unnumbered messages:

   Line    Freq  Pct.  Message text                                                                                Denom
   ----    ----  ----  ------------                                                                                -----
    167       1    -   Êtes-vous dans la même zone que précédement?                                                    -

CSPRO Executor Normal End
------------------------------------------------------------------------------------------------------------------------
Application     C:\CAP_vf\Entry\Menu_Interview.ent
Type            ENTRY
Input Data      <<CSPro DB>> C:\CAP_vf\Data\Menu.csdb
External        QUESTIONNAIRE_MENAGE_DICT=<<CSPro DB>> C:\CAP_vf\Data\M .csdb
External        QUESTIONNAIRE_INDIVIDU_DICT=<<CSPro DB>> C:\CAP_vf\Data\I.csdb
External        DICT_DR_DICT=<<CSPro DB>> C:\CAP_vf\Reference\Identifiant.csdb

Date            Jul 21, 2020
Start Time      22:23:55
End Time        22:24:09

CSPRO Process Summary

System messages:

 Number    Frequency   Message text
 ------    ---------   ------------
  90003            1   Number of '%' arguments passed (%d) does not match the number expected in the message 

User unnumbered messages:

   Line    Freq  Pct.  Message text                                                                                Denom
   ----    ----  ----  ------------                                                                                -----
    167       1    -   Êtes-vous dans la même zone que précédemment?                                                   -
    191       1    -   x=                                                                                              -


A compilation error file (.err) has been created for your application.


CSPRO Executor Normal End
------------------------------------------------------------------------------------------------------------------------
Application     C:\CAP_vf\Entry\Menu_Interview.ent
Type            ENTRY
Input Data      <<CSPro DB>> C:\CAP_vf\Data\Menu.csdb
External        QUESTIONNAIRE_MENAGE_DICT=<<CSPro DB>> C:\CAP_vf\Data\M .csdb
External        QUESTIONNAIRE_INDIVIDU_DICT=<<CSPro DB>> C:\CAP_vf\Data\I.csdb
External        DICT_DR_DICT=<<CSPro DB>> C:\CAP_vf\Reference\Identifiant.csdb

Date            Jul 21, 2020
Start Time      22:28:56
End Time        22:29:23

CSPRO Process Summary

User unnumbered messages:

   Line    Freq  Pct.  Message text                                                                                Denom
   ----    ----  ----  ------------                                                                                -----
    167       1    -   Êtes-vous dans la même zone que précédemment?                                                   -
    191       2    -   gx=%d                                                                                           -

CSPRO Executor Normal End
------------------------------------------------------------------------------------------------------------------------
Application     C:\CAP_vf\Entry\Menu_Interview.ent
Type            ENTRY
Input Data      <<CSPro DB>> C:\CAP_vf\Data\Menu.csdb
External        QUESTIONNAIRE_MENAGE_DICT=<<CSPro DB>> C:\CAP_vf\Data\M .csdb
External        QUESTIONNAIRE_INDIVIDU_DICT=<<CSPro DB>> C:\CAP_vf\Data\I.csdb
External        DICT_DR_DICT=<<CSPro DB>> C:\CAP_vf\Reference\Identifiant.csdb

Date            Jul 21, 2020
Start Time      22:29:51
End Time        22:30:06

CSPRO Process Summary

User unnumbered messages:

   Line    Freq  Pct.  Message text                                                                                Denom
   ----    ----  ----  ------------                                                                                -----
    167       1    -   Êtes-vous dans la même zone que précédemment?                                                   -
    191       1    -   gx=%d                                                                                           -
    218       1    -   gx=%d                                                                                           -

CSPRO Executor Normal End
------------------------------------------------------------------------------------------------------------------------
Application     C:\CAP_vf\Entry\Menu_Interview.ent
Type            ENTRY
Input Data      <<CSPro DB>> C:\CAP_vf\Data\Menu.csdb
External        QUESTIONNAIRE_MENAGE_DICT=<<CSPro DB>> C:\CAP_vf\Data\M .csdb
External        QUESTIONNAIRE_INDIVIDU_DICT=<<CSPro DB>> C:\CAP_vf\Data\I.csdb
External        DICT_DR_DICT=<<CSPro DB>> C:\CAP_vf\Reference\Identifiant.csdb

Date            Jul 21, 2020
Start Time      22:37:08
End Time        22:37:33

CSPRO Process Summary

System messages:

 Number    Frequency   Message text
 ------    ---------   ------------
  99990            1   Operator entered a value out of range                                                 

User unnumbered messages:

   Line    Freq  Pct.  Message text                                                                                Denom
   ----    ----  ----  ------------                                                                                -----
    167       1    -   Êtes-vous dans la même zone que précédemment?                                                   -

CSPRO Executor Normal End
------------------------------------------------------------------------------------------------------------------------
Application     C:\CAP_vf\Entry\Menu_Interview.ent
Type            ENTRY
Input Data      <<CSPro DB>> C:\CAP_vf\Data\Menu.csdb
External        QUESTIONNAIRE_MENAGE_DICT=<<CSPro DB>> C:\CAP_vf\Data\M .csdb
External        QUESTIONNAIRE_INDIVIDU_DICT=<<CSPro DB>> C:\CAP_vf\Data\I.csdb
External        DICT_DR_DICT=<<CSPro DB>> C:\CAP_vf\Reference\Identifiant.csdb

Date            Jul 21, 2020
Start Time      22:39:45
End Time        22:39:58

CSPRO Process Summary

User unnumbered messages:

   Line    Freq  Pct.  Message text                                                                                Denom
   ----    ----  ----  ------------                                                                                -----
    167       1    -   Êtes-vous dans la même zone que précédemment?                                                   -

CSPRO Executor Normal End
------------------------------------------------------------------------------------------------------------------------
Application     C:\CAP_vf\Entry\Menu_Interview.ent
Type            ENTRY
Input Data      <<CSPro DB>> C:\CAP_vf\Data\Menu.csdb
External        QUESTIONNAIRE_MENAGE_DICT=<<CSPro DB>> C:\CAP_vf\Data\M .csdb
External        QUESTIONNAIRE_INDIVIDU_DICT=<<CSPro DB>> C:\CAP_vf\Data\I.csdb
External        DICT_DR_DICT=<<CSPro DB>> C:\CAP_vf\Reference\Identifiant.csdb

Date            Jul 21, 2020
Start Time      23:55:11
End Time        23:55:28

CSPRO Process Summary

User unnumbered messages:

   Line    Freq  Pct.  Message text                                                                                Denom
   ----    ----  ----  ------------                                                                                -----
    167       1    -   Êtes-vous dans la même zone que précédemment?                                                   -

CSPRO Executor Normal End
------------------------------------------------------------------------------------------------------------------------
Application     C:\CAP_vf\Entry\Menu_Interview.ent
Type            ENTRY
Input Data      <<CSPro DB>> C:\CAP_vf\Data\Menu.csdb
External        QUESTIONNAIRE_MENAGE_DICT=<<CSPro DB>> C:\CAP_vf\Data\M .csdb
External        QUESTIONNAIRE_INDIVIDU_DICT=<<CSPro DB>> C:\CAP_vf\Data\I.csdb
External        DICT_DR_DICT=<<CSPro DB>> C:\CAP_vf\Reference\Identifiant.csdb

Date            Jul 21, 2020
Start Time      23:56:22
End Time        23:56:56

CSPRO Process Summary

User unnumbered messages:

   Line    Freq  Pct.  Message text                                                                                Denom
   ----    ----  ----  ------------                                                                                -----
    167       1    -   Êtes-vous dans la même zone que précédemment?                                                   -

CSPRO Executor Normal End
------------------------------------------------------------------------------------------------------------------------
Application     C:\CAP_vf\Entry\Menu_Interview.ent
Type            ENTRY
Input Data      <<CSPro DB>> C:\CAP_vf\Data\Menu.csdb
External        QUESTIONNAIRE_MENAGE_DICT=<<CSPro DB>> C:\CAP_vf\Data\M .csdb
External        QUESTIONNAIRE_INDIVIDU_DICT=<<CSPro DB>> C:\CAP_vf\Data\I.csdb
External        DICT_DR_DICT=<<CSPro DB>> C:\CAP_vf\Reference\Identifiant.csdb

Date            Jul 22, 2020
Start Time      00:00:30
End Time        00:00:49

CSPRO Process Summary

System messages:

 Number    Frequency   Message text
 ------    ---------   ------------
 100119            1   Error connecting to sync server: %s.                                                  

User unnumbered messages:

   Line    Freq  Pct.  Message text                                                                                Denom
   ----    ----  ----  ------------                                                                                -----
    167       1    -   Êtes-vous dans la même zone que précédemment?                                                   -

CSPRO Executor Normal End
------------------------------------------------------------------------------------------------------------------------
Application     C:\CAP_vf\Entry\Menu_Interview.ent
Type            ENTRY
Input Data      <<CSPro DB>> C:\CAP_vf\Data\Menu.csdb
External        QUESTIONNAIRE_MENAGE_DICT=<<CSPro DB>> C:\CAP_vf\Data\M .csdb
External        QUESTIONNAIRE_INDIVIDU_DICT=<<CSPro DB>> C:\CAP_vf\Data\I.csdb
External        DICT_DR_DICT=<<CSPro DB>> C:\CAP_vf\Reference\Identifiant.csdb

Date            Jul 22, 2020
Start Time      00:02:40
End Time        00:02:58

CSPRO Process Summary

CSPRO Executor Normal End
------------------------------------------------------------------------------------------------------------------------
