Number of files requested to concatenate:  101

  C:\ENQBASE\CFCRTMdata\CHENQ01.csdb
  C:\ENQBASE\CFCRTMdata\CHENQ02.csdb
  C:\ENQBASE\CFCRTMdata\CHENQ03.csdb
  C:\ENQBASE\CFCRTMdata\CHENQ05.csdb
  C:\ENQBASE\CFCRTMdata\CHENQ06.csdb

Number of files concatenated:  5

Output file:  
  C:\ENQBASE\SuiviCFCRTM\OutputMod\ModuleCH.csdb


Concatenation done with the following errors:

File C:\ENQBASE\CFCRTMdata\CHENQ00.csdb not found

File C:\ENQBASE\CFCRTMdata\CHENQ04.csdb not found

File C:\ENQBASE\CFCRTMdata\CHENQ07.csdb not found

File C:\ENQBASE\CFCRTMdata\CHENQ08.csdb not found

File C:\ENQBASE\CFCRTMdata\CHENQ09.csdb not found

File C:\ENQBASE\CFCRTMdata\CHENQ10.csdb not found

File C:\ENQBASE\CFCRTMdata\CHENQ11.csdb not found

File C:\ENQBASE\CFCRTMdata\CHENQ12.csdb not found

File C:\ENQBASE\CFCRTMdata\CHENQ13.csdb not found

File C:\ENQBASE\CFCRTMdata\CHENQ14.csdb not found

File C:\ENQBASE\CFCRTMdata\CHENQ15.csdb not found

File C:\ENQBASE\CFCRTMdata\CHENQ16.csdb not found

File C:\ENQBASE\CFCRTMdata\CHENQ17.csdb not found

File C:\ENQBASE\CFCRTMdata\CHENQ18.csdb not found

File C:\ENQBASE\CFCRTMdata\CHENQ19.csdb not found

File C:\ENQBASE\CFCRTMdata\CHENQ20.csdb not found

File C:\ENQBASE\CFCRTMdata\CHENQ21.csdb not found

File C:\ENQBASE\CFCRTMdata\CHENQ22.csdb not found

File C:\ENQBASE\CFCRTMdata\CHENQ23.csdb not found

File C:\ENQBASE\CFCRTMdata\CHENQ24.csdb not found

File C:\ENQBASE\CFCRTMdata\CHENQ25.csdb not found

File C:\ENQBASE\CFCRTMdata\CHENQ26.csdb not found

File C:\ENQBASE\CFCRTMdata\CHENQ27.csdb not found

File C:\ENQBASE\CFCRTMdata\CHENQ28.csdb not found

File C:\ENQBASE\CFCRTMdata\CHENQ29.csdb not found

File C:\ENQBASE\CFCRTMdata\CHENQ30.csdb not found

File C:\ENQBASE\CFCRTMdata\CHENQ31.csdb not found

File C:\ENQBASE\CFCRTMdata\CHENQ32.csdb not found

File C:\ENQBASE\CFCRTMdata\CHENQ33.csdb not found

File C:\ENQBASE\CFCRTMdata\CHENQ34.csdb not found

File C:\ENQBASE\CFCRTMdata\CHENQ35.csdb not found

File C:\ENQBASE\CFCRTMdata\CHENQ36.csdb not found

File C:\ENQBASE\CFCRTMdata\CHENQ37.csdb not found

File C:\ENQBASE\CFCRTMdata\CHENQ38.csdb not found

File C:\ENQBASE\CFCRTMdata\CHENQ39.csdb not found

File C:\ENQBASE\CFCRTMdata\CHENQ40.csdb not found

File C:\ENQBASE\CFCRTMdata\CHENQ41.csdb not found

File C:\ENQBASE\CFCRTMdata\CHENQ42.csdb not found

File C:\ENQBASE\CFCRTMdata\CHENQ43.csdb not found

File C:\ENQBASE\CFCRTMdata\CHENQ44.csdb not found

File C:\ENQBASE\CFCRTMdata\CHENQ45.csdb not found

File C:\ENQBASE\CFCRTMdata\CHENQ46.csdb not found

File C:\ENQBASE\CFCRTMdata\CHENQ47.csdb not found

File C:\ENQBASE\CFCRTMdata\CHENQ48.csdb not found

File C:\ENQBASE\CFCRTMdata\CHENQ49.csdb not found

File C:\ENQBASE\CFCRTMdata\CHENQ50.csdb not found

File C:\ENQBASE\CFCRTMdata\CHENQ51.csdb not found

File C:\ENQBASE\CFCRTMdata\CHENQ52.csdb not found

File C:\ENQBASE\CFCRTMdata\CHENQ53.csdb not found

File C:\ENQBASE\CFCRTMdata\CHENQ54.csdb not found

File C:\ENQBASE\CFCRTMdata\CHENQ55.csdb not found

File C:\ENQBASE\CFCRTMdata\CHENQ56.csdb not found

File C:\ENQBASE\CFCRTMdata\CHENQ57.csdb not found

File C:\ENQBASE\CFCRTMdata\CHENQ58.csdb not found

File C:\ENQBASE\CFCRTMdata\CHENQ59.csdb not found

File C:\ENQBASE\CFCRTMdata\CHENQ60.csdb not found

File C:\ENQBASE\CFCRTMdata\CHENQ61.csdb not found

File C:\ENQBASE\CFCRTMdata\CHENQ62.csdb not found

File C:\ENQBASE\CFCRTMdata\CHENQ63.csdb not found

File C:\ENQBASE\CFCRTMdata\CHENQ64.csdb not found

File C:\ENQBASE\CFCRTMdata\CHENQ65.csdb not found

File C:\ENQBASE\CFCRTMdata\CHENQ66.csdb not found

File C:\ENQBASE\CFCRTMdata\CHENQ67.csdb not found

File C:\ENQBASE\CFCRTMdata\CHENQ68.csdb not found

File C:\ENQBASE\CFCRTMdata\CHENQ69.csdb not found

File C:\ENQBASE\CFCRTMdata\CHENQ70.csdb not found

File C:\ENQBASE\CFCRTMdata\CHENQ71.csdb not found

File C:\ENQBASE\CFCRTMdata\CHENQ72.csdb not found

File C:\ENQBASE\CFCRTMdata\CHENQ73.csdb not found

File C:\ENQBASE\CFCRTMdata\CHENQ74.csdb not found

File C:\ENQBASE\CFCRTMdata\CHENQ75.csdb not found

File C:\ENQBASE\CFCRTMdata\CHENQ76.csdb not found

File C:\ENQBASE\CFCRTMdata\CHENQ77.csdb not found

File C:\ENQBASE\CFCRTMdata\CHENQ78.csdb not found

File C:\ENQBASE\CFCRTMdata\CHENQ79.csdb not found

File C:\ENQBASE\CFCRTMdata\CHENQ80.csdb not found

File C:\ENQBASE\CFCRTMdata\CHENQ81.csdb not found

File C:\ENQBASE\CFCRTMdata\CHENQ82.csdb not found

File C:\ENQBASE\CFCRTMdata\CHENQ83.csdb not found

File C:\ENQBASE\CFCRTMdata\CHENQ84.csdb not found

File C:\ENQBASE\CFCRTMdata\CHENQ85.csdb not found

File C:\ENQBASE\CFCRTMdata\CHENQ86.csdb not found

File C:\ENQBASE\CFCRTMdata\CHENQ87.csdb not found

File C:\ENQBASE\CFCRTMdata\CHENQ88.csdb not found

File C:\ENQBASE\CFCRTMdata\CHENQ89.csdb not found

File C:\ENQBASE\CFCRTMdata\CHENQ90.csdb not found

File C:\ENQBASE\CFCRTMdata\CHENQ91.csdb not found

File C:\ENQBASE\CFCRTMdata\CHENQ92.csdb not found

File C:\ENQBASE\CFCRTMdata\CHENQ93.csdb not found

File C:\ENQBASE\CFCRTMdata\CHENQ94.csdb not found

File C:\ENQBASE\CFCRTMdata\CHENQ95.csdb not found

File C:\ENQBASE\CFCRTMdata\CHENQ96.csdb not found

File C:\ENQBASE\CFCRTMdata\CHENQ97.csdb not found

File C:\ENQBASE\CFCRTMdata\CHENQ98.csdb not found

File C:\ENQBASE\CFCRTMdata\CHENQ99.csdb not found

File C:\ENQBASE\CFCRTMdata\CHENQ00.csdb not found

Unable to open file C:\ENQBASE\CFCRTMdata\CHENQ00.csdb

Unable to open file C:\ENQBASE\CFCRTMdata\CHENQ04.csdb

Unable to open file C:\ENQBASE\CFCRTMdata\CHENQ07.csdb

Unable to open file C:\ENQBASE\CFCRTMdata\CHENQ08.csdb

Unable to open file C:\ENQBASE\CFCRTMdata\CHENQ09.csdb

Unable to open file C:\ENQBASE\CFCRTMdata\CHENQ10.csdb

Unable to open file C:\ENQBASE\CFCRTMdata\CHENQ11.csdb

Unable to open file C:\ENQBASE\CFCRTMdata\CHENQ12.csdb

Unable to open file C:\ENQBASE\CFCRTMdata\CHENQ13.csdb

Unable to open file C:\ENQBASE\CFCRTMdata\CHENQ14.csdb

Unable to open file C:\ENQBASE\CFCRTMdata\CHENQ15.csdb

Unable to open file C:\ENQBASE\CFCRTMdata\CHENQ16.csdb

Unable to open file C:\ENQBASE\CFCRTMdata\CHENQ17.csdb

Unable to open file C:\ENQBASE\CFCRTMdata\CHENQ18.csdb

Unable to open file C:\ENQBASE\CFCRTMdata\CHENQ19.csdb

Unable to open file C:\ENQBASE\CFCRTMdata\CHENQ20.csdb

Unable to open file C:\ENQBASE\CFCRTMdata\CHENQ21.csdb

Unable to open file C:\ENQBASE\CFCRTMdata\CHENQ22.csdb

Unable to open file C:\ENQBASE\CFCRTMdata\CHENQ23.csdb

Unable to open file C:\ENQBASE\CFCRTMdata\CHENQ24.csdb

Unable to open file C:\ENQBASE\CFCRTMdata\CHENQ25.csdb

Unable to open file C:\ENQBASE\CFCRTMdata\CHENQ26.csdb

Unable to open file C:\ENQBASE\CFCRTMdata\CHENQ27.csdb

Unable to open file C:\ENQBASE\CFCRTMdata\CHENQ28.csdb

Unable to open file C:\ENQBASE\CFCRTMdata\CHENQ29.csdb

Unable to open file C:\ENQBASE\CFCRTMdata\CHENQ30.csdb

Unable to open file C:\ENQBASE\CFCRTMdata\CHENQ31.csdb

Unable to open file C:\ENQBASE\CFCRTMdata\CHENQ32.csdb

Unable to open file C:\ENQBASE\CFCRTMdata\CHENQ33.csdb

Unable to open file C:\ENQBASE\CFCRTMdata\CHENQ34.csdb

Unable to open file C:\ENQBASE\CFCRTMdata\CHENQ35.csdb

Unable to open file C:\ENQBASE\CFCRTMdata\CHENQ36.csdb

Unable to open file C:\ENQBASE\CFCRTMdata\CHENQ37.csdb

Unable to open file C:\ENQBASE\CFCRTMdata\CHENQ38.csdb

Unable to open file C:\ENQBASE\CFCRTMdata\CHENQ39.csdb

Unable to open file C:\ENQBASE\CFCRTMdata\CHENQ40.csdb

Unable to open file C:\ENQBASE\CFCRTMdata\CHENQ41.csdb

Unable to open file C:\ENQBASE\CFCRTMdata\CHENQ42.csdb

Unable to open file C:\ENQBASE\CFCRTMdata\CHENQ43.csdb

Unable to open file C:\ENQBASE\CFCRTMdata\CHENQ44.csdb

Unable to open file C:\ENQBASE\CFCRTMdata\CHENQ45.csdb

Unable to open file C:\ENQBASE\CFCRTMdata\CHENQ46.csdb

Unable to open file C:\ENQBASE\CFCRTMdata\CHENQ47.csdb

Unable to open file C:\ENQBASE\CFCRTMdata\CHENQ48.csdb

Unable to open file C:\ENQBASE\CFCRTMdata\CHENQ49.csdb

Unable to open file C:\ENQBASE\CFCRTMdata\CHENQ50.csdb

Unable to open file C:\ENQBASE\CFCRTMdata\CHENQ51.csdb

Unable to open file C:\ENQBASE\CFCRTMdata\CHENQ52.csdb

Unable to open file C:\ENQBASE\CFCRTMdata\CHENQ53.csdb

Unable to open file C:\ENQBASE\CFCRTMdata\CHENQ54.csdb

Unable to open file C:\ENQBASE\CFCRTMdata\CHENQ55.csdb

Unable to open file C:\ENQBASE\CFCRTMdata\CHENQ56.csdb

Unable to open file C:\ENQBASE\CFCRTMdata\CHENQ57.csdb

Unable to open file C:\ENQBASE\CFCRTMdata\CHENQ58.csdb

Unable to open file C:\ENQBASE\CFCRTMdata\CHENQ59.csdb

Unable to open file C:\ENQBASE\CFCRTMdata\CHENQ60.csdb

Unable to open file C:\ENQBASE\CFCRTMdata\CHENQ61.csdb

Unable to open file C:\ENQBASE\CFCRTMdata\CHENQ62.csdb

Unable to open file C:\ENQBASE\CFCRTMdata\CHENQ63.csdb

Unable to open file C:\ENQBASE\CFCRTMdata\CHENQ64.csdb

Unable to open file C:\ENQBASE\CFCRTMdata\CHENQ65.csdb

Unable to open file C:\ENQBASE\CFCRTMdata\CHENQ66.csdb

Unable to open file C:\ENQBASE\CFCRTMdata\CHENQ67.csdb

Unable to open file C:\ENQBASE\CFCRTMdata\CHENQ68.csdb

Unable to open file C:\ENQBASE\CFCRTMdata\CHENQ69.csdb

Unable to open file C:\ENQBASE\CFCRTMdata\CHENQ70.csdb

Unable to open file C:\ENQBASE\CFCRTMdata\CHENQ71.csdb

Unable to open file C:\ENQBASE\CFCRTMdata\CHENQ72.csdb

Unable to open file C:\ENQBASE\CFCRTMdata\CHENQ73.csdb

Unable to open file C:\ENQBASE\CFCRTMdata\CHENQ74.csdb

Unable to open file C:\ENQBASE\CFCRTMdata\CHENQ75.csdb

Unable to open file C:\ENQBASE\CFCRTMdata\CHENQ76.csdb

Unable to open file C:\ENQBASE\CFCRTMdata\CHENQ77.csdb

Unable to open file C:\ENQBASE\CFCRTMdata\CHENQ78.csdb

Unable to open file C:\ENQBASE\CFCRTMdata\CHENQ79.csdb

Unable to open file C:\ENQBASE\CFCRTMdata\CHENQ80.csdb

Unable to open file C:\ENQBASE\CFCRTMdata\CHENQ81.csdb

Unable to open file C:\ENQBASE\CFCRTMdata\CHENQ82.csdb

Unable to open file C:\ENQBASE\CFCRTMdata\CHENQ83.csdb

Unable to open file C:\ENQBASE\CFCRTMdata\CHENQ84.csdb

Unable to open file C:\ENQBASE\CFCRTMdata\CHENQ85.csdb

Unable to open file C:\ENQBASE\CFCRTMdata\CHENQ86.csdb

Unable to open file C:\ENQBASE\CFCRTMdata\CHENQ87.csdb

Unable to open file C:\ENQBASE\CFCRTMdata\CHENQ88.csdb

Unable to open file C:\ENQBASE\CFCRTMdata\CHENQ89.csdb

Unable to open file C:\ENQBASE\CFCRTMdata\CHENQ90.csdb

Unable to open file C:\ENQBASE\CFCRTMdata\CHENQ91.csdb

Unable to open file C:\ENQBASE\CFCRTMdata\CHENQ92.csdb

Unable to open file C:\ENQBASE\CFCRTMdata\CHENQ93.csdb

Unable to open file C:\ENQBASE\CFCRTMdata\CHENQ94.csdb

Unable to open file C:\ENQBASE\CFCRTMdata\CHENQ95.csdb

Unable to open file C:\ENQBASE\CFCRTMdata\CHENQ96.csdb

Unable to open file C:\ENQBASE\CFCRTMdata\CHENQ97.csdb

Unable to open file C:\ENQBASE\CFCRTMdata\CHENQ98.csdb

Unable to open file C:\ENQBASE\CFCRTMdata\CHENQ99.csdb

Unable to open file C:\ENQBASE\CFCRTMdata\CHENQ00.csdb

