Number of files requested to concatenate:  100

  C:\ENQBASE\CFCRTMdata\WMENQ01.csdb
  C:\ENQBASE\CFCRTMdata\WMENQ02.csdb
  C:\ENQBASE\CFCRTMdata\WMENQ03.csdb
  C:\ENQBASE\CFCRTMdata\WMENQ05.csdb
  C:\ENQBASE\CFCRTMdata\WMENQ06.csdb

Number of files concatenated:  5

Output file:  
  C:\ENQBASE\SuiviCFCRTM\OutputMod\ModuleWM.csdb


Concatenation done with the following errors:

File C:\ENQBASE\CFCRTMdata\WMENQ04.csdb not found

File C:\ENQBASE\CFCRTMdata\WMENQ07.csdb not found

File C:\ENQBASE\CFCRTMdata\WMENQ08.csdb not found

File C:\ENQBASE\CFCRTMdata\WMENQ09.csdb not found

File C:\ENQBASE\CFCRTMdata\WMENQ10.csdb not found

File C:\ENQBASE\CFCRTMdata\WMENQ11.csdb not found

File C:\ENQBASE\CFCRTMdata\WMENQ12.csdb not found

File C:\ENQBASE\CFCRTMdata\WMENQ13.csdb not found

File C:\ENQBASE\CFCRTMdata\WMENQ14.csdb not found

File C:\ENQBASE\CFCRTMdata\WMENQ15.csdb not found

File C:\ENQBASE\CFCRTMdata\WMENQ16.csdb not found

File C:\ENQBASE\CFCRTMdata\WMENQ17.csdb not found

File C:\ENQBASE\CFCRTMdata\WMENQ18.csdb not found

File C:\ENQBASE\CFCRTMdata\WMENQ19.csdb not found

File C:\ENQBASE\CFCRTMdata\WMENQ20.csdb not found

File C:\ENQBASE\CFCRTMdata\WMENQ21.csdb not found

File C:\ENQBASE\CFCRTMdata\WMENQ22.csdb not found

File C:\ENQBASE\CFCRTMdata\WMENQ23.csdb not found

File C:\ENQBASE\CFCRTMdata\WMENQ24.csdb not found

File C:\ENQBASE\CFCRTMdata\WMENQ25.csdb not found

File C:\ENQBASE\CFCRTMdata\WMENQ26.csdb not found

File C:\ENQBASE\CFCRTMdata\WMENQ27.csdb not found

File C:\ENQBASE\CFCRTMdata\WMENQ28.csdb not found

File C:\ENQBASE\CFCRTMdata\WMENQ29.csdb not found

File C:\ENQBASE\CFCRTMdata\WMENQ30.csdb not found

File C:\ENQBASE\CFCRTMdata\WMENQ31.csdb not found

File C:\ENQBASE\CFCRTMdata\WMENQ32.csdb not found

File C:\ENQBASE\CFCRTMdata\WMENQ33.csdb not found

File C:\ENQBASE\CFCRTMdata\WMENQ34.csdb not found

File C:\ENQBASE\CFCRTMdata\WMENQ35.csdb not found

File C:\ENQBASE\CFCRTMdata\WMENQ36.csdb not found

File C:\ENQBASE\CFCRTMdata\WMENQ37.csdb not found

File C:\ENQBASE\CFCRTMdata\WMENQ38.csdb not found

File C:\ENQBASE\CFCRTMdata\WMENQ39.csdb not found

File C:\ENQBASE\CFCRTMdata\WMENQ40.csdb not found

File C:\ENQBASE\CFCRTMdata\WMENQ41.csdb not found

File C:\ENQBASE\CFCRTMdata\WMENQ42.csdb not found

File C:\ENQBASE\CFCRTMdata\WMENQ43.csdb not found

File C:\ENQBASE\CFCRTMdata\WMENQ44.csdb not found

File C:\ENQBASE\CFCRTMdata\WMENQ45.csdb not found

File C:\ENQBASE\CFCRTMdata\WMENQ46.csdb not found

File C:\ENQBASE\CFCRTMdata\WMENQ47.csdb not found

File C:\ENQBASE\CFCRTMdata\WMENQ48.csdb not found

File C:\ENQBASE\CFCRTMdata\WMENQ49.csdb not found

File C:\ENQBASE\CFCRTMdata\WMENQ50.csdb not found

File C:\ENQBASE\CFCRTMdata\WMENQ51.csdb not found

File C:\ENQBASE\CFCRTMdata\WMENQ52.csdb not found

File C:\ENQBASE\CFCRTMdata\WMENQ53.csdb not found

File C:\ENQBASE\CFCRTMdata\WMENQ54.csdb not found

File C:\ENQBASE\CFCRTMdata\WMENQ55.csdb not found

File C:\ENQBASE\CFCRTMdata\WMENQ56.csdb not found

File C:\ENQBASE\CFCRTMdata\WMENQ57.csdb not found

File C:\ENQBASE\CFCRTMdata\WMENQ58.csdb not found

File C:\ENQBASE\CFCRTMdata\WMENQ59.csdb not found

File C:\ENQBASE\CFCRTMdata\WMENQ60.csdb not found

File C:\ENQBASE\CFCRTMdata\WMENQ61.csdb not found

File C:\ENQBASE\CFCRTMdata\WMENQ62.csdb not found

File C:\ENQBASE\CFCRTMdata\WMENQ63.csdb not found

File C:\ENQBASE\CFCRTMdata\WMENQ64.csdb not found

File C:\ENQBASE\CFCRTMdata\WMENQ65.csdb not found

File C:\ENQBASE\CFCRTMdata\WMENQ66.csdb not found

File C:\ENQBASE\CFCRTMdata\WMENQ67.csdb not found

File C:\ENQBASE\CFCRTMdata\WMENQ68.csdb not found

File C:\ENQBASE\CFCRTMdata\WMENQ69.csdb not found

File C:\ENQBASE\CFCRTMdata\WMENQ70.csdb not found

File C:\ENQBASE\CFCRTMdata\WMENQ71.csdb not found

File C:\ENQBASE\CFCRTMdata\WMENQ72.csdb not found

File C:\ENQBASE\CFCRTMdata\WMENQ73.csdb not found

File C:\ENQBASE\CFCRTMdata\WMENQ74.csdb not found

File C:\ENQBASE\CFCRTMdata\WMENQ75.csdb not found

File C:\ENQBASE\CFCRTMdata\WMENQ76.csdb not found

File C:\ENQBASE\CFCRTMdata\WMENQ77.csdb not found

File C:\ENQBASE\CFCRTMdata\WMENQ78.csdb not found

File C:\ENQBASE\CFCRTMdata\WMENQ79.csdb not found

File C:\ENQBASE\CFCRTMdata\WMENQ80.csdb not found

File C:\ENQBASE\CFCRTMdata\WMENQ81.csdb not found

File C:\ENQBASE\CFCRTMdata\WMENQ82.csdb not found

File C:\ENQBASE\CFCRTMdata\WMENQ83.csdb not found

File C:\ENQBASE\CFCRTMdata\WMENQ84.csdb not found

File C:\ENQBASE\CFCRTMdata\WMENQ85.csdb not found

File C:\ENQBASE\CFCRTMdata\WMENQ86.csdb not found

File C:\ENQBASE\CFCRTMdata\WMENQ87.csdb not found

File C:\ENQBASE\CFCRTMdata\WMENQ88.csdb not found

File C:\ENQBASE\CFCRTMdata\WMENQ89.csdb not found

File C:\ENQBASE\CFCRTMdata\WMENQ90.csdb not found

File C:\ENQBASE\CFCRTMdata\WMENQ91.csdb not found

File C:\ENQBASE\CFCRTMdata\WMENQ92.csdb not found

File C:\ENQBASE\CFCRTMdata\WMENQ93.csdb not found

File C:\ENQBASE\CFCRTMdata\WMENQ94.csdb not found

File C:\ENQBASE\CFCRTMdata\WMENQ95.csdb not found

File C:\ENQBASE\CFCRTMdata\WMENQ96.csdb not found

File C:\ENQBASE\CFCRTMdata\WMENQ97.csdb not found

File C:\ENQBASE\CFCRTMdata\WMENQ98.csdb not found

File C:\ENQBASE\CFCRTMdata\WMENQ99.csdb not found

File C:\ENQBASE\CFCRTMdata\WMENQ00.csdb not found

Unable to open file C:\ENQBASE\CFCRTMdata\WMENQ04.csdb

Unable to open file C:\ENQBASE\CFCRTMdata\WMENQ07.csdb

Unable to open file C:\ENQBASE\CFCRTMdata\WMENQ08.csdb

Unable to open file C:\ENQBASE\CFCRTMdata\WMENQ09.csdb

Unable to open file C:\ENQBASE\CFCRTMdata\WMENQ10.csdb

Unable to open file C:\ENQBASE\CFCRTMdata\WMENQ11.csdb

Unable to open file C:\ENQBASE\CFCRTMdata\WMENQ12.csdb

Unable to open file C:\ENQBASE\CFCRTMdata\WMENQ13.csdb

Unable to open file C:\ENQBASE\CFCRTMdata\WMENQ14.csdb

Unable to open file C:\ENQBASE\CFCRTMdata\WMENQ15.csdb

Unable to open file C:\ENQBASE\CFCRTMdata\WMENQ16.csdb

Unable to open file C:\ENQBASE\CFCRTMdata\WMENQ17.csdb

Unable to open file C:\ENQBASE\CFCRTMdata\WMENQ18.csdb

Unable to open file C:\ENQBASE\CFCRTMdata\WMENQ19.csdb

Unable to open file C:\ENQBASE\CFCRTMdata\WMENQ20.csdb

Unable to open file C:\ENQBASE\CFCRTMdata\WMENQ21.csdb

Unable to open file C:\ENQBASE\CFCRTMdata\WMENQ22.csdb

Unable to open file C:\ENQBASE\CFCRTMdata\WMENQ23.csdb

Unable to open file C:\ENQBASE\CFCRTMdata\WMENQ24.csdb

Unable to open file C:\ENQBASE\CFCRTMdata\WMENQ25.csdb

Unable to open file C:\ENQBASE\CFCRTMdata\WMENQ26.csdb

Unable to open file C:\ENQBASE\CFCRTMdata\WMENQ27.csdb

Unable to open file C:\ENQBASE\CFCRTMdata\WMENQ28.csdb

Unable to open file C:\ENQBASE\CFCRTMdata\WMENQ29.csdb

Unable to open file C:\ENQBASE\CFCRTMdata\WMENQ30.csdb

Unable to open file C:\ENQBASE\CFCRTMdata\WMENQ31.csdb

Unable to open file C:\ENQBASE\CFCRTMdata\WMENQ32.csdb

Unable to open file C:\ENQBASE\CFCRTMdata\WMENQ33.csdb

Unable to open file C:\ENQBASE\CFCRTMdata\WMENQ34.csdb

Unable to open file C:\ENQBASE\CFCRTMdata\WMENQ35.csdb

Unable to open file C:\ENQBASE\CFCRTMdata\WMENQ36.csdb

Unable to open file C:\ENQBASE\CFCRTMdata\WMENQ37.csdb

Unable to open file C:\ENQBASE\CFCRTMdata\WMENQ38.csdb

Unable to open file C:\ENQBASE\CFCRTMdata\WMENQ39.csdb

Unable to open file C:\ENQBASE\CFCRTMdata\WMENQ40.csdb

Unable to open file C:\ENQBASE\CFCRTMdata\WMENQ41.csdb

Unable to open file C:\ENQBASE\CFCRTMdata\WMENQ42.csdb

Unable to open file C:\ENQBASE\CFCRTMdata\WMENQ43.csdb

Unable to open file C:\ENQBASE\CFCRTMdata\WMENQ44.csdb

Unable to open file C:\ENQBASE\CFCRTMdata\WMENQ45.csdb

Unable to open file C:\ENQBASE\CFCRTMdata\WMENQ46.csdb

Unable to open file C:\ENQBASE\CFCRTMdata\WMENQ47.csdb

Unable to open file C:\ENQBASE\CFCRTMdata\WMENQ48.csdb

Unable to open file C:\ENQBASE\CFCRTMdata\WMENQ49.csdb

Unable to open file C:\ENQBASE\CFCRTMdata\WMENQ50.csdb

Unable to open file C:\ENQBASE\CFCRTMdata\WMENQ51.csdb

Unable to open file C:\ENQBASE\CFCRTMdata\WMENQ52.csdb

Unable to open file C:\ENQBASE\CFCRTMdata\WMENQ53.csdb

Unable to open file C:\ENQBASE\CFCRTMdata\WMENQ54.csdb

Unable to open file C:\ENQBASE\CFCRTMdata\WMENQ55.csdb

Unable to open file C:\ENQBASE\CFCRTMdata\WMENQ56.csdb

Unable to open file C:\ENQBASE\CFCRTMdata\WMENQ57.csdb

Unable to open file C:\ENQBASE\CFCRTMdata\WMENQ58.csdb

Unable to open file C:\ENQBASE\CFCRTMdata\WMENQ59.csdb

Unable to open file C:\ENQBASE\CFCRTMdata\WMENQ60.csdb

Unable to open file C:\ENQBASE\CFCRTMdata\WMENQ61.csdb

Unable to open file C:\ENQBASE\CFCRTMdata\WMENQ62.csdb

Unable to open file C:\ENQBASE\CFCRTMdata\WMENQ63.csdb

Unable to open file C:\ENQBASE\CFCRTMdata\WMENQ64.csdb

Unable to open file C:\ENQBASE\CFCRTMdata\WMENQ65.csdb

Unable to open file C:\ENQBASE\CFCRTMdata\WMENQ66.csdb

Unable to open file C:\ENQBASE\CFCRTMdata\WMENQ67.csdb

Unable to open file C:\ENQBASE\CFCRTMdata\WMENQ68.csdb

Unable to open file C:\ENQBASE\CFCRTMdata\WMENQ69.csdb

Unable to open file C:\ENQBASE\CFCRTMdata\WMENQ70.csdb

Unable to open file C:\ENQBASE\CFCRTMdata\WMENQ71.csdb

Unable to open file C:\ENQBASE\CFCRTMdata\WMENQ72.csdb

Unable to open file C:\ENQBASE\CFCRTMdata\WMENQ73.csdb

Unable to open file C:\ENQBASE\CFCRTMdata\WMENQ74.csdb

Unable to open file C:\ENQBASE\CFCRTMdata\WMENQ75.csdb

Unable to open file C:\ENQBASE\CFCRTMdata\WMENQ76.csdb

Unable to open file C:\ENQBASE\CFCRTMdata\WMENQ77.csdb

Unable to open file C:\ENQBASE\CFCRTMdata\WMENQ78.csdb

Unable to open file C:\ENQBASE\CFCRTMdata\WMENQ79.csdb

Unable to open file C:\ENQBASE\CFCRTMdata\WMENQ80.csdb

Unable to open file C:\ENQBASE\CFCRTMdata\WMENQ81.csdb

Unable to open file C:\ENQBASE\CFCRTMdata\WMENQ82.csdb

Unable to open file C:\ENQBASE\CFCRTMdata\WMENQ83.csdb

Unable to open file C:\ENQBASE\CFCRTMdata\WMENQ84.csdb

Unable to open file C:\ENQBASE\CFCRTMdata\WMENQ85.csdb

Unable to open file C:\ENQBASE\CFCRTMdata\WMENQ86.csdb

Unable to open file C:\ENQBASE\CFCRTMdata\WMENQ87.csdb

Unable to open file C:\ENQBASE\CFCRTMdata\WMENQ88.csdb

Unable to open file C:\ENQBASE\CFCRTMdata\WMENQ89.csdb

Unable to open file C:\ENQBASE\CFCRTMdata\WMENQ90.csdb

Unable to open file C:\ENQBASE\CFCRTMdata\WMENQ91.csdb

Unable to open file C:\ENQBASE\CFCRTMdata\WMENQ92.csdb

Unable to open file C:\ENQBASE\CFCRTMdata\WMENQ93.csdb

Unable to open file C:\ENQBASE\CFCRTMdata\WMENQ94.csdb

Unable to open file C:\ENQBASE\CFCRTMdata\WMENQ95.csdb

Unable to open file C:\ENQBASE\CFCRTMdata\WMENQ96.csdb

Unable to open file C:\ENQBASE\CFCRTMdata\WMENQ97.csdb

Unable to open file C:\ENQBASE\CFCRTMdata\WMENQ98.csdb

Unable to open file C:\ENQBASE\CFCRTMdata\WMENQ99.csdb

Unable to open file C:\ENQBASE\CFCRTMdata\WMENQ00.csdb

