Application     C:\RDCRGE\wwlot\Entry\CorrectionLot.bch
Type            BATCH
Input Data      <<CSPro DB>> C:\RDCRGE\wwlot\DataE\E19101101107009003.csdb                                                                                                                                                                                                                                                  
<Output>        <<CSPro DB>> C:\RDCRGE\wwlot\DataS\E19101101107009003.csdb                                                                                                                                                                                                                                                  

Date            Mar  5, 2020
Start Time      14:31:29
End Time        14:31:29

CSPRO Process Summary
          +-----------------------------------------------------+
          |       0 Records Read ( 100% of input file)          |
          |       0 Ignored (       0 unknown,        0 erased) |
          |       0 Messages (       0 U,       0 W,       0 E) |
          +---------+--------------+--------------+-------------+
          |  Level  |  Input Case  |  Bad Struct  |  Level Post |
          +---------+--------------+--------------+-------------+
          |     1   |          0   |          0   |          0  |
          +---------+--------------+--------------+-------------+                                                     
                                                                                
                                                                                
                                                                                

Process Messages

CSPRO Executor Normal End
------------------------------------------------------------------------------------------------------------------------
