Application     C:\RDCRGE\wwlot\Entry\CorrectionLot.bch
Type            BATCH
Input Data      <<CSPro DB>> C:\RDCRGE\wwlot\DataE\E21101102102002001.csdb
<Output>        <<CSPro DB>> C:\RDCRGE\wwlot\DataS\E21101102102002001.csdb

Date            Dec 17, 2020
Start Time      18:41:18
End Time        18:41:18

CSPro Process Summary

      ╔══════════════════════════════════════════════════════╗
      ║       424 Records Read   100% of input file          ║
      ║         0 Ignored:       0 Unknown         0 Erased  ║
      ║         0 Messages:      0 E      0 W      0 User    ║
      ╠═════════╦══════════════╦══════════════╦══════════════╣
      ║  Level  ║  Input Case  ║  Bad Struct  ║  Level Post  ║
      ╠═════════╬══════════════╬══════════════╬══════════════╣
      ║      1  ║          97  ║           0  ║          97  ║
      ╚═════════╩══════════════╩══════════════╩══════════════╝

Process Messages


CSPro Executor Normal End
------------------------------------------------------------------------------------------------------------------------
