Application     C:\AD\Bch\CartoZDRGE.bch
Type            BATCH
Input Data      <<CSPro DB>> C:\AD\Dat\Output.csdb                                                                                                                                                                                                                                                                          
<Output>        <<Empty>>                                                                                                                                                                                                                                                                                                   
<File>          CARTOZDRGEKML=
<File>          FTEMP=

Date            May  2, 2020
Start Time      00:37:31
End Time        00:37:32

CSPRO Process Summary
          +-----------------------------------------------------+
          |    1226 Records Read ( 100% of input file)          |
          |       0 Ignored (       0 unknown,        0 erased) |
          |       0 Messages (       0 U,       0 W,       0 E) |
          +---------+--------------+--------------+-------------+
          |  Level  |  Input Case  |  Bad Struct  |  Level Post |
          +---------+--------------+--------------+-------------+
          |     1   |          7   |          0   |          7  |
          +---------+--------------+--------------+-------------+                                                     
                                                                                
                                                                                
                                                                                

Process Messages

CSPRO Executor Normal End
--------------------------------------------------------------------------------
