Application     C:\ENQBASE\CFCRTM\CFCRTMCH.pen
Type            ENTRY
Input Data      <<CSPro DB>> C:\ENQBASE\CFCRTMdata\CHENQ59.csdb
External        MICS6HH=<<CSPro DB>> C:\ENQBASE\CFCRTMdata\HHENQ59.csdb

Date            Apr 14, 2019
Start Time      08:55:50
End Time        08:55:55

CSPRO Process Summary

System messages:

 Number    Frequency   Message text
 ------    ---------   ------------
  48000            1   Invalid expression (%s) in CAPI text             


A compilation error file (.err) has been created for your application.


CSPRO Executor Normal End
--------------------------------------------------------------------------------
Application     C:\ENQBASE\CFCRTM\CFCRTMCH.pen
Type            ENTRY
Input Data      <<CSPro DB>> C:\ENQBASE\CFCRTMdata\CHENQ59.csdb
External        MICS6HH=<<CSPro DB>> C:\ENQBASE\CFCRTMdata\HHENQ59.csdb

Date            Apr 14, 2019
Start Time      08:55:58
End Time        08:56:08

CSPRO Process Summary

System messages:

 Number    Frequency   Message text
 ------    ---------   ------------
  48000            1   Invalid expression (%s) in CAPI text             


A compilation error file (.err) has been created for your application.


CSPRO Executor Normal End
--------------------------------------------------------------------------------
Application     C:\ENQBASE\CFCRTM\CFCRTMCH.pen
Type            ENTRY
Input Data      <<CSPro DB>> C:\ENQBASE\CFCRTMdata\CHENQ59.csdb
External        MICS6HH=<<CSPro DB>> C:\ENQBASE\CFCRTMdata\HHENQ59.csdb

Date            Apr 14, 2019
Start Time      10:17:07
End Time        10:17:16

CSPRO Process Summary

System messages:

 Number    Frequency   Message text
 ------    ---------   ------------
  48000            1   Invalid expression (%s) in CAPI text             


A compilation error file (.err) has been created for your application.


CSPRO Executor Normal End
--------------------------------------------------------------------------------
Application     C:\ENQBASE\CFCRTM\CFCRTMCH.pen
Type            ENTRY
Input Data      <<CSPro DB>> C:\ENQBASE\CFCRTMdata\CHENQ59.csdb
External        MICS6HH=<<CSPro DB>> C:\ENQBASE\CFCRTMdata\HHENQ59.csdb

Date            Apr 14, 2019
Start Time      14:26:11
End Time        14:30:41

CSPRO Process Summary

System messages:

 Number    Frequency   Message text
 ------    ---------   ------------
  48000            1   Invalid expression (%s) in CAPI text             


A compilation error file (.err) has been created for your application.


CSPRO Executor Normal End
--------------------------------------------------------------------------------
Application     C:\ENQBASE\CFCRTM\CFCRTMCH.pen
Type            ENTRY
Input Data      <<CSPro DB>> C:\ENQBASE\CFCRTMdata\CHENQ59.csdb
External        MICS6HH=<<CSPro DB>> C:\ENQBASE\CFCRTMdata\HHENQ59.csdb

Date            Apr 14, 2019
Start Time      14:30:49
End Time        14:32:18

CSPRO Process Summary

System messages:

 Number    Frequency   Message text
 ------    ---------   ------------
  48000            1   Invalid expression (%s) in CAPI text             


A compilation error file (.err) has been created for your application.


CSPRO Executor Normal End
--------------------------------------------------------------------------------
Application     C:\ENQBASE\CFCRTM\CFCRTMCH.pen
Type            ENTRY
Input Data      <<CSPro DB>> C:\ENQBASE\CFCRTMdata\CHENQ59.csdb
External        MICS6HH=<<CSPro DB>> C:\ENQBASE\CFCRTMdata\HHENQ59.csdb

Date            Apr 14, 2019
Start Time      14:32:26
End Time        14:37:32

CSPRO Process Summary

System messages:

 Number    Frequency   Message text
 ------    ---------   ------------
  48000            1   Invalid expression (%s) in CAPI text             
  99990            1   Operator entered a value out of range            

User unnumbered messages:

   Line    Freq  Pct.  Message text                                        Denom
   ----    ----  ----  ------------                                        -----
   1117       2    -   Vous avez saisi un numéro d'agent différent de ce       -
   1390       1    -   Préciser tous les les aliments solides, semi-soli       -


A compilation error file (.err) has been created for your application.


CSPRO Executor Normal End
--------------------------------------------------------------------------------
Application     C:\ENQBASE\CFCRTM\CFCRTMCH.pen
Type            ENTRY
Input Data      <<CSPro DB>> C:\ENQBASE\CFCRTMdata\CHENQ59.csdb
External        MICS6HH=<<CSPro DB>> C:\ENQBASE\CFCRTMdata\HHENQ59.csdb

Date            Apr 14, 2019
Start Time      15:12:41
End Time        15:17:24

CSPRO Process Summary

System messages:

 Number    Frequency   Message text
 ------    ---------   ------------
  48000            1   Invalid expression (%s) in CAPI text             


A compilation error file (.err) has been created for your application.


CSPRO Executor Normal End
--------------------------------------------------------------------------------
Application     C:\ENQBASE\CFCRTM\CFCRTMCH.pen
Type            ENTRY
Input Data      <<CSPro DB>> C:\ENQBASE\CFCRTMdata\CHENQ59.csdb
External        MICS6HH=<<CSPro DB>> C:\ENQBASE\CFCRTMdata\HHENQ59.csdb

Date            Apr 14, 2019
Start Time      15:17:32
End Time        15:24:54

CSPRO Process Summary

System messages:

 Number    Frequency   Message text
 ------    ---------   ------------
  48000            1   Invalid expression (%s) in CAPI text             
  99990            2   Operator entered a value out of range            

User unnumbered messages:

   Line    Freq  Pct.  Message text                                        Denom
   ----    ----  ----  ------------                                        -----
   1390       1    -   Préciser tous les les aliments solides, semi-soli       -


A compilation error file (.err) has been created for your application.


CSPRO Executor Normal End
--------------------------------------------------------------------------------
Application     C:\ENQBASE\CFCRTM\CFCRTMCH.pen
Type            ENTRY
Input Data      <<CSPro DB>> C:\ENQBASE\CFCRTMdata\CHENQ59.csdb
External        MICS6HH=<<CSPro DB>> C:\ENQBASE\CFCRTMdata\HHENQ59.csdb

Date            Apr 14, 2019
Start Time      15:25:05
End Time        15:25:09

CSPRO Process Summary

System messages:

 Number    Frequency   Message text
 ------    ---------   ------------
  48000            1   Invalid expression (%s) in CAPI text             


A compilation error file (.err) has been created for your application.


CSPRO Executor Normal End
--------------------------------------------------------------------------------
Application     C:\ENQBASE\CFCRTM\CFCRTMCH.pen
Type            ENTRY
Input Data      <<CSPro DB>> C:\ENQBASE\CFCRTMdata\CHENQ59.csdb
External        MICS6HH=<<CSPro DB>> C:\ENQBASE\CFCRTMdata\HHENQ59.csdb

Date            Apr 14, 2019
Start Time      15:25:25
End Time        15:26:22

CSPRO Process Summary

System messages:

 Number    Frequency   Message text
 ------    ---------   ------------
  48000            1   Invalid expression (%s) in CAPI text             

User unnumbered messages:

   Line    Freq  Pct.  Message text                                        Denom
   ----    ----  ----  ------------                                        -----
   1390       1    -   Préciser tous les les aliments solides, semi-soli       -


A compilation error file (.err) has been created for your application.


CSPRO Executor Normal End
--------------------------------------------------------------------------------
Application     C:\ENQBASE\CFCRTM\CFCRTMCH.pen
Type            ENTRY
Input Data      <<CSPro DB>> C:\ENQBASE\CFCRTMdata\CHENQ59.csdb
External        MICS6HH=<<CSPro DB>> C:\ENQBASE\CFCRTMdata\HHENQ59.csdb

Date            Apr 14, 2019
Start Time      15:26:32
End Time        15:26:52

CSPRO Process Summary

System messages:

 Number    Frequency   Message text
 ------    ---------   ------------
  48000            1   Invalid expression (%s) in CAPI text             

User unnumbered messages:

   Line    Freq  Pct.  Message text                                        Denom
   ----    ----  ----  ------------                                        -----
   1390       1    -   Préciser tous les les aliments solides, semi-soli       -


A compilation error file (.err) has been created for your application.


CSPRO Executor Normal End
--------------------------------------------------------------------------------
Application     C:\ENQBASE\CFCRTM\CFCRTMCH.pen
Type            ENTRY
Input Data      <<CSPro DB>> C:\ENQBASE\CFCRTMdata\CHENQ59.csdb
External        MICS6HH=<<CSPro DB>> C:\ENQBASE\CFCRTMdata\HHENQ59.csdb

Date            Apr 14, 2019
Start Time      15:27:00
End Time        15:27:20

CSPRO Process Summary

System messages:

 Number    Frequency   Message text
 ------    ---------   ------------
  48000            1   Invalid expression (%s) in CAPI text             

User unnumbered messages:

   Line    Freq  Pct.  Message text                                        Denom
   ----    ----  ----  ------------                                        -----
   1390       1    -   Préciser tous les les aliments solides, semi-soli       -


A compilation error file (.err) has been created for your application.


CSPRO Executor Normal End
--------------------------------------------------------------------------------
Application     C:\ENQBASE\CFCRTM\CFCRTMCH.pen
Type            ENTRY
Input Data      <<CSPro DB>> C:\ENQBASE\CFCRTMdata\CHENQ59.csdb
External        MICS6HH=<<CSPro DB>> C:\ENQBASE\CFCRTMdata\HHENQ59.csdb

Date            Apr 14, 2019
Start Time      16:12:02
End Time        16:12:36

CSPRO Process Summary

System messages:

 Number    Frequency   Message text
 ------    ---------   ------------
  48000            1   Invalid expression (%s) in CAPI text             

User unnumbered messages:

   Line    Freq  Pct.  Message text                                        Denom
   ----    ----  ----  ------------                                        -----
   1048       1    -   Aucun enfant de 0 à 5 ans dans le Ménage                -


A compilation error file (.err) has been created for your application.


CSPRO Executor Normal End
--------------------------------------------------------------------------------
Application     C:\ENQBASE\CFCRTM\CFCRTMCH.pen
Type            ENTRY
Input Data      <<CSPro DB>> C:\ENQBASE\CFCRTMdata\CHENQ59.csdb
External        MICS6HH=<<CSPro DB>> C:\ENQBASE\CFCRTMdata\HHENQ59.csdb

Date            Apr 14, 2019
Start Time      16:12:44
End Time        16:12:51

CSPRO Process Summary

System messages:

 Number    Frequency   Message text
 ------    ---------   ------------
  48000            1   Invalid expression (%s) in CAPI text             

User unnumbered messages:

   Line    Freq  Pct.  Message text                                        Denom
   ----    ----  ----  ------------                                        -----
   1048       1    -   Aucun enfant de 0 à 5 ans dans le Ménage                -


A compilation error file (.err) has been created for your application.


CSPRO Executor Normal End
--------------------------------------------------------------------------------
Application     C:\ENQBASE\CFCRTM\CFCRTMCH.pen
Type            ENTRY
Input Data      <<CSPro DB>> C:\ENQBASE\CFCRTMdata\CHENQ59.csdb
External        MICS6HH=<<CSPro DB>> C:\ENQBASE\CFCRTMdata\HHENQ59.csdb

Date            Apr 14, 2019
Start Time      16:14:48
End Time        16:18:19

CSPRO Process Summary

System messages:

 Number    Frequency   Message text
 ------    ---------   ------------
  48000            1   Invalid expression (%s) in CAPI text             


A compilation error file (.err) has been created for your application.


CSPRO Executor Normal End
--------------------------------------------------------------------------------
Application     C:\ENQBASE\CFCRTM\CFCRTMCH.pen
Type            ENTRY
Input Data      <<CSPro DB>> C:\ENQBASE\CFCRTMdata\CHENQ59.csdb
External        MICS6HH=<<CSPro DB>> C:\ENQBASE\CFCRTMdata\HHENQ59.csdb

Date            Apr 14, 2019
Start Time      17:24:24
End Time        17:28:22

CSPRO Process Summary

System messages:

 Number    Frequency   Message text
 ------    ---------   ------------
  48000            1   Invalid expression (%s) in CAPI text             

User unnumbered messages:

   Line    Freq  Pct.  Message text                                        Denom
   ----    ----  ----  ------------                                        -----
   2522       1    -   Avez-vous une observation à renseigner?                 -


A compilation error file (.err) has been created for your application.


CSPRO Executor Normal End
--------------------------------------------------------------------------------
Application     C:\ENQBASE\CFCRTM\CFCRTMCH.pen
Type            ENTRY
Input Data      <<CSPro DB>> C:\ENQBASE\CFCRTMdata\CHENQ59.csdb
External        MICS6HH=<<Empty>>

Date            Apr 14, 2019
Start Time      17:28:49
End Time        17:30:12

CSPRO Process Summary

System messages:

 Number    Frequency   Message text
 ------    ---------   ------------
  48000            1   Invalid expression (%s) in CAPI text             
  99990            1   Operator entered a value out of range            

User unnumbered messages:

   Line    Freq  Pct.  Message text                                        Denom
   ----    ----  ----  ------------                                        -----
   2522       2    -   Avez-vous une observation à renseigner?                 -


A compilation error file (.err) has been created for your application.


CSPRO Executor Normal End
--------------------------------------------------------------------------------
Application     C:\ENQBASE\CFCRTM\CFCRTMCH.pen
Type            ENTRY
Input Data      <<CSPro DB>> C:\ENQBASE\CFCRTMdata\CHENQ59.csdb
External        MICS6HH=<<Empty>>

Date            Apr 14, 2019
Start Time      17:30:16
End Time        17:31:27

CSPRO Process Summary

System messages:

 Number    Frequency   Message text
 ------    ---------   ------------
  48000            1   Invalid expression (%s) in CAPI text             
  99990            1   Operator entered a value out of range            

User unnumbered messages:

   Line    Freq  Pct.  Message text                                        Denom
   ----    ----  ----  ------------                                        -----
   2522       3    -   Avez-vous une observation à renseigner?                 -


A compilation error file (.err) has been created for your application.


CSPRO Executor Normal End
--------------------------------------------------------------------------------
Application     C:\ENQBASE\CFCRTM\CFCRTMCH.pen
Type            ENTRY
Input Data      <<CSPro DB>> C:\ENQBASE\CFCRTMdata\CHENQ59.csdb
External        MICS6HH=<<Empty>>

Date            Apr 14, 2019
Start Time      17:31:33
End Time        17:31:59

CSPRO Process Summary

System messages:

 Number    Frequency   Message text
 ------    ---------   ------------
  48000            1   Invalid expression (%s) in CAPI text             
  99990            1   Operator entered a value out of range            

User unnumbered messages:

   Line    Freq  Pct.  Message text                                        Denom
   ----    ----  ----  ------------                                        -----
   2522       4    -   Avez-vous une observation à renseigner?                 -


A compilation error file (.err) has been created for your application.


CSPRO Executor Normal End
--------------------------------------------------------------------------------
Application     C:\ENQBASE\CFCRTM\CFCRTMCH.pen
Type            ENTRY
Input Data      <<CSPro DB>> C:\ENQBASE\CFCRTMdata\CHENQ59.csdb
External        MICS6HH=<<Empty>>

Date            Apr 14, 2019
Start Time      17:32:03
End Time        17:32:25

CSPRO Process Summary

System messages:

 Number    Frequency   Message text
 ------    ---------   ------------
  48000            1   Invalid expression (%s) in CAPI text             
  99990            1   Operator entered a value out of range            

User unnumbered messages:

   Line    Freq  Pct.  Message text                                        Denom
   ----    ----  ----  ------------                                        -----
   2522       5    -   Avez-vous une observation à renseigner?                 -


A compilation error file (.err) has been created for your application.


CSPRO Executor Normal End
--------------------------------------------------------------------------------
Application     C:\ENQBASE\CFCRTM\CFCRTMCH.pen
Type            ENTRY
Input Data      <<CSPro DB>> C:\ENQBASE\CFCRTMdata\CHENQ59.csdb
External        MICS6HH=<<Empty>>

Date            Apr 14, 2019
Start Time      17:32:29
End Time        17:35:44

CSPRO Process Summary

System messages:

 Number    Frequency   Message text
 ------    ---------   ------------
  48000            1   Invalid expression (%s) in CAPI text             
  99990            2   Operator entered a value out of range            

User unnumbered messages:

   Line    Freq  Pct.  Message text                                        Denom
   ----    ----  ----  ------------                                        -----
   1390       1    -   Préciser tous les les aliments solides, semi-soli       -
   2522       6    -   Avez-vous une observation à renseigner?                 -


A compilation error file (.err) has been created for your application.


CSPRO Executor Normal End
--------------------------------------------------------------------------------
Application     C:\ENQBASE\CFCRTM\CFCRTMCH.pen
Type            ENTRY
Input Data      <<CSPro DB>> C:\ENQBASE\CFCRTMdata\CHENQ59.csdb
External        MICS6HH=<<Empty>>

Date            Apr 14, 2019
Start Time      17:35:48
End Time        17:37:36

CSPRO Process Summary

System messages:

 Number    Frequency   Message text
 ------    ---------   ------------
  48000            1   Invalid expression (%s) in CAPI text             
  99990            2   Operator entered a value out of range            

User unnumbered messages:

   Line    Freq  Pct.  Message text                                        Denom
   ----    ----  ----  ------------                                        -----
   1390       2    -   Préciser tous les les aliments solides, semi-soli       -
   2522       7    -   Avez-vous une observation à renseigner?                 -


A compilation error file (.err) has been created for your application.


CSPRO Executor Normal End
--------------------------------------------------------------------------------
Application     C:\ENQBASE\CFCRTM\CFCRTMCH.pen
Type            ENTRY
Input Data      <<CSPro DB>> C:\ENQBASE\CFCRTMdata\CHENQ59.csdb
External        MICS6HH=<<Empty>>

Date            Apr 14, 2019
Start Time      17:37:47
End Time        17:38:22

CSPRO Process Summary

System messages:

 Number    Frequency   Message text
 ------    ---------   ------------
  48000            1   Invalid expression (%s) in CAPI text             
  99990            2   Operator entered a value out of range            

User unnumbered messages:

   Line    Freq  Pct.  Message text                                        Denom
   ----    ----  ----  ------------                                        -----
   1390       2    -   Préciser tous les les aliments solides, semi-soli       -
   2522       7    -   Avez-vous une observation à renseigner?                 -


A compilation error file (.err) has been created for your application.


CSPRO Executor Normal End
--------------------------------------------------------------------------------
Application     C:\ENQBASE\CFCRTM\CFCRTMCH.pen
Type            ENTRY
Input Data      <<CSPro DB>> C:\ENQBASE\CFCRTMdata\CHENQ59.csdb
External        MICS6HH=<<CSPro DB>> C:\ENQBASE\CFCRTMdata\HHENQ59.csdb

Date            Apr 14, 2019
Start Time      17:38:32
End Time        17:40:17

CSPRO Process Summary

System messages:

 Number    Frequency   Message text
 ------    ---------   ------------
  48000            1   Invalid expression (%s) in CAPI text             

User unnumbered messages:

   Line    Freq  Pct.  Message text                                        Denom
   ----    ----  ----  ------------                                        -----
   1390       1    -   Préciser tous les les aliments solides, semi-soli       -
   2522       1    -   Avez-vous une observation à renseigner?                 -


A compilation error file (.err) has been created for your application.


CSPRO Executor Normal End
--------------------------------------------------------------------------------
Application     C:\ENQBASE\CFCRTM\CFCRTMCH.pen
Type            ENTRY
Input Data      <<CSPro DB>> C:\ENQBASE\CFCRTMdata\CHENQ59.csdb
External        MICS6HH=<<Empty>>

Date            Apr 14, 2019
Start Time      17:40:22
End Time        17:41:38

CSPRO Process Summary

System messages:

 Number    Frequency   Message text
 ------    ---------   ------------
  48000            1   Invalid expression (%s) in CAPI text             
  99990            1   Operator entered a value out of range            

User unnumbered messages:

   Line    Freq  Pct.  Message text                                        Denom
   ----    ----  ----  ------------                                        -----
   1390       1    -   Préciser tous les les aliments solides, semi-soli       -
   2522       2    -   Avez-vous une observation à renseigner?                 -


A compilation error file (.err) has been created for your application.


CSPRO Executor Normal End
--------------------------------------------------------------------------------
Application     C:\ENQBASE\CFCRTM\CFCRTMCH.pen
Type            ENTRY
Input Data      <<CSPro DB>> C:\ENQBASE\CFCRTMdata\CHENQ59.csdb
External        MICS6HH=<<CSPro DB>> C:\ENQBASE\CFCRTMdata\HHENQ59.csdb

Date            Apr 15, 2019
Start Time      10:35:32
End Time        10:36:52

CSPRO Process Summary

System messages:

 Number    Frequency   Message text
 ------    ---------   ------------
  48000            1   Invalid expression (%s) in CAPI text             
  99990            1   Operator entered a value out of range            

User unnumbered messages:

   Line    Freq  Pct.  Message text                                        Denom
   ----    ----  ----  ------------                                        -----
   2522       1    -   Avez-vous une observation à renseigner?                 -


A compilation error file (.err) has been created for your application.


CSPRO Executor Normal End
--------------------------------------------------------------------------------
Application     C:\ENQBASE\CFCRTM\CFCRTMCH.pen
Type            ENTRY
Input Data      <<CSPro DB>> C:\ENQBASE\CFCRTMdata\CHENQ59.csdb
External        MICS6HH=<<CSPro DB>> C:\ENQBASE\CFCRTMdata\HHENQ59.csdb

Date            Apr 15, 2019
Start Time      16:50:49
End Time        16:52:58

CSPRO Process Summary

System messages:

 Number    Frequency   Message text
 ------    ---------   ------------
  48000            1   Invalid expression (%s) in CAPI text             

User numbered messages:

 Number    Freq  Pct.  Message text                                        Denom
 ------    ----  ----  ------------                                        -----
   2001       1    -   W Enfant trop jeune ou trop vieux pour être inter       -


A compilation error file (.err) has been created for your application.


CSPRO Executor Normal End
--------------------------------------------------------------------------------
Application     C:\ENQBASE\CFCRTM\CFCRTMCH.pen
Type            ENTRY
Input Data      <<CSPro DB>> C:\ENQBASE\CFCRTMdata\CHENQ59.csdb
External        MICS6HH=<<CSPro DB>> C:\ENQBASE\CFCRTMdata\HHENQ59.csdb

Date            Apr 15, 2019
Start Time      16:53:06
End Time        16:55:28

CSPRO Process Summary

System messages:

 Number    Frequency   Message text
 ------    ---------   ------------
  48000            1   Invalid expression (%s) in CAPI text             


A compilation error file (.err) has been created for your application.


CSPRO Executor Normal End
--------------------------------------------------------------------------------
Application     C:\ENQBASE\CFCRTM\CFCRTMCH.pen
Type            ENTRY
Input Data      <<CSPro DB>> C:\ENQBASE\CFCRTMdata\CHENQ59.csdb
External        MICS6HH=<<CSPro DB>> C:\ENQBASE\CFCRTMdata\HHENQ59.csdb

Date            Apr 15, 2019
Start Time      17:39:27
End Time        17:41:26

CSPRO Process Summary

System messages:

 Number    Frequency   Message text
 ------    ---------   ------------
  48000            1   Invalid expression (%s) in CAPI text             


A compilation error file (.err) has been created for your application.


CSPRO Executor Normal End
--------------------------------------------------------------------------------
Application     C:\ENQBASE\CFCRTM\CFCRTMCH.pen
Type            ENTRY
Input Data      <<CSPro DB>> C:\ENQBASE\CFCRTMdata\CHENQ59.csdb
External        MICS6HH=<<CSPro DB>> C:\ENQBASE\CFCRTMdata\HHENQ59.csdb

Date            Apr 15, 2019
Start Time      17:41:33
End Time        17:46:54

CSPRO Process Summary

System messages:

 Number    Frequency   Message text
 ------    ---------   ------------
  48000            1   Invalid expression (%s) in CAPI text             
  99990            1   Operator entered a value out of range            


A compilation error file (.err) has been created for your application.


CSPRO Executor Normal End
--------------------------------------------------------------------------------
Application     C:\ENQBASE\CFCRTM\CFCRTMCH.pen
Type            ENTRY
Input Data      <<CSPro DB>> C:\ENQBASE\CFCRTMdata\CHENQ59.csdb
External        MICS6HH=<<CSPro DB>> C:\ENQBASE\CFCRTMdata\HHENQ59.csdb

Date            Apr 15, 2019
Start Time      18:24:04
End Time        18:26:32

CSPRO Process Summary

System messages:

 Number    Frequency   Message text
 ------    ---------   ------------
  48000            1   Invalid expression (%s) in CAPI text             

User unnumbered messages:

   Line    Freq  Pct.  Message text                                        Denom
   ----    ----  ----  ------------                                        -----
   2522       1    -   Avez-vous une observation à renseigner?                 -


A compilation error file (.err) has been created for your application.


CSPRO Executor Normal End
--------------------------------------------------------------------------------
Application     C:\ENQBASE\CFCRTM\CFCRTMCH.pen
Type            ENTRY
Input Data      <<CSPro DB>> C:\ENQBASE\CFCRTMdata\CHENQ59.csdb
External        MICS6HH=<<Empty>>

Date            Apr 15, 2019
Start Time      18:26:37
End Time        18:29:03

CSPRO Process Summary

System messages:

 Number    Frequency   Message text
 ------    ---------   ------------
  48000            1   Invalid expression (%s) in CAPI text             

User unnumbered messages:

   Line    Freq  Pct.  Message text                                        Denom
   ----    ----  ----  ------------                                        -----
   2522       2    -   Avez-vous une observation à renseigner?                 -


A compilation error file (.err) has been created for your application.


CSPRO Executor Normal End
--------------------------------------------------------------------------------
Application     C:\ENQBASE\CFCRTM\CFCRTMCH.pen
Type            ENTRY
Input Data      <<CSPro DB>> C:\ENQBASE\CFCRTMdata\CHENQ59.csdb
External        MICS6HH=<<CSPro DB>> C:\ENQBASE\CFCRTMdata\HHENQ59.csdb

Date            Apr 16, 2019
Start Time      07:44:50
End Time        07:50:24

CSPRO Process Summary

System messages:

 Number    Frequency   Message text
 ------    ---------   ------------
  48000            1   Invalid expression (%s) in CAPI text             
  99990            1   Operator entered a value out of range            

User unnumbered messages:

   Line    Freq  Pct.  Message text                                        Denom
   ----    ----  ----  ------------                                        -----
   1390       1    -   Préciser tous les les aliments solides, semi-soli       -
   2522       1    -   Avez-vous une observation à renseigner?                 -


A compilation error file (.err) has been created for your application.


CSPRO Executor Normal End
--------------------------------------------------------------------------------
Application     C:\ENQBASE\CFCRTM\CFCRTMCH.pen
Type            ENTRY
Input Data      <<CSPro DB>> C:\ENQBASE\CFCRTMdata\CHENQ59.csdb
External        MICS6HH=<<CSPro DB>> C:\ENQBASE\CFCRTMdata\HHENQ59.csdb

Date            Apr 16, 2019
Start Time      08:37:36
End Time        08:39:55

CSPRO Process Summary

System messages:

 Number    Frequency   Message text
 ------    ---------   ------------
  48000            1   Invalid expression (%s) in CAPI text             

User unnumbered messages:

   Line    Freq  Pct.  Message text                                        Denom
   ----    ----  ----  ------------                                        -----
   2522       1    -   Avez-vous une observation à renseigner?                 -


A compilation error file (.err) has been created for your application.


CSPRO Executor Normal End
--------------------------------------------------------------------------------
Application     C:\ENQBASE\CFCRTM\CFCRTMCH.pen
Type            ENTRY
Input Data      <<CSPro DB>> C:\ENQBASE\CFCRTMdata\CHENQ59.csdb
External        MICS6HH=<<Empty>>

Date            Apr 16, 2019
Start Time      08:40:08
End Time        08:43:58

CSPRO Process Summary

System messages:

 Number    Frequency   Message text
 ------    ---------   ------------
  48000            1   Invalid expression (%s) in CAPI text             
  99990            1   Operator entered a value out of range            

User unnumbered messages:

   Line    Freq  Pct.  Message text                                        Denom
   ----    ----  ----  ------------                                        -----
   2522       2    -   Avez-vous une observation à renseigner?                 -


A compilation error file (.err) has been created for your application.


CSPRO Executor Normal End
--------------------------------------------------------------------------------
Application     C:\ENQBASE\CFCRTM\CFCRTMCH.pen
Type            ENTRY
Input Data      <<CSPro DB>> C:\ENQBASE\CFCRTMdata\CHENQ59.csdb
External        MICS6HH=<<Empty>>

Date            Apr 16, 2019
Start Time      08:44:07
End Time        08:44:18

CSPRO Process Summary

System messages:

 Number    Frequency   Message text
 ------    ---------   ------------
  48000            1   Invalid expression (%s) in CAPI text             
  99990            1   Operator entered a value out of range            

User unnumbered messages:

   Line    Freq  Pct.  Message text                                        Denom
   ----    ----  ----  ------------                                        -----
   2522       2    -   Avez-vous une observation à renseigner?                 -


A compilation error file (.err) has been created for your application.


CSPRO Executor Normal End
--------------------------------------------------------------------------------
Application     C:\ENQBASE\CFCRTM\CFCRTMCH.pen
Type            ENTRY
Input Data      <<CSPro DB>> C:\ENQBASE\CFCRTMdata\CHENQ59.csdb
External        MICS6HH=<<CSPro DB>> C:\ENQBASE\CFCRTMdata\HHENQ59.csdb

Date            Apr 16, 2019
Start Time      08:44:29
End Time        08:45:40

CSPRO Process Summary

System messages:

 Number    Frequency   Message text
 ------    ---------   ------------
  48000            1   Invalid expression (%s) in CAPI text             

User unnumbered messages:

   Line    Freq  Pct.  Message text                                        Denom
   ----    ----  ----  ------------                                        -----
   2522       1    -   Avez-vous une observation à renseigner?                 -


A compilation error file (.err) has been created for your application.


CSPRO Executor Normal End
--------------------------------------------------------------------------------
Application     C:\ENQBASE\CFCRTM\CFCRTMCH.pen
Type            ENTRY
Input Data      <<CSPro DB>> C:\ENQBASE\CFCRTMdata\CHENQ59.csdb
External        MICS6HH=<<CSPro DB>> C:\ENQBASE\CFCRTMdata\HHENQ59.csdb

Date            Apr 16, 2019
Start Time      08:59:46
End Time        09:01:49

CSPRO Process Summary

System messages:

 Number    Frequency   Message text
 ------    ---------   ------------
  48000            1   Invalid expression (%s) in CAPI text             
  99990            1   Operator entered a value out of range            

User unnumbered messages:

   Line    Freq  Pct.  Message text                                        Denom
   ----    ----  ----  ------------                                        -----
   2522       1    -   Avez-vous une observation à renseigner?                 -


A compilation error file (.err) has been created for your application.


CSPRO Executor Normal End
--------------------------------------------------------------------------------
Application     C:\ENQBASE\CFCRTM\CFCRTMCH.pen
Type            ENTRY
Input Data      <<CSPro DB>> C:\ENQBASE\CFCRTMdata\CHENQ59.csdb
External        MICS6HH=<<CSPro DB>> C:\ENQBASE\CFCRTMdata\HHENQ59.csdb

Date            Apr 16, 2019
Start Time      17:50:03
End Time        17:53:49

CSPRO Process Summary

System messages:

 Number    Frequency   Message text
 ------    ---------   ------------
  48000            1   Invalid expression (%s) in CAPI text             

User unnumbered messages:

   Line    Freq  Pct.  Message text                                        Denom
   ----    ----  ----  ------------                                        -----
   1105       1    -   Mère choisie n'est la gardienne de l'enfant dans        -
   2522       1    -   Avez-vous une observation à renseigner?                 -


A compilation error file (.err) has been created for your application.


CSPRO Executor Normal End
--------------------------------------------------------------------------------
Application     C:\ENQBASE\CFCRTM\CFCRTMCH.pen
Type            ENTRY
Input Data      <<CSPro DB>> C:\ENQBASE\CFCRTMdata\CHENQ59.csdb
External        MICS6HH=<<CSPro DB>> C:\ENQBASE\CFCRTMdata\HHENQ59.csdb

Date            Apr 18, 2019
Start Time      12:49:07
End Time        12:50:27

CSPRO Process Summary

System messages:

 Number    Frequency   Message text
 ------    ---------   ------------
  48000            1   Invalid expression (%s) in CAPI text             

User unnumbered messages:

   Line    Freq  Pct.  Message text                                        Denom
   ----    ----  ----  ------------                                        -----
   2522       1    -   Avez-vous une observation à renseigner?                 -


A compilation error file (.err) has been created for your application.


CSPRO Executor Normal End
--------------------------------------------------------------------------------
Application     C:\ENQBASE\CFCRTM\CFCRTMCH.pen
Type            ENTRY
Input Data      <<CSPro DB>> C:\ENQBASE\CFCRTMdata\CHENQ59.csdb
External        MICS6HH=<<Empty>>

Date            Apr 18, 2019
Start Time      12:50:31
End Time        12:50:42

CSPRO Process Summary

System messages:

 Number    Frequency   Message text
 ------    ---------   ------------
  48000            1   Invalid expression (%s) in CAPI text             

User unnumbered messages:

   Line    Freq  Pct.  Message text                                        Denom
   ----    ----  ----  ------------                                        -----
   2522       2    -   Avez-vous une observation à renseigner?                 -


A compilation error file (.err) has been created for your application.


CSPRO Executor Normal End
--------------------------------------------------------------------------------
Application     C:\ENQBASE\CFCRTM\CFCRTMCH.pen
Type            ENTRY
Input Data      <<CSPro DB>> C:\ENQBASE\CFCRTMdata\CHENQ59.csdb
External        MICS6HH=<<Empty>>

Date            Apr 18, 2019
Start Time      12:50:47
End Time        12:52:06

CSPRO Process Summary

System messages:

 Number    Frequency   Message text
 ------    ---------   ------------
  48000            1   Invalid expression (%s) in CAPI text             

User unnumbered messages:

   Line    Freq  Pct.  Message text                                        Denom
   ----    ----  ----  ------------                                        -----
   1390       1    -   Préciser tous les les aliments solides, semi-soli       -
   2522       3    -   Avez-vous une observation à renseigner?                 -


A compilation error file (.err) has been created for your application.


CSPRO Executor Normal End
--------------------------------------------------------------------------------
Application     C:\ENQBASE\CFCRTM\CFCRTMCH.pen
Type            ENTRY
Input Data      <<CSPro DB>> C:\ENQBASE\CFCRTMdata\CHENQ59.csdb
External        MICS6HH=<<Empty>>

Date            Apr 18, 2019
Start Time      12:52:12
End Time        12:54:00

CSPRO Process Summary

System messages:

 Number    Frequency   Message text
 ------    ---------   ------------
  48000            1   Invalid expression (%s) in CAPI text             

User unnumbered messages:

   Line    Freq  Pct.  Message text                                        Denom
   ----    ----  ----  ------------                                        -----
   1390       1    -   Préciser tous les les aliments solides, semi-soli       -
   2522       4    -   Avez-vous une observation à renseigner?                 -


A compilation error file (.err) has been created for your application.


CSPRO Executor Normal End
--------------------------------------------------------------------------------
Application     C:\ENQBASE\CFCRTM\CFCRTMCH.pen
Type            ENTRY
Input Data      <<CSPro DB>> C:\ENQBASE\CFCRTMdata\CHENQ59.csdb
External        MICS6HH=<<Empty>>

Date            Apr 18, 2019
Start Time      12:54:06
End Time        12:54:30

CSPRO Process Summary

System messages:

 Number    Frequency   Message text
 ------    ---------   ------------
  48000            1   Invalid expression (%s) in CAPI text             

User unnumbered messages:

   Line    Freq  Pct.  Message text                                        Denom
   ----    ----  ----  ------------                                        -----
   1390       2    -   Préciser tous les les aliments solides, semi-soli       -
   2522       5    -   Avez-vous une observation à renseigner?                 -


A compilation error file (.err) has been created for your application.


CSPRO Executor Normal End
--------------------------------------------------------------------------------
Application     C:\ENQBASE\CFCRTM\CFCRTMCH.pen
Type            ENTRY
Input Data      <<CSPro DB>> C:\ENQBASE\CFCRTMdata\CHENQ59.csdb
External        MICS6HH=<<Empty>>

Date            Apr 18, 2019
Start Time      12:54:35
End Time        12:54:58

CSPRO Process Summary

System messages:

 Number    Frequency   Message text
 ------    ---------   ------------
  48000            1   Invalid expression (%s) in CAPI text             

User unnumbered messages:

   Line    Freq  Pct.  Message text                                        Denom
   ----    ----  ----  ------------                                        -----
   1390       2    -   Préciser tous les les aliments solides, semi-soli       -
   2522       6    -   Avez-vous une observation à renseigner?                 -


A compilation error file (.err) has been created for your application.


CSPRO Executor Normal End
--------------------------------------------------------------------------------
Application     C:\ENQBASE\CFCRTM\CFCRTMCH.pen
Type            ENTRY
Input Data      <<CSPro DB>> C:\ENQBASE\CFCRTMdata\CHENQ59.csdb
External        MICS6HH=<<Empty>>

Date            Apr 18, 2019
Start Time      12:55:01
End Time        12:55:12

CSPRO Process Summary

System messages:

 Number    Frequency   Message text
 ------    ---------   ------------
  48000            1   Invalid expression (%s) in CAPI text             

User unnumbered messages:

   Line    Freq  Pct.  Message text                                        Denom
   ----    ----  ----  ------------                                        -----
   1390       2    -   Préciser tous les les aliments solides, semi-soli       -
   2522       7    -   Avez-vous une observation à renseigner?                 -


A compilation error file (.err) has been created for your application.


CSPRO Executor Normal End
--------------------------------------------------------------------------------
Application     C:\ENQBASE\CFCRTM\CFCRTMCH.pen
Type            ENTRY
Input Data      <<CSPro DB>> C:\ENQBASE\CFCRTMdata\CHENQ59.csdb
External        MICS6HH=<<Empty>>

Date            Apr 18, 2019
Start Time      12:55:23
End Time        12:55:34

CSPRO Process Summary

System messages:

 Number    Frequency   Message text
 ------    ---------   ------------
  48000            1   Invalid expression (%s) in CAPI text             

User unnumbered messages:

   Line    Freq  Pct.  Message text                                        Denom
   ----    ----  ----  ------------                                        -----
   1390       2    -   Préciser tous les les aliments solides, semi-soli       -
   2522       8    -   Avez-vous une observation à renseigner?                 -


A compilation error file (.err) has been created for your application.


CSPRO Executor Normal End
--------------------------------------------------------------------------------
Application     C:\ENQBASE\CFCRTM\CFCRTMCH.pen
Type            ENTRY
Input Data      <<CSPro DB>> C:\ENQBASE\CFCRTMdata\CHENQ59.csdb
External        MICS6HH=<<Empty>>

Date            Apr 18, 2019
Start Time      12:55:40
End Time        12:55:51

CSPRO Process Summary

System messages:

 Number    Frequency   Message text
 ------    ---------   ------------
  48000            1   Invalid expression (%s) in CAPI text             

User unnumbered messages:

   Line    Freq  Pct.  Message text                                        Denom
   ----    ----  ----  ------------                                        -----
   1390       2    -   Préciser tous les les aliments solides, semi-soli       -
   2522       9    -   Avez-vous une observation à renseigner?                 -


A compilation error file (.err) has been created for your application.


CSPRO Executor Normal End
--------------------------------------------------------------------------------
Application     C:\ENQBASE\CFCRTM\CFCRTMCH.pen
Type            ENTRY
Input Data      <<CSPro DB>> C:\ENQBASE\CFCRTMdata\CHENQ59.csdb
External        MICS6HH=<<Empty>>

Date            Apr 18, 2019
Start Time      12:55:57
End Time        12:56:07

CSPRO Process Summary

System messages:

 Number    Frequency   Message text
 ------    ---------   ------------
  48000            1   Invalid expression (%s) in CAPI text             

User unnumbered messages:

   Line    Freq  Pct.  Message text                                        Denom
   ----    ----  ----  ------------                                        -----
   1390       2    -   Préciser tous les les aliments solides, semi-soli       -
   2522      10    -   Avez-vous une observation à renseigner?                 -


A compilation error file (.err) has been created for your application.


CSPRO Executor Normal End
--------------------------------------------------------------------------------
Application     C:\ENQBASE\CFCRTM\CFCRTMCH.pen
Type            ENTRY
Input Data      <<CSPro DB>> C:\ENQBASE\CFCRTMdata\CHENQ59.csdb
External        MICS6HH=<<Empty>>

Date            Apr 18, 2019
Start Time      12:56:11
End Time        12:56:22

CSPRO Process Summary

System messages:

 Number    Frequency   Message text
 ------    ---------   ------------
  48000            1   Invalid expression (%s) in CAPI text             

User unnumbered messages:

   Line    Freq  Pct.  Message text                                        Denom
   ----    ----  ----  ------------                                        -----
   1390       2    -   Préciser tous les les aliments solides, semi-soli       -
   2522      11    -   Avez-vous une observation à renseigner?                 -


A compilation error file (.err) has been created for your application.


CSPRO Executor Normal End
--------------------------------------------------------------------------------
Application     C:\ENQBASE\CFCRTM\CFCRTMCH.pen
Type            ENTRY
Input Data      <<CSPro DB>> C:\ENQBASE\CFCRTMdata\CHENQ59.csdb
External        MICS6HH=<<Empty>>

Date            Apr 18, 2019
Start Time      12:56:26
End Time        12:56:54

CSPRO Process Summary

System messages:

 Number    Frequency   Message text
 ------    ---------   ------------
  48000            1   Invalid expression (%s) in CAPI text             

User unnumbered messages:

   Line    Freq  Pct.  Message text                                        Denom
   ----    ----  ----  ------------                                        -----
   1390       3    -   Préciser tous les les aliments solides, semi-soli       -
   2522      12    -   Avez-vous une observation à renseigner?                 -


A compilation error file (.err) has been created for your application.


CSPRO Executor Normal End
--------------------------------------------------------------------------------
Application     C:\ENQBASE\CFCRTM\CFCRTMCH.pen
Type            ENTRY
Input Data      <<CSPro DB>> C:\ENQBASE\CFCRTMdata\CHENQ59.csdb
External        MICS6HH=<<Empty>>

Date            Apr 18, 2019
Start Time      12:56:59
End Time        12:57:14

CSPRO Process Summary

System messages:

 Number    Frequency   Message text
 ------    ---------   ------------
  48000            1   Invalid expression (%s) in CAPI text             

User unnumbered messages:

   Line    Freq  Pct.  Message text                                        Denom
   ----    ----  ----  ------------                                        -----
   1390       3    -   Préciser tous les les aliments solides, semi-soli       -
   2522      12    -   Avez-vous une observation à renseigner?                 -


A compilation error file (.err) has been created for your application.


CSPRO Executor Normal End
--------------------------------------------------------------------------------
Application     C:\ENQBASE\CFCRTM\CFCRTMCH.pen
Type            ENTRY
Input Data      <<CSPro DB>> C:\ENQBASE\CFCRTMdata\CHENQ59.csdb
External        MICS6HH=<<Empty>>

Date            Apr 18, 2019
Start Time      12:57:14
End Time        12:57:28

CSPRO Process Summary

System messages:

 Number    Frequency   Message text
 ------    ---------   ------------
  48000            1   Invalid expression (%s) in CAPI text             

User unnumbered messages:

   Line    Freq  Pct.  Message text                                        Denom
   ----    ----  ----  ------------                                        -----
   1390       3    -   Préciser tous les les aliments solides, semi-soli       -
   2522      12    -   Avez-vous une observation à renseigner?                 -


A compilation error file (.err) has been created for your application.


CSPRO Executor Normal End
--------------------------------------------------------------------------------
