Application     C:\ENQBASE\CFCRTM\CFCRTMCH.pen
Type            ENTRY
Input Data      <<CSPro DB>> C:\ENQBASE\CFCRTMdata\CHENQ36.csdb
External        MICS6HH=<<CSPro DB>> C:\ENQBASE\CFCRTMdata\HHENQ36.csdb

Date            Apr 12, 2019
Start Time      20:02:07
End Time        20:02:17

CSPRO Process Summary

System messages:

 Number    Frequency   Message text
 ------    ---------   ------------
  48000            1   Invalid expression (%s) in CAPI text             


A compilation error file (.err) has been created for your application.


CSPRO Executor Normal End
--------------------------------------------------------------------------------
Application     C:\ENQBASE\CFCRTM\CFCRTMCH.pen
Type            ENTRY
Input Data      <<CSPro DB>> C:\ENQBASE\CFCRTMdata\CHENQ36.csdb
External        MICS6HH=<<CSPro DB>> C:\ENQBASE\CFCRTMdata\HHENQ36.csdb

Date            Apr 13, 2019
Start Time      15:30:20
End Time        15:30:21

CSPRO Process Summary

System messages:

 Number    Frequency   Message text
 ------    ---------   ------------
  48000            1   Invalid expression (%s) in CAPI text             


A compilation error file (.err) has been created for your application.


CSPRO Executor Normal End
--------------------------------------------------------------------------------
Application     C:\ENQBASE\CFCRTM\CFCRTMCH.pen
Type            ENTRY
Input Data      <<CSPro DB>> C:\ENQBASE\CFCRTMdata\CHENQ36.csdb
External        MICS6HH=<<CSPro DB>> C:\ENQBASE\CFCRTMdata\HHENQ36.csdb

Date            Apr 13, 2019
Start Time      15:47:33
End Time        15:51:50

CSPRO Process Summary

System messages:

 Number    Frequency   Message text
 ------    ---------   ------------
  48000            1   Invalid expression (%s) in CAPI text             
  99990            1   Operator entered a value out of range            


A compilation error file (.err) has been created for your application.


CSPRO Executor Normal End
--------------------------------------------------------------------------------
Application     C:\ENQBASE\CFCRTM\CFCRTMCH.pen
Type            ENTRY
Input Data      <<CSPro DB>> C:\ENQBASE\CFCRTMdata\CHENQ36.csdb
External        MICS6HH=<<CSPro DB>> C:\ENQBASE\CFCRTMdata\HHENQ36.csdb

Date            Apr 13, 2019
Start Time      23:02:12
End Time        23:05:23

CSPRO Process Summary

System messages:

 Number    Frequency   Message text
 ------    ---------   ------------
  48000            1   Invalid expression (%s) in CAPI text             

User unnumbered messages:

   Line    Freq  Pct.  Message text                                        Denom
   ----    ----  ----  ------------                                        -----
   1117       2    -   Vous avez saisi un numéro d'agent différent de ce       -
   2522       1    -   Avez-vous une observation à renseigner?                 -


A compilation error file (.err) has been created for your application.


CSPRO Executor Normal End
--------------------------------------------------------------------------------
Application     C:\ENQBASE\CFCRTM\CFCRTMCH.pen
Type            ENTRY
Input Data      <<CSPro DB>> C:\ENQBASE\CFCRTMdata\CHENQ36.csdb
External        MICS6HH=<<CSPro DB>> C:\ENQBASE\CFCRTMdata\HHENQ36.csdb

Date            Apr 13, 2019
Start Time      23:08:17
End Time        23:08:35

CSPRO Process Summary

System messages:

 Number    Frequency   Message text
 ------    ---------   ------------
  48000            1   Invalid expression (%s) in CAPI text             

User unnumbered messages:

   Line    Freq  Pct.  Message text                                        Denom
   ----    ----  ----  ------------                                        -----
   1048       1    -   Aucun enfant de 0 à 5 ans dans le Ménage                -


A compilation error file (.err) has been created for your application.


CSPRO Executor Normal End
--------------------------------------------------------------------------------
Application     C:\ENQBASE\CFCRTM\CFCRTMCH.pen
Type            ENTRY
Input Data      <<CSPro DB>> C:\ENQBASE\CFCRTMdata\CHENQ36.csdb
External        MICS6HH=<<CSPro DB>> C:\ENQBASE\CFCRTMdata\HHENQ36.csdb

Date            Apr 13, 2019
Start Time      23:09:07
End Time        23:14:22

CSPRO Process Summary

System messages:

 Number    Frequency   Message text
 ------    ---------   ------------
  48000            1   Invalid expression (%s) in CAPI text             
  99990            1   Operator entered a value out of range            

User numbered messages:

 Number    Freq  Pct.  Message text                                        Denom
 ------    ----  ----  ------------                                        -----
   2001       1    -   W Enfant trop jeune ou trop vieux pour être inter       -

User unnumbered messages:

   Line    Freq  Pct.  Message text                                        Denom
   ----    ----  ----  ------------                                        -----
   2522       1    -   Avez-vous une observation à renseigner?                 -


A compilation error file (.err) has been created for your application.


CSPRO Executor Normal End
--------------------------------------------------------------------------------
Application     C:\ENQBASE\CFCRTM\CFCRTMCH.pen
Type            ENTRY
Input Data      <<CSPro DB>> C:\ENQBASE\CFCRTMdata\CHENQ36.csdb
External        MICS6HH=<<CSPro DB>> C:\ENQBASE\CFCRTMdata\HHENQ36.csdb

Date            Apr 14, 2019
Start Time      17:37:57
End Time        17:39:08

CSPRO Process Summary

System messages:

 Number    Frequency   Message text
 ------    ---------   ------------
  48000            1   Invalid expression (%s) in CAPI text             


A compilation error file (.err) has been created for your application.


CSPRO Executor Normal End
--------------------------------------------------------------------------------
Application     C:\ENQBASE\CFCRTM\CFCRTMCH.pen
Type            ENTRY
Input Data      <<CSPro DB>> C:\ENQBASE\CFCRTMdata\CHENQ36.csdb
External        MICS6HH=<<CSPro DB>> C:\ENQBASE\CFCRTMdata\HHENQ36.csdb

Date            Apr 15, 2019
Start Time      19:57:14
End Time        19:57:25

CSPRO Process Summary

System messages:

 Number    Frequency   Message text
 ------    ---------   ------------
  48000            1   Invalid expression (%s) in CAPI text             


A compilation error file (.err) has been created for your application.


CSPRO Executor Normal End
--------------------------------------------------------------------------------
Application     C:\ENQBASE\CFCRTM\CFCRTMCH.pen
Type            ENTRY
Input Data      <<CSPro DB>> C:\ENQBASE\CFCRTMdata\CHENQ36.csdb
External        MICS6HH=<<CSPro DB>> C:\ENQBASE\CFCRTMdata\HHENQ36.csdb

Date            Apr 15, 2019
Start Time      20:01:59
End Time        20:02:13

CSPRO Process Summary

System messages:

 Number    Frequency   Message text
 ------    ---------   ------------
  48000            1   Invalid expression (%s) in CAPI text             


A compilation error file (.err) has been created for your application.


CSPRO Executor Normal End
--------------------------------------------------------------------------------
Application     C:\ENQBASE\CFCRTM\CFCRTMCH.pen
Type            ENTRY
Input Data      <<CSPro DB>> C:\ENQBASE\CFCRTMdata\CHENQ36.csdb
External        MICS6HH=<<CSPro DB>> C:\ENQBASE\CFCRTMdata\HHENQ36.csdb

Date            Apr 15, 2019
Start Time      20:41:29
End Time        20:41:31

CSPRO Process Summary

System messages:

 Number    Frequency   Message text
 ------    ---------   ------------
  48000            1   Invalid expression (%s) in CAPI text             


A compilation error file (.err) has been created for your application.


CSPRO Executor Normal End
--------------------------------------------------------------------------------
Application     C:\ENQBASE\CFCRTM\CFCRTMCH.pen
Type            ENTRY
Input Data      <<CSPro DB>> C:\ENQBASE\CFCRTMdata\CHENQ36.csdb
External        MICS6HH=<<CSPro DB>> C:\ENQBASE\CFCRTMdata\HHENQ36.csdb

Date            Apr 13, 2019
Start Time      13:35:27
End Time        13:41:47

CSPRO Process Summary

System messages:

 Number    Frequency   Message text
 ------    ---------   ------------
  48000            1   Invalid expression (%s) in CAPI text             
  99990            1   Operator entered a value out of range            

User unnumbered messages:

   Line    Freq  Pct.  Message text                                        Denom
   ----    ----  ----  ------------                                        -----
   2522       1    -   Avez-vous une observation à renseigner?                 -


A compilation error file (.err) has been created for your application.


CSPRO Executor Normal End
--------------------------------------------------------------------------------
Application     C:\ENQBASE\CFCRTM\CFCRTMCH.pen
Type            ENTRY
Input Data      <<CSPro DB>> C:\ENQBASE\CFCRTMdata\CHENQ36.csdb
External        MICS6HH=<<CSPro DB>> C:\ENQBASE\CFCRTMdata\HHENQ36.csdb

Date            Apr 13, 2019
Start Time      14:12:12
End Time        14:18:58

CSPRO Process Summary

System messages:

 Number    Frequency   Message text
 ------    ---------   ------------
  48000            1   Invalid expression (%s) in CAPI text             

User unnumbered messages:

   Line    Freq  Pct.  Message text                                        Denom
   ----    ----  ----  ------------                                        -----
   2522       1    -   Avez-vous une observation à renseigner?                 -


A compilation error file (.err) has been created for your application.


CSPRO Executor Normal End
--------------------------------------------------------------------------------
Application     C:\ENQBASE\CFCRTM\CFCRTMCH.pen
Type            ENTRY
Input Data      <<CSPro DB>> C:\ENQBASE\CFCRTMdata\CHENQ36.csdb
External        MICS6HH=<<CSPro DB>> C:\ENQBASE\CFCRTMdata\HHENQ36.csdb

Date            Apr 13, 2019
Start Time      14:35:51
End Time        14:36:05

CSPRO Process Summary

System messages:

 Number    Frequency   Message text
 ------    ---------   ------------
  48000            1   Invalid expression (%s) in CAPI text             

User unnumbered messages:

   Line    Freq  Pct.  Message text                                        Denom
   ----    ----  ----  ------------                                        -----
   1048       1    -   Aucun enfant de 0 à 5 ans dans le Ménage                -


A compilation error file (.err) has been created for your application.


CSPRO Executor Normal End
--------------------------------------------------------------------------------
Application     C:\ENQBASE\CFCRTM\CFCRTMCH.pen
Type            ENTRY
Input Data      <<CSPro DB>> C:\ENQBASE\CFCRTMdata\CHENQ36.csdb
External        MICS6HH=<<CSPro DB>> C:\ENQBASE\CFCRTMdata\HHENQ36.csdb

Date            Apr 17, 2019
Start Time      16:37:08
End Time        16:37:10

CSPRO Process Summary

System messages:

 Number    Frequency   Message text
 ------    ---------   ------------
  48000            1   Invalid expression (%s) in CAPI text             


A compilation error file (.err) has been created for your application.


CSPRO Executor Normal End
--------------------------------------------------------------------------------
Application     C:\ENQBASE\CFCRTM\CFCRTMCH.pen
Type            ENTRY
Input Data      <<CSPro DB>> C:\ENQBASE\CFCRTMdata\CHENQ36.csdb
External        MICS6HH=<<CSPro DB>> C:\ENQBASE\CFCRTMdata\HHENQ36.csdb

Date            Apr 17, 2019
Start Time      16:43:36
End Time        16:43:37

CSPRO Process Summary

System messages:

 Number    Frequency   Message text
 ------    ---------   ------------
  48000            1   Invalid expression (%s) in CAPI text             


A compilation error file (.err) has been created for your application.


CSPRO Executor Normal End
--------------------------------------------------------------------------------
