Application     C:\ENQBASE\CFCRTM\CFCRTMCH.pen
Type            ENTRY
Input Data      <<CSPro DB>> C:\ENQBASE\CFCRTMdata\CHENQ.csdb
External        MICS6HH=<<CSPro DB>> C:\ENQBASE\CFCRTMdata\HHENQ.csdb

Date            Apr  9, 2019
Start Time      08:41:53
End Time        08:44:24

CSPRO Process Summary

System messages:

 Number    Frequency   Message text
 ------    ---------   ------------
  48000            1   Invalid expression (%s) in CAPI text             


A compilation error file (.err) has been created for your application.


CSPRO Executor Normal End
--------------------------------------------------------------------------------
Application     C:\ENQBASE\CFCRTM\CFCRTMCH.pen
Type            ENTRY
Input Data      <<CSPro DB>> C:\ENQBASE\CFCRTMdata\CHENQ.csdb
External        MICS6HH=<<CSPro DB>> C:\ENQBASE\CFCRTMdata\HHENQ.csdb

Date            Apr  9, 2019
Start Time      10:19:10
End Time        10:42:44

CSPRO Process Summary

System messages:

 Number    Frequency   Message text
 ------    ---------   ------------
  48000            1   Invalid expression (%s) in CAPI text             
  99990            1   Operator entered a value out of range            


A compilation error file (.err) has been created for your application.


CSPRO Executor Normal End
--------------------------------------------------------------------------------
Application     C:\ENQBASE\CFCRTM\CFCRTMCH.pen
Type            ENTRY
Input Data      <<CSPro DB>> C:\ENQBASE\CFCRTMdata\CHENQ.csdb
External        MICS6HH=<<CSPro DB>> C:\ENQBASE\CFCRTMdata\HHENQ.csdb

Date            Apr  9, 2019
Start Time      10:43:22
End Time        10:51:54

CSPRO Process Summary

System messages:

 Number    Frequency   Message text
 ------    ---------   ------------
  48000            1   Invalid expression (%s) in CAPI text             
  99990            2   Operator entered a value out of range            


A compilation error file (.err) has been created for your application.


CSPRO Executor Normal End
--------------------------------------------------------------------------------
Application     C:\ENQBASE\CFCRTM\CFCRTMCH.pen
Type            ENTRY
Input Data      <<CSPro DB>> C:\ENQBASE\CFCRTMdata\CHENQ.csdb
External        MICS6HH=<<CSPro DB>> C:\ENQBASE\CFCRTMdata\HHENQ.csdb

Date            Apr  9, 2019
Start Time      11:41:06
End Time        11:51:30

CSPRO Process Summary

System messages:

 Number    Frequency   Message text
 ------    ---------   ------------
  48000            1   Invalid expression (%s) in CAPI text             
  99990            3   Operator entered a value out of range            

User unnumbered messages:

   Line    Freq  Pct.  Message text                                        Denom
   ----    ----  ----  ------------                                        -----
   2522       1    -   Avez-vous une observation à renseigner?                 -


A compilation error file (.err) has been created for your application.


CSPRO Executor Normal End
--------------------------------------------------------------------------------
Application     C:\ENQBASE\CFCRTM\CFCRTMCH.pen
Type            ENTRY
Input Data      <<CSPro DB>> C:\ENQBASE\CFCRTMdata\CHENQ.csdb
External        MICS6HH=<<Empty>>

Date            Apr  9, 2019
Start Time      11:52:13
End Time        11:55:12

CSPRO Process Summary

System messages:

 Number    Frequency   Message text
 ------    ---------   ------------
  48000            1   Invalid expression (%s) in CAPI text             
  99990            4   Operator entered a value out of range            

User unnumbered messages:

   Line    Freq  Pct.  Message text                                        Denom
   ----    ----  ----  ------------                                        -----
   2522       2    -   Avez-vous une observation à renseigner?                 -


A compilation error file (.err) has been created for your application.


CSPRO Executor Normal End
--------------------------------------------------------------------------------
Application     C:\ENQBASE\CFCRTM\CFCRTMCH.pen
Type            ENTRY
Input Data      <<CSPro DB>> C:\ENQBASE\CFCRTMdata\CHENQ.csdb
External        MICS6HH=<<Empty>>

Date            Apr  9, 2019
Start Time      11:55:20
End Time        11:57:57

CSPRO Process Summary

System messages:

 Number    Frequency   Message text
 ------    ---------   ------------
  48000            1   Invalid expression (%s) in CAPI text             
  99990            5   Operator entered a value out of range            

User unnumbered messages:

   Line    Freq  Pct.  Message text                                        Denom
   ----    ----  ----  ------------                                        -----
   2522       3    -   Avez-vous une observation à renseigner?                 -


A compilation error file (.err) has been created for your application.


CSPRO Executor Normal End
--------------------------------------------------------------------------------
Application     C:\ENQBASE\CFCRTM\CFCRTMCH.pen
Type            ENTRY
Input Data      <<CSPro DB>> C:\ENQBASE\CFCRTMdata\CHENQ.csdb
External        MICS6HH=<<CSPro DB>> C:\ENQBASE\CFCRTMdata\HHENQ.csdb

Date            Apr  9, 2019
Start Time      13:19:56
End Time        13:43:24

CSPRO Process Summary

System messages:

 Number    Frequency   Message text
 ------    ---------   ------------
  48000            1   Invalid expression (%s) in CAPI text             
  99990            2   Operator entered a value out of range            

User unnumbered messages:

   Line    Freq  Pct.  Message text                                        Denom
   ----    ----  ----  ------------                                        -----
   1390       2    -   Préciser tous les les aliments solides, semi-soli       -
   2522       1    -   Avez-vous une observation à renseigner?                 -


A compilation error file (.err) has been created for your application.


CSPRO Executor Normal End
--------------------------------------------------------------------------------
Application     C:\ENQBASE\CFCRTM\CFCRTMCH.pen
Type            ENTRY
Input Data      <<CSPro DB>> C:\ENQBASE\CFCRTMdata\CHENQ.csdb
External        MICS6HH=<<CSPro DB>> C:\ENQBASE\CFCRTMdata\HHENQ.csdb

Date            Apr 11, 2019
Start Time      10:52:51
End Time        10:57:34

CSPRO Process Summary

System messages:

 Number    Frequency   Message text
 ------    ---------   ------------
  48000            1   Invalid expression (%s) in CAPI text             


A compilation error file (.err) has been created for your application.


CSPRO Executor Normal End
--------------------------------------------------------------------------------
Application     C:\ENQBASE\CFCRTM\CFCRTMCH.pen
Type            ENTRY
Input Data      <<CSPro DB>> C:\ENQBASE\CFCRTMdata\CHENQ.csdb
External        MICS6HH=<<CSPro DB>> C:\ENQBASE\CFCRTMdata\HHENQ.csdb

Date            Apr 11, 2019
Start Time      11:31:35
End Time        11:43:01

CSPRO Process Summary

System messages:

 Number    Frequency   Message text
 ------    ---------   ------------
  48000            1   Invalid expression (%s) in CAPI text             


A compilation error file (.err) has been created for your application.


CSPRO Executor Normal End
--------------------------------------------------------------------------------
Application     C:\ENQBASE\CFCRTM\CFCRTMCH.pen
Type            ENTRY
Input Data      <<CSPro DB>> C:\ENQBASE\CFCRTMdata\CHENQ.csdb
External        MICS6HH=<<CSPro DB>> C:\ENQBASE\CFCRTMdata\HHENQ.csdb

Date            Apr 11, 2019
Start Time      13:21:19
End Time        13:21:23

CSPRO Process Summary

System messages:

 Number    Frequency   Message text
 ------    ---------   ------------
  48000            1   Invalid expression (%s) in CAPI text             


A compilation error file (.err) has been created for your application.


CSPRO Executor Normal End
--------------------------------------------------------------------------------
Application     C:\ENQBASE\CFCRTM\CFCRTMCH.pen
Type            ENTRY
Input Data      <<CSPro DB>> C:\ENQBASE\CFCRTMdata\CHENQ.csdb
External        MICS6HH=<<CSPro DB>> C:\ENQBASE\CFCRTMdata\HHENQ.csdb

Date            Apr 11, 2019
Start Time      13:21:32
End Time        13:54:01

CSPRO Process Summary

System messages:

 Number    Frequency   Message text
 ------    ---------   ------------
  48000            1   Invalid expression (%s) in CAPI text             
  99990            5   Operator entered a value out of range            

User numbered messages:

 Number    Freq  Pct.  Message text                                        Denom
 ------    ----  ----  ------------                                        -----
   2001       2    -   W Enfant trop jeune ou trop vieux pour être inter       -
   2703       2    -   W Date de %s de vaccination (%02d /%02d /%04d) av       -
   9998       3    -   D Code donné pour la variable alpha non acceptabl       -


A compilation error file (.err) has been created for your application.


CSPRO Executor Normal End
--------------------------------------------------------------------------------
Application     C:\ENQBASE\CFCRTM\CFCRTMCH.pen
Type            ENTRY
Input Data      <<CSPro DB>> C:\ENQBASE\CFCRTMdata\CHENQ.csdb
External        MICS6HH=<<CSPro DB>> C:\ENQBASE\CFCRTMdata\HHENQ.csdb

Date            Apr 11, 2019
Start Time      15:29:09
End Time        15:33:30

CSPRO Process Summary

System messages:

 Number    Frequency   Message text
 ------    ---------   ------------
  48000            1   Invalid expression (%s) in CAPI text             


A compilation error file (.err) has been created for your application.


CSPRO Executor Normal End
--------------------------------------------------------------------------------
Application     C:\ENQBASE\CFCRTM\CFCRTMCH.pen
Type            ENTRY
Input Data      <<CSPro DB>> C:\ENQBASE\CFCRTMdata\CHENQ.csdb
External        MICS6HH=<<CSPro DB>> C:\ENQBASE\CFCRTMdata\HHENQ.csdb

Date            Apr 11, 2019
Start Time      15:33:43
End Time        15:48:02

CSPRO Process Summary

System messages:

 Number    Frequency   Message text
 ------    ---------   ------------
  48000            1   Invalid expression (%s) in CAPI text             
  99990            2   Operator entered a value out of range            


A compilation error file (.err) has been created for your application.


CSPRO Executor Normal End
--------------------------------------------------------------------------------
Application     C:\ENQBASE\CFCRTM\CFCRTMCH.pen
Type            ENTRY
Input Data      <<CSPro DB>> C:\ENQBASE\CFCRTMdata\CHENQ.csdb
External        MICS6HH=<<CSPro DB>> C:\ENQBASE\CFCRTMdata\HHENQ.csdb

Date            Apr 12, 2019
Start Time      07:07:20
End Time        07:11:32

CSPRO Process Summary

System messages:

 Number    Frequency   Message text
 ------    ---------   ------------
  48000            1   Invalid expression (%s) in CAPI text             

User unnumbered messages:

   Line    Freq  Pct.  Message text                                        Denom
   ----    ----  ----  ------------                                        -----
   1105       1    -   Mère choisie n'est la gardienne de l'enfant dans        -


A compilation error file (.err) has been created for your application.


CSPRO Executor Normal End
--------------------------------------------------------------------------------
Application     C:\ENQBASE\CFCRTM\CFCRTMCH.pen
Type            ENTRY
Input Data      <<CSPro DB>> C:\ENQBASE\CFCRTMdata\CHENQ.csdb
External        MICS6HH=<<CSPro DB>> C:\ENQBASE\CFCRTMdata\HHENQ.csdb

Date            Apr 12, 2019
Start Time      07:11:44
End Time        07:17:42

CSPRO Process Summary

System messages:

 Number    Frequency   Message text
 ------    ---------   ------------
  48000            1   Invalid expression (%s) in CAPI text             

User unnumbered messages:

   Line    Freq  Pct.  Message text                                        Denom
   ----    ----  ----  ------------                                        -----
   1105       1    -   Mère choisie n'est la gardienne de l'enfant dans        -


A compilation error file (.err) has been created for your application.


CSPRO Executor Normal End
--------------------------------------------------------------------------------
Application     C:\ENQBASE\CFCRTM\CFCRTMCH.pen
Type            ENTRY
Input Data      <<CSPro DB>> C:\ENQBASE\CFCRTMdata\CHENQ.csdb
External        MICS6HH=<<CSPro DB>> C:\ENQBASE\CFCRTMdata\HHENQ.csdb

Date            Apr 12, 2019
Start Time      09:05:13
End Time        09:12:43

CSPRO Process Summary

System messages:

 Number    Frequency   Message text
 ------    ---------   ------------
  48000            1   Invalid expression (%s) in CAPI text             
  99990            1   Operator entered a value out of range            

User unnumbered messages:

   Line    Freq  Pct.  Message text                                        Denom
   ----    ----  ----  ------------                                        -----
   2522       1    -   Avez-vous une observation à renseigner?                 -


A compilation error file (.err) has been created for your application.


CSPRO Executor Normal End
--------------------------------------------------------------------------------
Application     C:\ENQBASE\CFCRTM\CFCRTMCH.pen
Type            ENTRY
Input Data      <<CSPro DB>> C:\ENQBASE\CFCRTMdata\CHENQ.csdb
External        MICS6HH=<<Empty>>

Date            Apr 12, 2019
Start Time      09:12:57
End Time        09:16:15

CSPRO Process Summary

System messages:

 Number    Frequency   Message text
 ------    ---------   ------------
  48000            1   Invalid expression (%s) in CAPI text             
  99990            1   Operator entered a value out of range            

User unnumbered messages:

   Line    Freq  Pct.  Message text                                        Denom
   ----    ----  ----  ------------                                        -----
   1105       1    -   Mère choisie n'est la gardienne de l'enfant dans        -
   2522       2    -   Avez-vous une observation à renseigner?                 -


A compilation error file (.err) has been created for your application.


CSPRO Executor Normal End
--------------------------------------------------------------------------------
Application     C:\ENQBASE\CFCRTM\CFCRTMCH.pen
Type            ENTRY
Input Data      <<CSPro DB>> C:\ENQBASE\CFCRTMdata\CHENQ.csdb
External        MICS6HH=<<Empty>>

Date            Apr 12, 2019
Start Time      09:16:20
End Time        09:18:23

CSPRO Process Summary

System messages:

 Number    Frequency   Message text
 ------    ---------   ------------
  48000            1   Invalid expression (%s) in CAPI text             
  99990            1   Operator entered a value out of range            

User unnumbered messages:

   Line    Freq  Pct.  Message text                                        Denom
   ----    ----  ----  ------------                                        -----
   1105       2    -   Mère choisie n'est la gardienne de l'enfant dans        -
   2522       3    -   Avez-vous une observation à renseigner?                 -


A compilation error file (.err) has been created for your application.


CSPRO Executor Normal End
--------------------------------------------------------------------------------
Application     C:\ENQBASE\CFCRTM\CFCRTMCH.pen
Type            ENTRY
Input Data      <<CSPro DB>> C:\ENQBASE\CFCRTMdata\CHENQ.csdb
External        MICS6HH=<<Empty>>

Date            Apr 12, 2019
Start Time      09:18:32
End Time        09:20:40

CSPRO Process Summary

System messages:

 Number    Frequency   Message text
 ------    ---------   ------------
  48000            1   Invalid expression (%s) in CAPI text             
  99990            2   Operator entered a value out of range            

User unnumbered messages:

   Line    Freq  Pct.  Message text                                        Denom
   ----    ----  ----  ------------                                        -----
   1105       2    -   Mère choisie n'est la gardienne de l'enfant dans        -
   2522       4    -   Avez-vous une observation à renseigner?                 -


A compilation error file (.err) has been created for your application.


CSPRO Executor Normal End
--------------------------------------------------------------------------------
Application     C:\ENQBASE\CFCRTM\CFCRTMCH.pen
Type            ENTRY
Input Data      <<CSPro DB>> C:\ENQBASE\CFCRTMdata\CHENQ.csdb
External        MICS6HH=<<Empty>>

Date            Apr 12, 2019
Start Time      09:20:46
End Time        09:21:54

CSPRO Process Summary

System messages:

 Number    Frequency   Message text
 ------    ---------   ------------
  48000            1   Invalid expression (%s) in CAPI text             
  99990            2   Operator entered a value out of range            

User unnumbered messages:

   Line    Freq  Pct.  Message text                                        Denom
   ----    ----  ----  ------------                                        -----
   1105       2    -   Mère choisie n'est la gardienne de l'enfant dans        -
   2522       5    -   Avez-vous une observation à renseigner?                 -


A compilation error file (.err) has been created for your application.


CSPRO Executor Normal End
--------------------------------------------------------------------------------
Application     C:\ENQBASE\CFCRTM\CFCRTMCH.pen
Type            ENTRY
Input Data      <<CSPro DB>> C:\ENQBASE\CFCRTMdata\CHENQ.csdb
External        MICS6HH=<<Empty>>

Date            Apr 12, 2019
Start Time      09:22:18
End Time        09:25:21

CSPRO Process Summary

System messages:

 Number    Frequency   Message text
 ------    ---------   ------------
  48000            1   Invalid expression (%s) in CAPI text             
  99990            2   Operator entered a value out of range            

User numbered messages:

 Number    Freq  Pct.  Message text                                        Denom
 ------    ----  ----  ------------                                        -----
   2001       1    -   W Enfant trop jeune ou trop vieux pour être inter       -

User unnumbered messages:

   Line    Freq  Pct.  Message text                                        Denom
   ----    ----  ----  ------------                                        -----
   1105       2    -   Mère choisie n'est la gardienne de l'enfant dans        -
   2522       6    -   Avez-vous une observation à renseigner?                 -


A compilation error file (.err) has been created for your application.


CSPRO Executor Normal End
--------------------------------------------------------------------------------
Application     C:\ENQBASE\CFCRTM\CFCRTMCH.pen
Type            ENTRY
Input Data      <<CSPro DB>> C:\ENQBASE\CFCRTMdata\CHENQ.csdb
External        MICS6HH=<<Empty>>

Date            Apr 12, 2019
Start Time      09:25:25
End Time        09:27:38

CSPRO Process Summary

System messages:

 Number    Frequency   Message text
 ------    ---------   ------------
  48000            1   Invalid expression (%s) in CAPI text             
  99990            3   Operator entered a value out of range            

User numbered messages:

 Number    Freq  Pct.  Message text                                        Denom
 ------    ----  ----  ------------                                        -----
   2001       1    -   W Enfant trop jeune ou trop vieux pour être inter       -

User unnumbered messages:

   Line    Freq  Pct.  Message text                                        Denom
   ----    ----  ----  ------------                                        -----
   1105       2    -   Mère choisie n'est la gardienne de l'enfant dans        -
   2522       7    -   Avez-vous une observation à renseigner?                 -


A compilation error file (.err) has been created for your application.


CSPRO Executor Normal End
--------------------------------------------------------------------------------
Application     C:\ENQBASE\CFCRTM\CFCRTMCH.pen
Type            ENTRY
Input Data      <<CSPro DB>> C:\ENQBASE\CFCRTMdata\CHENQ.csdb
External        MICS6HH=<<Empty>>

Date            Apr 12, 2019
Start Time      09:27:43
End Time        09:29:11

CSPRO Process Summary

System messages:

 Number    Frequency   Message text
 ------    ---------   ------------
  48000            1   Invalid expression (%s) in CAPI text             
  99990            3   Operator entered a value out of range            

User numbered messages:

 Number    Freq  Pct.  Message text                                        Denom
 ------    ----  ----  ------------                                        -----
   2001       1    -   W Enfant trop jeune ou trop vieux pour être inter       -

User unnumbered messages:

   Line    Freq  Pct.  Message text                                        Denom
   ----    ----  ----  ------------                                        -----
   1105       2    -   Mère choisie n'est la gardienne de l'enfant dans        -
   2522       8    -   Avez-vous une observation à renseigner?                 -


A compilation error file (.err) has been created for your application.


CSPRO Executor Normal End
--------------------------------------------------------------------------------
Application     C:\ENQBASE\CFCRTM\CFCRTMCH.pen
Type            ENTRY
Input Data      <<CSPro DB>> C:\ENQBASE\CFCRTMdata\CHENQ.csdb
External        MICS6HH=<<CSPro DB>> C:\ENQBASE\CFCRTMdata\HHENQ.csdb

Date            Apr 12, 2019
Start Time      11:28:35
End Time        11:35:37

CSPRO Process Summary

System messages:

 Number    Frequency   Message text
 ------    ---------   ------------
  48000            1   Invalid expression (%s) in CAPI text             


A compilation error file (.err) has been created for your application.


CSPRO Executor Normal End
--------------------------------------------------------------------------------
Application     C:\ENQBASE\CFCRTM\CFCRTMCH.pen
Type            ENTRY
Input Data      <<CSPro DB>> C:\ENQBASE\CFCRTMdata\CHENQ.csdb
External        MICS6HH=<<CSPro DB>> C:\ENQBASE\CFCRTMdata\HHENQ.csdb

Date            Apr 12, 2019
Start Time      11:35:50
End Time        11:50:29

CSPRO Process Summary

System messages:

 Number    Frequency   Message text
 ------    ---------   ------------
  48000            1   Invalid expression (%s) in CAPI text             

User unnumbered messages:

   Line    Freq  Pct.  Message text                                        Denom
   ----    ----  ----  ------------                                        -----
   1390       1    -   Préciser tous les les aliments solides, semi-soli       -


A compilation error file (.err) has been created for your application.


CSPRO Executor Normal End
--------------------------------------------------------------------------------
Application     C:\ENQBASE\CFCRTM\CFCRTMCH.pen
Type            ENTRY
Input Data      <<CSPro DB>> C:\ENQBASE\CFCRTMdata\CHENQ.csdb
External        MICS6HH=<<CSPro DB>> C:\ENQBASE\CFCRTMdata\HHENQ.csdb

Date            Apr 12, 2019
Start Time      11:50:40
End Time        11:54:24

CSPRO Process Summary

System messages:

 Number    Frequency   Message text
 ------    ---------   ------------
  48000            1   Invalid expression (%s) in CAPI text             


A compilation error file (.err) has been created for your application.


CSPRO Executor Normal End
--------------------------------------------------------------------------------
Application     C:\ENQBASE\CFCRTM\CFCRTMCH.pen
Type            ENTRY
Input Data      <<CSPro DB>> C:\ENQBASE\CFCRTMdata\CHENQ.csdb
External        MICS6HH=<<CSPro DB>> C:\ENQBASE\CFCRTMdata\HHENQ.csdb

Date            Apr 12, 2019
Start Time      12:27:43
End Time        12:44:21

CSPRO Process Summary

System messages:

 Number    Frequency   Message text
 ------    ---------   ------------
  48000            1   Invalid expression (%s) in CAPI text             
  99990            1   Operator entered a value out of range            

User numbered messages:

 Number    Freq  Pct.  Message text                                        Denom
 ------    ----  ----  ------------                                        -----
   2703       1    -   W Date de %s de vaccination (%02d /%02d /%04d) av       -


A compilation error file (.err) has been created for your application.


CSPRO Executor Normal End
--------------------------------------------------------------------------------
Application     C:\ENQBASE\CFCRTM\CFCRTMCH.pen
Type            ENTRY
Input Data      <<CSPro DB>> C:\ENQBASE\CFCRTMdata\CHENQ.csdb
External        MICS6HH=<<CSPro DB>> C:\ENQBASE\CFCRTMdata\HHENQ.csdb

Date            Apr 12, 2019
Start Time      12:49:15
End Time        12:49:29

CSPRO Process Summary

System messages:

 Number    Frequency   Message text
 ------    ---------   ------------
  48000            1   Invalid expression (%s) in CAPI text             


A compilation error file (.err) has been created for your application.


CSPRO Executor Normal End
--------------------------------------------------------------------------------
Application     C:\ENQBASE\CFCRTM\CFCRTMCH.pen
Type            ENTRY
Input Data      <<CSPro DB>> C:\ENQBASE\CFCRTMdata\CHENQ.csdb
External        MICS6HH=<<CSPro DB>> C:\ENQBASE\CFCRTMdata\HHENQ.csdb

Date            Apr 12, 2019
Start Time      14:37:38
End Time        14:44:02

CSPRO Process Summary

System messages:

 Number    Frequency   Message text
 ------    ---------   ------------
  48000            1   Invalid expression (%s) in CAPI text             


A compilation error file (.err) has been created for your application.


CSPRO Executor Normal End
--------------------------------------------------------------------------------
Application     C:\ENQBASE\CFCRTM\CFCRTMCH.pen
Type            ENTRY
Input Data      <<CSPro DB>> C:\ENQBASE\CFCRTMdata\CHENQ.csdb
External        MICS6HH=<<CSPro DB>> C:\ENQBASE\CFCRTMdata\HHENQ.csdb

Date            Apr 12, 2019
Start Time      14:44:13
End Time        14:49:09

CSPRO Process Summary

System messages:

 Number    Frequency   Message text
 ------    ---------   ------------
  48000            1   Invalid expression (%s) in CAPI text             


A compilation error file (.err) has been created for your application.


CSPRO Executor Normal End
--------------------------------------------------------------------------------
Application     C:\ENQBASE\CFCRTM\CFCRTMCH.pen
Type            ENTRY
Input Data      <<CSPro DB>> C:\ENQBASE\CFCRTMdata\CHENQ.csdb
External        MICS6HH=<<CSPro DB>> C:\ENQBASE\CFCRTMdata\HHENQ.csdb

Date            Apr 12, 2019
Start Time      14:51:37
End Time        15:04:21

CSPRO Process Summary

System messages:

 Number    Frequency   Message text
 ------    ---------   ------------
  48000            1   Invalid expression (%s) in CAPI text             
  99990            2   Operator entered a value out of range            

User unnumbered messages:

   Line    Freq  Pct.  Message text                                        Denom
   ----    ----  ----  ------------                                        -----
   2522       1    -   Avez-vous une observation à renseigner?                 -


A compilation error file (.err) has been created for your application.


CSPRO Executor Normal End
--------------------------------------------------------------------------------
Application     C:\ENQBASE\CFCRTM\CFCRTMCH.pen
Type            ENTRY
Input Data      <<CSPro DB>> C:\ENQBASE\CFCRTMdata\CHENQ.csdb
External        MICS6HH=<<Empty>>

Date            Apr 12, 2019
Start Time      15:04:30
End Time        15:06:08

CSPRO Process Summary

System messages:

 Number    Frequency   Message text
 ------    ---------   ------------
  48000            1   Invalid expression (%s) in CAPI text             
  99990            2   Operator entered a value out of range            

User unnumbered messages:

   Line    Freq  Pct.  Message text                                        Denom
   ----    ----  ----  ------------                                        -----
   2522       2    -   Avez-vous une observation à renseigner?                 -


A compilation error file (.err) has been created for your application.


CSPRO Executor Normal End
--------------------------------------------------------------------------------
Application     C:\ENQBASE\CFCRTM\CFCRTMCH.pen
Type            ENTRY
Input Data      <<CSPro DB>> C:\ENQBASE\CFCRTMdata\CHENQ.csdb
External        MICS6HH=<<Empty>>

Date            Apr 12, 2019
Start Time      15:06:13
End Time        15:07:49

CSPRO Process Summary

System messages:

 Number    Frequency   Message text
 ------    ---------   ------------
  48000            1   Invalid expression (%s) in CAPI text             
  99990            2   Operator entered a value out of range            

User unnumbered messages:

   Line    Freq  Pct.  Message text                                        Denom
   ----    ----  ----  ------------                                        -----
   2522       3    -   Avez-vous une observation à renseigner?                 -


A compilation error file (.err) has been created for your application.


CSPRO Executor Normal End
--------------------------------------------------------------------------------
Application     C:\ENQBASE\CFCRTM\CFCRTMCH.pen
Type            ENTRY
Input Data      <<CSPro DB>> C:\ENQBASE\CFCRTMdata\CHENQ.csdb
External        MICS6HH=<<Empty>>

Date            Apr 12, 2019
Start Time      15:08:10
End Time        15:09:26

CSPRO Process Summary

System messages:

 Number    Frequency   Message text
 ------    ---------   ------------
  48000            1   Invalid expression (%s) in CAPI text             
  99990            2   Operator entered a value out of range            

User unnumbered messages:

   Line    Freq  Pct.  Message text                                        Denom
   ----    ----  ----  ------------                                        -----
   2522       4    -   Avez-vous une observation à renseigner?                 -


A compilation error file (.err) has been created for your application.


CSPRO Executor Normal End
--------------------------------------------------------------------------------
Application     C:\ENQBASE\CFCRTM\CFCRTMCH.pen
Type            ENTRY
Input Data      <<CSPro DB>> C:\ENQBASE\CFCRTMdata\CHENQ.csdb
External        MICS6HH=<<CSPro DB>> C:\ENQBASE\CFCRTMdata\HHENQ.csdb

Date            Apr 12, 2019
Start Time      15:12:08
End Time        15:13:34

CSPRO Process Summary

System messages:

 Number    Frequency   Message text
 ------    ---------   ------------
  48000            1   Invalid expression (%s) in CAPI text             
  99990            1   Operator entered a value out of range            

User unnumbered messages:

   Line    Freq  Pct.  Message text                                        Denom
   ----    ----  ----  ------------                                        -----
   2522       1    -   Avez-vous une observation à renseigner?                 -


A compilation error file (.err) has been created for your application.


CSPRO Executor Normal End
--------------------------------------------------------------------------------
Application     C:\ENQBASE\CFCRTM\CFCRTMCH.pen
Type            ENTRY
Input Data      <<CSPro DB>> C:\ENQBASE\CFCRTMdata\CHENQ.csdb
External        MICS6HH=<<Empty>>

Date            Apr 12, 2019
Start Time      15:13:37
End Time        15:14:48

CSPRO Process Summary

System messages:

 Number    Frequency   Message text
 ------    ---------   ------------
  48000            1   Invalid expression (%s) in CAPI text             
  99990            1   Operator entered a value out of range            

User unnumbered messages:

   Line    Freq  Pct.  Message text                                        Denom
   ----    ----  ----  ------------                                        -----
   2522       2    -   Avez-vous une observation à renseigner?                 -


A compilation error file (.err) has been created for your application.


CSPRO Executor Normal End
--------------------------------------------------------------------------------
Application     C:\ENQBASE\CFCRTM\CFCRTMCH.pen
Type            ENTRY
Input Data      <<CSPro DB>> C:\ENQBASE\CFCRTMdata\CHENQ.csdb
External        MICS6HH=<<Empty>>

Date            Apr 12, 2019
Start Time      15:14:54
End Time        15:16:25

CSPRO Process Summary

System messages:

 Number    Frequency   Message text
 ------    ---------   ------------
  48000            1   Invalid expression (%s) in CAPI text             
  99990            1   Operator entered a value out of range            

User unnumbered messages:

   Line    Freq  Pct.  Message text                                        Denom
   ----    ----  ----  ------------                                        -----
   2522       3    -   Avez-vous une observation à renseigner?                 -


A compilation error file (.err) has been created for your application.


CSPRO Executor Normal End
--------------------------------------------------------------------------------
Application     C:\ENQBASE\CFCRTM\CFCRTMCH.pen
Type            ENTRY
Input Data      <<CSPro DB>> C:\ENQBASE\CFCRTMdata\CHENQ.csdb
External        MICS6HH=<<CSPro DB>> C:\ENQBASE\CFCRTMdata\HHENQ.csdb

Date            Apr 13, 2019
Start Time      15:24:14
End Time        15:38:43

CSPRO Process Summary

System messages:

 Number    Frequency   Message text
 ------    ---------   ------------
  48000            1   Invalid expression (%s) in CAPI text             
  99990            4   Operator entered a value out of range            

User unnumbered messages:

   Line    Freq  Pct.  Message text                                        Denom
   ----    ----  ----  ------------                                        -----
   2522       1    -   Avez-vous une observation à renseigner?                 -


A compilation error file (.err) has been created for your application.


CSPRO Executor Normal End
--------------------------------------------------------------------------------
Application     C:\ENQBASE\CFCRTM\CFCRTMCH.pen
Type            ENTRY
Input Data      <<CSPro DB>> C:\ENQBASE\CFCRTMdata\CHENQ.csdb
External        MICS6HH=<<CSPro DB>> C:\ENQBASE\CFCRTMdata\HHENQ.csdb

Date            Apr 13, 2019
Start Time      17:52:19
End Time        18:14:27

CSPRO Process Summary

System messages:

 Number    Frequency   Message text
 ------    ---------   ------------
  48000            1   Invalid expression (%s) in CAPI text             
  99990            2   Operator entered a value out of range            


A compilation error file (.err) has been created for your application.


CSPRO Executor Normal End
--------------------------------------------------------------------------------
Application     C:\ENQBASE\CFCRTM\CFCRTMCH.pen
Type            ENTRY
Input Data      <<CSPro DB>> C:\ENQBASE\CFCRTMdata\CHENQ.csdb
External        MICS6HH=<<CSPro DB>> C:\ENQBASE\CFCRTMdata\HHENQ.csdb

Date            Apr 13, 2019
Start Time      18:41:21
End Time        18:43:06

CSPRO Process Summary

System messages:

 Number    Frequency   Message text
 ------    ---------   ------------
  48000            1   Invalid expression (%s) in CAPI text             
  99990            1   Operator entered a value out of range            

User unnumbered messages:

   Line    Freq  Pct.  Message text                                        Denom
   ----    ----  ----  ------------                                        -----
   2522       1    -   Avez-vous une observation à renseigner?                 -


A compilation error file (.err) has been created for your application.


CSPRO Executor Normal End
--------------------------------------------------------------------------------
