Application     C:\RDCRGE\Applications\AIT\Controle\Controle.bch
Type            BATCH
Input Data      <<CSPro DB>> C:\Users\nn\Pictures\MALUKU.csdb                                                                                                                                                                                                                                                               
<Output>        <<CSPro DB>> C:\RDCRGE\Applications\AIT\Controle\GSGD.CSDB                                                                                                                                                                                                                                                  
<File>          HTMLTEMP=

Date            Jun 27, 2019
Start Time      09:37:20
End Time        09:37:21

CSPRO Process Summary
          +-----------------------------------------------------+
          |    2763 Records Read ( 100% of input file)          |
          |       0 Ignored (       0 unknown,        0 erased) |
          |       0 Messages (       0 U,       0 W,       0 E) |
          +---------+--------------+--------------+-------------+
          |  Level  |  Input Case  |  Bad Struct  |  Level Post |
          +---------+--------------+--------------+-------------+
          |     1   |        567   |          0   |        567  |
          +---------+--------------+--------------+-------------+                                                     
                                                                                
                                                                                
                                                                                

Process Messages

CSPRO Executor Normal End
--------------------------------------------------------------------------------
