Application     C:\ROUGEOLEDRC20\Entry\QUESTIONNAIRE MENAGE.ent
Type            ENTRY
Input Data      <<CSPro DB>> C:\ROUGEOLEDRC20\Data\CCRr.csdb

Date            Aug  1, 2020
Start Time      15:45:36
End Time        15:45:40

CSPRO Process Summary

User unnumbered messages:

   Line    Freq  Pct.  Message text                                                                                Denom
   ----    ----  ----  ------------                                                                                -----
     17       1    -   Rassurez-vous d'être passer par le MENU                                                         -

CSPRO Executor Normal End
------------------------------------------------------------------------------------------------------------------------
Application     C:\ROUGEOLEDRC20\Entry\QUESTIONNAIRE MENAGE.ent
Type            ENTRY
Input Data      <<CSPro DB>> C:\ROUGEOLEDRC20\Data\CCRr.csdb

Date            Aug  1, 2020
Start Time      15:45:42
End Time        15:45:56

CSPRO Process Summary

User unnumbered messages:

   Line    Freq  Pct.  Message text                                                                                Denom
   ----    ----  ----  ------------                                                                                -----
     17       2    -   Rassurez-vous d'être passer par le MENU                                                         -
     83       1    -   Valeur Invalide                                                                                 -

CSPRO Executor Normal End
------------------------------------------------------------------------------------------------------------------------
Application     C:\ROUGEOLEDRC20\Entry - T\QUESTIONNAIRE MENAGE.ent
Type            ENTRY
Input Data      <<CSPro DB>> C:\ROUGEOLEDRC20\Data\CCRr.csdb

Date            Aug  1, 2020
Start Time      15:47:24
End Time        15:47:29

CSPRO Process Summary

User unnumbered messages:

   Line    Freq  Pct.  Message text                                                                                Denom
   ----    ----  ----  ------------                                                                                -----
     17       1    -   Rassurez-vous d'être passer par le MENU                                                         -

CSPRO Executor Normal End
------------------------------------------------------------------------------------------------------------------------
Application     C:\ROUGEOLEDRC20\Entry - T\QUESTIONNAIRE MENAGE.ent
Type            ENTRY
Input Data      <<CSPro DB>> C:\ROUGEOLEDRC20\Data\CCRr.csdb

Date            Aug  1, 2020
Start Time      15:47:30
End Time        15:48:22

CSPRO Process Summary

System messages:

 Number    Frequency   Message text
 ------    ---------   ------------
  92103            1   New case ids '%s'. Old ids were '%s'.                                                 

User unnumbered messages:

   Line    Freq  Pct.  Message text                                                                                Denom
   ----    ----  ----  ------------                                                                                -----
      9       1    -   %s                                                                                              -
     17       2    -   Rassurez-vous d'être passer par le MENU                                                         -
    179       1    -   Valeur Invalide                                                                                 -

CSPRO Executor Normal End
------------------------------------------------------------------------------------------------------------------------
Application     C:\ROUGEOLEDRC20\Entry - T\QUESTIONNAIRE MENAGE.ent
Type            ENTRY
Input Data      <<CSPro DB>> C:\ROUGEOLEDRC20\Data\CCRr.csdb

Date            Aug  1, 2020
Start Time      15:48:31
End Time        15:48:41

CSPRO Process Summary

System messages:

 Number    Frequency   Message text
 ------    ---------   ------------
  92103            1   New case ids '%s'. Old ids were '%s'.                                                 

User unnumbered messages:

   Line    Freq  Pct.  Message text                                                                                Denom
   ----    ----  ----  ------------                                                                                -----
      9       1    -   %s                                                                                              -
     17       3    -   Rassurez-vous d'être passer par le MENU                                                         -
    179       2    -   Valeur Invalide                                                                                 -

CSPRO Executor Normal End
------------------------------------------------------------------------------------------------------------------------
Application     C:\ROUGEOLEDRC20\Entry - T\QUESTIONNAIRE MENAGE.ent
Type            ENTRY
Input Data      <<CSPro DB>> C:\ROUGEOLEDRC20\Data\CCRr.csdb

Date            Aug  1, 2020
Start Time      15:48:41
End Time        15:48:53

CSPRO Process Summary

System messages:

 Number    Frequency   Message text
 ------    ---------   ------------
  92103            1   New case ids '%s'. Old ids were '%s'.                                                 

User unnumbered messages:

   Line    Freq  Pct.  Message text                                                                                Denom
   ----    ----  ----  ------------                                                                                -----
      9       1    -   %s                                                                                              -
     17       4    -   Rassurez-vous d'être passer par le MENU                                                         -
    179       2    -   Valeur Invalide                                                                                 -

CSPRO Executor Normal End
------------------------------------------------------------------------------------------------------------------------
Application     C:\ROUGEOLEDRC20\Entry\QUESTIONNAIRE MENAGE.ent
Type            ENTRY
Input Data      <<CSPro DB>> C:\ROUGEOLEDRC20\Data\CCRr.csdb

Date            Aug  1, 2020
Start Time      16:03:33
End Time        16:04:29

CSPRO Process Summary

User unnumbered messages:

   Line    Freq  Pct.  Message text                                                                                Denom
   ----    ----  ----  ------------                                                                                -----
      9       2    -   %s                                                                                              -
     17       1    -   Rassurez-vous d'être passer par le MENU                                                         -

CSPRO Executor Normal End
------------------------------------------------------------------------------------------------------------------------
Application     C:\ROUGEOLEDRC20\Entry\QUESTIONNAIRE MENAGE.ent
Type            ENTRY
Input Data      <<CSPro DB>> C:\ROUGEOLEDRC20\Data\CCRr.csdb

Date            Aug  1, 2020
Start Time      16:04:31
End Time        16:05:13

CSPRO Process Summary

User unnumbered messages:

   Line    Freq  Pct.  Message text                                                                                Denom
   ----    ----  ----  ------------                                                                                -----
      9       2    -   %s                                                                                              -
     17       2    -   Rassurez-vous d'être passer par le MENU                                                         -

CSPRO Executor Normal End
------------------------------------------------------------------------------------------------------------------------
Application     C:\ROUGEOLEDRC20\Entry\QUESTIONNAIRE MENAGE.ent
Type            ENTRY
Input Data      <<CSPro DB>> C:\ROUGEOLEDRC20\Data\CCRr.csdb

Date            Aug  1, 2020
Start Time      16:05:15
End Time        16:07:40

CSPRO Process Summary

User unnumbered messages:

   Line    Freq  Pct.  Message text                                                                                Denom
   ----    ----  ----  ------------                                                                                -----
      9       2    -   %s                                                                                              -
     17       3    -   Rassurez-vous d'être passer par le MENU                                                         -

CSPRO Executor Normal End
------------------------------------------------------------------------------------------------------------------------
Application     C:\ROUGEOLEDRC20\Entry\QUESTIONNAIRE MENAGE.ent
Type            ENTRY
Input Data      <<CSPro DB>> C:\ROUGEOLEDRC20\Data\CCRr.csdb

Date            Aug  2, 2020
Start Time      12:45:07
End Time        12:45:56

CSPRO Process Summary

CSPRO Executor Normal End
------------------------------------------------------------------------------------------------------------------------
Application     C:\ROUGEOLEDRC20\Entry\QUESTIONNAIRE MENAGE.ent
Type            ENTRY
Input Data      <<CSPro DB>> C:\ROUGEOLEDRC20\Data\CCRr.csdb

Date            Aug  2, 2020
Start Time      12:45:59
End Time        12:46:37

CSPRO Process Summary

User unnumbered messages:

   Line    Freq  Pct.  Message text                                                                                Denom
   ----    ----  ----  ------------                                                                                -----
      9       1    -   %s                                                                                              -

CSPRO Executor Normal End
------------------------------------------------------------------------------------------------------------------------
Application     C:\ROUGEOLEDRC20\Entry\QUESTIONNAIRE MENAGE.ent
Type            ENTRY
Input Data      <<CSPro DB>> C:\ROUGEOLEDRC20\Data\CCRr.csdb

Date            Aug  2, 2020
Start Time      12:46:40
End Time        12:55:39

CSPRO Process Summary

System messages:

 Number    Frequency   Message text
 ------    ---------   ------------
  99990            1   Operator entered a value out of range                                                 

User unnumbered messages:

   Line    Freq  Pct.  Message text                                                                                Denom
   ----    ----  ----  ------------                                                                                -----
      9       1    -   %s                                                                                              -

CSPRO Executor Normal End
------------------------------------------------------------------------------------------------------------------------
Application     C:\ROUGEOLEDRC20\Entry\QUESTIONNAIRE MENAGE.ent
Type            ENTRY
Input Data      <<CSPro DB>> C:\ROUGEOLEDRC20\Data\CCRr.csdb

Date            Aug  2, 2020
Start Time      12:56:08
End Time        12:58:05

CSPRO Process Summary

System messages:

 Number    Frequency   Message text
 ------    ---------   ------------
  99990            1   Operator entered a value out of range                                                 

User unnumbered messages:

   Line    Freq  Pct.  Message text                                                                                Denom
   ----    ----  ----  ------------                                                                                -----
      9       1    -   %s                                                                                              -

CSPRO Executor Normal End
------------------------------------------------------------------------------------------------------------------------
Application     C:\ROUGEOLEDRC20\Entry\QUESTIONNAIRE MENAGE.ent
Type            ENTRY
Input Data      <<CSPro DB>> C:\ROUGEOLEDRC20\Data\CCRr.csdb

Date            Aug  2, 2020
Start Time      13:00:06
End Time        13:00:12

CSPRO Process Summary

CSPRO Executor Normal End
------------------------------------------------------------------------------------------------------------------------
Application     C:\ROUGEOLEDRC20\Entry\QUESTIONNAIRE MENAGE.ent
Type            ENTRY
Input Data      <<CSPro DB>> C:\ROUGEOLEDRC20\Data\CCRr.csdb

Date            Aug  2, 2020
Start Time      13:00:14
End Time        13:00:20

CSPRO Process Summary

CSPRO Executor Normal End
------------------------------------------------------------------------------------------------------------------------
Application     C:\ROUGEOLEDRC20\Entry\QUESTIONNAIRE MENAGE.ent
Type            ENTRY
Input Data      <<CSPro DB>> C:\ROUGEOLEDRC20\Data\CCRr.csdb

Date            Aug  2, 2020
Start Time      13:00:22
End Time        13:02:36

CSPRO Process Summary

System messages:

 Number    Frequency   Message text
 ------    ---------   ------------
  99990            4   Operator entered a value out of range                                                 

User unnumbered messages:

   Line    Freq  Pct.  Message text                                                                                Denom
   ----    ----  ----  ------------                                                                                -----
    873       1    -   MIVO2_SIGNE2(:Signe 1  doit etre Different de Signe 2                                           -

CSPRO Executor Normal End
------------------------------------------------------------------------------------------------------------------------
Application     C:\ROUGEOLEDRC20\Entry\QUESTIONNAIRE MENAGE.ent
Type            ENTRY
Input Data      <<CSPro DB>> C:\ROUGEOLEDRC20\Data\CCRr.csdb

Date            Aug  2, 2020
Start Time      13:08:47
End Time        13:08:51

CSPRO Process Summary

CSPRO Executor Normal End
------------------------------------------------------------------------------------------------------------------------
Application     C:\ROUGEOLEDRC20\Entry\QUESTIONNAIRE MENAGE.ent
Type            ENTRY
Input Data      <<CSPro DB>> C:\ROUGEOLEDRC20\Data\CCRr.csdb

Date            Aug  2, 2020
Start Time      13:08:53
End Time        13:09:10

CSPRO Process Summary

CSPRO Executor Normal End
------------------------------------------------------------------------------------------------------------------------
Application     C:\ROUGEOLEDRC20\Entry\QUESTIONNAIRE MENAGE.ent
Type            ENTRY
Input Data      <<CSPro DB>> C:\ROUGEOLEDRC20\Data\CCRr.csdb

Date            Oct 31, 2020
Start Time      15:12:03
End Time        15:13:11



CSPro Executor Normal End
------------------------------------------------------------------------------------------------------------------------
Application     C:\ROUGEOLEDRC20\Entry\QUESTIONNAIRE MENAGE.ent
Type            ENTRY
Input Data      <<CSPro DB>> C:\ROUGEOLEDRC20\Data\CCRr.csdb

Date            Nov 01, 2020
Start Time      09:18:32
End Time        09:19:03


User unnumbered messages:

    Line        Freq    %    Message Text                                                                          Denom
    ----        ----  -----  ------------                                                                          -----
      83           2      -  Valeur Invalide                                                                           -


CSPro Executor Normal End
------------------------------------------------------------------------------------------------------------------------
Application     C:\ROUGEOLEDRC20\Entry\QUESTIONNAIRE MENAGE.ent
Type            ENTRY
Input Data      <<CSPro DB>> C:\ROUGEOLEDRC20\Data\CCRr.csdb

Date            Nov 01, 2020
Start Time      09:20:03
End Time        09:20:22


User unnumbered messages:

    Line        Freq    %    Message Text                                                                          Denom
    ----        ----  -----  ------------                                                                          -----
      40           1      -  Veuillez bien renseigner cette question                                                   -
      83           1      -  Valeur Invalide                                                                           -


CSPro Executor Normal End
------------------------------------------------------------------------------------------------------------------------
