Application     C:\Applications123\Supervisor\SupervisorMenu.ent.apc
Type            ENTRY
Date            Jan 17, 2020
Time            13:20:29

CSPRO Error Summary

E   93000 'concatlst' is not a declared variable or is a misspelled dictionary entry

E   93000 'pffCont' is not a declared variable or is a misspelled dictionary entry

E      30 Expecting ";"

E   93000 'eKML' is not a declared variable or is a misspelled dictionary entry

E   93000 'xIlot' is not a declared variable or is a misspelled dictionary entry

E   93000 'xIlot' is not a declared variable or is a misspelled dictionary entry

E     563 User functions must terminate with 'end'

E   93000 'pffCont' is not a declared variable or is a misspelled dictionary entry

E   93000 'pffCont' is not a declared variable or is a misspelled dictionary entry

E   93000 'pffCont' is not a declared variable or is a misspelled dictionary entry

E   93000 'pffCont' is not a declared variable or is a misspelled dictionary entry

E   93000 'pffCont' is not a declared variable or is a misspelled dictionary entry

E   93000 'pffCont' is not a declared variable or is a misspelled dictionary entry

E   93000 'pffCont' is not a declared variable or is a misspelled dictionary entry

E   93000 'pffCont' is not a declared variable or is a misspelled dictionary entry

E   93000 'pffCont' is not a declared variable or is a misspelled dictionary entry

E   93000 'pffCont' is not a declared variable or is a misspelled dictionary entry

E   93000 'pffCont' is not a declared variable or is a misspelled dictionary entry

E   93000 'pffCont' is not a declared variable or is a misspelled dictionary entry

E   93000 'pffCont' is not a declared variable or is a misspelled dictionary entry

E   93000 'pffCont' is not a declared variable or is a misspelled dictionary entry

E   93000 'pffCont' is not a declared variable or is a misspelled dictionary entry

E   93000 'pffCont' is not a declared variable or is a misspelled dictionary entry

E   93000 'pffCont' is not a declared variable or is a misspelled dictionary entry

E   93000 'pffCont' is not a declared variable or is a misspelled dictionary entry

E   93000 'pffCont' is not a declared variable or is a misspelled dictionary entry

E   93000 'pffCont' is not a declared variable or is a misspelled dictionary entry

E   93000 'pffCont' is not a declared variable or is a misspelled dictionary entry

E   93000 'pffCont' is not a declared variable or is a misspelled dictionary entry

E   93000 'pffCont' is not a declared variable or is a misspelled dictionary entry

E   93000 'pffCont' is not a declared variable or is a misspelled dictionary entry

E   93000 'pffCont' is not a declared variable or is a misspelled dictionary entry

E   93000 'pffCont' is not a declared variable or is a misspelled dictionary entry

E   93000 'pffCont' is not a declared variable or is a misspelled dictionary entry

E   93000 'pffCont' is not a declared variable or is a misspelled dictionary entry

E   93000 'pffCont' is not a declared variable or is a misspelled dictionary entry

E   93000 'pffCont' is not a declared variable or is a misspelled dictionary entry

E   93000 'pffCont' is not a declared variable or is a misspelled dictionary entry

E   93000 'pffCont' is not a declared variable or is a misspelled dictionary entry

E   93000 'pffCont' is not a declared variable or is a misspelled dictionary entry

E   93000 'pffCont' is not a declared variable or is a misspelled dictionary entry

E   93000 'pffCont' is not a declared variable or is a misspelled dictionary entry

E   93000 'pffCont' is not a declared variable or is a misspelled dictionary entry

E   93000 'pffCont' is not a declared variable or is a misspelled dictionary entry

E   93000 'pffCont' is not a declared variable or is a misspelled dictionary entry

E   93000 'pffCont' is not a declared variable or is a misspelled dictionary entry

E   93000 'pffCont' is not a declared variable or is a misspelled dictionary entry

E   93000 'pffCont' is not a declared variable or is a misspelled dictionary entry

E   93000 'pffCont' is not a declared variable or is a misspelled dictionary entry

E   93000 'pffCont' is not a declared variable or is a misspelled dictionary entry

E   93000 'pffCont' is not a declared variable or is a misspelled dictionary entry

E   93000 'pffCont' is not a declared variable or is a misspelled dictionary entry

E   93000 'pffCont' is not a declared variable or is a misspelled dictionary entry

E   93000 'pffCont' is not a declared variable or is a misspelled dictionary entry

E   93000 'pffCont' is not a declared variable or is a misspelled dictionary entry

E   93000 'pffCont' is not a declared variable or is a misspelled dictionary entry

E   93000 'pffCont' is not a declared variable or is a misspelled dictionary entry

E   93000 'pffCont' is not a declared variable or is a misspelled dictionary entry

E   93000 'pffCont' is not a declared variable or is a misspelled dictionary entry

E   93000 'pffCont' is not a declared variable or is a misspelled dictionary entry

E   93000 'pffCont' is not a declared variable or is a misspelled dictionary entry

E   93000 'pffCont' is not a declared variable or is a misspelled dictionary entry

E   93000 'pffCont' is not a declared variable or is a misspelled dictionary entry

E   93000 'pffCont' is not a declared variable or is a misspelled dictionary entry

E   93000 'pffCont' is not a declared variable or is a misspelled dictionary entry

E   93000 'pffCont' is not a declared variable or is a misspelled dictionary entry

E   93000 'pffCont' is not a declared variable or is a misspelled dictionary entry

E   93000 'pffCont' is not a declared variable or is a misspelled dictionary entry

E   93000 'pffCont' is not a declared variable or is a misspelled dictionary entry

E   93000 'pffCont' is not a declared variable or is a misspelled dictionary entry

E   93000 'pffCont' is not a declared variable or is a misspelled dictionary entry

E   93000 'pffCont' is not a declared variable or is a misspelled dictionary entry

E   93000 'pffCont' is not a declared variable or is a misspelled dictionary entry

E   93000 'pffCont' is not a declared variable or is a misspelled dictionary entry

E   93000 'pffCont' is not a declared variable or is a misspelled dictionary entry

E   93000 'pffCont' is not a declared variable or is a misspelled dictionary entry

E   93000 'pffCont' is not a declared variable or is a misspelled dictionary entry

E   93000 'pffCont' is not a declared variable or is a misspelled dictionary entry

E   93000 'pffCont' is not a declared variable or is a misspelled dictionary entry

E   93000 'pffCont' is not a declared variable or is a misspelled dictionary entry

E   93000 'pffCont' is not a declared variable or is a misspelled dictionary entry

E   93000 'pffCont' is not a declared variable or is a misspelled dictionary entry

E   93000 'pffCont' is not a declared variable or is a misspelled dictionary entry

E   93000 'pffCont' is not a declared variable or is a misspelled dictionary entry

E   93000 'pffCont' is not a declared variable or is a misspelled dictionary entry

E   93000 'pffCont' is not a declared variable or is a misspelled dictionary entry

E   93000 'pffCont' is not a declared variable or is a misspelled dictionary entry

E   93000 'pffCont' is not a declared variable or is a misspelled dictionary entry

E   93000 'pffCont' is not a declared variable or is a misspelled dictionary entry

E   93000 'pffCont' is not a declared variable or is a misspelled dictionary entry

E   93000 'pffCont' is not a declared variable or is a misspelled dictionary entry

E   93000 'pffCont' is not a declared variable or is a misspelled dictionary entry

E   93000 'pffCont' is not a declared variable or is a misspelled dictionary entry

E   93000 'pffCont' is not a declared variable or is a misspelled dictionary entry

E   93000 'pffCont' is not a declared variable or is a misspelled dictionary entry

E   93000 'pffCont' is not a declared variable or is a misspelled dictionary entry

E   93000 'pffCont' is not a declared variable or is a misspelled dictionary entry

E   93000 'pffCont' is not a declared variable or is a misspelled dictionary entry

E   93000 'pffCont' is not a declared variable or is a misspelled dictionary entry

E   93000 'pffCont' is not a declared variable or is a misspelled dictionary entry

E   93000 'pffCont' is not a declared variable or is a misspelled dictionary entry

E   93000 'pffCont' is not a declared variable or is a misspelled dictionary entry

E   93000 'pffCont' is not a declared variable or is a misspelled dictionary entry

E   93000 'pffCont' is not a declared variable or is a misspelled dictionary entry

E   93000 'pffCont' is not a declared variable or is a misspelled dictionary entry

E   93000 'pffCont' is not a declared variable or is a misspelled dictionary entry

E   93000 'pffCont' is not a declared variable or is a misspelled dictionary entry

E   93000 'pffCont' is not a declared variable or is a misspelled dictionary entry

E   93000 'pffCont' is not a declared variable or is a misspelled dictionary entry

E   93000 'pffCont' is not a declared variable or is a misspelled dictionary entry

E   93000 'pffCont' is not a declared variable or is a misspelled dictionary entry

E   93000 'pffCont' is not a declared variable or is a misspelled dictionary entry

E   93000 'pffCont' is not a declared variable or is a misspelled dictionary entry

E   93000 'pffCont' is not a declared variable or is a misspelled dictionary entry

E   93000 'pffCont' is not a declared variable or is a misspelled dictionary entry

E   93000 'pffCont' is not a declared variable or is a misspelled dictionary entry

E   93000 'pffCont' is not a declared variable or is a misspelled dictionary entry

E   93000 'pffCont' is not a declared variable or is a misspelled dictionary entry

E   93000 'pffCont' is not a declared variable or is a misspelled dictionary entry

E   93000 'pffCont' is not a declared variable or is a misspelled dictionary entry

E   93000 'pffCont' is not a declared variable or is a misspelled dictionary entry

E   93000 'pffCont' is not a declared variable or is a misspelled dictionary entry

E   93000 'pffCont' is not a declared variable or is a misspelled dictionary entry

E   93000 'pffCont' is not a declared variable or is a misspelled dictionary entry

E   93000 'pffCont' is not a declared variable or is a misspelled dictionary entry

E   93000 'pffCont' is not a declared variable or is a misspelled dictionary entry

E   93000 'pffCont' is not a declared variable or is a misspelled dictionary entry

E   93000 'pffCont' is not a declared variable or is a misspelled dictionary entry

E   93000 'pffCont' is not a declared variable or is a misspelled dictionary entry

E   93000 'pffCont' is not a declared variable or is a misspelled dictionary entry

E   93000 'pffCont' is not a declared variable or is a misspelled dictionary entry

E   93000 'pffCont' is not a declared variable or is a misspelled dictionary entry

E   93000 'pffCont' is not a declared variable or is a misspelled dictionary entry

E   93000 'pffCont' is not a declared variable or is a misspelled dictionary entry

E   93000 'pffCont' is not a declared variable or is a misspelled dictionary entry

E   93000 'pffCont' is not a declared variable or is a misspelled dictionary entry

E   93000 'pffCont' is not a declared variable or is a misspelled dictionary entry

E   93000 'pffCont' is not a declared variable or is a misspelled dictionary entry

E   93000 'pffCont' is not a declared variable or is a misspelled dictionary entry

E   93000 'pffCont' is not a declared variable or is a misspelled dictionary entry

E   93000 'pffCont' is not a declared variable or is a misspelled dictionary entry

E   93000 'pffCont' is not a declared variable or is a misspelled dictionary entry

E   93000 'pffCont' is not a declared variable or is a misspelled dictionary entry

E   93000 'pffCont' is not a declared variable or is a misspelled dictionary entry

E   93000 'pffCont' is not a declared variable or is a misspelled dictionary entry

E   93000 'pffCont' is not a declared variable or is a misspelled dictionary entry

E   93000 'pffCont' is not a declared variable or is a misspelled dictionary entry

E   93000 'pffCont' is not a declared variable or is a misspelled dictionary entry

E   93000 'pffCont' is not a declared variable or is a misspelled dictionary entry

E   93000 'pffCont' is not a declared variable or is a misspelled dictionary entry

E   93000 'pffCont' is not a declared variable or is a misspelled dictionary entry

E   93000 'pffCont' is not a declared variable or is a misspelled dictionary entry

E   93000 'pffCont' is not a declared variable or is a misspelled dictionary entry

E   93000 'pffCont' is not a declared variable or is a misspelled dictionary entry

E   93000 'pffCont' is not a declared variable or is a misspelled dictionary entry

E   93000 'pffCont' is not a declared variable or is a misspelled dictionary entry

E   93000 'pffCont' is not a declared variable or is a misspelled dictionary entry

E   93000 'pffCont' is not a declared variable or is a misspelled dictionary entry

E   93000 'pffCont' is not a declared variable or is a misspelled dictionary entry

E   93000 'pffCont' is not a declared variable or is a misspelled dictionary entry

E   93000 'pffCont' is not a declared variable or is a misspelled dictionary entry

E   93000 'pffCont' is not a declared variable or is a misspelled dictionary entry

E   93000 'pffCont' is not a declared variable or is a misspelled dictionary entry

E   93000 'pffCont' is not a declared variable or is a misspelled dictionary entry

E   93000 'pffCont' is not a declared variable or is a misspelled dictionary entry

E   93000 'pffCont' is not a declared variable or is a misspelled dictionary entry

E   93000 'pffCont' is not a declared variable or is a misspelled dictionary entry

E   93000 'pffCont' is not a declared variable or is a misspelled dictionary entry

E   93000 'pffCont' is not a declared variable or is a misspelled dictionary entry

E   93000 'pffCont' is not a declared variable or is a misspelled dictionary entry

E   93000 'pffCont' is not a declared variable or is a misspelled dictionary entry

E   93000 'pffCont' is not a declared variable or is a misspelled dictionary entry

E   93000 'pffCont' is not a declared variable or is a misspelled dictionary entry

E   93000 'pffCont' is not a declared variable or is a misspelled dictionary entry

E   93000 'pffCont' is not a declared variable or is a misspelled dictionary entry

E   93000 'pffCont' is not a declared variable or is a misspelled dictionary entry

E   93000 'pffCont' is not a declared variable or is a misspelled dictionary entry

E   93000 'pffCont' is not a declared variable or is a misspelled dictionary entry

E   93000 'pffCont' is not a declared variable or is a misspelled dictionary entry

E   93000 'pffCont' is not a declared variable or is a misspelled dictionary entry

E   93000 'pffCont' is not a declared variable or is a misspelled dictionary entry

E   93000 'pffCont' is not a declared variable or is a misspelled dictionary entry

E   93000 'pffCont' is not a declared variable or is a misspelled dictionary entry

E   93000 'pffCont' is not a declared variable or is a misspelled dictionary entry

E   93000 'pffCont' is not a declared variable or is a misspelled dictionary entry

E   93000 'pffCont' is not a declared variable or is a misspelled dictionary entry

E   93000 'pffCont' is not a declared variable or is a misspelled dictionary entry

E   93000 'pffCont' is not a declared variable or is a misspelled dictionary entry

E   93000 'pffCont' is not a declared variable or is a misspelled dictionary entry

E   93000 'pffCont' is not a declared variable or is a misspelled dictionary entry

E   93000 'pffCont' is not a declared variable or is a misspelled dictionary entry

E   93000 'pffCont' is not a declared variable or is a misspelled dictionary entry

E   93000 'pffCont' is not a declared variable or is a misspelled dictionary entry

E   93000 'pffCont' is not a declared variable or is a misspelled dictionary entry

E   93000 'pffCont' is not a declared variable or is a misspelled dictionary entry

E   93000 'pffCont' is not a declared variable or is a misspelled dictionary entry

E   93000 'pffCont' is not a declared variable or is a misspelled dictionary entry

E   93000 'pffCont' is not a declared variable or is a misspelled dictionary entry

E   93000 'pffCont' is not a declared variable or is a misspelled dictionary entry

E   93000 'pffCont' is not a declared variable or is a misspelled dictionary entry

E   93000 'pffCont' is not a declared variable or is a misspelled dictionary entry

E   93000 'pffCont' is not a declared variable or is a misspelled dictionary entry

E   93000 'pffCont' is not a declared variable or is a misspelled dictionary entry

E   93000 'pffCont' is not a declared variable or is a misspelled dictionary entry

E   93000 'pffCont' is not a declared variable or is a misspelled dictionary entry

E   93000 'pffCont' is not a declared variable or is a misspelled dictionary entry

E   93000 'pffCont' is not a declared variable or is a misspelled dictionary entry

E   93000 'pffCont' is not a declared variable or is a misspelled dictionary entry

E   93000 'pffCont' is not a declared variable or is a misspelled dictionary entry

E   93000 'pffCont' is not a declared variable or is a misspelled dictionary entry

E   93000 'pffCont' is not a declared variable or is a misspelled dictionary entry

E   93000 'pffCont' is not a declared variable or is a misspelled dictionary entry

E   93000 'pffCont' is not a declared variable or is a misspelled dictionary entry

E   93000 'pffCont' is not a declared variable or is a misspelled dictionary entry

E   93000 'pffCont' is not a declared variable or is a misspelled dictionary entry

E   93000 'pffCont' is not a declared variable or is a misspelled dictionary entry

E   93000 'pffCont' is not a declared variable or is a misspelled dictionary entry

E   93000 'pffCont' is not a declared variable or is a misspelled dictionary entry

E   93000 'pffCont' is not a declared variable or is a misspelled dictionary entry

E   93000 'pffCont' is not a declared variable or is a misspelled dictionary entry

E   93000 'pffCont' is not a declared variable or is a misspelled dictionary entry

E   93000 'pffCont' is not a declared variable or is a misspelled dictionary entry

E   93000 'pffCont' is not a declared variable or is a misspelled dictionary entry

E   93000 'pffCont' is not a declared variable or is a misspelled dictionary entry

E   93000 'pffCont' is not a declared variable or is a misspelled dictionary entry

E   93000 'pffCont' is not a declared variable or is a misspelled dictionary entry

E   93000 'pffCont' is not a declared variable or is a misspelled dictionary entry

E   93000 'pffCont' is not a declared variable or is a misspelled dictionary entry

E   93000 'pffCont' is not a declared variable or is a misspelled dictionary entry

E   93000 'pffCont' is not a declared variable or is a misspelled dictionary entry

E   93000 'pffCont' is not a declared variable or is a misspelled dictionary entry

E   93000 'pffCont' is not a declared variable or is a misspelled dictionary entry

E   93000 'pffCont' is not a declared variable or is a misspelled dictionary entry

E   93000 'pffCont' is not a declared variable or is a misspelled dictionary entry

E   93000 'pffCont' is not a declared variable or is a misspelled dictionary entry

E   93000 'pffCont' is not a declared variable or is a misspelled dictionary entry

E   93000 'pffCont' is not a declared variable or is a misspelled dictionary entry

E   93000 'pffCont' is not a declared variable or is a misspelled dictionary entry

E   93000 'pffCont' is not a declared variable or is a misspelled dictionary entry

E   93000 'pffCont' is not a declared variable or is a misspelled dictionary entry

E   93000 'pffCont' is not a declared variable or is a misspelled dictionary entry

E   93000 'pffCont' is not a declared variable or is a misspelled dictionary entry

E   93000 'pffCont' is not a declared variable or is a misspelled dictionary entry

E   93000 'pffCont' is not a declared variable or is a misspelled dictionary entry

E   93000 'pffCont' is not a declared variable or is a misspelled dictionary entry

E   93000 'pffCont' is not a declared variable or is a misspelled dictionary entry

E   93000 'pffCont' is not a declared variable or is a misspelled dictionary entry

E   93000 'pffCont' is not a declared variable or is a misspelled dictionary entry

E   93000 'pffCont' is not a declared variable or is a misspelled dictionary entry

E   93000 'pffCont' is not a declared variable or is a misspelled dictionary entry

E   93000 'pffCont' is not a declared variable or is a misspelled dictionary entry

E   93000 'pffCont' is not a declared variable or is a misspelled dictionary entry

E   93000 'pffCont' is not a declared variable or is a misspelled dictionary entry

E   93000 'pffCont' is not a declared variable or is a misspelled dictionary entry

E   93000 'pffCont' is not a declared variable or is a misspelled dictionary entry

E   93000 'pffCont' is not a declared variable or is a misspelled dictionary entry

E   93000 'pffCont' is not a declared variable or is a misspelled dictionary entry

E   93000 'pffCont' is not a declared variable or is a misspelled dictionary entry

E   93000 'pffCont' is not a declared variable or is a misspelled dictionary entry

E   93000 'pffCont' is not a declared variable or is a misspelled dictionary entry

E   93000 'pffCont' is not a declared variable or is a misspelled dictionary entry

E   93000 'pffCont' is not a declared variable or is a misspelled dictionary entry

E   93000 'pffCont' is not a declared variable or is a misspelled dictionary entry

E   93000 'pffCont' is not a declared variable or is a misspelled dictionary entry

E   93000 'pffCont' is not a declared variable or is a misspelled dictionary entry

E   93000 'pffCont' is not a declared variable or is a misspelled dictionary entry

E   93000 'pffCont' is not a declared variable or is a misspelled dictionary entry

E   93000 'pffCont' is not a declared variable or is a misspelled dictionary entry

E   93000 'pffCont' is not a declared variable or is a misspelled dictionary entry

E   93000 'pffCont' is not a declared variable or is a misspelled dictionary entry

E   93000 'pffCont' is not a declared variable or is a misspelled dictionary entry

E   93000 'pffCont' is not a declared variable or is a misspelled dictionary entry

E   93000 'pffCont' is not a declared variable or is a misspelled dictionary entry

E   93000 'pffCont' is not a declared variable or is a misspelled dictionary entry

E   93000 'pffCont' is not a declared variable or is a misspelled dictionary entry

E   93000 'pffCont' is not a declared variable or is a misspelled dictionary entry

E   93000 'pffCont' is not a declared variable or is a misspelled dictionary entry

E   93000 'pffCont' is not a declared variable or is a misspelled dictionary entry

E   93000 'pffCont' is not a declared variable or is a misspelled dictionary entry

E   93000 'pffCont' is not a declared variable or is a misspelled dictionary entry

E   93000 'pffCont' is not a declared variable or is a misspelled dictionary entry

E   93000 'pffCont' is not a declared variable or is a misspelled dictionary entry

E   93000 'pffCont' is not a declared variable or is a misspelled dictionary entry

E   93000 'pffCont' is not a declared variable or is a misspelled dictionary entry

E   93000 'pffCont' is not a declared variable or is a misspelled dictionary entry

E   93000 'pffCont' is not a declared variable or is a misspelled dictionary entry

E   93000 'pffCont' is not a declared variable or is a misspelled dictionary entry

E   93000 'pffCont' is not a declared variable or is a misspelled dictionary entry

E   93000 'pffCont' is not a declared variable or is a misspelled dictionary entry

E   93000 'pffCont' is not a declared variable or is a misspelled dictionary entry

E   93000 'pffCont' is not a declared variable or is a misspelled dictionary entry

E   93000 'pffCont' is not a declared variable or is a misspelled dictionary entry

E   93000 'pffCont' is not a declared variable or is a misspelled dictionary entry

E   93000 'pffCont' is not a declared variable or is a misspelled dictionary entry

E   93000 'pffCont' is not a declared variable or is a misspelled dictionary entry

E   93000 'pffCont' is not a declared variable or is a misspelled dictionary entry

E   93000 'pffCont' is not a declared variable or is a misspelled dictionary entry

E   93000 'pffCont' is not a declared variable or is a misspelled dictionary entry

E   93000 'pffCont' is not a declared variable or is a misspelled dictionary entry

E   93000 'pffCont' is not a declared variable or is a misspelled dictionary entry

E   93000 'pffCont' is not a declared variable or is a misspelled dictionary entry

E   93000 'pffCont' is not a declared variable or is a misspelled dictionary entry

E   93000 'pffCont' is not a declared variable or is a misspelled dictionary entry

E   93000 'pffCont' is not a declared variable or is a misspelled dictionary entry

E   93000 'pffCont' is not a declared variable or is a misspelled dictionary entry

E   93000 'pffCont' is not a declared variable or is a misspelled dictionary entry

E   93000 'pffCont' is not a declared variable or is a misspelled dictionary entry

E   93000 'pffCont' is not a declared variable or is a misspelled dictionary entry

E   93000 'pffCont' is not a declared variable or is a misspelled dictionary entry

E   93000 'pffCont' is not a declared variable or is a misspelled dictionary entry

E   93000 'pffCont' is not a declared variable or is a misspelled dictionary entry

E   93000 'pffCont' is not a declared variable or is a misspelled dictionary entry

E   93000 'pffCont' is not a declared variable or is a misspelled dictionary entry

E   93000 'pffCont' is not a declared variable or is a misspelled dictionary entry

E   93000 'pffCont' is not a declared variable or is a misspelled dictionary entry

E   93000 'pffCont' is not a declared variable or is a misspelled dictionary entry

E   93000 'pffCont' is not a declared variable or is a misspelled dictionary entry

E   93000 'pffCont' is not a declared variable or is a misspelled dictionary entry

E   93000 'pffCont' is not a declared variable or is a misspelled dictionary entry

E   93000 'pffCont' is not a declared variable or is a misspelled dictionary entry

E   93000 'pffCont' is not a declared variable or is a misspelled dictionary entry

E   93000 'pffCont' is not a declared variable or is a misspelled dictionary entry

E   93000 'pffCont' is not a declared variable or is a misspelled dictionary entry

E   93000 'pffCont' is not a declared variable or is a misspelled dictionary entry

E   93000 'pffCont' is not a declared variable or is a misspelled dictionary entry

E   93000 'pffCont' is not a declared variable or is a misspelled dictionary entry

E   93000 'pffCont' is not a declared variable or is a misspelled dictionary entry

E   93000 'pffCont' is not a declared variable or is a misspelled dictionary entry

E   93000 'pffCont' is not a declared variable or is a misspelled dictionary entry

E   93000 'pffCont' is not a declared variable or is a misspelled dictionary entry

E   93000 'pffCont' is not a declared variable or is a misspelled dictionary entry

E   93000 'pffCont' is not a declared variable or is a misspelled dictionary entry

E   93000 'pffCont' is not a declared variable or is a misspelled dictionary entry

E   93000 'pffCont' is not a declared variable or is a misspelled dictionary entry

E   93000 'pffCont' is not a declared variable or is a misspelled dictionary entry

E   93000 'concatlst' is not a declared variable or is a misspelled dictionary entry

E   93000 'concatlst' is not a declared variable or is a misspelled dictionary entry

E   93000 'concatlst' is not a declared variable or is a misspelled dictionary entry

E   93000 'Option' is not a declared variable or is a misspelled dictionary entry

E   93000 'Option' is not a declared variable or is a misspelled dictionary entry

E   93000 'Option' is not a declared variable or is a misspelled dictionary entry

E    8003 ENDDO expected

E   93000 'Option' is not a declared variable or is a misspelled dictionary entry

E    8003 ENDDO expected

E   93000 'Option' is not a declared variable or is a misspelled dictionary entry

E   93000 'Option' is not a declared variable or is a misspelled dictionary entry

E   60002 PostProc clause expected

A   10010 3 syntax errors detected

... ending at 13:20:29
