Application     C:\QUESTIONNAIRE MENAGE ROUGEOLE - exportation\Entry\Interviewer.ent
Type            ENTRY
Input Data      <<CSPro DB>> C:\QUESTIONNAIRE MENAGE ROUGEOLE - exportation\Data\Interview.csdb
External        QUESTIONNAIRE_MENAGE_DICT=<<CSPro DB>> C:\QUESTIONNAIRE MENAGE ROUGEOLE - exportation\Data\CCR.csdb

Date            Mar 12, 2020
Start Time      10:58:03
End Time        10:58:10

CSPRO Process Summary

CSPRO Executor Normal End
------------------------------------------------------------------------------------------------------------------------
Application     C:\QUESTIONNAIRE MENAGE ROUGEOLE - exportation\Entry\Interviewer.ent
Type            ENTRY
Input Data      <<CSPro DB>> C:\QUESTIONNAIRE MENAGE ROUGEOLE - exportation\Data\Interview.csdb
External        QUESTIONNAIRE_MENAGE_DICT=<<CSPro DB>> C:\QUESTIONNAIRE MENAGE ROUGEOLE - exportation\Data\CCR.csdb

Date            Mar 12, 2020
Start Time      10:58:59
End Time        10:59:07

CSPRO Process Summary

CSPRO Executor Normal End
------------------------------------------------------------------------------------------------------------------------
Application     C:\QUESTIONNAIRE MENAGE ROUGEOLE - exportation\Entry\Interviewer.ent
Type            ENTRY
Input Data      <<CSPro DB>> C:\QUESTIONNAIRE MENAGE ROUGEOLE - exportation\Data\Interview.csdb
External        QUESTIONNAIRE_MENAGE_DICT=<<CSPro DB>> C:\QUESTIONNAIRE MENAGE ROUGEOLE - exportation\Data\CCR.csdb

Date            Mar 12, 2020
Start Time      11:00:40
End Time        11:00:45

CSPRO Process Summary

CSPRO Executor Normal End
------------------------------------------------------------------------------------------------------------------------
Application     C:\QUESTIONNAIRE MENAGE ROUGEOLE - exportation\Entry\Interviewer.ent
Type            ENTRY
Input Data      <<CSPro DB>> C:\QUESTIONNAIRE MENAGE ROUGEOLE - exportation\Data\Interview.csdb
External        QUESTIONNAIRE_MENAGE_DICT=<<CSPro DB>> C:\QUESTIONNAIRE MENAGE ROUGEOLE - exportation\Data\CCR.csdb

Date            Mar 12, 2020
Start Time      11:00:51
End Time        11:01:06

CSPRO Process Summary

System messages:

 Number    Frequency   Message text
 ------    ---------   ------------
  99990            1   Operator entered a value out of range                                                 

CSPRO Executor Normal End
------------------------------------------------------------------------------------------------------------------------
Application     C:\QUESTIONNAIRE MENAGE ROUGEOLE - exportation\Entry\Interviewer.ent
Type            ENTRY
Input Data      <<CSPro DB>> C:\QUESTIONNAIRE MENAGE ROUGEOLE - exportation\Data\Interview.csdb
External        QUESTIONNAIRE_MENAGE_DICT=<<CSPro DB>> C:\QUESTIONNAIRE MENAGE ROUGEOLE - exportation\Data\CCR.csdb

Date            Mar 12, 2020
Start Time      11:13:41
End Time        11:13:55

CSPRO Process Summary

CSPRO Executor Normal End
------------------------------------------------------------------------------------------------------------------------
Application     C:\QUESTIONNAIRE MENAGE ROUGEOLE - exportation\Entry\Interviewer.ent
Type            ENTRY
Input Data      <<CSPro DB>> C:\QUESTIONNAIRE MENAGE ROUGEOLE - exportation\Data\Interview.csdb
External        QUESTIONNAIRE_MENAGE_DICT=<<CSPro DB>> C:\QUESTIONNAIRE MENAGE ROUGEOLE - exportation\Data\CCR.csdb

Date            Mar 12, 2020
Start Time      11:14:19
End Time        11:14:26

CSPRO Process Summary

CSPRO Executor Normal End
------------------------------------------------------------------------------------------------------------------------
Application     C:\Google Drive\WHOLE_CSAD_CSPRO\ROUGEOLEDRC20\Entry\Interviewer.ent
Type            ENTRY
Input Data      <<CSPro DB>> C:\Google Drive\WHOLE_CSAD_CSPRO\ROUGEOLEDRC20\Data\Interview.csdb
External        QUESTIONNAIRE_MENAGE_DICT=<<CSPro DB>> C:\Google Drive\WHOLE_CSAD_CSPRO\ROUGEOLEDRC20\Data\CCR.csdb

Date            Jun  3, 2020
Start Time      17:34:23
End Time        17:34:38

CSPRO Process Summary

CSPRO Executor Normal End
------------------------------------------------------------------------------------------------------------------------
Application     C:\Google Drive\WHOLE_CSAD_CSPRO\ROUGEOLEDRC20\Entry\Interviewer.ent
Type            ENTRY
Input Data      <<CSPro DB>> C:\Google Drive\WHOLE_CSAD_CSPRO\ROUGEOLEDRC20\Data\Interview.csdb
External        QUESTIONNAIRE_MENAGE_DICT=<<CSPro DB>> C:\Google Drive\WHOLE_CSAD_CSPRO\ROUGEOLEDRC20\Data\CCR.csdb

Date            Jun  3, 2020
Start Time      17:34:40
End Time        17:34:49

CSPRO Process Summary

CSPRO Executor Normal End
------------------------------------------------------------------------------------------------------------------------
Application     C:\Google Drive\WHOLE_CSAD_CSPRO\ROUGEOLEDRC20\Entry\Interviewer.ent
Type            ENTRY
Input Data      <<CSPro DB>> C:\Google Drive\WHOLE_CSAD_CSPRO\ROUGEOLEDRC20\Data\Interview.csdb
External        QUESTIONNAIRE_MENAGE_DICT=<<CSPro DB>> C:\Google Drive\WHOLE_CSAD_CSPRO\ROUGEOLEDRC20\Data\CCR.csdb

Date            Jun  3, 2020
Start Time      17:34:51
End Time        17:35:00

CSPRO Process Summary

CSPRO Executor Normal End
------------------------------------------------------------------------------------------------------------------------
Application     C:\Google Drive\WHOLE_CSAD_CSPRO\ROUGEOLEDRC20\Entry\Interviewer.ent
Type            ENTRY
Input Data      <<CSPro DB>> C:\Google Drive\WHOLE_CSAD_CSPRO\ROUGEOLEDRC20\Data\Interview.csdb
External        QUESTIONNAIRE_MENAGE_DICT=<<CSPro DB>> C:\Google Drive\WHOLE_CSAD_CSPRO\ROUGEOLEDRC20\Data\CCR.csdb

Date            Jun  3, 2020
Start Time      17:35:02
End Time        17:35:10

CSPRO Process Summary

CSPRO Executor Normal End
------------------------------------------------------------------------------------------------------------------------
Application     C:\Google Drive\WHOLE_CSAD_CSPRO\ROUGEOLEDRC20\Entry\Interviewer.ent
Type            ENTRY
Input Data      <<CSPro DB>> C:\Google Drive\WHOLE_CSAD_CSPRO\ROUGEOLEDRC20\Data\Interview.csdb
External        QUESTIONNAIRE_MENAGE_DICT=<<CSPro DB>> C:\Google Drive\WHOLE_CSAD_CSPRO\ROUGEOLEDRC20\Data\CCR.csdb

Date            Jun  3, 2020
Start Time      17:36:44
End Time        17:36:47

CSPRO Process Summary

CSPRO Executor Normal End
------------------------------------------------------------------------------------------------------------------------
Application     C:\Google Drive\WHOLE_CSAD_CSPRO\ROUGEOLEDRC20\Entry\Interviewer.ent
Type            ENTRY
Input Data      <<CSPro DB>> C:\Google Drive\WHOLE_CSAD_CSPRO\ROUGEOLEDRC20\Data\Interview.csdb
External        QUESTIONNAIRE_MENAGE_DICT=<<CSPro DB>> C:\Google Drive\WHOLE_CSAD_CSPRO\ROUGEOLEDRC20\Data\CCR.csdb

Date            Jun  3, 2020
Start Time      17:38:43
End Time        17:38:53

CSPRO Process Summary

CSPRO Executor Normal End
------------------------------------------------------------------------------------------------------------------------
Application     C:\Google Drive\WHOLE_CSAD_CSPRO\ROUGEOLEDRC20\Entry\Interviewer.ent
Type            ENTRY
Input Data      <<CSPro DB>> C:\Google Drive\WHOLE_CSAD_CSPRO\ROUGEOLEDRC20\Data\Interview.csdb
External        QUESTIONNAIRE_MENAGE_DICT=<<CSPro DB>> C:\Google Drive\WHOLE_CSAD_CSPRO\ROUGEOLEDRC20\Data\CCR.csdb

Date            Jun  3, 2020
Start Time      17:40:23
End Time        17:40:30

CSPRO Process Summary

CSPRO Executor Normal End
------------------------------------------------------------------------------------------------------------------------
Application     C:\Google Drive\WHOLE_CSAD_CSPRO\ROUGEOLEDRC20\Entry\Interviewer.ent
Type            ENTRY
Input Data      <<CSPro DB>> C:\Google Drive\WHOLE_CSAD_CSPRO\ROUGEOLEDRC20\Data\Interview.csdb
External        QUESTIONNAIRE_MENAGE_DICT=<<CSPro DB>> C:\Google Drive\WHOLE_CSAD_CSPRO\ROUGEOLEDRC20\Data\CCR.csdb

Date            Jun  3, 2020
Start Time      17:40:37
End Time        17:40:41

CSPRO Process Summary

CSPRO Executor Normal End
------------------------------------------------------------------------------------------------------------------------
Application     C:\Google Drive\WHOLE_CSAD_CSPRO\ROUGEOLEDRC20\Entry\Interviewer.ent
Type            ENTRY
Input Data      <<CSPro DB>> C:\Google Drive\WHOLE_CSAD_CSPRO\ROUGEOLEDRC20\Data\Interview.csdb
External        QUESTIONNAIRE_MENAGE_DICT=<<CSPro DB>> C:\Google Drive\WHOLE_CSAD_CSPRO\ROUGEOLEDRC20\Data\CCR.csdb

Date            Jun  5, 2020
Start Time      21:33:36
End Time        21:34:15

CSPRO Process Summary

CSPRO Executor Normal End
------------------------------------------------------------------------------------------------------------------------
Application     C:\Google Drive\WHOLE_CSAD_CSPRO\ROUGEOLEDRC20\Entry\Interviewer.ent
Type            ENTRY
Input Data      <<CSPro DB>> C:\Google Drive\WHOLE_CSAD_CSPRO\ROUGEOLEDRC20\Data\Interview.csdb
External        QUESTIONNAIRE_MENAGE_DICT=<<CSPro DB>> C:\Google Drive\WHOLE_CSAD_CSPRO\ROUGEOLEDRC20\Data\CCR.csdb

Date            Jun  5, 2020
Start Time      21:35:00
End Time        21:35:10

CSPRO Process Summary

CSPRO Executor Normal End
------------------------------------------------------------------------------------------------------------------------
Application     C:\Google Drive\WHOLE_CSAD_CSPRO\ROUGEOLEDRC20\Entry\Interviewer.ent
Type            ENTRY
Input Data      <<CSPro DB>> C:\Google Drive\WHOLE_CSAD_CSPRO\ROUGEOLEDRC20\Data\Interview.csdb
External        QUESTIONNAIRE_MENAGE_DICT=<<CSPro DB>> C:\Google Drive\WHOLE_CSAD_CSPRO\ROUGEOLEDRC20\Data\CCR.csdb

Date            Jun  5, 2020
Start Time      21:35:24
End Time        21:35:36

CSPRO Process Summary

CSPRO Executor Normal End
------------------------------------------------------------------------------------------------------------------------
Application     C:\Google Drive\WHOLE_CSAD_CSPRO\ROUGEOLEDRC20\Entry\Interviewer.ent
Type            ENTRY
Input Data      <<CSPro DB>> C:\Google Drive\WHOLE_CSAD_CSPRO\ROUGEOLEDRC20\Data\Interview.csdb
External        QUESTIONNAIRE_MENAGE_DICT=<<CSPro DB>> C:\Google Drive\WHOLE_CSAD_CSPRO\ROUGEOLEDRC20\Data\CCR.csdb

Date            Jun  5, 2020
Start Time      21:35:51
End Time        21:36:05

CSPRO Process Summary

CSPRO Executor Normal End
------------------------------------------------------------------------------------------------------------------------
Application     C:\Google Drive\WHOLE_CSAD_CSPRO\ROUGEOLEDRC20\Entry\Interviewer.ent
Type            ENTRY
Input Data      <<CSPro DB>> C:\Google Drive\WHOLE_CSAD_CSPRO\ROUGEOLEDRC20\Data\Interview.csdb
External        QUESTIONNAIRE_MENAGE_DICT=<<CSPro DB>> C:\Google Drive\WHOLE_CSAD_CSPRO\ROUGEOLEDRC20\Data\CCR.csdb

Date            Jun  5, 2020
Start Time      21:36:10
End Time        21:36:12

CSPRO Process Summary

CSPRO Executor Normal End
------------------------------------------------------------------------------------------------------------------------
Application     C:\Google Drive\WHOLE_CSAD_CSPRO\ROUGEOLEDRC20\Entry\Interviewer.ent
Type            ENTRY
Input Data      <<CSPro DB>> C:\Google Drive\WHOLE_CSAD_CSPRO\ROUGEOLEDRC20\Data\Interview.csdb
External        QUESTIONNAIRE_MENAGE_DICT=<<CSPro DB>> C:\Google Drive\WHOLE_CSAD_CSPRO\ROUGEOLEDRC20\Data\CCR.csdb

Date            Jun  5, 2020
Start Time      21:37:57
End Time        21:38:02

CSPRO Process Summary

CSPRO Executor Normal End
------------------------------------------------------------------------------------------------------------------------
Application     C:\Google Drive\WHOLE_CSAD_CSPRO\ROUGEOLEDRC20\Entry\Interviewer.ent
Type            ENTRY
Input Data      <<CSPro DB>> C:\Google Drive\WHOLE_CSAD_CSPRO\ROUGEOLEDRC20\Data\Interview.csdb
External        QUESTIONNAIRE_MENAGE_DICT=<<CSPro DB>> C:\Google Drive\WHOLE_CSAD_CSPRO\ROUGEOLEDRC20\Data\CCR.csdb

Date            Jun  5, 2020
Start Time      21:44:32
End Time        21:44:37

CSPRO Process Summary

CSPRO Executor Normal End
------------------------------------------------------------------------------------------------------------------------
Application     C:\Google Drive\WHOLE_CSAD_CSPRO\ROUGEOLEDRC20\Entry\Interviewer.ent
Type            ENTRY
Input Data      <<CSPro DB>> C:\Google Drive\WHOLE_CSAD_CSPRO\ROUGEOLEDRC20\Data\Interview.csdb
External        QUESTIONNAIRE_MENAGE_DICT=<<CSPro DB>> C:\Google Drive\WHOLE_CSAD_CSPRO\ROUGEOLEDRC20\Data\CCR.csdb

Date            Jun  6, 2020
Start Time      13:59:55
End Time        14:00:00

CSPRO Process Summary

CSPRO Executor Normal End
------------------------------------------------------------------------------------------------------------------------
Application     C:\Google Drive\WHOLE_CSAD_CSPRO\ROUGEOLEDRC20\Entry\Interviewer.ent
Type            ENTRY
Input Data      <<CSPro DB>> C:\Google Drive\WHOLE_CSAD_CSPRO\ROUGEOLEDRC20\Data\Interview.csdb
External        QUESTIONNAIRE_MENAGE_DICT=<<CSPro DB>> C:\Google Drive\WHOLE_CSAD_CSPRO\ROUGEOLEDRC20\Data\CCR.csdb

Date            Jun  6, 2020
Start Time      14:01:34
End Time        14:01:38

CSPRO Process Summary

CSPRO Executor Normal End
------------------------------------------------------------------------------------------------------------------------
Application     C:\Google Drive\WHOLE_CSAD_CSPRO\ROUGEOLEDRC20\Entry\Interviewer.ent
Type            ENTRY
Input Data      <<CSPro DB>> C:\Google Drive\WHOLE_CSAD_CSPRO\ROUGEOLEDRC20\Data\Interview.csdb
External        QUESTIONNAIRE_MENAGE_DICT=<<CSPro DB>> C:\Google Drive\WHOLE_CSAD_CSPRO\ROUGEOLEDRC20\Data\CCR.csdb

Date            Jun  6, 2020
Start Time      14:04:47
End Time        14:04:51

CSPRO Process Summary

CSPRO Executor Normal End
------------------------------------------------------------------------------------------------------------------------
Application     C:\Google Drive\WHOLE_CSAD_CSPRO\ROUGEOLEDRC20\Entry\Interviewer.ent
Type            ENTRY
Input Data      <<CSPro DB>> C:\Google Drive\WHOLE_CSAD_CSPRO\ROUGEOLEDRC20\Data\Interview.csdb
External        QUESTIONNAIRE_MENAGE_DICT=<<CSPro DB>> C:\Google Drive\WHOLE_CSAD_CSPRO\ROUGEOLEDRC20\Data\CCR.csdb

Date            Jun  6, 2020
Start Time      14:06:51
End Time        14:06:54

CSPRO Process Summary

CSPRO Executor Normal End
------------------------------------------------------------------------------------------------------------------------
Application     C:\Google Drive\WHOLE_CSAD_CSPRO\ROUGEOLEDRC20\Entry\Interviewer.ent
Type            ENTRY
Input Data      <<CSPro DB>> C:\Google Drive\WHOLE_CSAD_CSPRO\ROUGEOLEDRC20\Data\Interview.csdb
External        QUESTIONNAIRE_MENAGE_DICT=<<CSPro DB>> C:\Google Drive\WHOLE_CSAD_CSPRO\ROUGEOLEDRC20\Data\CCR.csdb

Date            Jun  6, 2020
Start Time      14:21:58
End Time        14:22:03

CSPRO Process Summary

CSPRO Executor Normal End
------------------------------------------------------------------------------------------------------------------------
Application     C:\Google Drive\WHOLE_CSAD_CSPRO\ROUGEOLEDRC20\Entry\Interviewer.ent
Type            ENTRY
Input Data      <<CSPro DB>> C:\Google Drive\WHOLE_CSAD_CSPRO\ROUGEOLEDRC20\Data\Interview.csdb
External        QUESTIONNAIRE_MENAGE_DICT=<<CSPro DB>> C:\Google Drive\WHOLE_CSAD_CSPRO\ROUGEOLEDRC20\Data\CCR.csdb

Date            Jun  6, 2020
Start Time      14:23:48
End Time        14:23:50

CSPRO Process Summary

CSPRO Executor Normal End
------------------------------------------------------------------------------------------------------------------------
Application     C:\Google Drive\WHOLE_CSAD_CSPRO\ROUGEOLEDRC20\Entry\Interviewer.ent
Type            ENTRY
Input Data      <<CSPro DB>> C:\Google Drive\WHOLE_CSAD_CSPRO\ROUGEOLEDRC20\Data\Interview.csdb
External        QUESTIONNAIRE_MENAGE_DICT=<<CSPro DB>> C:\Google Drive\WHOLE_CSAD_CSPRO\ROUGEOLEDRC20\Data\CCR.csdb

Date            Jun  6, 2020
Start Time      15:04:01
End Time        15:04:06

CSPRO Process Summary

CSPRO Executor Normal End
------------------------------------------------------------------------------------------------------------------------
Application     C:\Google Drive\WHOLE_CSAD_CSPRO\ROUGEOLEDRC20\Entry\Interviewer.ent
Type            ENTRY
Input Data      <<CSPro DB>> C:\Google Drive\WHOLE_CSAD_CSPRO\ROUGEOLEDRC20\Data\Interview.csdb
External        QUESTIONNAIRE_MENAGE_DICT=<<CSPro DB>> C:\Google Drive\WHOLE_CSAD_CSPRO\ROUGEOLEDRC20\Data\CCR.csdb

Date            Jun  6, 2020
Start Time      15:04:12
End Time        15:04:19

CSPRO Process Summary

CSPRO Executor Normal End
------------------------------------------------------------------------------------------------------------------------
Application     C:\Google Drive\WHOLE_CSAD_CSPRO\ROUGEOLEDRC20\Entry\Interviewer.ent
Type            ENTRY
Input Data      <<CSPro DB>> C:\Google Drive\WHOLE_CSAD_CSPRO\ROUGEOLEDRC20\Data\Interview.csdb
External        QUESTIONNAIRE_MENAGE_DICT=<<CSPro DB>> C:\Google Drive\WHOLE_CSAD_CSPRO\ROUGEOLEDRC20\Data\CCR.csdb

Date            Jun  6, 2020
Start Time      15:25:30
End Time        15:26:15

CSPRO Process Summary

CSPRO Executor Normal End
------------------------------------------------------------------------------------------------------------------------
Application     C:\Google Drive\WHOLE_CSAD_CSPRO\ROUGEOLEDRC20\Entry\Interviewer.ent
Type            ENTRY
Input Data      <<CSPro DB>> C:\Google Drive\WHOLE_CSAD_CSPRO\ROUGEOLEDRC20\Data\Interview.csdb
External        QUESTIONNAIRE_MENAGE_DICT=<<CSPro DB>> C:\Google Drive\WHOLE_CSAD_CSPRO\ROUGEOLEDRC20\Data\CCR.csdb

Date            Jun  6, 2020
Start Time      15:28:03
End Time        15:28:06

CSPRO Process Summary

CSPRO Executor Normal End
------------------------------------------------------------------------------------------------------------------------
Application     C:\Google Drive\WHOLE_CSAD_CSPRO\ROUGEOLEDRC20\Entry\Interviewer.ent
Type            ENTRY
Input Data      <<CSPro DB>> C:\Google Drive\WHOLE_CSAD_CSPRO\ROUGEOLEDRC20\Data\Interview.csdb
External        QUESTIONNAIRE_MENAGE_DICT=<<CSPro DB>> C:\Google Drive\WHOLE_CSAD_CSPRO\ROUGEOLEDRC20\Data\CCR.csdb

Date            Jun  6, 2020
Start Time      15:43:07
End Time        15:43:12

CSPRO Process Summary

CSPRO Executor Normal End
------------------------------------------------------------------------------------------------------------------------
Application     C:\Google Drive\WHOLE_CSAD_CSPRO\ROUGEOLEDRC20\Entry\Interviewer.ent
Type            ENTRY
Input Data      <<CSPro DB>> C:\Google Drive\WHOLE_CSAD_CSPRO\ROUGEOLEDRC20\Data\Interview.csdb
External        QUESTIONNAIRE_MENAGE_DICT=<<CSPro DB>> C:\Google Drive\WHOLE_CSAD_CSPRO\ROUGEOLEDRC20\Data\CCR.csdb

Date            Jun  6, 2020
Start Time      15:47:06
End Time        15:47:12

CSPRO Process Summary

CSPRO Executor Normal End
------------------------------------------------------------------------------------------------------------------------
Application     C:\Google Drive\WHOLE_CSAD_CSPRO\ROUGEOLEDRC20\Entry\Interviewer.ent
Type            ENTRY
Input Data      <<CSPro DB>> C:\Google Drive\WHOLE_CSAD_CSPRO\ROUGEOLEDRC20\Data\Interview.csdb
External        QUESTIONNAIRE_MENAGE_DICT=<<CSPro DB>> C:\Google Drive\WHOLE_CSAD_CSPRO\ROUGEOLEDRC20\Data\CCR.csdb

Date            Jun  6, 2020
Start Time      16:01:23
End Time        16:01:28

CSPRO Process Summary

CSPRO Executor Normal End
------------------------------------------------------------------------------------------------------------------------
Application     C:\Google Drive\WHOLE_CSAD_CSPRO\ROUGEOLEDRC20\Entry\Interviewer.ent
Type            ENTRY
Input Data      <<CSPro DB>> C:\Google Drive\WHOLE_CSAD_CSPRO\ROUGEOLEDRC20\Data\Interview.csdb
External        QUESTIONNAIRE_MENAGE_DICT=<<CSPro DB>> C:\Google Drive\WHOLE_CSAD_CSPRO\ROUGEOLEDRC20\Data\CCR.csdb

Date            Jun  6, 2020
Start Time      16:03:57
End Time        16:04:00

CSPRO Process Summary

CSPRO Executor Normal End
------------------------------------------------------------------------------------------------------------------------
Application     C:\Google Drive\WHOLE_CSAD_CSPRO\ROUGEOLEDRC20\Entry\Interviewer.ent
Type            ENTRY
Input Data      <<CSPro DB>> C:\Google Drive\WHOLE_CSAD_CSPRO\ROUGEOLEDRC20\Data\Interview.csdb
External        QUESTIONNAIRE_MENAGE_DICT=<<CSPro DB>> C:\Google Drive\WHOLE_CSAD_CSPRO\ROUGEOLEDRC20\Data\CCR.csdb

Date            Jun  6, 2020
Start Time      16:04:59
End Time        16:05:03

CSPRO Process Summary

CSPRO Executor Normal End
------------------------------------------------------------------------------------------------------------------------
Application     C:\Google Drive\WHOLE_CSAD_CSPRO\ROUGEOLEDRC20\Entry\Interviewer.ent
Type            ENTRY
Input Data      <<CSPro DB>> C:\Google Drive\WHOLE_CSAD_CSPRO\ROUGEOLEDRC20\Data\Interview.csdb
External        QUESTIONNAIRE_MENAGE_DICT=<<CSPro DB>> C:\Google Drive\WHOLE_CSAD_CSPRO\ROUGEOLEDRC20\Data\CCR.csdb

Date            Jun  6, 2020
Start Time      16:05:59
End Time        16:06:04

CSPRO Process Summary

CSPRO Executor Normal End
------------------------------------------------------------------------------------------------------------------------
Application     C:\Google Drive\WHOLE_CSAD_CSPRO\ROUGEOLEDRC20\Entry\Interviewer.ent
Type            ENTRY
Input Data      <<CSPro DB>> C:\Google Drive\WHOLE_CSAD_CSPRO\ROUGEOLEDRC20\Data\Interview.csdb
External        QUESTIONNAIRE_MENAGE_DICT=<<CSPro DB>> C:\Google Drive\WHOLE_CSAD_CSPRO\ROUGEOLEDRC20\Data\CCR.csdb

Date            Jun 13, 2020
Start Time      14:05:49
End Time        14:05:53

CSPRO Process Summary

CSPRO Executor Normal End
------------------------------------------------------------------------------------------------------------------------
Application     C:\Google Drive\WHOLE_CSAD_CSPRO\ROUGEOLEDRC20\Entry\Interviewer.ent
Type            ENTRY
Input Data      <<CSPro DB>> C:\Google Drive\WHOLE_CSAD_CSPRO\ROUGEOLEDRC20\Data\Interview.csdb
External        QUESTIONNAIRE_MENAGE_DICT=<<CSPro DB>> C:\Google Drive\WHOLE_CSAD_CSPRO\ROUGEOLEDRC20\Data\CCR.csdb

Date            Jun 13, 2020
Start Time      14:08:00
End Time        14:08:05

CSPRO Process Summary

CSPRO Executor Normal End
------------------------------------------------------------------------------------------------------------------------
Application     C:\ROUGEOLEDRC20\Entry\Interviewer.ent
Type            ENTRY
Input Data      <<CSPro DB>> C:\ROUGEOLEDRC20\Data\Interview.csdb
External        QUESTIONNAIRE_MENAGE_DICT=<<CSPro DB>> C:\ROUGEOLEDRC20\Data\CCR.csdb

Date            Jul 31, 2020
Start Time      12:32:43
End Time        12:32:49

CSPRO Process Summary

CSPRO Executor Normal End
------------------------------------------------------------------------------------------------------------------------
Application     C:\ROUGEOLEDRC20\Entry\Interviewer.ent
Type            ENTRY
Input Data      <<CSPro DB>> C:\ROUGEOLEDRC20\Data\Interview.csdb
External        QUESTIONNAIRE_MENAGE_DICT=<<CSPro DB>> C:\ROUGEOLEDRC20\Data\CCR.csdb

Date            Jul 31, 2020
Start Time      12:40:40
End Time        12:40:43

CSPRO Process Summary

CSPRO Executor Normal End
------------------------------------------------------------------------------------------------------------------------
Application     C:\ROUGEOLEDRC20\Entry\Interviewer.ent
Type            ENTRY
Input Data      <<CSPro DB>> C:\ROUGEOLEDRC20\Data\Interview.csdb
External        QUESTIONNAIRE_MENAGE_DICT=<<CSPro DB>> C:\ROUGEOLEDRC20\Data\CCR.csdb

Date            Aug  1, 2020
Start Time      16:03:22
End Time        16:03:32

CSPRO Process Summary

CSPRO Executor Normal End
------------------------------------------------------------------------------------------------------------------------
Application     C:\ROUGEOLEDRC20\Entry\Interviewer.ent
Type            ENTRY
Input Data      <<CSPro DB>> C:\ROUGEOLEDRC20\Data\Interview.csdb
External        QUESTIONNAIRE_MENAGE_DICT=<<CSPro DB>> C:\ROUGEOLEDRC20\Data\CCR.csdb

Date            Aug  1, 2020
Start Time      16:07:44
End Time        16:07:47

CSPRO Process Summary

CSPRO Executor Normal End
------------------------------------------------------------------------------------------------------------------------
Application     C:\ROUGEOLEDRC20\Entry\Interviewer.ent
Type            ENTRY
Input Data      <<CSPro DB>> C:\ROUGEOLEDRC20\Data\Interview.csdb
External        QUESTIONNAIRE_MENAGE_DICT=<<CSPro DB>> C:\ROUGEOLEDRC20\Data\CCR.csdb

Date            Aug  1, 2020
Start Time      22:37:51
End Time        22:37:55

CSPRO Process Summary

CSPRO Executor Normal End
------------------------------------------------------------------------------------------------------------------------
Application     C:\ROUGEOLEDRC20\Entry\Interviewer.ent
Type            ENTRY
Input Data      <<CSPro DB>> C:\ROUGEOLEDRC20\Data\Interview.csdb
External        QUESTIONNAIRE_MENAGE_DICT=<<CSPro DB>> C:\ROUGEOLEDRC20\Data\CCR.csdb

Date            Aug  1, 2020
Start Time      22:37:59
End Time        22:38:01

CSPRO Process Summary

CSPRO Executor Normal End
------------------------------------------------------------------------------------------------------------------------
Application     C:\ROUGEOLEDRC20\Entry\Interviewer.ent
Type            ENTRY
Input Data      <<CSPro DB>> C:\ROUGEOLEDRC20\Data\Interview.csdb
External        QUESTIONNAIRE_MENAGE_DICT=<<CSPro DB>> C:\ROUGEOLEDRC20\Data\CCR.csdb

Date            Aug  2, 2020
Start Time      12:43:16
End Time        12:45:06

CSPRO Process Summary

CSPRO Executor Normal End
------------------------------------------------------------------------------------------------------------------------
Application     C:\ROUGEOLEDRC20\Entry\Interviewer.ent
Type            ENTRY
Input Data      <<CSPro DB>> C:\ROUGEOLEDRC20\Data\Interview.csdb
External        QUESTIONNAIRE_MENAGE_DICT=<<CSPro DB>> C:\ROUGEOLEDRC20\Data\CCR.csdb

Date            Aug  2, 2020
Start Time      12:58:09
End Time        12:58:10

CSPRO Process Summary

CSPRO Executor Normal End
------------------------------------------------------------------------------------------------------------------------
Application     C:\ROUGEOLEDRC20\Entry\Interviewer.ent
Type            ENTRY
Input Data      <<CSPro DB>> C:\ROUGEOLEDRC20\Data\Interview.csdb
External        QUESTIONNAIRE_MENAGE_DICT=<<CSPro DB>> C:\ROUGEOLEDRC20\Data\CCR.csdb

Date            Aug  2, 2020
Start Time      12:59:59
End Time        13:00:05

CSPRO Process Summary

CSPRO Executor Normal End
------------------------------------------------------------------------------------------------------------------------
Application     C:\ROUGEOLEDRC20\Entry\Interviewer.ent
Type            ENTRY
Input Data      <<CSPro DB>> C:\ROUGEOLEDRC20\Data\Interview.csdb
External        QUESTIONNAIRE_MENAGE_DICT=<<CSPro DB>> C:\ROUGEOLEDRC20\Data\CCR.csdb

Date            Aug  2, 2020
Start Time      13:02:41
End Time        13:02:44

CSPRO Process Summary

CSPRO Executor Normal End
------------------------------------------------------------------------------------------------------------------------
Application     C:\ROUGEOLEDRC20\Entry\Interviewer.ent
Type            ENTRY
Input Data      <<CSPro DB>> C:\ROUGEOLEDRC20\Data\Interview.csdb
External        QUESTIONNAIRE_MENAGE_DICT=<<CSPro DB>> C:\ROUGEOLEDRC20\Data\CCR.csdb

Date            Aug  2, 2020
Start Time      13:08:43
End Time        13:08:46

CSPRO Process Summary

CSPRO Executor Normal End
------------------------------------------------------------------------------------------------------------------------
Application     C:\ROUGEOLEDRC20\Entry\Interviewer.ent
Type            ENTRY
Input Data      <<CSPro DB>> C:\ROUGEOLEDRC20\Data\Interview.csdb
External        QUESTIONNAIRE_MENAGE_DICT=<<CSPro DB>> C:\ROUGEOLEDRC20\Data\CCR.csdb

Date            Aug  2, 2020
Start Time      13:09:13
End Time        13:09:16

CSPRO Process Summary

CSPRO Executor Normal End
------------------------------------------------------------------------------------------------------------------------
Application     C:\ROUGEOLEDRC20\Entry\MENAGE.ent
Type            ENTRY
Input Data      <<CSPro DB>> C:\ROUGEOLEDRC20\Data\Interview.csdb
External        QUESTIONNAIRE_MENAGE_DICT=<<CSPro DB>> C:\ROUGEOLEDRC20\Data\CCRr.csdb

Date            Aug  2, 2020
Start Time      13:47:57
End Time        13:48:05

CSPRO Process Summary

CSPRO Executor Normal End
------------------------------------------------------------------------------------------------------------------------
Application     C:\ROUGEOLEDRC20\Entry\MENAGE.ent
Type            ENTRY
Input Data      <<CSPro DB>> C:\ROUGEOLEDRC20\Data\Interview.csdb
External        QUESTIONNAIRE_MENAGE_DICT=<<CSPro DB>> C:\ROUGEOLEDRC20\Data\CCRr.csdb

Date            Aug  2, 2020
Start Time      13:50:02
End Time        13:50:06

CSPRO Process Summary

CSPRO Executor Normal End
------------------------------------------------------------------------------------------------------------------------
Application     C:\ROUGEOLEDRC20\Entry\MENAGE.ent
Type            ENTRY
Input Data      <<CSPro DB>> C:\ROUGEOLEDRC20\Data\Interview.csdb
External        QUESTIONNAIRE_MENAGE_DICT=<<CSPro DB>> C:\ROUGEOLEDRC20\Data\CCRr.csdb

Date            Oct 31, 2020
Start Time      15:11:39
End Time        15:11:54


System messages:

  Number        Freq         Message Text                                                                               
  ------        ----         ------------                                                                               
  100119           1         Error connecting to sync server: %s.                                                       


CSPro Executor Normal End
------------------------------------------------------------------------------------------------------------------------
Application     C:\ROUGEOLEDRC20\Entry\Interviewer.ent
Type            ENTRY
Input Data      <<CSPro DB>> C:\ROUGEOLEDRC20\Data\Interview.csdb
External        QUESTIONNAIRE_MENAGE_DICT=<<CSPro DB>> C:\ROUGEOLEDRC20\Data\CCR.csdb

Date            Oct 31, 2020
Start Time      15:13:14
End Time        15:13:16



CSPro Executor Normal End
------------------------------------------------------------------------------------------------------------------------
Application     C:\ROUGEOLEDRC20\Entry\MENAGE.ent
Type            ENTRY
Input Data      <<CSPro DB>> C:\ROUGEOLEDRC20\Data\Interview.csdb
External        QUESTIONNAIRE_MENAGE_DICT=<<CSPro DB>> C:\ROUGEOLEDRC20\Data\CCRr.csdb

Date            Nov 01, 2020
Start Time      09:36:33
End Time        09:36:37



CSPro Executor Normal End
------------------------------------------------------------------------------------------------------------------------
Application     C:\ROUGEOLEDRC20\Entry\MENAGE.ent
Type            ENTRY
Input Data      <<CSPro DB>> C:\ROUGEOLEDRC20\Data\Interview.csdb
External        QUESTIONNAIRE_MENAGE_DICT=<<CSPro DB>> C:\ROUGEOLEDRC20\Data\CCRr.csdb

Date            Nov 16, 2020
Start Time      17:13:23
End Time        17:13:29



CSPro Executor Normal End
------------------------------------------------------------------------------------------------------------------------
Application     C:\ROUGEOLEDRC20\Entry\MENAGE.ent
Type            ENTRY
Input Data      <<CSPro DB>> C:\ROUGEOLEDRC20\Data\Interview.csdb
External        QUESTIONNAIRE_MENAGE_DICT=<<CSPro DB>> C:\ROUGEOLEDRC20\Data\CCRr.csdb

Date            Nov 16, 2020
Start Time      17:15:37
End Time        17:15:43



CSPro Executor Normal End
------------------------------------------------------------------------------------------------------------------------
Application     C:\ROUGEOLEDRC20\Entry\MENAGE.ent
Type            ENTRY
Input Data      <<CSPro DB>> C:\ROUGEOLEDRC20\Data\Interview.csdb
External        QUESTIONNAIRE_MENAGE_DICT=<<CSPro DB>> C:\ROUGEOLEDRC20\Data\CCRr.csdb

Date            Nov 16, 2020
Start Time      20:10:22
End Time        20:10:26



CSPro Executor Normal End
------------------------------------------------------------------------------------------------------------------------
Application     C:\ROUGEOLEDRC20\Entry\MENAGE.ent
Type            ENTRY
Input Data      <<CSPro DB>> C:\ROUGEOLEDRC20\Data\Interview.csdb
External        QUESTIONNAIRE_MENAGE_DICT=<<CSPro DB>> C:\ROUGEOLEDRC20\Data\CCRr.csdb

Date            Nov 16, 2020
Start Time      20:10:49
End Time        20:11:03



CSPro Executor Normal End
------------------------------------------------------------------------------------------------------------------------
Application     C:\ROUGEOLEDRC20\Entry\MENAGE.ent
Type            ENTRY
Input Data      <<CSPro DB>> C:\ROUGEOLEDRC20\Data\Interview.csdb
External        QUESTIONNAIRE_MENAGE_DICT=<<CSPro DB>> C:\ROUGEOLEDRC20\Data\CCRr.csdb

Date            Nov 16, 2020
Start Time      20:11:06
End Time        20:11:32



CSPro Executor Normal End
------------------------------------------------------------------------------------------------------------------------
Application     C:\ROUGEOLEDRC20\Entry\MENAGE.ent
Type            ENTRY
Input Data      <<CSPro DB>> C:\ROUGEOLEDRC20\Data\Interview.csdb
External        QUESTIONNAIRE_MENAGE_DICT=<<CSPro DB>> C:\ROUGEOLEDRC20\Data\CCRr.csdb

Date            Nov 16, 2020
Start Time      20:11:34
End Time        20:11:46



CSPro Executor Normal End
------------------------------------------------------------------------------------------------------------------------
Application     C:\ROUGEOLEDRC20\Entry\MENAGE.ent
Type            ENTRY
Input Data      <<CSPro DB>> C:\ROUGEOLEDRC20\Data\Interview.csdb
External        QUESTIONNAIRE_MENAGE_DICT=<<CSPro DB>> C:\ROUGEOLEDRC20\Data\CCRr.csdb

Date            Nov 16, 2020
Start Time      20:11:48
End Time        20:11:55



CSPro Executor Normal End
------------------------------------------------------------------------------------------------------------------------
Application     C:\ROUGEOLEDRC20\Entry\MENAGE.ent
Type            ENTRY
Input Data      <<CSPro DB>> C:\ROUGEOLEDRC20\Data\Interview.csdb
External        QUESTIONNAIRE_MENAGE_DICT=<<CSPro DB>> C:\ROUGEOLEDRC20\Data\CCRr.csdb

Date            Nov 16, 2020
Start Time      21:12:28
End Time        21:12:33



CSPro Executor Normal End
------------------------------------------------------------------------------------------------------------------------
Application     C:\ROUGEOLEDRC20\Entry\MENAGE.ent
Type            ENTRY
Input Data      <<CSPro DB>> C:\ROUGEOLEDRC20\Data\Interview.csdb
External        QUESTIONNAIRE_MENAGE_DICT=<<CSPro DB>> C:\ROUGEOLEDRC20\Data\CCRr.csdb

Date            Nov 16, 2020
Start Time      21:14:01
End Time        21:14:04



CSPro Executor Normal End
------------------------------------------------------------------------------------------------------------------------
