Application:  C:\RDCRGE\Applications\Supervisor\SupervisorMenu.ent
   Zip file:  C:\RDCRGE\Applications\Supervisor\SupervisorMenu.zip

The following application files were packed:
    SupervisorMenu.ent
    .\SupervisorMenu.fmf
    ..\Dicts\Menu.dcf
    ..\Dicts\Clusters.dcf
    ..\Dicts\Users.dcf
    ..\Dicts\Tasks.dcf
    ..\Dicts\RGEZD.dcf
    ..\Dicts\RGE.dcf
    .\SupervisorMenu.ent.apc
    ..\Common\CommandWrappers.apc
    ..\Common\GlobalVars.apc
    ..\Common\Menu.mgf
    .\SupervisorMenu.ent.qsf
    .\SupervisorMenu.pff
    ..\..\Temp\mNull.dat
    ..\..\Reference\carto.dat
    ..\..\Reference\Teams.dat

Zip file successfully created.
