Application     C:\ROUGEOLEDRC20\Masque de Denombrement\Denombrement.ent
Type            ENTRY
Input Data      <<CSPro DB>> C:\ROUGEOLEDRC20\Masque de Denombrement\Data\BASE DENOMBREMENT.csdb
<Paradata Log>  C:\ROUGEOLEDRC20\Masque de Denombrement\Denombrement.cslog

Date            Nov 10, 2020
Start Time      15:52:32
End Time        15:52:38



CSPro Executor Normal End
------------------------------------------------------------------------------------------------------------------------
Application     C:\ROUGEOLEDRC20\Masque de Denombrement\Denombrement.ent
Type            ENTRY
Input Data      <<CSPro DB>> C:\ROUGEOLEDRC20\Masque de Denombrement\Data\BASE DENOMBREMENT.csdb
<Paradata Log>  C:\ROUGEOLEDRC20\Masque de Denombrement\Denombrement.cslog

Date            Nov 10, 2020
Start Time      15:52:57
End Time        15:53:01



CSPro Executor Normal End
------------------------------------------------------------------------------------------------------------------------
Application     C:\ROUGEOLEDRC20\Masque de Denombrement\Denombrement.ent
Type            ENTRY
Input Data      <<CSPro DB>> C:\ROUGEOLEDRC20\Masque de Denombrement\Data\BASE DENOMBREMENT.csdb
<Paradata Log>  C:\ROUGEOLEDRC20\Masque de Denombrement\Denombrement.cslog

Date            Nov 10, 2020
Start Time      15:53:39
End Time        15:55:39


System messages:

  Number        Freq         Message Text                                                                               
  ------        ----         ------------                                                                               
   88889           2         WARNING: Out of range! Please enter a valid value for %s%s                                 
   99990           2         Operator entered a value out of range                                                      


CSPro Executor Normal End
------------------------------------------------------------------------------------------------------------------------
Application     C:\ROUGEOLEDRC20\Masque de Denombrement\Denombrement.ent
Type            ENTRY
Input Data      <<CSPro DB>> C:\ROUGEOLEDRC20\Masque de Denombrement\Data\BASE DENOMBREMENT.csdb
<Paradata Log>  C:\ROUGEOLEDRC20\Masque de Denombrement\Denombrement.cslog

Date            Nov 10, 2020
Start Time      15:56:14
End Time        15:56:46



CSPro Executor Normal End
------------------------------------------------------------------------------------------------------------------------
Application     C:\ROUGEOLEDRC20\Masque de Denombrement\Denombrement.ent
Type            ENTRY
Input Data      <<CSPro DB>> C:\ROUGEOLEDRC20\Masque de Denombrement\Data\BASE DENOMBREMENT.csdb
<Paradata Log>  C:\ROUGEOLEDRC20\Masque de Denombrement\Denombrement.cslog

Date            Nov 10, 2020
Start Time      15:59:06
End Time        15:59:18



CSPro Executor Normal End
------------------------------------------------------------------------------------------------------------------------
Application     C:\ROUGEOLEDRC20\Masque de Denombrement\Denombrement.ent
Type            ENTRY
Input Data      <<CSPro DB>> C:\ROUGEOLEDRC20\Masque de Denombrement\Data\BASE DENOMBREMENT.csdb
<Paradata Log>  C:\ROUGEOLEDRC20\Masque de Denombrement\Denombrement.cslog

Date            Nov 10, 2020
Start Time      15:59:23
End Time        16:03:25


System messages:

  Number        Freq         Message Text                                                                               
  ------        ----         ------------                                                                               
   88889           1         WARNING: Out of range! Please enter a valid value for %s%s                                 
   99990           1         Operator entered a value out of range                                                      


CSPro Executor Normal End
------------------------------------------------------------------------------------------------------------------------
Application     C:\ROUGEOLEDRC20\Masque de Denombrement\Denombrement.ent
Type            ENTRY
Input Data      <<CSPro DB>> C:\ROUGEOLEDRC20\Masque de Denombrement\Data\BASE DENOMBREMENT.csdb
<Paradata Log>  C:\ROUGEOLEDRC20\Masque de Denombrement\Denombrement.cslog

Date            Nov 10, 2020
Start Time      16:03:29
End Time        16:03:44


System messages:

  Number        Freq         Message Text                                                                               
  ------        ----         ------------                                                                               
   88889           1         WARNING: Out of range! Please enter a valid value for %s%s                                 
   99990           1         Operator entered a value out of range                                                      


CSPro Executor Normal End
------------------------------------------------------------------------------------------------------------------------
Application     C:\ROUGEOLEDRC20\Masque de Denombrement\Denombrement.ent
Type            ENTRY
Input Data      <<CSPro DB>> C:\ROUGEOLEDRC20\Masque de Denombrement\Data\BASE DENOMBREMENT.csdb
<Paradata Log>  C:\ROUGEOLEDRC20\Masque de Denombrement\Denombrement.cslog

Date            Nov 10, 2020
Start Time      17:17:10
End Time        17:18:30



CSPro Executor Normal End
------------------------------------------------------------------------------------------------------------------------
Application     C:\ROUGEOLEDRC20\Masque de Denombrement\Denombrement.ent
Type            ENTRY
Input Data      <<CSPro DB>> C:\ROUGEOLEDRC20\Masque de Denombrement\Data\BASE DENOMBREMENT.csdb
<Paradata Log>  C:\ROUGEOLEDRC20\Masque de Denombrement\Denombrement.cslog

Date            Nov 10, 2020
Start Time      17:20:15
End Time        17:20:44



CSPro Executor Normal End
------------------------------------------------------------------------------------------------------------------------
Application     C:\ROUGEOLEDRC20\Masque de Denombrement\Denombrement.ent
Type            ENTRY
Input Data      <<CSPro DB>> C:\ROUGEOLEDRC20\Masque de Denombrement\Data\BASE DENOMBREMENT.csdb
<Paradata Log>  C:\ROUGEOLEDRC20\Masque de Denombrement\Denombrement.cslog

Date            Nov 10, 2020
Start Time      17:22:40
End Time        17:23:56


System messages:

  Number        Freq         Message Text                                                                               
  ------        ----         ------------                                                                               
   88889           1         WARNING: Out of range! Please enter a valid value for %s%s                                 
   99990           1         Operator entered a value out of range                                                      


CSPro Executor Normal End
------------------------------------------------------------------------------------------------------------------------
Application     C:\ROUGEOLEDRC20\Masque de Denombrement\Denombrement.ent
Type            ENTRY
Input Data      <<CSPro DB>> C:\ROUGEOLEDRC20\Masque de Denombrement\Data\BASE DENOMBREMENT.csdb
<Paradata Log>  C:\ROUGEOLEDRC20\Masque de Denombrement\Denombrement.cslog

Date            Nov 10, 2020
Start Time      18:21:42
End Time        18:21:46



CSPro Executor Normal End
------------------------------------------------------------------------------------------------------------------------
Application     C:\ROUGEOLEDRC20\Masque de Denombrement\Denombrement.ent
Type            ENTRY
Input Data      <<CSPro DB>> C:\ROUGEOLEDRC20\Masque de Denombrement\Data\BASE DENOMBREMENT.csdb
<Paradata Log>  C:\ROUGEOLEDRC20\Masque de Denombrement\Denombrement.cslog

Date            Nov 10, 2020
Start Time      18:22:07
End Time        18:23:56


System messages:

  Number        Freq         Message Text                                                                               
  ------        ----         ------------                                                                               
   88889           3         WARNING: Out of range! Please enter a valid value for %s%s                                 
   99990           3         Operator entered a value out of range                                                      


CSPro Executor Normal End
------------------------------------------------------------------------------------------------------------------------
Application     C:\ROUGEOLEDRC20\Masque de Denombrement\Denombrement.ent
Type            ENTRY
Input Data      <<CSPro DB>> C:\ROUGEOLEDRC20\Masque de Denombrement\Data\BASE DENOMBREMENT.csdb
<Paradata Log>  C:\ROUGEOLEDRC20\Masque de Denombrement\Denombrement.cslog

Date            Nov 10, 2020
Start Time      18:24:45
End Time        18:27:58


System messages:

  Number        Freq         Message Text                                                                               
  ------        ----         ------------                                                                               
   91188           1         Unable to 'reenter %s' - target-item field is a skipped field {in %p}                      


CSPro Executor Normal End
------------------------------------------------------------------------------------------------------------------------
Application     C:\ROUGEOLEDRC20\Masque de Denombrement\Denombrement.ent
Type            ENTRY
Input Data      <<CSPro DB>> C:\ROUGEOLEDRC20\Masque de Denombrement\Data\BASE DENOMBREMENT.csdb
<Paradata Log>  C:\ROUGEOLEDRC20\Masque de Denombrement\Denombrement.cslog

Date            Nov 10, 2020
Start Time      18:30:52
End Time        18:32:55


System messages:

  Number        Freq         Message Text                                                                               
  ------        ----         ------------                                                                               
   88889           1         WARNING: Out of range! Please enter a valid value for %s%s                                 
   91188           1         Unable to 'reenter %s' - target-item field is a skipped field {in %p}                      
   99990           1         Operator entered a value out of range                                                      


CSPro Executor Normal End
------------------------------------------------------------------------------------------------------------------------
Application     C:\ROUGEOLEDRC20\Masque de Denombrement\Denombrement.ent
Type            ENTRY
Input Data      <<CSPro DB>> C:\ROUGEOLEDRC20\Masque de Denombrement\Data\BASE DENOMBREMENT.csdb
<Paradata Log>  C:\ROUGEOLEDRC20\Masque de Denombrement\Denombrement.cslog

Date            Nov 10, 2020
Start Time      18:34:44
End Time        18:37:03


System messages:

  Number        Freq         Message Text                                                                               
  ------        ----         ------------                                                                               
   91188           2         Unable to 'reenter %s' - target-item field is a skipped field {in %p}                      


CSPro Executor Normal End
------------------------------------------------------------------------------------------------------------------------
Application     C:\ROUGEOLEDRC20\Masque de Denombrement\Denombrement.ent
Type            ENTRY
Input Data      <<CSPro DB>> C:\ROUGEOLEDRC20\Masque de Denombrement\Data\BASE DENOMBREMENT.csdb
<Paradata Log>  C:\ROUGEOLEDRC20\Masque de Denombrement\Denombrement.cslog

Date            Nov 10, 2020
Start Time      18:41:33
End Time        18:42:16


System messages:

  Number        Freq         Message Text                                                                               
  ------        ----         ------------                                                                               
   88889           1         WARNING: Out of range! Please enter a valid value for %s%s                                 
   99990           1         Operator entered a value out of range                                                      


CSPro Executor Normal End
------------------------------------------------------------------------------------------------------------------------
Application     C:\ROUGEOLEDRC20\Masque de Denombrement\Denombrement.ent
Type            ENTRY
Input Data      <<CSPro DB>> C:\ROUGEOLEDRC20\Masque de Denombrement\Data\BASE DENOMBREMENT.csdb
<Paradata Log>  C:\ROUGEOLEDRC20\Masque de Denombrement\Denombrement.cslog

Date            Nov 10, 2020
Start Time      18:47:27
End Time        18:48:57



CSPro Executor Normal End
------------------------------------------------------------------------------------------------------------------------
Application     C:\ROUGEOLEDRC20\Masque de Denombrement\Denombrement.ent
Type            ENTRY
Input Data      <<CSPro DB>> C:\ROUGEOLEDRC20\Masque de Denombrement\Data\BASE DENOMBREMENT.csdb
<Paradata Log>  C:\ROUGEOLEDRC20\Masque de Denombrement\Denombrement.cslog

Date            Nov 10, 2020
Start Time      18:49:52
End Time        18:50:12



CSPro Executor Normal End
------------------------------------------------------------------------------------------------------------------------
Application     C:\ROUGEOLEDRC20\Masque de Denombrement\Denombrement.ent
Type            ENTRY
Input Data      <<CSPro DB>> C:\ROUGEOLEDRC20\Masque de Denombrement\Data\BASE DENOMBREMENT.csdb
<Paradata Log>  C:\ROUGEOLEDRC20\Masque de Denombrement\Denombrement.cslog

Date            Nov 10, 2020
Start Time      18:50:13
End Time        18:50:53



CSPro Executor Normal End
------------------------------------------------------------------------------------------------------------------------
Application     C:\ROUGEOLEDRC20\Masque de Denombrement\Denombrement.ent
Type            ENTRY
Input Data      <<CSPro DB>> C:\ROUGEOLEDRC20\Masque de Denombrement\Data\BASE DENOMBREMENT.csdb
<Paradata Log>  C:\ROUGEOLEDRC20\Masque de Denombrement\Denombrement.cslog

Date            Nov 10, 2020
Start Time      18:50:55
End Time        18:52:28


System messages:

  Number        Freq         Message Text                                                                               
  ------        ----         ------------                                                                               
   88889           1         WARNING: Out of range! Please enter a valid value for %s%s                                 
   99990           1         Operator entered a value out of range                                                      


CSPro Executor Normal End
------------------------------------------------------------------------------------------------------------------------
Application     C:\ROUGEOLEDRC20\Masque de Denombrement\Denombrement.ent
Type            ENTRY
Input Data      <<CSPro DB>> C:\ROUGEOLEDRC20\Masque de Denombrement\Data\BASE DENOMBREMENT.csdb
<Paradata Log>  C:\ROUGEOLEDRC20\Masque de Denombrement\Denombrement.cslog

Date            Nov 10, 2020
Start Time      18:55:22
End Time        18:56:18


System messages:

  Number        Freq         Message Text                                                                               
  ------        ----         ------------                                                                               
   88889           3         WARNING: Out of range! Please enter a valid value for %s%s                                 
   99990           3         Operator entered a value out of range                                                      


CSPro Executor Normal End
------------------------------------------------------------------------------------------------------------------------
Application     C:\ROUGEOLEDRC20\Masque de Denombrement\Denombrement.ent
Type            ENTRY
Input Data      <<CSPro DB>> C:\ROUGEOLEDRC20\Masque de Denombrement\Data\BASE DENOMBREMENT.csdb
<Paradata Log>  C:\ROUGEOLEDRC20\Masque de Denombrement\Denombrement.cslog

Date            Nov 10, 2020
Start Time      18:57:41
End Time        18:58:57


System messages:

  Number        Freq         Message Text                                                                               
  ------        ----         ------------                                                                               
   88889           1         WARNING: Out of range! Please enter a valid value for %s%s                                 
   91188           1         Unable to 'reenter %s' - target-item field is a skipped field {in %p}                      
   99990           1         Operator entered a value out of range                                                      


CSPro Executor Normal End
------------------------------------------------------------------------------------------------------------------------
Application     C:\ROUGEOLEDRC20\Masque de Denombrement\Denombrement.ent
Type            ENTRY
Input Data      <<CSPro DB>> C:\ROUGEOLEDRC20\Masque de Denombrement\Data\BASE DENOMBREMENT.csdb
<Paradata Log>  C:\ROUGEOLEDRC20\Masque de Denombrement\Denombrement.cslog

Date            Nov 10, 2020
Start Time      19:06:58
End Time        19:07:55


System messages:

  Number        Freq         Message Text                                                                               
  ------        ----         ------------                                                                               
   88889           2         WARNING: Out of range! Please enter a valid value for %s%s                                 
   99990           2         Operator entered a value out of range                                                      


CSPro Executor Normal End
------------------------------------------------------------------------------------------------------------------------
Application     C:\ROUGEOLEDRC20\Masque de Denombrement\Denombrement.ent
Type            ENTRY
Input Data      <<CSPro DB>> C:\ROUGEOLEDRC20\Masque de Denombrement\Data\BASE DENOMBREMENT.csdb
<Paradata Log>  C:\ROUGEOLEDRC20\Masque de Denombrement\Denombrement.cslog

Date            Nov 10, 2020
Start Time      19:08:52
End Time        19:09:01



CSPro Executor Normal End
------------------------------------------------------------------------------------------------------------------------
Application     C:\ROUGEOLEDRC20\Masque de Denombrement\Denombrement.ent
Type            ENTRY
Input Data      <<CSPro DB>> C:\ROUGEOLEDRC20\Masque de Denombrement\Data\BASE DENOMBREMENT.csdb
<Paradata Log>  C:\ROUGEOLEDRC20\Masque de Denombrement\Denombrement.cslog

Date            Nov 10, 2020
Start Time      19:09:03
End Time        19:10:12


System messages:

  Number        Freq         Message Text                                                                               
  ------        ----         ------------                                                                               
   88889           1         WARNING: Out of range! Please enter a valid value for %s%s                                 
   99990           1         Operator entered a value out of range                                                      


CSPro Executor Normal End
------------------------------------------------------------------------------------------------------------------------
Application     C:\ROUGEOLEDRC20\Masque de Denombrement\Denombrement.ent
Type            ENTRY
Input Data      <<CSPro DB>> C:\ROUGEOLEDRC20\Masque de Denombrement\Data\BASE DENOMBREMENT.csdb
<Paradata Log>  C:\ROUGEOLEDRC20\Masque de Denombrement\Denombrement.cslog

Date            Nov 10, 2020
Start Time      19:12:59
End Time        19:14:50


System messages:

  Number        Freq         Message Text                                                                               
  ------        ----         ------------                                                                               
   88889           1         WARNING: Out of range! Please enter a valid value for %s%s                                 
   91188           2         Unable to 'reenter %s' - target-item field is a skipped field {in %p}                      
   99990           1         Operator entered a value out of range                                                      


CSPro Executor Normal End
------------------------------------------------------------------------------------------------------------------------
Application     C:\ROUGEOLEDRC20\Masque de Denombrement\Denombrement.ent
Type            ENTRY
Input Data      <<CSPro DB>> C:\ROUGEOLEDRC20\Masque de Denombrement\Data\BASE DENOMBREMENT.csdb
<Paradata Log>  C:\ROUGEOLEDRC20\Masque de Denombrement\Denombrement.cslog

Date            Nov 10, 2020
Start Time      19:16:48
End Time        19:17:53


System messages:

  Number        Freq         Message Text                                                                               
  ------        ----         ------------                                                                               
   91188           1         Unable to 'reenter %s' - target-item field is a skipped field {in %p}                      


CSPro Executor Normal End
------------------------------------------------------------------------------------------------------------------------
Application     C:\ROUGEOLEDRC20\Masque de Denombrement\Denombrement.ent
Type            ENTRY
Input Data      <<CSPro DB>> C:\ROUGEOLEDRC20\Masque de Denombrement\Data\BASE DENOMBREMENT.csdb
<Paradata Log>  C:\ROUGEOLEDRC20\Masque de Denombrement\Denombrement.cslog

Date            Nov 10, 2020
Start Time      19:22:36
End Time        19:24:25


System messages:

  Number        Freq         Message Text                                                                               
  ------        ----         ------------                                                                               
   88889           1         WARNING: Out of range! Please enter a valid value for %s%s                                 
   99990           1         Operator entered a value out of range                                                      


CSPro Executor Normal End
------------------------------------------------------------------------------------------------------------------------
Application     C:\ROUGEOLEDRC20\Masque de Denombrement\Denombrement.ent
Type            ENTRY
Input Data      <<CSPro DB>> C:\ROUGEOLEDRC20\Masque de Denombrement\Data\BASE DENOMBREMENT.csdb
<Paradata Log>  C:\ROUGEOLEDRC20\Masque de Denombrement\Denombrement.cslog

Date            Nov 11, 2020
Start Time      08:03:38
End Time        08:03:55



CSPro Executor Normal End
------------------------------------------------------------------------------------------------------------------------
Application     C:\ROUGEOLEDRC20\Masque de Denombrement\Denombrement.ent
Type            ENTRY
Input Data      <<CSPro DB>> C:\ROUGEOLEDRC20\Masque de Denombrement\Data\BASE DENOMBREMENT.csdb
<Paradata Log>  C:\ROUGEOLEDRC20\Masque de Denombrement\Denombrement.cslog

Date            Nov 12, 2020
Start Time      20:09:51
End Time        20:10:39


System messages:

  Number        Freq         Message Text                                                                               
  ------        ----         ------------                                                                               
   88889           1         WARNING: Out of range! Please enter a valid value for %s%s                                 
   99990           1         Operator entered a value out of range                                                      


CSPro Executor Normal End
------------------------------------------------------------------------------------------------------------------------
Application     C:\ROUGEOLEDRC20\Masque de Denombrement\Denombrement.ent
Type            ENTRY
Input Data      <<CSPro DB>> C:\ROUGEOLEDRC20\Masque de Denombrement\Data\BASE DENOMBREMENT.csdb
<Paradata Log>  C:\ROUGEOLEDRC20\Masque de Denombrement\Denombrement.cslog

Date            Nov 12, 2020
Start Time      20:11:07
End Time        20:11:35



CSPro Executor Normal End
------------------------------------------------------------------------------------------------------------------------
Application     C:\ROUGEOLEDRC20\Masque de Denombrement\Denombrement.ent
Type            ENTRY
Input Data      <<CSPro DB>> C:\ROUGEOLEDRC20\Masque de Denombrement\Data\BASE DENOMBREMENT.csdb
<Paradata Log>  C:\ROUGEOLEDRC20\Masque de Denombrement\Denombrement.cslog

Date            Nov 12, 2020
Start Time      20:12:48
End Time        20:13:45



CSPro Executor Normal End
------------------------------------------------------------------------------------------------------------------------
Application     C:\ROUGEOLEDRC20\Masque de Denombrement\Denombrement.ent
Type            ENTRY
Input Data      <<CSPro DB>> C:\ROUGEOLEDRC20\Masque de Denombrement\Data\BASE DENOMBREMENT.csdb
<Paradata Log>  C:\ROUGEOLEDRC20\Masque de Denombrement\Denombrement.cslog

Date            Nov 12, 2020
Start Time      20:17:30
End Time        20:18:38


System messages:

  Number        Freq         Message Text                                                                               
  ------        ----         ------------                                                                               
   88889           1         WARNING: Out of range! Please enter a valid value for %s%s                                 
   99990           1         Operator entered a value out of range                                                      


CSPro Executor Normal End
------------------------------------------------------------------------------------------------------------------------
Application     C:\ROUGEOLEDRC20\Masque de Denombrement\Denombrement.ent
Type            ENTRY
Input Data      <<CSPro DB>> C:\ROUGEOLEDRC20\Masque de Denombrement\Data\BASE DENOMBREMENT.csdb
<Paradata Log>  C:\ROUGEOLEDRC20\Masque de Denombrement\Denombrement.cslog

Date            Nov 13, 2020
Start Time      05:53:56
End Time        05:54:29


System messages:

  Number        Freq         Message Text                                                                               
  ------        ----         ------------                                                                               
   88889           1         WARNING: Out of range! Please enter a valid value for %s%s                                 
   99990           1         Operator entered a value out of range                                                      


CSPro Executor Normal End
------------------------------------------------------------------------------------------------------------------------
Application     C:\ROUGEOLEDRC20\Masque de Denombrement\Denombrement.ent
Type            ENTRY
Input Data      <<CSPro DB>> C:\ROUGEOLEDRC20\Masque de Denombrement\Data\BASE DENOMBREMENT.csdb
<Paradata Log>  C:\ROUGEOLEDRC20\Masque de Denombrement\Denombrement.cslog

Date            Nov 13, 2020
Start Time      05:54:31
End Time        05:54:33


System messages:

  Number        Freq         Message Text                                                                               
  ------        ----         ------------                                                                               
   88889           1         WARNING: Out of range! Please enter a valid value for %s%s                                 
   99990           1         Operator entered a value out of range                                                      


CSPro Executor Normal End
------------------------------------------------------------------------------------------------------------------------
