Application     C:\ENQBASE\CFCRTM\CFCRTMHHTEL.pen
Type            ENTRY
Input Data      <<CSPro DB>> C:\ENQBASE\CFCRTMdata\TELENQ56.csdb
External        MICS6HH=<<CSPro DB>> C:\ENQBASE\CFCRTMdata\HHENQ56.csdb

Date            Apr 13, 2019
Start Time      17:34:27
End Time        17:38:00

CSPRO Process Summary

CSPRO Executor Normal End
--------------------------------------------------------------------------------
Application     C:\ENQBASE\CFCRTM\CFCRTMHHTEL.pen
Type            ENTRY
Input Data      <<CSPro DB>> C:\ENQBASE\CFCRTMdata\TELENQ56.csdb
External        MICS6HH=<<CSPro DB>> C:\ENQBASE\CFCRTMdata\HHENQ56.csdb

Date            Apr 14, 2019
Start Time      09:40:40
End Time        09:41:57

CSPRO Process Summary

CSPRO Executor Normal End
--------------------------------------------------------------------------------
Application     C:\ENQBASE\CFCRTM\CFCRTMHHTEL.pen
Type            ENTRY
Input Data      <<CSPro DB>> C:\ENQBASE\CFCRTMdata\TELENQ56.csdb
External        MICS6HH=<<CSPro DB>> C:\ENQBASE\CFCRTMdata\HHENQ56.csdb

Date            Apr 14, 2019
Start Time      09:56:41
End Time        09:58:13

CSPRO Process Summary

CSPRO Executor Normal End
--------------------------------------------------------------------------------
Application     C:\ENQBASE\CFCRTM\CFCRTMHHTEL.pen
Type            ENTRY
Input Data      <<CSPro DB>> C:\ENQBASE\CFCRTMdata\TELENQ56.csdb
External        MICS6HH=<<CSPro DB>> C:\ENQBASE\CFCRTMdata\HHENQ56.csdb

Date            Apr 14, 2019
Start Time      14:15:32
End Time        14:17:32

CSPRO Process Summary

CSPRO Executor Normal End
--------------------------------------------------------------------------------
Application     C:\ENQBASE\CFCRTM\CFCRTMHHTEL.pen
Type            ENTRY
Input Data      <<CSPro DB>> C:\ENQBASE\CFCRTMdata\TELENQ56.csdb
External        MICS6HH=<<CSPro DB>> C:\ENQBASE\CFCRTMdata\HHENQ56.csdb

Date            Apr 14, 2019
Start Time      16:04:22
End Time        16:05:37

CSPRO Process Summary

CSPRO Executor Normal End
--------------------------------------------------------------------------------
Application     C:\ENQBASE\CFCRTM\CFCRTMHHTEL.pen
Type            ENTRY
Input Data      <<CSPro DB>> C:\ENQBASE\CFCRTMdata\TELENQ56.csdb
External        MICS6HH=<<CSPro DB>> C:\ENQBASE\CFCRTMdata\HHENQ56.csdb

Date            Apr 14, 2019
Start Time      17:51:21
End Time        17:53:06

CSPRO Process Summary

CSPRO Executor Normal End
--------------------------------------------------------------------------------
Application     C:\ENQBASE\CFCRTM\CFCRTMHHTEL.pen
Type            ENTRY
Input Data      <<CSPro DB>> C:\ENQBASE\CFCRTMdata\TELENQ56.csdb
External        MICS6HH=<<CSPro DB>> C:\ENQBASE\CFCRTMdata\HHENQ56.csdb

Date            Apr 15, 2019
Start Time      09:57:30
End Time        09:57:51

CSPRO Process Summary

CSPRO Executor Normal End
--------------------------------------------------------------------------------
Application     C:\ENQBASE\CFCRTM\CFCRTMHHTEL.pen
Type            ENTRY
Input Data      <<CSPro DB>> C:\ENQBASE\CFCRTMdata\TELENQ56.csdb
External        MICS6HH=<<CSPro DB>> C:\ENQBASE\CFCRTMdata\HHENQ56.csdb

Date            Apr 15, 2019
Start Time      09:57:54
End Time        09:58:29

CSPRO Process Summary

CSPRO Executor Normal End
--------------------------------------------------------------------------------
Application     C:\ENQBASE\CFCRTM\CFCRTMHHTEL.pen
Type            ENTRY
Input Data      <<CSPro DB>> C:\ENQBASE\CFCRTMdata\TELENQ56.csdb
External        MICS6HH=<<CSPro DB>> C:\ENQBASE\CFCRTMdata\HHENQ56.csdb

Date            Apr 15, 2019
Start Time      09:58:29
End Time        09:58:51

CSPRO Process Summary

CSPRO Executor Normal End
--------------------------------------------------------------------------------
Application     C:\ENQBASE\CFCRTM\CFCRTMHHTEL.pen
Type            ENTRY
Input Data      <<CSPro DB>> C:\ENQBASE\CFCRTMdata\TELENQ56.csdb
External        MICS6HH=<<CSPro DB>> C:\ENQBASE\CFCRTMdata\HHENQ56.csdb

Date            Apr 15, 2019
Start Time      09:58:51
End Time        09:59:18

CSPRO Process Summary

CSPRO Executor Normal End
--------------------------------------------------------------------------------
Application     C:\ENQBASE\CFCRTM\CFCRTMHHTEL.pen
Type            ENTRY
Input Data      <<CSPro DB>> C:\ENQBASE\CFCRTMdata\TELENQ56.csdb
External        MICS6HH=<<CSPro DB>> C:\ENQBASE\CFCRTMdata\HHENQ56.csdb

Date            Apr 15, 2019
Start Time      09:59:22
End Time        09:59:43

CSPRO Process Summary

CSPRO Executor Normal End
--------------------------------------------------------------------------------
Application     C:\ENQBASE\CFCRTM\CFCRTMHHTEL.pen
Type            ENTRY
Input Data      <<CSPro DB>> C:\ENQBASE\CFCRTMdata\TELENQ56.csdb
External        MICS6HH=<<CSPro DB>> C:\ENQBASE\CFCRTMdata\HHENQ56.csdb

Date            Apr 15, 2019
Start Time      09:59:55
End Time        10:01:56

CSPRO Process Summary

System messages:

 Number    Frequency   Message text
 ------    ---------   ------------
  99990            2   l'opérateur a entré une valeur hors de portée    

CSPRO Executor Normal End
--------------------------------------------------------------------------------
Application     C:\ENQBASE\CFCRTM\CFCRTMHHTEL.pen
Type            ENTRY
Input Data      <<CSPro DB>> C:\ENQBASE\CFCRTMdata\TELENQ56.csdb
External        MICS6HH=<<CSPro DB>> C:\ENQBASE\CFCRTMdata\HHENQ56.csdb

Date            Apr 16, 2019
Start Time      19:26:20
End Time        19:28:46

CSPRO Process Summary

CSPRO Executor Normal End
--------------------------------------------------------------------------------
