Application     C:\ENQBASE\CFCRTM\CFCRTMWM.pen
Type            ENTRY
Input Data      <<CSPro DB>> C:\ENQBASE\CFCRTMdata\WMENQ59.csdb
External        MICS6HH=<<CSPro DB>> C:\ENQBASE\CFCRTMdata\HHENQ59.csdb

Date            Apr 14, 2019
Start Time      14:14:39
End Time        14:26:05

CSPRO Process Summary

System messages:

 Number    Frequency   Message text
 ------    ---------   ------------
  99990            3   Operator entered a value out of range            

User unnumbered messages:

   Line    Freq  Pct.  Message text                                        Denom
   ----    ----  ----  ------------                                        -----
   3336       1    -   Avez-vous une observation à renseigner?                 -

CSPRO Executor Normal End
--------------------------------------------------------------------------------
Application     C:\ENQBASE\CFCRTM\CFCRTMWM.pen
Type            ENTRY
Input Data      <<CSPro DB>> C:\ENQBASE\CFCRTMdata\WMENQ59.csdb
External        MICS6HH=<<CSPro DB>> C:\ENQBASE\CFCRTMdata\HHENQ59.csdb

Date            Apr 14, 2019
Start Time      15:02:35
End Time        15:12:32

CSPRO Process Summary

System messages:

 Number    Frequency   Message text
 ------    ---------   ------------
  99990            1   Operator entered a value out of range            

User unnumbered messages:

   Line    Freq  Pct.  Message text                                        Denom
   ----    ----  ----  ------------                                        -----
   3336       1    -   Avez-vous une observation à renseigner?                 -

CSPRO Executor Normal End
--------------------------------------------------------------------------------
Application     C:\ENQBASE\CFCRTM\CFCRTMWM.pen
Type            ENTRY
Input Data      <<CSPro DB>> C:\ENQBASE\CFCRTMdata\WMENQ59.csdb
External        MICS6HH=<<CSPro DB>> C:\ENQBASE\CFCRTMdata\HHENQ59.csdb

Date            Apr 14, 2019
Start Time      16:00:08
End Time        16:11:55

CSPRO Process Summary

System messages:

 Number    Frequency   Message text
 ------    ---------   ------------
  99990            1   Operator entered a value out of range            

User unnumbered messages:

   Line    Freq  Pct.  Message text                                        Denom
   ----    ----  ----  ------------                                        -----
   3336       1    -   Avez-vous une observation à renseigner?                 -

CSPRO Executor Normal End
--------------------------------------------------------------------------------
Application     C:\ENQBASE\CFCRTM\CFCRTMWM.pen
Type            ENTRY
Input Data      <<CSPro DB>> C:\ENQBASE\CFCRTMdata\WMENQ59.csdb
External        MICS6HH=<<CSPro DB>> C:\ENQBASE\CFCRTMdata\HHENQ59.csdb

Date            Apr 14, 2019
Start Time      17:14:35
End Time        17:24:05

CSPRO Process Summary

System messages:

 Number    Frequency   Message text
 ------    ---------   ------------
  99990            1   Operator entered a value out of range            

User unnumbered messages:

   Line    Freq  Pct.  Message text                                        Denom
   ----    ----  ----  ------------                                        -----
   3336       1    -   Avez-vous une observation à renseigner?                 -

CSPRO Executor Normal End
--------------------------------------------------------------------------------
Application     C:\ENQBASE\CFCRTM\CFCRTMWM.pen
Type            ENTRY
Input Data      <<CSPro DB>> C:\ENQBASE\CFCRTMdata\WMENQ59.csdb
External        MICS6HH=<<CSPro DB>> C:\ENQBASE\CFCRTMdata\HHENQ59.csdb

Date            Apr 15, 2019
Start Time      16:34:51
End Time        16:34:54

CSPRO Process Summary

CSPRO Executor Normal End
--------------------------------------------------------------------------------
Application     C:\ENQBASE\CFCRTM\CFCRTMWM.pen
Type            ENTRY
Input Data      <<CSPro DB>> C:\ENQBASE\CFCRTMdata\WMENQ59.csdb
External        MICS6HH=<<CSPro DB>> C:\ENQBASE\CFCRTMdata\HHENQ59.csdb

Date            Apr 15, 2019
Start Time      16:40:07
End Time        16:50:35

CSPRO Process Summary

System messages:

 Number    Frequency   Message text
 ------    ---------   ------------
  99990            2   Operator entered a value out of range            

User unnumbered messages:

   Line    Freq  Pct.  Message text                                        Denom
   ----    ----  ----  ------------                                        -----
   3336       1    -   Avez-vous une observation à renseigner?                 -

CSPRO Executor Normal End
--------------------------------------------------------------------------------
Application     C:\ENQBASE\CFCRTM\CFCRTMWM.pen
Type            ENTRY
Input Data      <<CSPro DB>> C:\ENQBASE\CFCRTMdata\WMENQ59.csdb
External        MICS6HH=<<CSPro DB>> C:\ENQBASE\CFCRTMdata\HHENQ59.csdb

Date            Apr 15, 2019
Start Time      17:28:24
End Time        17:39:21

CSPRO Process Summary

System messages:

 Number    Frequency   Message text
 ------    ---------   ------------
  99990            1   Operator entered a value out of range            

User unnumbered messages:

   Line    Freq  Pct.  Message text                                        Denom
   ----    ----  ----  ------------                                        -----
   3336       1    -   Avez-vous une observation à renseigner?                 -

CSPRO Executor Normal End
--------------------------------------------------------------------------------
Application     C:\ENQBASE\CFCRTM\CFCRTMWM.pen
Type            ENTRY
Input Data      <<CSPro DB>> C:\ENQBASE\CFCRTMdata\WMENQ59.csdb
External        MICS6HH=<<CSPro DB>> C:\ENQBASE\CFCRTMdata\HHENQ59.csdb

Date            Apr 15, 2019
Start Time      17:47:01
End Time        17:47:59

CSPRO Process Summary

User unnumbered messages:

   Line    Freq  Pct.  Message text                                        Denom
   ----    ----  ----  ------------                                        -----
   3336       1    -   Avez-vous une observation à renseigner?                 -

CSPRO Executor Normal End
--------------------------------------------------------------------------------
Application     C:\ENQBASE\CFCRTM\CFCRTMWM.pen
Type            ENTRY
Input Data      <<CSPro DB>> C:\ENQBASE\CFCRTMdata\WMENQ59.csdb
External        MICS6HH=<<CSPro DB>> C:\ENQBASE\CFCRTMdata\HHENQ59.csdb

Date            Apr 16, 2019
Start Time      07:24:53
End Time        07:44:42

CSPRO Process Summary

System messages:

 Number    Frequency   Message text
 ------    ---------   ------------
  99990            1   Operator entered a value out of range            

User numbered messages:

 Number    Freq  Pct.  Message text                                        Denom
 ------    ----  ----  ------------                                        -----
   9992       1    -   D Unité et nombre incohérents; vérifier les instr       -

User unnumbered messages:

   Line    Freq  Pct.  Message text                                        Denom
   ----    ----  ----  ------------                                        -----
   3336       1    -   Avez-vous une observation à renseigner?                 -

CSPRO Executor Normal End
--------------------------------------------------------------------------------
Application     C:\ENQBASE\CFCRTM\CFCRTMWM.pen
Type            ENTRY
Input Data      <<CSPro DB>> C:\ENQBASE\CFCRTMdata\WMENQ59.csdb
External        MICS6HH=<<CSPro DB>> C:\ENQBASE\CFCRTMdata\HHENQ59.csdb

Date            Apr 16, 2019
Start Time      08:29:29
End Time        08:37:28

CSPRO Process Summary

System messages:

 Number    Frequency   Message text
 ------    ---------   ------------
  88111            1   Ignoring 'skip to @%s': referred target '%s' is a

User unnumbered messages:

   Line    Freq  Pct.  Message text                                        Denom
   ----    ----  ----  ------------                                        -----
   3336       1    -   Avez-vous une observation à renseigner?                 -

CSPRO Executor Normal End
--------------------------------------------------------------------------------
Application     C:\ENQBASE\CFCRTM\CFCRTMWM.pen
Type            ENTRY
Input Data      <<CSPro DB>> C:\ENQBASE\CFCRTMdata\WMENQ59.csdb
External        MICS6HH=<<CSPro DB>> C:\ENQBASE\CFCRTMdata\HHENQ59.csdb

Date            Apr 16, 2019
Start Time      16:11:22
End Time        16:12:35

CSPRO Process Summary

User unnumbered messages:

   Line    Freq  Pct.  Message text                                        Denom
   ----    ----  ----  ------------                                        -----
   3336       1    -   Avez-vous une observation à renseigner?                 -

CSPRO Executor Normal End
--------------------------------------------------------------------------------
Application     C:\ENQBASE\CFCRTM\CFCRTMWM.pen
Type            ENTRY
Input Data      <<CSPro DB>> C:\ENQBASE\CFCRTMdata\WMENQ59.csdb
External        MICS6HH=<<CSPro DB>> C:\ENQBASE\CFCRTMdata\HHENQ59.csdb

Date            Apr 16, 2019
Start Time      17:47:43
End Time        17:48:04

CSPRO Process Summary

System messages:

 Number    Frequency   Message text
 ------    ---------   ------------
   8052            1   You cannot execute SavePartial until the ID items

CSPRO Executor Normal End
--------------------------------------------------------------------------------
Application     C:\ENQBASE\CFCRTM\CFCRTMWM.pen
Type            ENTRY
Input Data      <<CSPro DB>> C:\ENQBASE\CFCRTMdata\WMENQ59.csdb
External        MICS6HH=<<CSPro DB>> C:\ENQBASE\CFCRTMdata\HHENQ59.csdb

Date            Apr 16, 2019
Start Time      17:48:04
End Time        17:48:04

CSPRO Process Summary

System messages:

 Number    Frequency   Message text
 ------    ---------   ------------
   8052            1   You cannot execute SavePartial until the ID items

CSPRO Executor Normal End
--------------------------------------------------------------------------------
Application     C:\ENQBASE\CFCRTM\CFCRTMWM.pen
Type            ENTRY
Input Data      <<CSPro DB>> C:\ENQBASE\CFCRTMdata\WMENQ59.csdb
External        MICS6HH=<<CSPro DB>> C:\ENQBASE\CFCRTMdata\HHENQ59.csdb

Date            Apr 16, 2019
Start Time      17:48:13
End Time        17:49:56

CSPRO Process Summary

User unnumbered messages:

   Line    Freq  Pct.  Message text                                        Denom
   ----    ----  ----  ------------                                        -----
   3336       1    -   Avez-vous une observation à renseigner?                 -

CSPRO Executor Normal End
--------------------------------------------------------------------------------
