Application     C:\ENQBASE\CFCRTM\CFCRTMHHTEL.pen
Type            ENTRY
Input Data      <<CSPro DB>> C:\ENQBASE\CFCRTMdata\TELENQ03.csdb
External        MICS6HH=<<CSPro DB>> C:\ENQBASE\CFCRTMdata\HHENQ03.csdb

Date            Apr 12, 2019
Start Time      10:02:35
End Time        10:03:35

CSPRO Process Summary

CSPRO Executor Normal End
--------------------------------------------------------------------------------
Application     C:\ENQBASE\CFCRTM\CFCRTMHHTEL.pen
Type            ENTRY
Input Data      <<CSPro DB>> C:\ENQBASE\CFCRTMdata\TELENQ03.csdb
External        MICS6HH=<<CSPro DB>> C:\ENQBASE\CFCRTMdata\HHENQ03.csdb

Date            Apr 12, 2019
Start Time      11:04:12
End Time        11:22:48

CSPRO Process Summary

System messages:

 Number    Frequency   Message text
 ------    ---------   ------------
  99990            1   l'opérateur a entré une valeur hors de portée    

CSPRO Executor Normal End
--------------------------------------------------------------------------------
Application     C:\ENQBASE\CFCRTM\CFCRTMHHTEL.pen
Type            ENTRY
Input Data      <<CSPro DB>> C:\ENQBASE\CFCRTMdata\TELENQ03.csdb
External        MICS6HH=<<CSPro DB>> C:\ENQBASE\CFCRTMdata\HHENQ03.csdb

Date            Apr 12, 2019
Start Time      11:22:52
End Time        11:30:05

CSPRO Process Summary

User unnumbered messages:

   Line    Freq  Pct.  Message text                                        Denom
   ----    ----  ----  ------------                                        -----
     97       1    -   Vous avez saisi un numéro d'agent différent de ce       -

CSPRO Executor Normal End
--------------------------------------------------------------------------------
Application     C:\ENQBASE\CFCRTM\CFCRTMHHTEL.pen
Type            ENTRY
Input Data      <<CSPro DB>> C:\ENQBASE\CFCRTMdata\TELENQ03.csdb
External        MICS6HH=<<CSPro DB>> C:\ENQBASE\CFCRTMdata\HHENQ03.csdb

Date            Apr 16, 2019
Start Time      09:25:04
End Time        09:26:49

CSPRO Process Summary

CSPRO Executor Normal End
--------------------------------------------------------------------------------
