Application     C:\ENQBASE\CFCRTM\CFCRTMWM.ent
Type            ENTRY
Input Data      <<Empty>>

Date            Feb 11, 2019
Start Time      13:49:10
End Time        14:01:40

CSPRO Process Summary

System messages:

 Number    Frequency   Message text
 ------    ---------   ------------
  10102            1   Could not open the data source %s: %s            
  10106            1   Due to errors, the data source for %s is set to a
  99990            1   Operator entered a value out of range            

CSPRO Executor Normal End
--------------------------------------------------------------------------------
Application     C:\ENQBASE\CFCRTM\CFCRTMWM.ent
Type            ENTRY
Input Data      <<Empty>>

Date            Feb 11, 2019
Start Time      14:24:32
End Time        14:49:38

CSPRO Process Summary

System messages:

 Number    Frequency   Message text
 ------    ---------   ------------
  10102            1   Could not open the data source %s: %s            
  10106            1   Due to errors, the data source for %s is set to a
  99990            1   Operator entered a value out of range            

User numbered messages:

 Number    Freq  Pct.  Message text                                        Denom
 ------    ----  ----  ------------                                        -----
   1003       3    -   W L'âge de la femme et sa date de naissance incoh       -
   1401       1    -   W Selon DOB (WB1 =%02d /%04d) et DOM (%02d /%04d)       -
   9992       1    -   D Unité et nombre incohérents; vérifier les instr       -

CSPRO Executor Normal End
--------------------------------------------------------------------------------
Application     C:\ENQBASE\CFCRTM\CFCRTMWM.ent
Type            ENTRY
Input Data      <<Empty>>

Date            Feb 11, 2019
Start Time      15:04:28
End Time        15:06:08

CSPRO Process Summary

System messages:

 Number    Frequency   Message text
 ------    ---------   ------------
  10102            1   Could not open the data source %s: %s            
  10106            1   Due to errors, the data source for %s is set to a

CSPRO Executor Normal End
--------------------------------------------------------------------------------
Application     C:\ENQBASE\CFCRTM\CFCRTMWM.ent
Type            ENTRY
Input Data      <<Empty>>

Date            Feb 11, 2019
Start Time      15:07:12
End Time        15:16:00

CSPRO Process Summary

System messages:

 Number    Frequency   Message text
 ------    ---------   ------------
  10102            1   Could not open the data source %s: %s            
  10106            1   Due to errors, the data source for %s is set to a
  99990            2   Operator entered a value out of range            

CSPRO Executor Normal End
--------------------------------------------------------------------------------
Application     C:\ENQBASE\CFCRTM\CFCRTMWM.ent
Type            ENTRY
Input Data      <<Empty>>
External        MICS6HH=<<Empty>>

Date            Feb 18, 2019
Start Time      14:07:22
End Time        14:07:27

CSPRO Process Summary

System messages:

 Number    Frequency   Message text
 ------    ---------   ------------
  10102            1   Could not open the data source %s: %s            
  10106            1   Due to errors, the data source for %s is set to a

CSPRO Executor Normal End
--------------------------------------------------------------------------------
Application     C:\ENQBASE\CFCRTM\CFCRTMWM.ent
Type            ENTRY
Input Data      <<Empty>>
External        MICS6HH=<<Empty>>

Date            Feb 18, 2019
Start Time      14:14:22
End Time        14:14:28

CSPRO Process Summary

System messages:

 Number    Frequency   Message text
 ------    ---------   ------------
   8052            1   You cannot execute SavePartial until the ID items
  10102            1   Could not open the data source %s: %s            
  10106            1   Due to errors, the data source for %s is set to a

CSPRO Executor Normal End
--------------------------------------------------------------------------------
Application     C:\ENQBASE\CFCRTM\CFCRTMWM.ent
Type            ENTRY
Input Data      <<Empty>>
External        MICS6HH=<<CSPro DB>> C:\ENQBASE\CFCRTM\CFCRTMHH2.csdb

Date            Feb 18, 2019
Start Time      14:34:47
End Time        14:34:58

CSPRO Process Summary

System messages:

 Number    Frequency   Message text
 ------    ---------   ------------
   8052            1   You cannot execute SavePartial until the ID items
  10102            1   Could not open the data source %s: %s            
  10106            1   Due to errors, the data source for %s is set to a

CSPRO Executor Normal End
--------------------------------------------------------------------------------
Application     C:\ENQBASE\CFCRTM\CFCRTMWM.ent
Type            ENTRY
Input Data      <<Empty>>
External        MICS6HH=<<CSPro DB>> C:\ENQBASE\CFCRTM\CFCRTMHH2.csdb

Date            Feb 25, 2019
Start Time      09:44:14
End Time        09:44:30

CSPRO Process Summary

System messages:

 Number    Frequency   Message text
 ------    ---------   ------------
  10102            1   Could not open the data source %s: %s            
  10106            1   Due to errors, the data source for %s is set to a

CSPRO Executor Normal End
--------------------------------------------------------------------------------
Application     C:\ENQBASE04\CFCRTM\CFCRTMWM.ent
Type            ENTRY
Input Data      <<Empty>>
External        MICS6HH=<<Empty>>

Date            Jun  7, 2018
Start Time      08:45:30
End Time        08:45:55

CSPRO Process Summary

System messages:

 Number    Frequency   Message text
 ------    ---------   ------------
  10102            2   Could not open the data source %s: %s            
  10106            2   Due to errors, the data source for %s is set to a

CSPRO Executor Normal End
--------------------------------------------------------------------------------
Application     C:\ENQBASE04\CFCRTM\CFCRTMWM.ent
Type            ENTRY
Input Data      <<Empty>>
External        MICS6HH=<<Empty>>

Date            Jun  7, 2018
Start Time      08:47:47
End Time        08:47:49

CSPRO Process Summary

System messages:

 Number    Frequency   Message text
 ------    ---------   ------------
  10102            2   Could not open the data source %s: %s            
  10106            2   Due to errors, the data source for %s is set to a

CSPRO Executor Normal End
--------------------------------------------------------------------------------
Application     C:\ENQBASE04\CFCRTM\CFCRTMWM.ent
Type            ENTRY
Input Data      <<Empty>>
External        MICS6HH=<<Empty>>

Date            Jun  7, 2018
Start Time      08:49:44
End Time        08:49:47

CSPRO Process Summary

System messages:

 Number    Frequency   Message text
 ------    ---------   ------------
  10102            2   Could not open the data source %s: %s            
  10106            2   Due to errors, the data source for %s is set to a

CSPRO Executor Normal End
--------------------------------------------------------------------------------
Application     C:\ENQBASE05\ENQBASE05\CFCRTM\CFCRTMWM.ent
Type            ENTRY
Input Data      <<Empty>>
External        MICS6HH=<<CSPro DB>> C:\ENQBASE05\ENQBASE05\CFCRTM\CFCRTMHH.csdb

Date            Mar  4, 2019
Start Time      12:33:51
End Time        13:15:31

CSPRO Process Summary

System messages:

 Number    Frequency   Message text
 ------    ---------   ------------
  10102            1   Could not open the data source %s: %s            
  10106            1   Due to errors, the data source for %s is set to a
  88111            1   Ignoring 'skip to @%s': referred target '%s' is a
  99990            5   Operator entered a value out of range            

CSPRO Executor Normal End
--------------------------------------------------------------------------------
