Application     C:\ENQBASE\CFCRTM\CFCRTMCH.pen
Type            ENTRY
Input Data      <<CSPro DB>> C:\ENQBASE\CFCRTMdata\CHENQ10.csdb
External        MICS6HH=<<CSPro DB>> C:\ENQBASE\CFCRTMdata\HHENQ10.csdb

Date            Apr  3, 2019
Start Time      17:11:37
End Time        17:11:58

CSPRO Process Summary

System messages:

 Number    Frequency   Message text
 ------    ---------   ------------
  48000            1   Invalid expression (%s) in CAPI text             


A compilation error file (.err) has been created for your application.


CSPRO Executor Normal End
--------------------------------------------------------------------------------
Application     C:\ENQBASE\CFCRTM\CFCRTMCH.pen
Type            ENTRY
Input Data      <<CSPro DB>> C:\ENQBASE\CFCRTMdata\CHENQ10.csdb
External        MICS6HH=<<CSPro DB>> C:\ENQBASE\CFCRTMdata\HHENQ10.csdb

Date            Apr  3, 2019
Start Time      17:12:06
End Time        17:12:20

CSPRO Process Summary

System messages:

 Number    Frequency   Message text
 ------    ---------   ------------
  48000            1   Invalid expression (%s) in CAPI text             


A compilation error file (.err) has been created for your application.


CSPRO Executor Normal End
--------------------------------------------------------------------------------
Application     C:\ENQBASE\CFCRTM\CFCRTMCH.pen
Type            ENTRY
Input Data      <<CSPro DB>> C:\ENQBASE\CFCRTMdata\CHENQ10.csdb
External        MICS6HH=<<CSPro DB>> C:\ENQBASE\CFCRTMdata\HHENQ10.csdb

Date            Apr  3, 2019
Start Time      17:15:41
End Time        17:16:12

CSPRO Process Summary
e            ENTRY
Input Data      <<CSPro DB>> C:\ENQBASE\CFCRTMdata\CHENQ10.csdb
External        MICS6HH=<<CSPro DB>> C:\ENQBASE\CFCRTMdata\HHENQ10.csdb

Date            Apr  3, 2019
Start Time      17:15:42
End Time        17:15:55

CSPRO Process Summary

System messages:

 Number    Frequency   Message text
 ------    ---------   ------------
  48000            1   Invalid expression (%s) in CAPI text             


A compilation error file (.err) has been created for your application.


CSPRO Executor Normal End
--------------------------------------------------------------------------------

System messages:

 Number    Frequency   Message text
 ------    ---------   ------------
  48000            1   Invalid expression (%s) in CAPI text             


A compilation error file (.err) has been created for your application.


CSPRO Executor Normal End
--------------------------------------------------------------------------------
Application     C:\ENQBASE\CFCRTM\CFCRTMCH.pen
Type            ENTRY
Input Data      <<CSPro DB>> C:\ENQBASE\CFCRTMdata\CHENQ10.csdb
External        MICS6HH=<<CSPro DB>> C:\ENQBASE\CFCRTMdata\HHENQ10.csdb

Date            Apr  4, 2019
Start Time      08:47:59
End Time        08:48:04

CSPRO Process Summary

System messages:

 Number    Frequency   Message text
 ------    ---------   ------------
  48000            1   Invalid expression (%s) in CAPI text             


A compilation error file (.err) has been created for your application.


CSPRO Executor Normal End
--------------------------------------------------------------------------------
Application     C:\ENQBASE\CFCRTM\CFCRTMCH.pen
Type            ENTRY
Input Data      <<CSPro DB>> C:\ENQBASE\CFCRTMdata\CHENQ10.csdb
External        MICS6HH=<<CSPro DB>> C:\ENQBASE\CFCRTMdata\HHENQ10.csdb

Date            Apr  4, 2019
Start Time      09:15:13
End Time        09:24:34

CSPRO Process Summary

System messages:

 Number    Frequency   Message text
 ------    ---------   ------------
  48000            1   Invalid expression (%s) in CAPI text             
  99990            1   Operator entered a value out of range            


A compilation error file (.err) has been created for your application.


CSPRO Executor Normal End
--------------------------------------------------------------------------------
Application     C:\ENQBASE\CFCRTM\CFCRTMCH.pen
Type            ENTRY
Input Data      <<CSPro DB>> C:\ENQBASE\CFCRTMdata\CHENQ10.csdb
External        MICS6HH=<<CSPro DB>> C:\ENQBASE\CFCRTMdata\HHENQ10.csdb

Date            Apr  4, 2019
Start Time      09:24:53
End Time        09:34:26

CSPRO Process Summary

System messages:

 Number    Frequency   Message text
 ------    ---------   ------------
  48000            1   Invalid expression (%s) in CAPI text             
  99990            1   Operator entered a value out of range            

User unnumbered messages:

   Line    Freq  Pct.  Message text                                        Denom
   ----    ----  ----  ------------                                        -----
   1390       1    -   Préciser tous les les aliments solides, semi-soli       -


A compilation error file (.err) has been created for your application.


CSPRO Executor Normal End
--------------------------------------------------------------------------------
Application     C:\ENQBASE\CFCRTM\CFCRTMCH.pen
Type            ENTRY
Input Data      <<CSPro DB>> C:\ENQBASE\CFCRTMdata\CHENQ10.csdb
External        MICS6HH=<<CSPro DB>> C:\ENQBASE\CFCRTMdata\HHENQ10.csdb

Date            Apr  4, 2019
Start Time      11:03:20
End Time        11:07:54

CSPRO Process Summary

System messages:

 Number    Frequency   Message text
 ------    ---------   ------------
  48000            1   Invalid expression (%s) in CAPI text             
  99990            1   Operator entered a value out of range            


A compilation error file (.err) has been created for your application.


CSPRO Executor Normal End
--------------------------------------------------------------------------------
Application     C:\ENQBASE\CFCRTM\CFCRTMCH.pen
Type            ENTRY
Input Data      <<CSPro DB>> C:\ENQBASE\CFCRTMdata\CHENQ10.csdb
External        MICS6HH=<<CSPro DB>> C:\ENQBASE\CFCRTMdata\HHENQ10.csdb

Date            Apr  4, 2019
Start Time      11:11:17
End Time        11:26:48

CSPRO Process Summary

System messages:

 Number    Frequency   Message text
 ------    ---------   ------------
  48000            1   Invalid expression (%s) in CAPI text             


A compilation error file (.err) has been created for your application.


CSPRO Executor Normal End
--------------------------------------------------------------------------------
Application     C:\ENQBASE\CFCRTM\CFCRTMCH.pen
Type            ENTRY
Input Data      <<CSPro DB>> C:\ENQBASE\CFCRTMdata\CHENQ10.csdb
External        MICS6HH=<<CSPro DB>> C:\ENQBASE\CFCRTMdata\HHENQ10.csdb

Date            Apr  4, 2019
Start Time      12:15:10
End Time        12:36:11

CSPRO Process Summary

System messages:

 Number    Frequency   Message text
 ------    ---------   ------------
  48000            1   Invalid expression (%s) in CAPI text             

User unnumbered messages:

   Line    Freq  Pct.  Message text                                        Denom
   ----    ----  ----  ------------                                        -----
   1105       1    -   Mère choisie n'est la gardienne de l'enfant dans        -
   1390       1    -   Préciser tous les les aliments solides, semi-soli       -
   2522       1    -   Avez-vous une observation à renseigner?                 -


A compilation error file (.err) has been created for your application.


CSPRO Executor Normal End
--------------------------------------------------------------------------------
Application     C:\ENQBASE\CFCRTM\CFCRTMCH.pen
Type            ENTRY
Input Data      <<CSPro DB>> C:\ENQBASE\CFCRTMdata\CHENQ10.csdb
External        MICS6HH=<<CSPro DB>> C:\ENQBASE\CFCRTMdata\HHENQ10.csdb

Date            Apr  4, 2019
Start Time      13:37:13
End Time        13:41:51

CSPRO Process Summary

System messages:

 Number    Frequency   Message text
 ------    ---------   ------------
  48000            1   Invalid expression (%s) in CAPI text             
  99990            1   Operator entered a value out of range            

User unnumbered messages:

   Line    Freq  Pct.  Message text                                        Denom
   ----    ----  ----  ------------                                        -----
   2522       1    -   Avez-vous une observation à renseigner?                 -


A compilation error file (.err) has been created for your application.


CSPRO Executor Normal End
--------------------------------------------------------------------------------
Application     C:\ENQBASE\CFCRTM\CFCRTMCH.pen
Type            ENTRY
Input Data      <<CSPro DB>> C:\ENQBASE\CFCRTMdata\CHENQ10.csdb
External        MICS6HH=<<Empty>>

Date            Apr  4, 2019
Start Time      13:42:05
End Time        13:43:21

CSPRO Process Summary

System messages:

 Number    Frequency   Message text
 ------    ---------   ------------
  48000            1   Invalid expression (%s) in CAPI text             
  99990            1   Operator entered a value out of range            

User unnumbered messages:

   Line    Freq  Pct.  Message text                                        Denom
   ----    ----  ----  ------------                                        -----
   2522       2    -   Avez-vous une observation à renseigner?                 -


A compilation error file (.err) has been created for your application.


CSPRO Executor Normal End
--------------------------------------------------------------------------------
Application     C:\ENQBASE\CFCRTM\CFCRTMCH.pen
Type            ENTRY
Input Data      <<CSPro DB>> C:\ENQBASE\CFCRTMdata\CHENQ10.csdb
External        MICS6HH=<<Empty>>

Date            Apr  4, 2019
Start Time      13:43:38
End Time        13:43:56

CSPRO Process Summary

System messages:

 Number    Frequency   Message text
 ------    ---------   ------------
  48000            1   Invalid expression (%s) in CAPI text             
  99990            1   Operator entered a value out of range            

User unnumbered messages:

   Line    Freq  Pct.  Message text                                        Denom
   ----    ----  ----  ------------                                        -----
   2522       2    -   Avez-vous une observation à renseigner?                 -


A compilation error file (.err) has been created for your application.


CSPRO Executor Normal End
--------------------------------------------------------------------------------
Application     C:\ENQBASE\CFCRTM\CFCRTMCH.pen
Type            ENTRY
Input Data      <<CSPro DB>> C:\ENQBASE\CFCRTMdata\CHENQ10.csdb
External        MICS6HH=<<CSPro DB>> C:\ENQBASE\CFCRTMdata\HHENQ10.csdb

Date            Apr  4, 2019
Start Time      13:46:02
End Time        13:46:14

CSPRO Process Summary

System messages:

 Number    Frequency   Message text
 ------    ---------   ------------
  48000            1   Invalid expression (%s) in CAPI text             


A compilation error file (.err) has been created for your application.


CSPRO Executor Normal End
--------------------------------------------------------------------------------
Application     C:\ENQBASE\CFCRTM\CFCRTMCH.pen
Type            ENTRY
Input Data      <<CSPro DB>> C:\ENQBASE\CFCRTMdata\CHENQ10.csdb
External        MICS6HH=<<CSPro DB>> C:\ENQBASE\CFCRTMdata\HHENQ10.csdb

Date            Apr  4, 2019
Start Time      13:46:23
End Time        13:49:25

CSPRO Process Summary

System messages:

 Number    Frequency   Message text
 ------    ---------   ------------
  48000            1   Invalid expression (%s) in CAPI text             

User unnumbered messages:

   Line    Freq  Pct.  Message text                                        Denom
   ----    ----  ----  ------------                                        -----
   2522       1    -   Avez-vous une observation à renseigner?                 -


A compilation error file (.err) has been created for your application.


CSPRO Executor Normal End
--------------------------------------------------------------------------------
Application     C:\ENQBASE\CFCRTM\CFCRTMCH.pen
Type            ENTRY
Input Data      <<CSPro DB>> C:\ENQBASE\CFCRTMdata\CHENQ10.csdb
External        MICS6HH=<<Empty>>

Date            Apr  4, 2019
Start Time      13:49:33
End Time        13:49:52

CSPRO Process Summary

System messages:

 Number    Frequency   Message text
 ------    ---------   ------------
  48000            1   Invalid expression (%s) in CAPI text             

User unnumbered messages:

   Line    Freq  Pct.  Message text                                        Denom
   ----    ----  ----  ------------                                        -----
   2522       1    -   Avez-vous une observation à renseigner?                 -


A compilation error file (.err) has been created for your application.


CSPRO Executor Normal End
--------------------------------------------------------------------------------
Application     C:\ENQBASE\CFCRTM\CFCRTMCH.pen
Type            ENTRY
Input Data      <<CSPro DB>> C:\ENQBASE\CFCRTMdata\CHENQ10.csdb
External        MICS6HH=<<CSPro DB>> C:\ENQBASE\CFCRTMdata\HHENQ10.csdb

Date            Apr  4, 2019
Start Time      13:50:01
End Time        13:50:12

CSPRO Process Summary

System messages:

 Number    Frequency   Message text
 ------    ---------   ------------
  48000            1   Invalid expression (%s) in CAPI text             


A compilation error file (.err) has been created for your application.


CSPRO Executor Normal End
--------------------------------------------------------------------------------
Application     C:\ENQBASE\CFCRTM\CFCRTMCH.pen
Type            ENTRY
Input Data      <<CSPro DB>> C:\ENQBASE\CFCRTMdata\CHENQ10.csdb
External        MICS6HH=<<CSPro DB>> C:\ENQBASE\CFCRTMdata\HHENQ10.csdb

Date            Apr  4, 2019
Start Time      13:50:20
End Time        13:50:31

CSPRO Process Summary

System messages:

 Number    Frequency   Message text
 ------    ---------   ------------
  48000            1   Invalid expression (%s) in CAPI text             


A compilation error file (.err) has been created for your application.


CSPRO Executor Normal End
--------------------------------------------------------------------------------
Application     C:\ENQBASE\CFCRTM\CFCRTMCH.pen
Type            ENTRY
Input Data      <<CSPro DB>> C:\ENQBASE\CFCRTMdata\CHENQ10.csdb
External        MICS6HH=<<CSPro DB>> C:\ENQBASE\CFCRTMdata\HHENQ10.csdb

Date            Apr  4, 2019
Start Time      13:50:41
End Time        13:52:52

CSPRO Process Summary

System messages:

 Number    Frequency   Message text
 ------    ---------   ------------
  48000            1   Invalid expression (%s) in CAPI text             

User unnumbered messages:

   Line    Freq  Pct.  Message text                                        Denom
   ----    ----  ----  ------------                                        -----
   1390       1    -   Préciser tous les les aliments solides, semi-soli       -
   2522       1    -   Avez-vous une observation à renseigner?                 -


A compilation error file (.err) has been created for your application.


CSPRO Executor Normal End
--------------------------------------------------------------------------------
Application     C:\ENQBASE\CFCRTM\CFCRTMCH.pen
Type            ENTRY
Input Data      <<CSPro DB>> C:\ENQBASE\CFCRTMdata\CHENQ10.csdb
External        MICS6HH=<<CSPro DB>> C:\ENQBASE\CFCRTMdata\HHENQ10.csdb

Date            Apr  4, 2019
Start Time      13:57:21
End Time        14:12:29

CSPRO Process Summary

System messages:

 Number    Frequency   Message text
 ------    ---------   ------------
  48000            1   Invalid expression (%s) in CAPI text             

User unnumbered messages:

   Line    Freq  Pct.  Message text                                        Denom
   ----    ----  ----  ------------                                        -----
   1390       1    -   Préciser tous les les aliments solides, semi-soli       -


A compilation error file (.err) has been created for your application.


CSPRO Executor Normal End
--------------------------------------------------------------------------------
Application     C:\ENQBASE\CFCRTM\CFCRTMCH.pen
Type            ENTRY
Input Data      <<CSPro DB>> C:\ENQBASE\CFCRTMdata\CHENQ10.csdb
External        MICS6HH=<<CSPro DB>> C:\ENQBASE\CFCRTMdata\HHENQ10.csdb

Date            Apr  4, 2019
Start Time      14:12:39
End Time        14:21:24

CSPRO Process Summary

System messages:

 Number    Frequency   Message text
 ------    ---------   ------------
  48000            1   Invalid expression (%s) in CAPI text             

User unnumbered messages:

   Line    Freq  Pct.  Message text                                        Denom
   ----    ----  ----  ------------                                        -----
   1390       1    -   Préciser tous les les aliments solides, semi-soli       -
   2522       1    -   Avez-vous une observation à renseigner?                 -


A compilation error file (.err) has been created for your application.


CSPRO Executor Normal End
--------------------------------------------------------------------------------
Application     C:\ENQBASE\CFCRTM\CFCRTMCH.pen
Type            ENTRY
Input Data      <<CSPro DB>> C:\ENQBASE\CFCRTMdata\CHENQ10.csdb
External        MICS6HH=<<CSPro DB>> C:\ENQBASE\CFCRTMdata\HHENQ10.csdb

Date            Apr  4, 2019
Start Time      15:10:39
End Time        15:10:55

CSPRO Process Summary

System messages:

 Number    Frequency   Message text
 ------    ---------   ------------
  48000            1   Invalid expression (%s) in CAPI text             


A compilation error file (.err) has been created for your application.


CSPRO Executor Normal End
--------------------------------------------------------------------------------
Application     C:\ENQBASE\CFCRTM\CFCRTMCH.pen
Type            ENTRY
Input Data      <<CSPro DB>> C:\ENQBASE\CFCRTMdata\CHENQ10.csdb
External        MICS6HH=<<CSPro DB>> C:\ENQBASE\CFCRTMdata\HHENQ10.csdb

Date            Apr  4, 2019
Start Time      15:11:01
End Time        15:12:29

CSPRO Process Summary

System messages:

 Number    Frequency   Message text
 ------    ---------   ------------
  48000            1   Invalid expression (%s) in CAPI text             

User unnumbered messages:

   Line    Freq  Pct.  Message text                                        Denom
   ----    ----  ----  ------------                                        -----
   2522       1    -   Avez-vous une observation à renseigner?                 -


A compilation error file (.err) has been created for your application.


CSPRO Executor Normal End
--------------------------------------------------------------------------------
Application     C:\ENQBASE\CFCRTM\CFCRTMCH.pen
Type            ENTRY
Input Data      <<CSPro DB>> C:\ENQBASE\CFCRTMdata\CHENQ10.csdb
External        MICS6HH=<<Empty>>

Date            Apr  4, 2019
Start Time      15:12:34
End Time        15:14:21

CSPRO Process Summary

System messages:

 Number    Frequency   Message text
 ------    ---------   ------------
  48000            1   Invalid expression (%s) in CAPI text             

User unnumbered messages:

   Line    Freq  Pct.  Message text                                        Denom
   ----    ----  ----  ------------                                        -----
   2522       2    -   Avez-vous une observation à renseigner?                 -


A compilation error file (.err) has been created for your application.


CSPRO Executor Normal End
--------------------------------------------------------------------------------
Application     C:\ENQBASE\CFCRTM\CFCRTMCH.pen
Type            ENTRY
Input Data      <<CSPro DB>> C:\ENQBASE\CFCRTMdata\CHENQ10.csdb
External        MICS6HH=<<Empty>>

Date            Apr  4, 2019
Start Time      15:14:33
End Time        15:18:48

CSPRO Process Summary

System messages:

 Number    Frequency   Message text
 ------    ---------   ------------
  48000            1   Invalid expression (%s) in CAPI text             

User unnumbered messages:

   Line    Freq  Pct.  Message text                                        Denom
   ----    ----  ----  ------------                                        -----
   2522       3    -   Avez-vous une observation à renseigner?                 -


A compilation error file (.err) has been created for your application.


CSPRO Executor Normal End
--------------------------------------------------------------------------------
Application     C:\ENQBASE\CFCRTM\CFCRTMCH.pen
Type            ENTRY
Input Data      <<CSPro DB>> C:\ENQBASE\CFCRTMdata\CHENQ10.csdb
External        MICS6HH=<<Empty>>

Date            Apr  4, 2019
Start Time      15:19:18
End Time        15:22:19

CSPRO Process Summary

System messages:

 Number    Frequency   Message text
 ------    ---------   ------------
  48000            1   Invalid expression (%s) in CAPI text             

User unnumbered messages:

   Line    Freq  Pct.  Message text                                        Denom
   ----    ----  ----  ------------                                        -----
   2522       4    -   Avez-vous une observation à renseigner?                 -


A compilation error file (.err) has been created for your application.


CSPRO Executor Normal End
--------------------------------------------------------------------------------
Application     C:\ENQBASE\CFCRTM\CFCRTMCH.pen
Type            ENTRY
Input Data      <<CSPro DB>> C:\ENQBASE\CFCRTMdata\CHENQ10.csdb
External        MICS6HH=<<CSPro DB>> C:\ENQBASE\CFCRTMdata\HHENQ10.csdb

Date            Apr  5, 2019
Start Time      09:41:44
End Time        09:45:35

CSPRO Process Summary

System messages:

 Number    Frequency   Message text
 ------    ---------   ------------
   8052            1   You cannot execute SavePartial until the ID items
  48000            1   Invalid expression (%s) in CAPI text             
  92101            7   Case ids '%s' duplicate an existing case! Case id


A compilation error file (.err) has been created for your application.


CSPRO Executor Normal End
--------------------------------------------------------------------------------
Application     C:\ENQBASE\CFCRTM\CFCRTMCH.pen
Type            ENTRY
Input Data      <<CSPro DB>> C:\ENQBASE\CFCRTMdata\CHENQ10.csdb
External        MICS6HH=<<CSPro DB>> C:\ENQBASE\CFCRTMdata\HHENQ10.csdb

Date            Apr  5, 2019
Start Time      09:45:56
End Time        09:46:49

CSPRO Process Summary

System messages:

 Number    Frequency   Message text
 ------    ---------   ------------
  48000            1   Invalid expression (%s) in CAPI text             

User unnumbered messages:

   Line    Freq  Pct.  Message text                                        Denom
   ----    ----  ----  ------------                                        -----
   2522       1    -   Avez-vous une observation à renseigner?                 -


A compilation error file (.err) has been created for your application.


CSPRO Executor Normal End
--------------------------------------------------------------------------------
Application     C:\ENQBASE\CFCRTM\CFCRTMCH.pen
Type            ENTRY
Input Data      <<CSPro DB>> C:\ENQBASE\CFCRTMdata\CHENQ10.csdb
External        MICS6HH=<<Empty>>

Date            Apr  5, 2019
Start Time      09:47:29
End Time        09:48:29

CSPRO Process Summary

System messages:

 Number    Frequency   Message text
 ------    ---------   ------------
  48000            1   Invalid expression (%s) in CAPI text             

User unnumbered messages:

   Line    Freq  Pct.  Message text                                        Denom
   ----    ----  ----  ------------                                        -----
   2522       2    -   Avez-vous une observation à renseigner?                 -


A compilation error file (.err) has been created for your application.


CSPRO Executor Normal End
--------------------------------------------------------------------------------
Application     C:\ENQBASE\CFCRTM\CFCRTMCH.pen
Type            ENTRY
Input Data      <<CSPro DB>> C:\ENQBASE\CFCRTMdata\CHENQ10.csdb
External        MICS6HH=<<Empty>>

Date            Apr  5, 2019
Start Time      09:48:34
End Time        09:49:50

CSPRO Process Summary

System messages:

 Number    Frequency   Message text
 ------    ---------   ------------
  48000            1   Invalid expression (%s) in CAPI text             

User unnumbered messages:

   Line    Freq  Pct.  Message text                                        Denom
   ----    ----  ----  ------------                                        -----
   2522       2    -   Avez-vous une observation à renseigner?                 -


A compilation error file (.err) has been created for your application.


CSPRO Executor Normal End
--------------------------------------------------------------------------------
Application     C:\ENQBASE\CFCRTM\CFCRTMCH.pen
Type            ENTRY
Input Data      <<CSPro DB>> C:\ENQBASE\CFCRTMdata\CHENQ10.csdb
External        MICS6HH=<<Empty>>

Date            Apr  5, 2019
Start Time      09:49:50
End Time        09:50:03

CSPRO Process Summary

System messages:

 Number    Frequency   Message text
 ------    ---------   ------------
  48000            1   Invalid expression (%s) in CAPI text             

User unnumbered messages:

   Line    Freq  Pct.  Message text                                        Denom
   ----    ----  ----  ------------                                        -----
   2522       2    -   Avez-vous une observation à renseigner?                 -


A compilation error file (.err) has been created for your application.


CSPRO Executor Normal End
--------------------------------------------------------------------------------
Application     C:\ENQBASE\CFCRTM\CFCRTMCH.pen
Type            ENTRY
Input Data      <<CSPro DB>> C:\ENQBASE\CFCRTMdata\CHENQ10.csdb
External        MICS6HH=<<Empty>>

Date            Apr  5, 2019
Start Time      09:50:03
End Time        09:50:09

CSPRO Process Summary

System messages:

 Number    Frequency   Message text
 ------    ---------   ------------
  48000            1   Invalid expression (%s) in CAPI text             

User unnumbered messages:

   Line    Freq  Pct.  Message text                                        Denom
   ----    ----  ----  ------------                                        -----
   2522       2    -   Avez-vous une observation à renseigner?                 -


A compilation error file (.err) has been created for your application.


CSPRO Executor Normal End
--------------------------------------------------------------------------------
Application     C:\ENQBASE\CFCRTM\CFCRTMCH.pen
Type            ENTRY
Input Data      <<CSPro DB>> C:\ENQBASE\CFCRTMdata\CHENQ10.csdb
External        MICS6HH=<<Empty>>

Date            Apr  5, 2019
Start Time      09:50:09
End Time        09:50:55

CSPRO Process Summary

System messages:

 Number    Frequency   Message text
 ------    ---------   ------------
  48000            1   Invalid expression (%s) in CAPI text             

User unnumbered messages:

   Line    Freq  Pct.  Message text                                        Denom
   ----    ----  ----  ------------                                        -----
   2522       2    -   Avez-vous une observation à renseigner?                 -


A compilation error file (.err) has been created for your application.


CSPRO Executor Normal End
--------------------------------------------------------------------------------
Application     C:\ENQBASE\CFCRTM\CFCRTMCH.pen
Type            ENTRY
Input Data      <<CSPro DB>> C:\ENQBASE\CFCRTMdata\CHENQ10.csdb
External        MICS6HH=<<CSPro DB>> C:\ENQBASE\CFCRTMdata\HHENQ10.csdb

Date            Apr  5, 2019
Start Time      10:46:43
End Time        10:46:47

CSPRO Process Summary

System messages:

 Number    Frequency   Message text
 ------    ---------   ------------
  48000            1   Invalid expression (%s) in CAPI text             


A compilation error file (.err) has been created for your application.


CSPRO Executor Normal End
--------------------------------------------------------------------------------
Application     C:\ENQBASE\CFCRTM\CFCRTMCH.pen
Type            ENTRY
Input Data      <<CSPro DB>> C:\ENQBASE\CFCRTMdata\CHENQ10.csdb
External        MICS6HH=<<CSPro DB>> C:\ENQBASE\CFCRTMdata\HHENQ10.csdb

Date            Apr  5, 2019
Start Time      10:46:57
End Time        10:47:24

CSPRO Process Summary

System messages:

 Number    Frequency   Message text
 ------    ---------   ------------
  48000            1   Invalid expression (%s) in CAPI text             


A compilation error file (.err) has been created for your application.


CSPRO Executor Normal End
--------------------------------------------------------------------------------
Application     C:\ENQBASE\CFCRTM\CFCRTMCH.pen
Type            ENTRY
Input Data      <<CSPro DB>> C:\ENQBASE\CFCRTMdata\CHENQ10.csdb
External        MICS6HH=<<CSPro DB>> C:\ENQBASE\CFCRTMdata\HHENQ10.csdb

Date            Apr  5, 2019
Start Time      10:47:36
End Time        10:49:59

CSPRO Process Summary

System messages:

 Number    Frequency   Message text
 ------    ---------   ------------
  48000            1   Invalid expression (%s) in CAPI text             

User unnumbered messages:

   Line    Freq  Pct.  Message text                                        Denom
   ----    ----  ----  ------------                                        -----
   2522       1    -   Avez-vous une observation à renseigner?                 -


A compilation error file (.err) has been created for your application.


CSPRO Executor Normal End
--------------------------------------------------------------------------------
Application     C:\ENQBASE\CFCRTM\CFCRTMCH.pen
Type            ENTRY
Input Data      <<CSPro DB>> C:\ENQBASE\CFCRTMdata\CHENQ10.csdb
External        MICS6HH=<<CSPro DB>> C:\ENQBASE\CFCRTMdata\HHENQ10.csdb

Date            Apr  5, 2019
Start Time      10:50:18
End Time        10:52:05

CSPRO Process Summary

System messages:

 Number    Frequency   Message text
 ------    ---------   ------------
  48000            1   Invalid expression (%s) in CAPI text             

User unnumbered messages:

   Line    Freq  Pct.  Message text                                        Denom
   ----    ----  ----  ------------                                        -----
   2522       1    -   Avez-vous une observation à renseigner?                 -


A compilation error file (.err) has been created for your application.


CSPRO Executor Normal End
--------------------------------------------------------------------------------
