Application     C:\ENQBASE\CFCRTM\CFCRTMCH.pen
Type            ENTRY
Input Data      <<CSPro DB>> C:\ENQBASE\CFCRTMdata\CHENQ04.csdb
External        MICS6HH=<<CSPro DB>> C:\ENQBASE\CFCRTMdata\HHENQ04.csdb

Date            Apr  3, 2019
Start Time      16:58:40
End Time        17:06:21

CSPRO Process Summary

System messages:

 Number    Frequency   Message text
 ------    ---------   ------------
  48000            1   Invalid expression (%s) in CAPI text             


A compilation error file (.err) has been created for your application.


CSPRO Executor Normal End
--------------------------------------------------------------------------------
Application     C:\ENQBASE\CFCRTM\CFCRTMCH.pen
Type            ENTRY
Input Data      <<CSPro DB>> C:\ENQBASE\CFCRTMdata\CHENQ04.csdb
External        MICS6HH=<<CSPro DB>> C:\ENQBASE\CFCRTMdata\HHENQ04.csdb

Date            Apr  4, 2019
Start Time      09:15:32
End Time        09:19:58

CSPRO Process Summary

System messages:

 Number    Frequency   Message text
 ------    ---------   ------------
  48000            1   Invalid expression (%s) in CAPI text             

User unnumbered messages:

   Line    Freq  Pct.  Message text                                        Denom
   ----    ----  ----  ------------                                        -----
   2522       1    -   Avez-vous une observation à renseigner?                 -


A compilation error file (.err) has been created for your application.


CSPRO Executor Normal End
--------------------------------------------------------------------------------
