Application     C:\ENQBASE\CFCRTM\CFCRTMWM.pen
Type            ENTRY
Input Data      <<CSPro DB>> C:\ENQBASE\CFCRTMdata\WMENQ07.csdb
External        MICS6HH=<<CSPro DB>> C:\ENQBASE\CFCRTMdata\HHENQ07.csdb

Date            Apr  4, 2019
Start Time      07:23:54
End Time        07:58:15

CSPRO Process Summary

User unnumbered messages:

   Line    Freq  Pct.  Message text                                        Denom
   ----    ----  ----  ------------                                        -----
   3336       1    -   Avez-vous une observation à renseigner?                 -

CSPRO Executor Normal End
--------------------------------------------------------------------------------
Application     C:\ENQBASE\CFCRTM\CFCRTMWM.pen
Type            ENTRY
Input Data      <<CSPro DB>> C:\ENQBASE\CFCRTMdata\WMENQ07.csdb
External        MICS6HH=<<CSPro DB>> C:\ENQBASE\CFCRTMdata\HHENQ07.csdb

Date            Apr  4, 2019
Start Time      07:58:44
End Time        08:09:04

CSPRO Process Summary

System messages:

 Number    Frequency   Message text
 ------    ---------   ------------
  99990            1   Operator entered a value out of range            

User unnumbered messages:

   Line    Freq  Pct.  Message text                                        Denom
   ----    ----  ----  ------------                                        -----
   2593       1    -   Retournez à la question CM1 et corrigez                 -
   3336       1    -   Avez-vous une observation à renseigner?                 -

CSPRO Executor Normal End
--------------------------------------------------------------------------------
Application     C:\ENQBASE\CFCRTM\CFCRTMWM.pen
Type            ENTRY
Input Data      <<CSPro DB>> C:\ENQBASE\CFCRTMdata\WMENQ07.csdb
External        MICS6HH=<<CSPro DB>> C:\ENQBASE\CFCRTMdata\HHENQ07.csdb

Date            Apr  4, 2019
Start Time      08:57:50
End Time        08:59:24

CSPRO Process Summary

User unnumbered messages:

   Line    Freq  Pct.  Message text                                        Denom
   ----    ----  ----  ------------                                        -----
   3336       1    -   Avez-vous une observation à renseigner?                 -

CSPRO Executor Normal End
--------------------------------------------------------------------------------
Application     C:\ENQBASE\CFCRTM\CFCRTMWM.pen
Type            ENTRY
Input Data      <<CSPro DB>> C:\ENQBASE\CFCRTMdata\WMENQ07.csdb
External        MICS6HH=<<CSPro DB>> C:\ENQBASE\CFCRTMdata\HHENQ07.csdb

Date            Apr  4, 2019
Start Time      08:59:35
End Time        09:12:55

CSPRO Process Summary

User unnumbered messages:

   Line    Freq  Pct.  Message text                                        Denom
   ----    ----  ----  ------------                                        -----
   3336       1    -   Avez-vous une observation à renseigner?                 -

CSPRO Executor Normal End
--------------------------------------------------------------------------------
Application     C:\ENQBASE\CFCRTM\CFCRTMWM.pen
Type            ENTRY
Input Data      <<CSPro DB>> C:\ENQBASE\CFCRTMdata\WMENQ07.csdb
External        MICS6HH=<<CSPro DB>> C:\ENQBASE\CFCRTMdata\HHENQ07.csdb

Date            Apr  4, 2019
Start Time      09:13:09
End Time        09:15:01

CSPRO Process Summary

User unnumbered messages:

   Line    Freq  Pct.  Message text                                        Denom
   ----    ----  ----  ------------                                        -----
   3336       1    -   Avez-vous une observation à renseigner?                 -

CSPRO Executor Normal End
--------------------------------------------------------------------------------
Application     C:\ENQBASE\CFCRTM\CFCRTMWM.pen
Type            ENTRY
Input Data      <<CSPro DB>> C:\ENQBASE\CFCRTMdata\WMENQ07.csdb
External        MICS6HH=<<CSPro DB>> C:\ENQBASE\CFCRTMdata\HHENQ07.csdb

Date            Apr  4, 2019
Start Time      10:05:31
End Time        10:30:30

CSPRO Process Summary

User unnumbered messages:

   Line    Freq  Pct.  Message text                                        Denom
   ----    ----  ----  ------------                                        -----
   3336       1    -   Avez-vous une observation à renseigner?                 -

CSPRO Executor Normal End
--------------------------------------------------------------------------------
Application     C:\ENQBASE\CFCRTM\CFCRTMWM.pen
Type            ENTRY
Input Data      <<CSPro DB>> C:\ENQBASE\CFCRTMdata\WMENQ07.csdb
External        MICS6HH=<<CSPro DB>> C:\ENQBASE\CFCRTMdata\HHENQ07.csdb

Date            Apr  4, 2019
Start Time      10:41:46
End Time        10:44:06

CSPRO Process Summary

User unnumbered messages:

   Line    Freq  Pct.  Message text                                        Denom
   ----    ----  ----  ------------                                        -----
   3336       1    -   Avez-vous une observation à renseigner?                 -

CSPRO Executor Normal End
--------------------------------------------------------------------------------
Application     C:\ENQBASE\CFCRTM\CFCRTMWM.pen
Type            ENTRY
Input Data      <<CSPro DB>> C:\ENQBASE\CFCRTMdata\WMENQ07.csdb
External        MICS6HH=<<CSPro DB>> C:\ENQBASE\CFCRTMdata\HHENQ07.csdb

Date            Apr  4, 2019
Start Time      10:44:17
End Time        10:46:12

CSPRO Process Summary

User unnumbered messages:

   Line    Freq  Pct.  Message text                                        Denom
   ----    ----  ----  ------------                                        -----
   3336       1    -   Avez-vous une observation à renseigner?                 -

CSPRO Executor Normal End
--------------------------------------------------------------------------------
Application     C:\ENQBASE\CFCRTM\CFCRTMWM.pen
Type            ENTRY
Input Data      <<CSPro DB>> C:\ENQBASE\CFCRTMdata\WMENQ07.csdb
External        MICS6HH=<<CSPro DB>> C:\ENQBASE\CFCRTMdata\HHENQ07.csdb

Date            Apr  4, 2019
Start Time      10:46:20
End Time        10:48:31

CSPRO Process Summary

User unnumbered messages:

   Line    Freq  Pct.  Message text                                        Denom
   ----    ----  ----  ------------                                        -----
   3336       1    -   Avez-vous une observation à renseigner?                 -

CSPRO Executor Normal End
--------------------------------------------------------------------------------
Application     C:\ENQBASE\CFCRTM\CFCRTMWM.pen
Type            ENTRY
Input Data      <<CSPro DB>> C:\ENQBASE\CFCRTMdata\WMENQ07.csdb
External        MICS6HH=<<CSPro DB>> C:\ENQBASE\CFCRTMdata\HHENQ07.csdb

Date            Apr  4, 2019
Start Time      11:32:29
End Time        11:39:53

CSPRO Process Summary

User unnumbered messages:

   Line    Freq  Pct.  Message text                                        Denom
   ----    ----  ----  ------------                                        -----
   3336       1    -   Avez-vous une observation à renseigner?                 -

CSPRO Executor Normal End
--------------------------------------------------------------------------------
Application     C:\ENQBASE\CFCRTM\CFCRTMWM.pen
Type            ENTRY
Input Data      <<CSPro DB>> C:\ENQBASE\CFCRTMdata\WMENQ07.csdb
External        MICS6HH=<<CSPro DB>> C:\ENQBASE\CFCRTMdata\HHENQ07.csdb

Date            Apr  4, 2019
Start Time      13:17:14
End Time        13:18:32

CSPRO Process Summary

User unnumbered messages:

   Line    Freq  Pct.  Message text                                        Denom
   ----    ----  ----  ------------                                        -----
   3336       1    -   Avez-vous une observation à renseigner?                 -

CSPRO Executor Normal End
--------------------------------------------------------------------------------
