Application     C:\ENQBASE\CFCRTM\CFCRTMWM.pen
Type            ENTRY
Input Data      <<CSPro DB>> C:\ENQBASE\CFCRTMdata\WMENQ03.csdb
External        MICS6HH=<<CSPro DB>> C:\ENQBASE\CFCRTMdata\HHENQ03.csdb

Date            Apr  3, 2019
Start Time      17:55:01
End Time        17:57:12

CSPRO Process Summary

User unnumbered messages:

   Line    Freq  Pct.  Message text                                        Denom
   ----    ----  ----  ------------                                        -----
   1849       1    -   Vous avez saisi un numéro d'agent différent de ce       -
   3336       1    -   Avez-vous une observation à renseigner?                 -

CSPRO Executor Normal End
--------------------------------------------------------------------------------
Application     C:\ENQBASE\CFCRTM\CFCRTMWM.pen
Type            ENTRY
Input Data      <<CSPro DB>> C:\ENQBASE\CFCRTMdata\WMENQ03.csdb
External        MICS6HH=<<CSPro DB>> C:\ENQBASE\CFCRTMdata\HHENQ03.csdb

Date            Apr  4, 2019
Start Time      09:34:01
End Time        09:59:20

CSPRO Process Summary

System messages:

 Number    Frequency   Message text
 ------    ---------   ------------
  99990            3   Operator entered a value out of range            

User unnumbered messages:

   Line    Freq  Pct.  Message text                                        Denom
   ----    ----  ----  ------------                                        -----
   1849       1    -   Vous avez saisi un numéro d'agent différent de ce       -
   3336       1    -   Avez-vous une observation à renseigner?                 -

CSPRO Executor Normal End
--------------------------------------------------------------------------------
Application     C:\ENQBASE\CFCRTM\CFCRTMWM.pen
Type            ENTRY
Input Data      <<CSPro DB>> C:\ENQBASE\CFCRTMdata\WMENQ03.csdb
External        MICS6HH=<<CSPro DB>> C:\ENQBASE\CFCRTMdata\HHENQ03.csdb

Date            Apr  4, 2019
Start Time      13:15:22
End Time        13:25:41

CSPRO Process Summary

User unnumbered messages:

   Line    Freq  Pct.  Message text                                        Denom
   ----    ----  ----  ------------                                        -----
   3336       1    -   Avez-vous une observation à renseigner?                 -

CSPRO Executor Normal End
--------------------------------------------------------------------------------
Application     C:\ENQBASE\CFCRTM\CFCRTMWM.pen
Type            ENTRY
Input Data      <<CSPro DB>> C:\ENQBASE\CFCRTMdata\WMENQ03.csdb
External        MICS6HH=<<CSPro DB>> C:\ENQBASE\CFCRTMdata\HHENQ03.csdb

Date            Apr  4, 2019
Start Time      13:27:18
End Time        13:28:55

CSPRO Process Summary

User unnumbered messages:

   Line    Freq  Pct.  Message text                                        Denom
   ----    ----  ----  ------------                                        -----
   1849       1    -   Vous avez saisi un numéro d'agent différent de ce       -
   3336       1    -   Avez-vous une observation à renseigner?                 -

CSPRO Executor Normal End
--------------------------------------------------------------------------------
Application     C:\ENQBASE\CFCRTM\CFCRTMWM.pen
Type            ENTRY
Input Data      <<CSPro DB>> C:\ENQBASE\CFCRTMdata\WMENQ03.csdb
External        MICS6HH=<<CSPro DB>> C:\ENQBASE\CFCRTMdata\HHENQ03.csdb

Date            Apr  4, 2019
Start Time      13:59:49
End Time        13:59:56

CSPRO Process Summary

CSPRO Executor Normal End
--------------------------------------------------------------------------------
Application     C:\ENQBASE\CFCRTM\CFCRTMWM.pen
Type            ENTRY
Input Data      <<CSPro DB>> C:\ENQBASE\CFCRTMdata\WMENQ03.csdb
External        MICS6HH=<<CSPro DB>> C:\ENQBASE\CFCRTMdata\HHENQ03.csdb

Date            Apr  4, 2019
Start Time      13:59:56
End Time        13:59:56

CSPRO Process Summary

CSPRO Executor Normal End
--------------------------------------------------------------------------------
Application     C:\ENQBASE\CFCRTM\CFCRTMWM.pen
Type            ENTRY
Input Data      <<CSPro DB>> C:\ENQBASE\CFCRTMdata\WMENQ03.csdb
External        MICS6HH=<<CSPro DB>> C:\ENQBASE\CFCRTMdata\HHENQ03.csdb

Date            Apr  4, 2019
Start Time      14:00:55
End Time        14:01:10

CSPRO Process Summary

CSPRO Executor Normal End
--------------------------------------------------------------------------------
Application     C:\ENQBASE\CFCRTM\CFCRTMWM.pen
Type            ENTRY
Input Data      <<CSPro DB>> C:\ENQBASE\CFCRTMdata\WMENQ03.csdb
External        MICS6HH=<<CSPro DB>> C:\ENQBASE\CFCRTMdata\HHENQ03.csdb

Date            Apr  4, 2019
Start Time      14:01:10
End Time        14:01:11

CSPRO Process Summary

CSPRO Executor Normal End
--------------------------------------------------------------------------------
Application     C:\ENQBASE\CFCRTM\CFCRTMWM.pen
Type            ENTRY
Input Data      <<CSPro DB>> C:\ENQBASE\CFCRTMdata\WMENQ03.csdb
External        MICS6HH=<<CSPro DB>> C:\ENQBASE\CFCRTMdata\HHENQ03.csdb

Date            Apr  4, 2019
Start Time      14:01:25
End Time        14:01:32

CSPRO Process Summary

CSPRO Executor Normal End
--------------------------------------------------------------------------------
Application     C:\ENQBASE\CFCRTM\CFCRTMWM.pen
Type            ENTRY
Input Data      <<CSPro DB>> C:\ENQBASE\CFCRTMdata\WMENQ03.csdb
External        MICS6HH=<<CSPro DB>> C:\ENQBASE\CFCRTMdata\HHENQ03.csdb

Date            Apr  4, 2019
Start Time      14:01:32
End Time        14:01:32

CSPRO Process Summary

CSPRO Executor Normal End
--------------------------------------------------------------------------------
Application     C:\ENQBASE\CFCRTM\CFCRTMWM.pen
Type            ENTRY
Input Data      <<CSPro DB>> C:\ENQBASE\CFCRTMdata\WMENQ03.csdb
External        MICS6HH=<<CSPro DB>> C:\ENQBASE\CFCRTMdata\HHENQ03.csdb

Date            Apr  4, 2019
Start Time      14:01:39
End Time        14:02:45

CSPRO Process Summary

User unnumbered messages:

   Line    Freq  Pct.  Message text                                        Denom
   ----    ----  ----  ------------                                        -----
   3336       1    -   Avez-vous une observation à renseigner?                 -

CSPRO Executor Normal End
--------------------------------------------------------------------------------
Application     C:\ENQBASE\CFCRTM\CFCRTMWM.pen
Type            ENTRY
Input Data      <<CSPro DB>> C:\ENQBASE\CFCRTMdata\WMENQ03.csdb
External        MICS6HH=<<CSPro DB>> C:\ENQBASE\CFCRTMdata\HHENQ03.csdb

Date            Apr  4, 2019
Start Time      16:11:41
End Time        16:21:22

CSPRO Process Summary

User unnumbered messages:

   Line    Freq  Pct.  Message text                                        Denom
   ----    ----  ----  ------------                                        -----
   3336       1    -   Avez-vous une observation à renseigner?                 -

CSPRO Executor Normal End
--------------------------------------------------------------------------------
