Application     C:\ENQBASE\CFCRTM\CFCRTMWM.pen
Type            ENTRY
Input Data      <<CSPro DB>> C:\ENQBASE\CFCRTMdata\WMENQ41.csdb
External        MICS6HH=<<CSPro DB>> C:\ENQBASE\CFCRTMdata\HHENQ41.csdb

Date            Apr 10, 2019
Start Time      14:25:10
End Time        14:25:27

CSPRO Process Summary

System messages:

 Number    Frequency   Message text
 ------    ---------   ------------
   8052            1   You cannot execute SavePartial until the ID items

CSPRO Executor Normal End
--------------------------------------------------------------------------------
Application     C:\ENQBASE\CFCRTM\CFCRTMWM.pen
Type            ENTRY
Input Data      <<CSPro DB>> C:\ENQBASE\CFCRTMdata\WMENQ41.csdb
External        MICS6HH=<<CSPro DB>> C:\ENQBASE\CFCRTMdata\HHENQ41.csdb

Date            Apr 10, 2019
Start Time      14:26:34
End Time        14:29:18

CSPRO Process Summary

User unnumbered messages:

   Line    Freq  Pct.  Message text                                        Denom
   ----    ----  ----  ------------                                        -----
   3336       1    -   Avez-vous une observation à renseigner?                 -

CSPRO Executor Normal End
--------------------------------------------------------------------------------
Application     C:\ENQBASE\CFCRTM\CFCRTMWM.pen
Type            ENTRY
Input Data      <<CSPro DB>> C:\ENQBASE\CFCRTMdata\WMENQ41.csdb
External        MICS6HH=<<CSPro DB>> C:\ENQBASE\CFCRTMdata\HHENQ41.csdb

Date            Apr 10, 2019
Start Time      17:26:17
End Time        17:47:57

CSPRO Process Summary

User unnumbered messages:

   Line    Freq  Pct.  Message text                                        Denom
   ----    ----  ----  ------------                                        -----
   3336       1    -   Avez-vous une observation à renseigner?                 -

CSPRO Executor Normal End
--------------------------------------------------------------------------------
Application     C:\ENQBASE\CFCRTM\CFCRTMWM.pen
Type            ENTRY
Input Data      <<CSPro DB>> C:\ENQBASE\CFCRTMdata\WMENQ41.csdb
External        MICS6HH=<<CSPro DB>> C:\ENQBASE\CFCRTMdata\HHENQ41.csdb

Date            Apr 10, 2019
Start Time      18:12:33
End Time        18:29:02

CSPRO Process Summary

System messages:

 Number    Frequency   Message text
 ------    ---------   ------------
  99990            3   Operator entered a value out of range            

User unnumbered messages:

   Line    Freq  Pct.  Message text                                        Denom
   ----    ----  ----  ------------                                        -----
   3336       1    -   Avez-vous une observation à renseigner?                 -

CSPRO Executor Normal End
--------------------------------------------------------------------------------
Application     C:\ENQBASE\CFCRTM\CFCRTMWM.pen
Type            ENTRY
Input Data      <<CSPro DB>> C:\ENQBASE\CFCRTMdata\WMENQ41.csdb
External        MICS6HH=<<CSPro DB>> C:\ENQBASE\CFCRTMdata\HHENQ41.csdb

Date            Apr 10, 2019
Start Time      19:28:24
End Time        19:39:42

CSPRO Process Summary

System messages:

 Number    Frequency   Message text
 ------    ---------   ------------
  99990            1   Operator entered a value out of range            

User numbered messages:

 Number    Freq  Pct.  Message text                                        Denom
 ------    ----  ----  ------------                                        -----
   9992       2    -   D Unité et nombre incohérents; vérifier les instr       -

User unnumbered messages:

   Line    Freq  Pct.  Message text                                        Denom
   ----    ----  ----  ------------                                        -----
   3336       1    -   Avez-vous une observation à renseigner?                 -

CSPRO Executor Normal End
--------------------------------------------------------------------------------
Application     C:\ENQBASE\CFCRTM\CFCRTMWM.pen
Type            ENTRY
Input Data      <<CSPro DB>> C:\ENQBASE\CFCRTMdata\WMENQ41.csdb
External        MICS6HH=<<CSPro DB>> C:\ENQBASE\CFCRTMdata\HHENQ41.csdb

Date            Apr 11, 2019
Start Time      09:23:03
End Time        09:24:01

CSPRO Process Summary

User unnumbered messages:

   Line    Freq  Pct.  Message text                                        Denom
   ----    ----  ----  ------------                                        -----
   3336       1    -   Avez-vous une observation à renseigner?                 -

CSPRO Executor Normal End
--------------------------------------------------------------------------------
Application     C:\ENQBASE\CFCRTM\CFCRTMWM.pen
Type            ENTRY
Input Data      <<CSPro DB>> C:\ENQBASE\CFCRTMdata\WMENQ41.csdb
External        MICS6HH=<<CSPro DB>> C:\ENQBASE\CFCRTMdata\HHENQ41.csdb

Date            Apr 11, 2019
Start Time      17:01:34
End Time        17:08:46

CSPRO Process Summary

User unnumbered messages:

   Line    Freq  Pct.  Message text                                        Denom
   ----    ----  ----  ------------                                        -----
   3336       1    -   Avez-vous une observation à renseigner?                 -

CSPRO Executor Normal End
--------------------------------------------------------------------------------
Application     C:\ENQBASE\CFCRTM\CFCRTMWM.pen
Type            ENTRY
Input Data      <<CSPro DB>> C:\ENQBASE\CFCRTMdata\WMENQ41.csdb
External        MICS6HH=<<CSPro DB>> C:\ENQBASE\CFCRTMdata\HHENQ41.csdb

Date            Apr 11, 2019
Start Time      17:47:01
End Time        18:01:40

CSPRO Process Summary

User unnumbered messages:

   Line    Freq  Pct.  Message text                                        Denom
   ----    ----  ----  ------------                                        -----
   3336       1    -   Avez-vous une observation à renseigner?                 -

CSPRO Executor Normal End
--------------------------------------------------------------------------------
Application     C:\ENQBASE\CFCRTM\CFCRTMWM.pen
Type            ENTRY
Input Data      <<CSPro DB>> C:\ENQBASE\CFCRTMdata\WMENQ41.csdb
External        MICS6HH=<<CSPro DB>> C:\ENQBASE\CFCRTMdata\HHENQ41.csdb

Date            Apr 11, 2019
Start Time      19:58:13
End Time        19:59:21

CSPRO Process Summary

CSPRO Executor Normal End
--------------------------------------------------------------------------------
Application     C:\ENQBASE\CFCRTM\CFCRTMWM.pen
Type            ENTRY
Input Data      <<CSPro DB>> C:\ENQBASE\CFCRTMdata\WMENQ41.csdb
External        MICS6HH=<<CSPro DB>> C:\ENQBASE\CFCRTMdata\HHENQ41.csdb

Date            Apr 12, 2019
Start Time      09:42:15
End Time        09:43:06

CSPRO Process Summary

CSPRO Executor Normal End
--------------------------------------------------------------------------------
Application     C:\ENQBASE\CFCRTM\CFCRTMWM.pen
Type            ENTRY
Input Data      <<CSPro DB>> C:\ENQBASE\CFCRTMdata\WMENQ41.csdb
External        MICS6HH=<<CSPro DB>> C:\ENQBASE\CFCRTMdata\HHENQ41.csdb

Date            Apr 12, 2019
Start Time      09:43:11
End Time        09:44:54

CSPRO Process Summary

System messages:

 Number    Frequency   Message text
 ------    ---------   ------------
  99990            1   Operator entered a value out of range            

User unnumbered messages:

   Line    Freq  Pct.  Message text                                        Denom
   ----    ----  ----  ------------                                        -----
   3336       1    -   Avez-vous une observation à renseigner?                 -

CSPRO Executor Normal End
--------------------------------------------------------------------------------
Application     C:\ENQBASE\CFCRTM\CFCRTMWM.pen
Type            ENTRY
Input Data      <<CSPro DB>> C:\ENQBASE\CFCRTMdata\WMENQ41.csdb
External        MICS6HH=<<CSPro DB>> C:\ENQBASE\CFCRTMdata\HHENQ41.csdb

Date            Apr 12, 2019
Start Time      09:44:59
End Time        09:45:06

CSPRO Process Summary

CSPRO Executor Normal End
--------------------------------------------------------------------------------
Application     C:\ENQBASE\CFCRTM\CFCRTMWM.pen
Type            ENTRY
Input Data      <<CSPro DB>> C:\ENQBASE\CFCRTMdata\WMENQ41.csdb
External        MICS6HH=<<Empty>>

Date            Apr 12, 2019
Start Time      09:45:06
End Time        09:45:06

CSPRO Process Summary

CSPRO Executor Normal End
--------------------------------------------------------------------------------
Application     C:\ENQBASE\CFCRTM\CFCRTMWM.pen
Type            ENTRY
Input Data      <<CSPro DB>> C:\ENQBASE\CFCRTMdata\WMENQ41.csdb
External        MICS6HH=<<CSPro DB>> C:\ENQBASE\CFCRTMdata\HHENQ41.csdb

Date            Apr 12, 2019
Start Time      09:45:12
End Time        09:46:01

CSPRO Process Summary

User unnumbered messages:

   Line    Freq  Pct.  Message text                                        Denom
   ----    ----  ----  ------------                                        -----
   3336       1    -   Avez-vous une observation à renseigner?                 -

CSPRO Executor Normal End
--------------------------------------------------------------------------------
Application     C:\ENQBASE\CFCRTM\CFCRTMWM.pen
Type            ENTRY
Input Data      <<CSPro DB>> C:\ENQBASE\CFCRTMdata\WMENQ41.csdb
External        MICS6HH=<<CSPro DB>> C:\ENQBASE\CFCRTMdata\HHENQ41.csdb

Date            Apr 12, 2019
Start Time      10:25:09
End Time        10:25:34

CSPRO Process Summary

System messages:

 Number    Frequency   Message text
 ------    ---------   ------------
   8052            1   You cannot execute SavePartial until the ID items

CSPRO Executor Normal End
--------------------------------------------------------------------------------
Application     C:\ENQBASE\CFCRTM\CFCRTMWM.pen
Type            ENTRY
Input Data      <<CSPro DB>> C:\ENQBASE\CFCRTMdata\WMENQ41.csdb
External        MICS6HH=<<CSPro DB>> C:\ENQBASE\CFCRTMdata\HHENQ41.csdb

Date            Apr 12, 2019
Start Time      18:08:46
End Time        18:42:52

CSPRO Process Summary

System messages:

 Number    Frequency   Message text
 ------    ---------   ------------
  99990            2   Operator entered a value out of range            

User unnumbered messages:

   Line    Freq  Pct.  Message text                                        Denom
   ----    ----  ----  ------------                                        -----
   3336       1    -   Avez-vous une observation à renseigner?                 -

CSPRO Executor Normal End
--------------------------------------------------------------------------------
Application     C:\ENQBASE\CFCRTM\CFCRTMWM.pen
Type            ENTRY
Input Data      <<CSPro DB>> C:\ENQBASE\CFCRTMdata\WMENQ41.csdb
External        MICS6HH=<<CSPro DB>> C:\ENQBASE\CFCRTMdata\HHENQ41.csdb

Date            Apr 12, 2019
Start Time      19:24:05
End Time        19:44:57

CSPRO Process Summary

System messages:

 Number    Frequency   Message text
 ------    ---------   ------------
  99990            1   Operator entered a value out of range            

User unnumbered messages:

   Line    Freq  Pct.  Message text                                        Denom
   ----    ----  ----  ------------                                        -----
   3336       1    -   Avez-vous une observation à renseigner?                 -

CSPRO Executor Normal End
--------------------------------------------------------------------------------
Application     C:\ENQBASE\CFCRTM\CFCRTMWM.pen
Type            ENTRY
Input Data      <<CSPro DB>> C:\ENQBASE\CFCRTMdata\WMENQ41.csdb
External        MICS6HH=<<CSPro DB>> C:\ENQBASE\CFCRTMdata\HHENQ41.csdb

Date            Apr 13, 2019
Start Time      10:28:59
End Time        10:36:43

CSPRO Process Summary

System messages:

 Number    Frequency   Message text
 ------    ---------   ------------
  99990            1   Operator entered a value out of range            

User unnumbered messages:

   Line    Freq  Pct.  Message text                                        Denom
   ----    ----  ----  ------------                                        -----
   3336       1    -   Avez-vous une observation à renseigner?                 -

CSPRO Executor Normal End
--------------------------------------------------------------------------------
Application     C:\ENQBASE\CFCRTM\CFCRTMWM.pen
Type            ENTRY
Input Data      <<CSPro DB>> C:\ENQBASE\CFCRTMdata\WMENQ41.csdb
External        MICS6HH=<<CSPro DB>> C:\ENQBASE\CFCRTMdata\HHENQ41.csdb

Date            Apr 13, 2019
Start Time      10:37:06
End Time        10:37:23

CSPRO Process Summary

System messages:

 Number    Frequency   Message text
 ------    ---------   ------------
   8052            1   You cannot execute SavePartial until the ID items

CSPRO Executor Normal End
--------------------------------------------------------------------------------
Application     C:\ENQBASE\CFCRTM\CFCRTMWM.pen
Type            ENTRY
Input Data      <<CSPro DB>> C:\ENQBASE\CFCRTMdata\WMENQ41.csdb
External        MICS6HH=<<CSPro DB>> C:\ENQBASE\CFCRTMdata\HHENQ41.csdb

Date            Apr 13, 2019
Start Time      11:35:30
End Time        11:47:04

CSPRO Process Summary

System messages:

 Number    Frequency   Message text
 ------    ---------   ------------
  99990            2   Operator entered a value out of range            

User unnumbered messages:

   Line    Freq  Pct.  Message text                                        Denom
   ----    ----  ----  ------------                                        -----
   3336       1    -   Avez-vous une observation à renseigner?                 -

CSPRO Executor Normal End
--------------------------------------------------------------------------------
Application     C:\ENQBASE\CFCRTM\CFCRTMWM.pen
Type            ENTRY
Input Data      <<CSPro DB>> C:\ENQBASE\CFCRTMdata\WMENQ41.csdb
External        MICS6HH=<<CSPro DB>> C:\ENQBASE\CFCRTMdata\HHENQ41.csdb

Date            Apr 13, 2019
Start Time      11:51:23
End Time        11:51:54

CSPRO Process Summary

CSPRO Executor Normal End
--------------------------------------------------------------------------------
Application     C:\ENQBASE\CFCRTM\CFCRTMWM.pen
Type            ENTRY
Input Data      <<CSPro DB>> C:\ENQBASE\CFCRTMdata\WMENQ41.csdb
External        MICS6HH=<<CSPro DB>> C:\ENQBASE\CFCRTMdata\HHENQ41.csdb

Date            Apr 13, 2019
Start Time      18:35:47
End Time        18:37:03

CSPRO Process Summary

User unnumbered messages:

   Line    Freq  Pct.  Message text                                        Denom
   ----    ----  ----  ------------                                        -----
   3336       1    -   Avez-vous une observation à renseigner?                 -

CSPRO Executor Normal End
--------------------------------------------------------------------------------
Application     C:\ENQBASE\CFCRTM\CFCRTMWM.pen
Type            ENTRY
Input Data      <<CSPro DB>> C:\ENQBASE\CFCRTMdata\WMENQ41.csdb
External        MICS6HH=<<CSPro DB>> C:\ENQBASE\CFCRTMdata\HHENQ41.csdb

Date            Apr 13, 2019
Start Time      19:43:45
End Time        19:43:52

CSPRO Process Summary

CSPRO Executor Normal End
--------------------------------------------------------------------------------
Application     C:\ENQBASE\CFCRTM\CFCRTMWM.pen
Type            ENTRY
Input Data      <<CSPro DB>> C:\ENQBASE\CFCRTMdata\WMENQ41.csdb
External        MICS6HH=<<CSPro DB>> C:\ENQBASE\CFCRTMdata\HHENQ41.csdb

Date            Apr 13, 2019
Start Time      19:43:55
End Time        19:55:12

CSPRO Process Summary

User unnumbered messages:

   Line    Freq  Pct.  Message text                                        Denom
   ----    ----  ----  ------------                                        -----
   3336       1    -   Avez-vous une observation à renseigner?                 -

CSPRO Executor Normal End
--------------------------------------------------------------------------------
Application     C:\ENQBASE\CFCRTM\CFCRTMWM.pen
Type            ENTRY
Input Data      <<CSPro DB>> C:\ENQBASE\CFCRTMdata\WMENQ41.csdb
External        MICS6HH=<<CSPro DB>> C:\ENQBASE\CFCRTMdata\HHENQ41.csdb

Date            Apr 13, 2019
Start Time      22:46:47
End Time        22:47:20

CSPRO Process Summary

User unnumbered messages:

   Line    Freq  Pct.  Message text                                        Denom
   ----    ----  ----  ------------                                        -----
   3336       1    -   Avez-vous une observation à renseigner?                 -

CSPRO Executor Normal End
--------------------------------------------------------------------------------
Application     C:\ENQBASE\CFCRTM\CFCRTMWM.pen
Type            ENTRY
Input Data      <<CSPro DB>> C:\ENQBASE\CFCRTMdata\WMENQ41.csdb
External        MICS6HH=<<CSPro DB>> C:\ENQBASE\CFCRTMdata\HHENQ41.csdb

Date            Apr 13, 2019
Start Time      22:53:54
End Time        23:01:28

CSPRO Process Summary

System messages:

 Number    Frequency   Message text
 ------    ---------   ------------
  99990            2   Operator entered a value out of range            

User numbered messages:

 Number    Freq  Pct.  Message text                                        Denom
 ------    ----  ----  ------------                                        -----
   1907       1    -   W Le bilan de santé postnatal (PN13U =%s et PN13N       -

User unnumbered messages:

   Line    Freq  Pct.  Message text                                        Denom
   ----    ----  ----  ------------                                        -----
   3336       1    -   Avez-vous une observation à renseigner?                 -

CSPRO Executor Normal End
--------------------------------------------------------------------------------
Application     C:\ENQBASE\CFCRTM\CFCRTMWM.pen
Type            ENTRY
Input Data      <<CSPro DB>> C:\ENQBASE\CFCRTMdata\WMENQ41.csdb
External        MICS6HH=<<CSPro DB>> C:\ENQBASE\CFCRTMdata\HHENQ41.csdb

Date            Apr 13, 2019
Start Time      23:06:48
End Time        23:07:10

CSPRO Process Summary

User unnumbered messages:

   Line    Freq  Pct.  Message text                                        Denom
   ----    ----  ----  ------------                                        -----
   3336       1    -   Avez-vous une observation à renseigner?                 -

CSPRO Executor Normal End
--------------------------------------------------------------------------------
Application     C:\ENQBASE\CFCRTM\CFCRTMWM.pen
Type            ENTRY
Input Data      <<CSPro DB>> C:\ENQBASE\CFCRTMdata\WMENQ41.csdb
External        MICS6HH=<<CSPro DB>> C:\ENQBASE\CFCRTMdata\HHENQ41.csdb

Date            Apr 13, 2019
Start Time      23:09:55
End Time        23:10:36

CSPRO Process Summary

User unnumbered messages:

   Line    Freq  Pct.  Message text                                        Denom
   ----    ----  ----  ------------                                        -----
   3336       1    -   Avez-vous une observation à renseigner?                 -

CSPRO Executor Normal End
--------------------------------------------------------------------------------
Application     C:\ENQBASE\CFCRTM\CFCRTMWM.pen
Type            ENTRY
Input Data      <<CSPro DB>> C:\ENQBASE\CFCRTMdata\WMENQ41.csdb
External        MICS6HH=<<CSPro DB>> C:\ENQBASE\CFCRTMdata\HHENQ41.csdb

Date            Apr 13, 2019
Start Time      23:13:13
End Time        23:21:36

CSPRO Process Summary

System messages:

 Number    Frequency   Message text
 ------    ---------   ------------
  99990            2   Operator entered a value out of range            

User unnumbered messages:

   Line    Freq  Pct.  Message text                                        Denom
   ----    ----  ----  ------------                                        -----
   3336       1    -   Avez-vous une observation à renseigner?                 -

CSPRO Executor Normal End
--------------------------------------------------------------------------------
Application     C:\ENQBASE\CFCRTM\CFCRTMWM.pen
Type            ENTRY
Input Data      <<CSPro DB>> C:\ENQBASE\CFCRTMdata\WMENQ41.csdb
External        MICS6HH=<<CSPro DB>> C:\ENQBASE\CFCRTMdata\HHENQ41.csdb

Date            Apr 14, 2019
Start Time      08:42:57
End Time        08:43:06

CSPRO Process Summary

CSPRO Executor Normal End
--------------------------------------------------------------------------------
Application     C:\ENQBASE\CFCRTM\CFCRTMWM.pen
Type            ENTRY
Input Data      <<CSPro DB>> C:\ENQBASE\CFCRTMdata\WMENQ41.csdb
External        MICS6HH=<<CSPro DB>> C:\ENQBASE\CFCRTMdata\HHENQ41.csdb

Date            Apr 14, 2019
Start Time      08:43:14
End Time        08:43:39

CSPRO Process Summary

System messages:

 Number    Frequency   Message text
 ------    ---------   ------------
   8052            1   You cannot execute SavePartial until the ID items

CSPRO Executor Normal End
--------------------------------------------------------------------------------
Application     C:\ENQBASE\CFCRTM\CFCRTMWM.pen
Type            ENTRY
Input Data      <<CSPro DB>> C:\ENQBASE\CFCRTMdata\WMENQ41.csdb
External        MICS6HH=<<CSPro DB>> C:\ENQBASE\CFCRTMdata\HHENQ41.csdb

Date            Apr 14, 2019
Start Time      08:45:35
End Time        08:45:48

CSPRO Process Summary

System messages:

 Number    Frequency   Message text
 ------    ---------   ------------
   8052            1   You cannot execute SavePartial until the ID items

CSPRO Executor Normal End
--------------------------------------------------------------------------------
Application     C:\ENQBASE\CFCRTM\CFCRTMWM.pen
Type            ENTRY
Input Data      <<CSPro DB>> C:\ENQBASE\CFCRTMdata\WMENQ41.csdb
External        MICS6HH=<<CSPro DB>> C:\ENQBASE\CFCRTMdata\HHENQ41.csdb

Date            Apr 14, 2019
Start Time      08:48:23
End Time        08:48:38

CSPRO Process Summary

CSPRO Executor Normal End
--------------------------------------------------------------------------------
Application     C:\ENQBASE\CFCRTM\CFCRTMWM.pen
Type            ENTRY
Input Data      <<CSPro DB>> C:\ENQBASE\CFCRTMdata\WMENQ41.csdb
External        MICS6HH=<<CSPro DB>> C:\ENQBASE\CFCRTMdata\HHENQ41.csdb

Date            Apr 14, 2019
Start Time      08:48:38
End Time        08:48:38

CSPRO Process Summary

CSPRO Executor Normal End
--------------------------------------------------------------------------------
Application     C:\ENQBASE\CFCRTM\CFCRTMWM.pen
Type            ENTRY
Input Data      <<CSPro DB>> C:\ENQBASE\CFCRTMdata\WMENQ41.csdb
External        MICS6HH=<<CSPro DB>> C:\ENQBASE\CFCRTMdata\HHENQ41.csdb

Date            Apr 14, 2019
Start Time      09:49:27
End Time        09:52:47

CSPRO Process Summary

User unnumbered messages:

   Line    Freq  Pct.  Message text                                        Denom
   ----    ----  ----  ------------                                        -----
   3162       2    -   Retournez à la question CM1 et corrigez                 -

CSPRO Executor Normal End
--------------------------------------------------------------------------------
Application     C:\ENQBASE\CFCRTM\CFCRTMWM.pen
Type            ENTRY
Input Data      <<CSPro DB>> C:\ENQBASE\CFCRTMdata\WMENQ41.csdb
External        MICS6HH=<<CSPro DB>> C:\ENQBASE\CFCRTMdata\HHENQ41.csdb

Date            Apr 14, 2019
Start Time      09:52:51
End Time        09:53:06

CSPRO Process Summary

CSPRO Executor Normal End
--------------------------------------------------------------------------------
Application     C:\ENQBASE\CFCRTM\CFCRTMWM.pen
Type            ENTRY
Input Data      <<CSPro DB>> C:\ENQBASE\CFCRTMdata\WMENQ41.csdb
External        MICS6HH=<<CSPro DB>> C:\ENQBASE\CFCRTMdata\HHENQ41.csdb

Date            Apr 14, 2019
Start Time      09:53:10
End Time        09:53:18

CSPRO Process Summary

CSPRO Executor Normal End
--------------------------------------------------------------------------------
Application     C:\ENQBASE\CFCRTM\CFCRTMWM.pen
Type            ENTRY
Input Data      <<CSPro DB>> C:\ENQBASE\CFCRTMdata\WMENQ41.csdb
External        MICS6HH=<<CSPro DB>> C:\ENQBASE\CFCRTMdata\HHENQ41.csdb

Date            Apr 14, 2019
Start Time      09:53:32
End Time        09:56:22

CSPRO Process Summary

User unnumbered messages:

   Line    Freq  Pct.  Message text                                        Denom
   ----    ----  ----  ------------                                        -----
   3162       4    -   Retournez à la question CM1 et corrigez                 -

CSPRO Executor Normal End
--------------------------------------------------------------------------------
Application     C:\ENQBASE\CFCRTM\CFCRTMWM.pen
Type            ENTRY
Input Data      <<CSPro DB>> C:\ENQBASE\CFCRTMdata\WMENQ41.csdb
External        MICS6HH=<<CSPro DB>> C:\ENQBASE\CFCRTMdata\HHENQ41.csdb

Date            Apr 14, 2019
Start Time      09:56:29
End Time        09:57:06

CSPRO Process Summary

System messages:

 Number    Frequency   Message text
 ------    ---------   ------------
   8052            1   You cannot execute SavePartial until the ID items
  92101            2   Case ids '%s' duplicate an existing case! Case id

CSPRO Executor Normal End
--------------------------------------------------------------------------------
Application     C:\ENQBASE\CFCRTM\CFCRTMWM.pen
Type            ENTRY
Input Data      <<CSPro DB>> C:\ENQBASE\CFCRTMdata\WMENQ41.csdb
External        MICS6HH=<<CSPro DB>> C:\ENQBASE\CFCRTMdata\HHENQ41.csdb

Date            Apr 14, 2019
Start Time      09:57:11
End Time        09:57:15

CSPRO Process Summary

CSPRO Executor Normal End
--------------------------------------------------------------------------------
Application     C:\ENQBASE\CFCRTM\CFCRTMWM.pen
Type            ENTRY
Input Data      <<CSPro DB>> C:\ENQBASE\CFCRTMdata\WMENQ41.csdb
External        MICS6HH=<<CSPro DB>> C:\ENQBASE\CFCRTMdata\HHENQ41.csdb

Date            Apr 14, 2019
Start Time      09:57:19
End Time        09:57:36

CSPRO Process Summary

System messages:

 Number    Frequency   Message text
 ------    ---------   ------------
  99990            1   Operator entered a value out of range            

CSPRO Executor Normal End
--------------------------------------------------------------------------------
Application     C:\ENQBASE\CFCRTM\CFCRTMWM.pen
Type            ENTRY
Input Data      <<CSPro DB>> C:\ENQBASE\CFCRTMdata\WMENQ41.csdb
External        MICS6HH=<<CSPro DB>> C:\ENQBASE\CFCRTMdata\HHENQ41.csdb

Date            Apr 14, 2019
Start Time      09:58:35
End Time        09:59:47

CSPRO Process Summary

User unnumbered messages:

   Line    Freq  Pct.  Message text                                        Denom
   ----    ----  ----  ------------                                        -----
   3162       2    -   Retournez à la question CM1 et corrigez                 -

CSPRO Executor Normal End
--------------------------------------------------------------------------------
Application     C:\ENQBASE\CFCRTM\CFCRTMWM.pen
Type            ENTRY
Input Data      <<CSPro DB>> C:\ENQBASE\CFCRTMdata\WMENQ41.csdb
External        MICS6HH=<<CSPro DB>> C:\ENQBASE\CFCRTMdata\HHENQ41.csdb

Date            Apr 14, 2019
Start Time      10:02:41
End Time        10:03:20

CSPRO Process Summary

User unnumbered messages:

   Line    Freq  Pct.  Message text                                        Denom
   ----    ----  ----  ------------                                        -----
   3162       1    -   Retournez à la question CM1 et corrigez                 -

CSPRO Executor Normal End
--------------------------------------------------------------------------------
Application     C:\ENQBASE\CFCRTM\CFCRTMWM.pen
Type            ENTRY
Input Data      <<CSPro DB>> C:\ENQBASE\CFCRTMdata\WMENQ41.csdb
External        MICS6HH=<<CSPro DB>> C:\ENQBASE\CFCRTMdata\HHENQ41.csdb

Date            Apr 14, 2019
Start Time      10:06:59
End Time        10:07:15

CSPRO Process Summary

User unnumbered messages:

   Line    Freq  Pct.  Message text                                        Denom
   ----    ----  ----  ------------                                        -----
   3162       1    -   Retournez à la question CM1 et corrigez                 -

CSPRO Executor Normal End
--------------------------------------------------------------------------------
Application     C:\ENQBASE\CFCRTM\CFCRTMWM.pen
Type            ENTRY
Input Data      <<CSPro DB>> C:\ENQBASE\CFCRTMdata\WMENQ41.csdb
External        MICS6HH=<<CSPro DB>> C:\ENQBASE\CFCRTMdata\HHENQ41.csdb

Date            Apr 14, 2019
Start Time      10:07:28
End Time        10:08:27

CSPRO Process Summary

User unnumbered messages:

   Line    Freq  Pct.  Message text                                        Denom
   ----    ----  ----  ------------                                        -----
   3162       2    -   Retournez à la question CM1 et corrigez                 -

CSPRO Executor Normal End
--------------------------------------------------------------------------------
Application     C:\ENQBASE\CFCRTM\CFCRTMWM.pen
Type            ENTRY
Input Data      <<CSPro DB>> C:\ENQBASE\CFCRTMdata\WMENQ41.csdb
External        MICS6HH=<<CSPro DB>> C:\ENQBASE\CFCRTMdata\HHENQ41.csdb

Date            Apr 14, 2019
Start Time      10:14:02
End Time        10:14:15

CSPRO Process Summary

User unnumbered messages:

   Line    Freq  Pct.  Message text                                        Denom
   ----    ----  ----  ------------                                        -----
   1825       1    -   Aucune femme de 15-49 ans dans le Ménage                -

CSPRO Executor Normal End
--------------------------------------------------------------------------------
Application     C:\ENQBASE\CFCRTM\CFCRTMWM.pen
Type            ENTRY
Input Data      <<CSPro DB>> C:\ENQBASE\CFCRTMdata\WMENQ41.csdb
External        MICS6HH=<<CSPro DB>> C:\ENQBASE\CFCRTMdata\HHENQ41.csdb

Date            Apr 14, 2019
Start Time      19:43:42
End Time        19:49:39

CSPRO Process Summary

CSPRO Executor Normal End
--------------------------------------------------------------------------------
Application     C:\ENQBASE\CFCRTM\CFCRTMWM.pen
Type            ENTRY
Input Data      <<CSPro DB>> C:\ENQBASE\CFCRTMdata\WMENQ41.csdb
External        MICS6HH=<<CSPro DB>> C:\ENQBASE\CFCRTMdata\HHENQ41.csdb

Date            Apr 14, 2019
Start Time      20:16:34
End Time        20:16:46

CSPRO Process Summary

User unnumbered messages:

   Line    Freq  Pct.  Message text                                        Denom
   ----    ----  ----  ------------                                        -----
   3336       1    -   Avez-vous une observation à renseigner?                 -

CSPRO Executor Normal End
--------------------------------------------------------------------------------
Application     C:\ENQBASE\CFCRTM\CFCRTMWM.pen
Type            ENTRY
Input Data      <<CSPro DB>> C:\ENQBASE\CFCRTMdata\WMENQ41.csdb
External        MICS6HH=<<CSPro DB>> C:\ENQBASE\CFCRTMdata\HHENQ41.csdb

Date            Apr 14, 2019
Start Time      20:39:49
End Time        20:40:47

CSPRO Process Summary

System messages:

 Number    Frequency   Message text
 ------    ---------   ------------
  99990            1   Operator entered a value out of range            

User unnumbered messages:

   Line    Freq  Pct.  Message text                                        Denom
   ----    ----  ----  ------------                                        -----
   3162       2    -   Retournez à la question CM1 et corrigez                 -
   3336       1    -   Avez-vous une observation à renseigner?                 -

CSPRO Executor Normal End
--------------------------------------------------------------------------------
Application     C:\ENQBASE\CFCRTM\CFCRTMWM.pen
Type            ENTRY
Input Data      <<CSPro DB>> C:\ENQBASE\CFCRTMdata\WMENQ41.csdb
External        MICS6HH=<<CSPro DB>> C:\ENQBASE\CFCRTMdata\HHENQ41.csdb

Date            Apr 15, 2019
Start Time      09:14:01
End Time        09:14:53

CSPRO Process Summary

User unnumbered messages:

   Line    Freq  Pct.  Message text                                        Denom
   ----    ----  ----  ------------                                        -----
   3336       1    -   Avez-vous une observation à renseigner?                 -

CSPRO Executor Normal End
--------------------------------------------------------------------------------
Application     C:\ENQBASE\CFCRTM\CFCRTMWM.pen
Type            ENTRY
Input Data      <<CSPro DB>> C:\ENQBASE\CFCRTMdata\WMENQ41.csdb
External        MICS6HH=<<CSPro DB>> C:\ENQBASE\CFCRTMdata\HHENQ41.csdb

Date            Apr 15, 2019
Start Time      09:15:08
End Time        09:15:58

CSPRO Process Summary

User unnumbered messages:

   Line    Freq  Pct.  Message text                                        Denom
   ----    ----  ----  ------------                                        -----
   3336       1    -   Avez-vous une observation à renseigner?                 -

CSPRO Executor Normal End
--------------------------------------------------------------------------------
Application     C:\ENQBASE\CFCRTM\CFCRTMWM.pen
Type            ENTRY
Input Data      <<CSPro DB>> C:\ENQBASE\CFCRTMdata\WMENQ41.csdb
External        MICS6HH=<<CSPro DB>> C:\ENQBASE\CFCRTMdata\HHENQ41.csdb

Date            Apr 15, 2019
Start Time      09:16:07
End Time        09:23:21

CSPRO Process Summary

User unnumbered messages:

   Line    Freq  Pct.  Message text                                        Denom
   ----    ----  ----  ------------                                        -----
   3336       1    -   Avez-vous une observation à renseigner?                 -

CSPRO Executor Normal End
--------------------------------------------------------------------------------
Application     C:\ENQBASE\CFCRTM\CFCRTMWM.pen
Type            ENTRY
Input Data      <<CSPro DB>> C:\ENQBASE\CFCRTMdata\WMENQ41.csdb
External        MICS6HH=<<CSPro DB>> C:\ENQBASE\CFCRTMdata\HHENQ41.csdb

Date            Apr 15, 2019
Start Time      19:37:03
End Time        19:48:38

CSPRO Process Summary

System messages:

 Number    Frequency   Message text
 ------    ---------   ------------
  99990            1   Operator entered a value out of range            

User numbered messages:

 Number    Freq  Pct.  Message text                                        Denom
 ------    ----  ----  ------------                                        -----
   9992       1    -   D Unité et nombre incohérents; vérifier les instr       -

User unnumbered messages:

   Line    Freq  Pct.  Message text                                        Denom
   ----    ----  ----  ------------                                        -----
   3336       1    -   Avez-vous une observation à renseigner?                 -

CSPRO Executor Normal End
--------------------------------------------------------------------------------
Application     C:\ENQBASE\CFCRTM\CFCRTMWM.pen
Type            ENTRY
Input Data      <<CSPro DB>> C:\ENQBASE\CFCRTMdata\WMENQ41.csdb
External        MICS6HH=<<CSPro DB>> C:\ENQBASE\CFCRTMdata\HHENQ41.csdb

Date            Apr 16, 2019
Start Time      09:13:26
End Time        09:13:40

CSPRO Process Summary

User unnumbered messages:

   Line    Freq  Pct.  Message text                                        Denom
   ----    ----  ----  ------------                                        -----
   1825       1    -   Aucune femme de 15-49 ans dans le Ménage                -

CSPRO Executor Normal End
--------------------------------------------------------------------------------
Application     C:\ENQBASE\CFCRTM\CFCRTMWM.pen
Type            ENTRY
Input Data      <<CSPro DB>> C:\ENQBASE\CFCRTMdata\WMENQ41.csdb
External        MICS6HH=<<CSPro DB>> C:\ENQBASE\CFCRTMdata\HHENQ41.csdb

Date            Apr 16, 2019
Start Time      16:37:19
End Time        17:03:45

CSPRO Process Summary

System messages:

 Number    Frequency   Message text
 ------    ---------   ------------
  99990            1   Operator entered a value out of range            

User unnumbered messages:

   Line    Freq  Pct.  Message text                                        Denom
   ----    ----  ----  ------------                                        -----
   3336       1    -   Avez-vous une observation à renseigner?                 -

CSPRO Executor Normal End
--------------------------------------------------------------------------------
Application     C:\ENQBASE\CFCRTM\CFCRTMWM.pen
Type            ENTRY
Input Data      <<CSPro DB>> C:\ENQBASE\CFCRTMdata\WMENQ41.csdb
External        MICS6HH=<<CSPro DB>> C:\ENQBASE\CFCRTMdata\HHENQ41.csdb

Date            Apr 16, 2019
Start Time      17:30:24
End Time        17:33:01

CSPRO Process Summary

User unnumbered messages:

   Line    Freq  Pct.  Message text                                        Denom
   ----    ----  ----  ------------                                        -----
   3336       1    -   Avez-vous une observation à renseigner?                 -

CSPRO Executor Normal End
--------------------------------------------------------------------------------
Application     C:\ENQBASE\CFCRTM\CFCRTMWM.pen
Type            ENTRY
Input Data      <<CSPro DB>> C:\ENQBASE\CFCRTMdata\WMENQ41.csdb
External        MICS6HH=<<CSPro DB>> C:\ENQBASE\CFCRTMdata\HHENQ41.csdb

Date            Apr 16, 2019
Start Time      17:52:39
End Time        18:08:09

CSPRO Process Summary

User unnumbered messages:

   Line    Freq  Pct.  Message text                                        Denom
   ----    ----  ----  ------------                                        -----
   3336       1    -   Avez-vous une observation à renseigner?                 -

CSPRO Executor Normal End
--------------------------------------------------------------------------------
Application     C:\ENQBASE\CFCRTM\CFCRTMWM.pen
Type            ENTRY
Input Data      <<CSPro DB>> C:\ENQBASE\CFCRTMdata\WMENQ41.csdb
External        MICS6HH=<<CSPro DB>> C:\ENQBASE\CFCRTMdata\HHENQ41.csdb

Date            Apr 18, 2019
Start Time      11:39:00
End Time        11:39:44

CSPRO Process Summary

System messages:

 Number    Frequency   Message text
 ------    ---------   ------------
   8052            1   You cannot execute SavePartial until the ID items
  92101            1   Case ids '%s' duplicate an existing case! Case id

CSPRO Executor Normal End
--------------------------------------------------------------------------------
Application     C:\ENQBASE\CFCRTM\CFCRTMWM.pen
Type            ENTRY
Input Data      <<CSPro DB>> C:\ENQBASE\CFCRTMdata\WMENQ41.csdb
External        MICS6HH=<<CSPro DB>> C:\ENQBASE\CFCRTMdata\HHENQ41.csdb

Date            Apr 18, 2019
Start Time      11:40:36
End Time        11:40:47

CSPRO Process Summary

CSPRO Executor Normal End
--------------------------------------------------------------------------------
Application     C:\ENQBASE\CFCRTM\CFCRTMWM.pen
Type            ENTRY
Input Data      <<CSPro DB>> C:\ENQBASE\CFCRTMdata\WMENQ41.csdb
External        MICS6HH=<<CSPro DB>> C:\ENQBASE\CFCRTMdata\HHENQ41.csdb

Date            Apr 18, 2019
Start Time      11:41:06
End Time        11:41:12

CSPRO Process Summary

CSPRO Executor Normal End
--------------------------------------------------------------------------------
Application     C:\ENQBASE\CFCRTM\CFCRTMWM.pen
Type            ENTRY
Input Data      <<CSPro DB>> C:\ENQBASE\CFCRTMdata\WMENQ41.csdb
External        MICS6HH=<<CSPro DB>> C:\ENQBASE\CFCRTMdata\HHENQ41.csdb

Date            Apr 18, 2019
Start Time      11:51:29
End Time        11:52:08

CSPRO Process Summary

User unnumbered messages:

   Line    Freq  Pct.  Message text                                        Denom
   ----    ----  ----  ------------                                        -----
   3336       1    -   Avez-vous une observation à renseigner?                 -

CSPRO Executor Normal End
--------------------------------------------------------------------------------
Application     C:\ENQBASE\CFCRTM\CFCRTMWM.pen
Type            ENTRY
Input Data      <<CSPro DB>> C:\ENQBASE\CFCRTMdata\WMENQ41.csdb
External        MICS6HH=<<CSPro DB>> C:\ENQBASE\CFCRTMdata\HHENQ41.csdb

Date            Apr 18, 2019
Start Time      11:52:22
End Time        12:05:01

CSPRO Process Summary

System messages:

 Number    Frequency   Message text
 ------    ---------   ------------
  99990            1   Operator entered a value out of range            

User unnumbered messages:

   Line    Freq  Pct.  Message text                                        Denom
   ----    ----  ----  ------------                                        -----
   3336       1    -   Avez-vous une observation à renseigner?                 -

CSPRO Executor Normal End
--------------------------------------------------------------------------------
Application     C:\ENQBASE\CFCRTM\CFCRTMWM.pen
Type            ENTRY
Input Data      <<CSPro DB>> C:\ENQBASE\CFCRTMdata\WMENQ41.csdb
External        MICS6HH=<<CSPro DB>> C:\ENQBASE\CFCRTMdata\HHENQ41.csdb

Date            Apr 18, 2019
Start Time      12:39:41
End Time        12:45:20

CSPRO Process Summary

System messages:

 Number    Frequency   Message text
 ------    ---------   ------------
  99990            1   Operator entered a value out of range            

User unnumbered messages:

   Line    Freq  Pct.  Message text                                        Denom
   ----    ----  ----  ------------                                        -----
   3336       1    -   Avez-vous une observation à renseigner?                 -

CSPRO Executor Normal End
--------------------------------------------------------------------------------
Application     C:\ENQBASE\CFCRTM\CFCRTMWM.pen
Type            ENTRY
Input Data      <<CSPro DB>> C:\ENQBASE\CFCRTMdata\WMENQ41.csdb
External        MICS6HH=<<CSPro DB>> C:\ENQBASE\CFCRTMdata\HHENQ41.csdb

Date            Apr 18, 2019
Start Time      12:45:49
End Time        12:51:43

CSPRO Process Summary

System messages:

 Number    Frequency   Message text
 ------    ---------   ------------
  99990            1   Operator entered a value out of range            

User numbered messages:

 Number    Freq  Pct.  Message text                                        Denom
 ------    ----  ----  ------------                                        -----
   9992       2    -   D Unité et nombre incohérents; vérifier les instr       -

User unnumbered messages:

   Line    Freq  Pct.  Message text                                        Denom
   ----    ----  ----  ------------                                        -----
   3336       1    -   Avez-vous une observation à renseigner?                 -

CSPRO Executor Normal End
--------------------------------------------------------------------------------
Application     C:\ENQBASE\CFCRTM\CFCRTMWM.pen
Type            ENTRY
Input Data      <<CSPro DB>> C:\ENQBASE\CFCRTMdata\WMENQ41.csdb
External        MICS6HH=<<CSPro DB>> C:\ENQBASE\CFCRTMdata\HHENQ41.csdb

Date            Apr 18, 2019
Start Time      19:01:20
End Time        19:02:57

CSPRO Process Summary

User unnumbered messages:

   Line    Freq  Pct.  Message text                                        Denom
   ----    ----  ----  ------------                                        -----
   3336       1    -   Avez-vous une observation à renseigner?                 -

CSPRO Executor Normal End
--------------------------------------------------------------------------------
Application     C:\ENQBASE\CFCRTM\CFCRTMWM.pen
Type            ENTRY
Input Data      <<CSPro DB>> C:\ENQBASE\CFCRTMdata\WMENQ41.csdb
External        MICS6HH=<<CSPro DB>> C:\ENQBASE\CFCRTMdata\HHENQ41.csdb

Date            Apr 18, 2019
Start Time      19:22:58
End Time        19:30:07

CSPRO Process Summary

System messages:

 Number    Frequency   Message text
 ------    ---------   ------------
  99990            2   Operator entered a value out of range            

User unnumbered messages:

   Line    Freq  Pct.  Message text                                        Denom
   ----    ----  ----  ------------                                        -----
   3336       1    -   Avez-vous une observation à renseigner?                 -

CSPRO Executor Normal End
--------------------------------------------------------------------------------
Application     C:\ENQBASE\CFCRTM\CFCRTMWM.pen
Type            ENTRY
Input Data      <<CSPro DB>> C:\ENQBASE\CFCRTMdata\WMENQ41.csdb
External        MICS6HH=<<CSPro DB>> C:\ENQBASE\CFCRTMdata\HHENQ41.csdb

Date            Apr 19, 2019
Start Time      09:28:51
End Time        09:37:17

CSPRO Process Summary

System messages:

 Number    Frequency   Message text
 ------    ---------   ------------
  99990            1   Operator entered a value out of range            

User unnumbered messages:

   Line    Freq  Pct.  Message text                                        Denom
   ----    ----  ----  ------------                                        -----
   3336       1    -   Avez-vous une observation à renseigner?                 -

CSPRO Executor Normal End
--------------------------------------------------------------------------------
Application     C:\ENQBASE\CFCRTM\CFCRTMWM.pen
Type            ENTRY
Input Data      <<CSPro DB>> C:\ENQBASE\CFCRTMdata\WMENQ41.csdb
External        MICS6HH=<<CSPro DB>> C:\ENQBASE\CFCRTMdata\HHENQ41.csdb

Date            Apr 19, 2019
Start Time      10:34:53
End Time        10:43:10

CSPRO Process Summary

User unnumbered messages:

   Line    Freq  Pct.  Message text                                        Denom
   ----    ----  ----  ------------                                        -----
   3336       1    -   Avez-vous une observation à renseigner?                 -

CSPRO Executor Normal End
--------------------------------------------------------------------------------
Application     C:\ENQBASE\CFCRTM\CFCRTMWM.pen
Type            ENTRY
Input Data      <<CSPro DB>> C:\ENQBASE\CFCRTMdata\WMENQ41.csdb
External        MICS6HH=<<CSPro DB>> C:\ENQBASE\CFCRTMdata\HHENQ41.csdb

Date            Apr 19, 2019
Start Time      10:59:35
End Time        10:59:53

CSPRO Process Summary

CSPRO Executor Normal End
--------------------------------------------------------------------------------
Application     C:\ENQBASE\CFCRTM\CFCRTMWM.pen
Type            ENTRY
Input Data      <<CSPro DB>> C:\ENQBASE\CFCRTMdata\WMENQ41.csdb
External        MICS6HH=<<CSPro DB>> C:\ENQBASE\CFCRTMdata\HHENQ41.csdb

Date            Apr 19, 2019
Start Time      11:11:59
End Time        11:12:51

CSPRO Process Summary

User unnumbered messages:

   Line    Freq  Pct.  Message text                                        Denom
   ----    ----  ----  ------------                                        -----
   3336       1    -   Avez-vous une observation à renseigner?                 -

CSPRO Executor Normal End
--------------------------------------------------------------------------------
Application     C:\ENQBASE\CFCRTM\CFCRTMWM.pen
Type            ENTRY
Input Data      <<CSPro DB>> C:\ENQBASE\CFCRTMdata\WMENQ41.csdb
External        MICS6HH=<<CSPro DB>> C:\ENQBASE\CFCRTMdata\HHENQ41.csdb

Date            Apr 19, 2019
Start Time      11:15:24
End Time        11:16:26

CSPRO Process Summary

User unnumbered messages:

   Line    Freq  Pct.  Message text                                        Denom
   ----    ----  ----  ------------                                        -----
   3336       1    -   Avez-vous une observation à renseigner?                 -

CSPRO Executor Normal End
--------------------------------------------------------------------------------
Application     C:\ENQBASE\CFCRTM\CFCRTMWM.pen
Type            ENTRY
Input Data      <<CSPro DB>> C:\ENQBASE\CFCRTMdata\WMENQ41.csdb
External        MICS6HH=<<CSPro DB>> C:\ENQBASE\CFCRTMdata\HHENQ41.csdb

Date            Apr 19, 2019
Start Time      17:20:15
End Time        17:31:51

CSPRO Process Summary

User unnumbered messages:

   Line    Freq  Pct.  Message text                                        Denom
   ----    ----  ----  ------------                                        -----
   3336       1    -   Avez-vous une observation à renseigner?                 -

CSPRO Executor Normal End
--------------------------------------------------------------------------------
Application     C:\ENQBASE\CFCRTM\CFCRTMWM.pen
Type            ENTRY
Input Data      <<CSPro DB>> C:\ENQBASE\CFCRTMdata\WMENQ41.csdb
External        MICS6HH=<<CSPro DB>> C:\ENQBASE\CFCRTMdata\HHENQ41.csdb

Date            Apr 19, 2019
Start Time      17:37:22
End Time        17:48:18

CSPRO Process Summary

System messages:

 Number    Frequency   Message text
 ------    ---------   ------------
  99990            1   Operator entered a value out of range            

User unnumbered messages:

   Line    Freq  Pct.  Message text                                        Denom
   ----    ----  ----  ------------                                        -----
   3336       1    -   Avez-vous une observation à renseigner?                 -

CSPRO Executor Normal End
--------------------------------------------------------------------------------
Application     C:\ENQBASE\CFCRTM\CFCRTMWM.pen
Type            ENTRY
Input Data      <<CSPro DB>> C:\ENQBASE\CFCRTMdata\WMENQ41.csdb
External        MICS6HH=<<CSPro DB>> C:\ENQBASE\CFCRTMdata\HHENQ41.csdb

Date            Apr 19, 2019
Start Time      20:07:10
End Time        20:12:12

CSPRO Process Summary

User unnumbered messages:

   Line    Freq  Pct.  Message text                                        Denom
   ----    ----  ----  ------------                                        -----
   3336       1    -   Avez-vous une observation à renseigner?                 -

CSPRO Executor Normal End
--------------------------------------------------------------------------------
Application     C:\ENQBASE\CFCRTM\CFCRTMWM.pen
Type            ENTRY
Input Data      <<CSPro DB>> C:\ENQBASE\CFCRTMdata\WMENQ41.csdb
External        MICS6HH=<<CSPro DB>> C:\ENQBASE\CFCRTMdata\HHENQ41.csdb

Date            Apr 19, 2019
Start Time      20:18:48
End Time        20:18:57

CSPRO Process Summary

User unnumbered messages:

   Line    Freq  Pct.  Message text                                        Denom
   ----    ----  ----  ------------                                        -----
   1825       1    -   Aucune femme de 15-49 ans dans le Ménage                -

CSPRO Executor Normal End
--------------------------------------------------------------------------------
Application     C:\ENQBASE\CFCRTM\CFCRTMWM.pen
Type            ENTRY
Input Data      <<CSPro DB>> C:\ENQBASE\CFCRTMdata\WMENQ41.csdb
External        MICS6HH=<<CSPro DB>> C:\ENQBASE\CFCRTMdata\HHENQ41.csdb

Date            Apr 20, 2019
Start Time      00:42:42
End Time        00:43:10

CSPRO Process Summary

System messages:

 Number    Frequency   Message text
 ------    ---------   ------------
   8052            1   You cannot execute SavePartial until the ID items
  92101            1   Case ids '%s' duplicate an existing case! Case id

CSPRO Executor Normal End
--------------------------------------------------------------------------------
Application     C:\ENQBASE\CFCRTM\CFCRTMWM.pen
Type            ENTRY
Input Data      <<CSPro DB>> C:\ENQBASE\CFCRTMdata\WMENQ41.csdb
External        MICS6HH=<<CSPro DB>> C:\ENQBASE\CFCRTMdata\HHENQ41.csdb

Date            Apr 20, 2019
Start Time      00:43:15
End Time        00:44:12

CSPRO Process Summary

System messages:

 Number    Frequency   Message text
 ------    ---------   ------------
   1010            1   Application error: protected field %n out of rang
  99990            1   Operator entered a value out of range            

CSPRO Executor Normal End
--------------------------------------------------------------------------------
Application     C:\ENQBASE\CFCRTM\CFCRTMWM.pen
Type            ENTRY
Input Data      <<CSPro DB>> C:\ENQBASE\CFCRTMdata\WMENQ41.csdb
External        MICS6HH=<<CSPro DB>> C:\ENQBASE\CFCRTMdata\HHENQ41.csdb

Date            Apr 20, 2019
Start Time      00:44:19
End Time        00:45:31

CSPRO Process Summary

System messages:

 Number    Frequency   Message text
 ------    ---------   ------------
   8052            1   You cannot execute SavePartial until the ID items
  92101            1   Case ids '%s' duplicate an existing case! Case id

CSPRO Executor Normal End
--------------------------------------------------------------------------------
Application     C:\ENQBASE\CFCRTM\CFCRTMWM.pen
Type            ENTRY
Input Data      <<CSPro DB>> C:\ENQBASE\CFCRTMdata\WMENQ41.csdb
External        MICS6HH=<<CSPro DB>> C:\ENQBASE\CFCRTMdata\HHENQ41.csdb

Date            Apr 16, 2019
Start Time      00:45:37
End Time        00:45:55

CSPRO Process Summary

System messages:

 Number    Frequency   Message text
 ------    ---------   ------------
   8052            1   You cannot execute SavePartial until the ID items
  92101            1   Case ids '%s' duplicate an existing case! Case id

CSPRO Executor Normal End
--------------------------------------------------------------------------------
Application     C:\ENQBASE\CFCRTM\CFCRTMWM.pen
Type            ENTRY
Input Data      <<CSPro DB>> C:\ENQBASE\CFCRTMdata\WMENQ41.csdb
External        MICS6HH=<<CSPro DB>> C:\ENQBASE\CFCRTMdata\HHENQ41.csdb

Date            Apr 16, 2019
Start Time      00:46:00
End Time        00:46:12

CSPRO Process Summary

User unnumbered messages:

   Line    Freq  Pct.  Message text                                        Denom
   ----    ----  ----  ------------                                        -----
   1825       1    -   Aucune femme de 15-49 ans dans le Ménage                -

CSPRO Executor Normal End
--------------------------------------------------------------------------------
Application     C:\ENQBASE\CFCRTM\CFCRTMWM.pen
Type            ENTRY
Input Data      <<CSPro DB>> C:\ENQBASE\CFCRTMdata\WMENQ41.csdb
External        MICS6HH=<<CSPro DB>> C:\ENQBASE\CFCRTMdata\HHENQ41.csdb

Date            Apr 16, 2019
Start Time      00:46:18
End Time        00:46:30

CSPRO Process Summary

User unnumbered messages:

   Line    Freq  Pct.  Message text                                        Denom
   ----    ----  ----  ------------                                        -----
   1825       1    -   Aucune femme de 15-49 ans dans le Ménage                -

CSPRO Executor Normal End
--------------------------------------------------------------------------------
Application     C:\ENQBASE\CFCRTM\CFCRTMWM.pen
Type            ENTRY
Input Data      <<CSPro DB>> C:\ENQBASE\CFCRTMdata\WMENQ41.csdb
External        MICS6HH=<<CSPro DB>> C:\ENQBASE\CFCRTMdata\HHENQ41.csdb

Date            Apr 16, 2019
Start Time      00:46:35
End Time        00:46:50

CSPRO Process Summary

System messages:

 Number    Frequency   Message text
 ------    ---------   ------------
   8052            1   You cannot execute SavePartial until the ID items
  92101            1   Case ids '%s' duplicate an existing case! Case id

CSPRO Executor Normal End
--------------------------------------------------------------------------------
Application     C:\ENQBASE\CFCRTM\CFCRTMWM.pen
Type            ENTRY
Input Data      <<CSPro DB>> C:\ENQBASE\CFCRTMdata\WMENQ41.csdb
External        MICS6HH=<<CSPro DB>> C:\ENQBASE\CFCRTMdata\HHENQ41.csdb

Date            Apr 16, 2019
Start Time      15:35:52
End Time        15:36:39

CSPRO Process Summary

System messages:

 Number    Frequency   Message text
 ------    ---------   ------------
   8052            1   You cannot execute SavePartial until the ID items
  92101            1   Case ids '%s' duplicate an existing case! Case id

CSPRO Executor Normal End
--------------------------------------------------------------------------------
Application     C:\ENQBASE\CFCRTM\CFCRTMWM.pen
Type            ENTRY
Input Data      <<CSPro DB>> C:\ENQBASE\CFCRTMdata\WMENQ41.csdb
External        MICS6HH=<<CSPro DB>> C:\ENQBASE\CFCRTMdata\HHENQ41.csdb

Date            Apr 16, 2019
Start Time      15:36:55
End Time        15:37:20

CSPRO Process Summary

System messages:

 Number    Frequency   Message text
 ------    ---------   ------------
   8052            1   You cannot execute SavePartial until the ID items
  92101            2   Case ids '%s' duplicate an existing case! Case id

CSPRO Executor Normal End
--------------------------------------------------------------------------------
Application     C:\ENQBASE\CFCRTM\CFCRTMWM.pen
Type            ENTRY
Input Data      <<CSPro DB>> C:\ENQBASE\CFCRTMdata\WMENQ41.csdb
External        MICS6HH=<<CSPro DB>> C:\ENQBASE\CFCRTMdata\HHENQ41.csdb

Date            Apr 16, 2019
Start Time      15:37:31
End Time        15:37:50

CSPRO Process Summary

System messages:

 Number    Frequency   Message text
 ------    ---------   ------------
   8052            1   You cannot execute SavePartial until the ID items
  92101            2   Case ids '%s' duplicate an existing case! Case id

CSPRO Executor Normal End
--------------------------------------------------------------------------------
Application     C:\ENQBASE\CFCRTM\CFCRTMWM.pen
Type            ENTRY
Input Data      <<CSPro DB>> C:\ENQBASE\CFCRTMdata\WMENQ41.csdb
External        MICS6HH=<<CSPro DB>> C:\ENQBASE\CFCRTMdata\HHENQ41.csdb

Date            Apr 16, 2019
Start Time      15:38:57
End Time        15:39:05

CSPRO Process Summary

User unnumbered messages:

   Line    Freq  Pct.  Message text                                        Denom
   ----    ----  ----  ------------                                        -----
   1825       1    -   Aucune femme de 15-49 ans dans le Ménage                -

CSPRO Executor Normal End
--------------------------------------------------------------------------------
Application     C:\ENQBASE\CFCRTM\CFCRTMWM.pen
Type            ENTRY
Input Data      <<CSPro DB>> C:\ENQBASE\CFCRTMdata\WMENQ41.csdb
External        MICS6HH=<<CSPro DB>> C:\ENQBASE\CFCRTMdata\HHENQ41.csdb

Date            Apr 16, 2019
Start Time      15:39:35
End Time        15:39:48

CSPRO Process Summary

System messages:

 Number    Frequency   Message text
 ------    ---------   ------------
   8052            1   You cannot execute SavePartial until the ID items
  92101            1   Case ids '%s' duplicate an existing case! Case id

CSPRO Executor Normal End
--------------------------------------------------------------------------------
Application     C:\ENQBASE\CFCRTM\CFCRTMWM.pen
Type            ENTRY
Input Data      <<CSPro DB>> C:\ENQBASE\CFCRTMdata\WMENQ41.csdb
External        MICS6HH=<<CSPro DB>> C:\ENQBASE\CFCRTMdata\HHENQ41.csdb

Date            Apr 16, 2019
Start Time      15:39:54
End Time        15:40:08

CSPRO Process Summary

System messages:

 Number    Frequency   Message text
 ------    ---------   ------------
   8052            1   You cannot execute SavePartial until the ID items
  92101            2   Case ids '%s' duplicate an existing case! Case id

CSPRO Executor Normal End
--------------------------------------------------------------------------------
Application     C:\ENQBASE\CFCRTM\CFCRTMWM.pen
Type            ENTRY
Input Data      <<CSPro DB>> C:\ENQBASE\CFCRTMdata\WMENQ41.csdb
External        MICS6HH=<<CSPro DB>> C:\ENQBASE\CFCRTMdata\HHENQ41.csdb

Date            Apr 16, 2019
Start Time      15:40:16
End Time        15:40:24

CSPRO Process Summary

User unnumbered messages:

   Line    Freq  Pct.  Message text                                        Denom
   ----    ----  ----  ------------                                        -----
   1825       1    -   Aucune femme de 15-49 ans dans le Ménage                -

CSPRO Executor Normal End
--------------------------------------------------------------------------------
Application     C:\ENQBASE\CFCRTM\CFCRTMWM.pen
Type            ENTRY
Input Data      <<CSPro DB>> C:\ENQBASE\CFCRTMdata\WMENQ41.csdb
External        MICS6HH=<<CSPro DB>> C:\ENQBASE\CFCRTMdata\HHENQ41.csdb

Date            Apr 16, 2019
Start Time      15:41:10
End Time        15:41:20

CSPRO Process Summary

User unnumbered messages:

   Line    Freq  Pct.  Message text                                        Denom
   ----    ----  ----  ------------                                        -----
   1825       1    -   Aucune femme de 15-49 ans dans le Ménage                -

CSPRO Executor Normal End
--------------------------------------------------------------------------------
Application     C:\ENQBASE\CFCRTM\CFCRTMWM.pen
Type            ENTRY
Input Data      <<CSPro DB>> C:\ENQBASE\CFCRTMdata\WMENQ41.csdb
External        MICS6HH=<<CSPro DB>> C:\ENQBASE\CFCRTMdata\HHENQ41.csdb

Date            Apr 16, 2019
Start Time      15:44:21
End Time        15:50:30

CSPRO Process Summary

System messages:

 Number    Frequency   Message text
 ------    ---------   ------------
  99990            1   Operator entered a value out of range            

User unnumbered messages:

   Line    Freq  Pct.  Message text                                        Denom
   ----    ----  ----  ------------                                        -----
   3336       1    -   Avez-vous une observation à renseigner?                 -

CSPRO Executor Normal End
--------------------------------------------------------------------------------
Application     C:\ENQBASE\CFCRTM\CFCRTMWM.pen
Type            ENTRY
Input Data      <<CSPro DB>> C:\ENQBASE\CFCRTMdata\WMENQ41.csdb
External        MICS6HH=<<CSPro DB>> C:\ENQBASE\CFCRTMdata\HHENQ41.csdb

Date            Apr 16, 2019
Start Time      15:52:06
End Time        15:52:08

CSPRO Process Summary

CSPRO Executor Normal End
--------------------------------------------------------------------------------
Application     C:\ENQBASE\CFCRTM\CFCRTMWM.pen
Type            ENTRY
Input Data      <<CSPro DB>> C:\ENQBASE\CFCRTMdata\WMENQ41.csdb
External        MICS6HH=<<CSPro DB>> C:\ENQBASE\CFCRTMdata\HHENQ41.csdb

Date            Apr 16, 2019
Start Time      15:52:13
End Time        15:57:57

CSPRO Process Summary

User unnumbered messages:

   Line    Freq  Pct.  Message text                                        Denom
   ----    ----  ----  ------------                                        -----
   3336       1    -   Avez-vous une observation à renseigner?                 -

CSPRO Executor Normal End
--------------------------------------------------------------------------------
Application     C:\ENQBASE\CFCRTM\CFCRTMWM.pen
Type            ENTRY
Input Data      <<CSPro DB>> C:\ENQBASE\CFCRTMdata\WMENQ41.csdb
External        MICS6HH=<<CSPro DB>> C:\ENQBASE\CFCRTMdata\HHENQ41.csdb

Date            Apr 16, 2019
Start Time      15:59:29
End Time        15:59:38

CSPRO Process Summary

System messages:

 Number    Frequency   Message text
 ------    ---------   ------------
   8052            1   You cannot execute SavePartial until the ID items

CSPRO Executor Normal End
--------------------------------------------------------------------------------
Application     C:\ENQBASE\CFCRTM\CFCRTMWM.pen
Type            ENTRY
Input Data      <<CSPro DB>> C:\ENQBASE\CFCRTMdata\WMENQ41.csdb
External        MICS6HH=<<CSPro DB>> C:\ENQBASE\CFCRTMdata\HHENQ41.csdb

Date            Apr 16, 2019
Start Time      15:59:45
End Time        16:00:02

CSPRO Process Summary

User unnumbered messages:

   Line    Freq  Pct.  Message text                                        Denom
   ----    ----  ----  ------------                                        -----
   1825       1    -   Aucune femme de 15-49 ans dans le Ménage                -

CSPRO Executor Normal End
--------------------------------------------------------------------------------
Application     C:\ENQBASE\CFCRTM\CFCRTMWM.pen
Type            ENTRY
Input Data      <<CSPro DB>> C:\ENQBASE\CFCRTMdata\WMENQ41.csdb
External        MICS6HH=<<CSPro DB>> C:\ENQBASE\CFCRTMdata\HHENQ41.csdb

Date            Apr 16, 2019
Start Time      16:00:07
End Time        16:00:16

CSPRO Process Summary

User unnumbered messages:

   Line    Freq  Pct.  Message text                                        Denom
   ----    ----  ----  ------------                                        -----
   1825       1    -   Aucune femme de 15-49 ans dans le Ménage                -

CSPRO Executor Normal End
--------------------------------------------------------------------------------
Application     C:\ENQBASE\CFCRTM\CFCRTMWM.pen
Type            ENTRY
Input Data      <<CSPro DB>> C:\ENQBASE\CFCRTMdata\WMENQ41.csdb
External        MICS6HH=<<CSPro DB>> C:\ENQBASE\CFCRTMdata\HHENQ41.csdb

Date            Apr 16, 2019
Start Time      16:00:28
End Time        16:00:32

CSPRO Process Summary

CSPRO Executor Normal End
--------------------------------------------------------------------------------
Application     C:\ENQBASE\CFCRTM\CFCRTMWM.pen
Type            ENTRY
Input Data      <<CSPro DB>> C:\ENQBASE\CFCRTMdata\WMENQ41.csdb
External        MICS6HH=<<CSPro DB>> C:\ENQBASE\CFCRTMdata\HHENQ41.csdb

Date            Apr 16, 2019
Start Time      16:00:38
End Time        16:00:40

CSPRO Process Summary

CSPRO Executor Normal End
--------------------------------------------------------------------------------
Application     C:\ENQBASE\CFCRTM\CFCRTMWM.pen
Type            ENTRY
Input Data      <<CSPro DB>> C:\ENQBASE\CFCRTMdata\WMENQ41.csdb
External        MICS6HH=<<CSPro DB>> C:\ENQBASE\CFCRTMdata\HHENQ41.csdb

Date            Apr 16, 2019
Start Time      16:00:45
End Time        16:01:02

CSPRO Process Summary

User unnumbered messages:

   Line    Freq  Pct.  Message text                                        Denom
   ----    ----  ----  ------------                                        -----
   1825       1    -   Aucune femme de 15-49 ans dans le Ménage                -

CSPRO Executor Normal End
--------------------------------------------------------------------------------
Application     C:\ENQBASE\CFCRTM\CFCRTMWM.pen
Type            ENTRY
Input Data      <<CSPro DB>> C:\ENQBASE\CFCRTMdata\WMENQ41.csdb
External        MICS6HH=<<CSPro DB>> C:\ENQBASE\CFCRTMdata\HHENQ41.csdb

Date            Apr 16, 2019
Start Time      16:01:08
End Time        16:01:15

CSPRO Process Summary

User unnumbered messages:

   Line    Freq  Pct.  Message text                                        Denom
   ----    ----  ----  ------------                                        -----
   1825       1    -   Aucune femme de 15-49 ans dans le Ménage                -

CSPRO Executor Normal End
--------------------------------------------------------------------------------
Application     C:\ENQBASE\CFCRTM\CFCRTMWM.pen
Type            ENTRY
Input Data      <<CSPro DB>> C:\ENQBASE\CFCRTMdata\WMENQ41.csdb
External        MICS6HH=<<CSPro DB>> C:\ENQBASE\CFCRTMdata\HHENQ41.csdb

Date            Apr 20, 2019
Start Time      09:06:50
End Time        09:17:41

CSPRO Process Summary

User unnumbered messages:

   Line    Freq  Pct.  Message text                                        Denom
   ----    ----  ----  ------------                                        -----
   3336       1    -   Avez-vous une observation à renseigner?                 -

CSPRO Executor Normal End
--------------------------------------------------------------------------------
Application     C:\ENQBASE\CFCRTM\CFCRTMWM.pen
Type            ENTRY
Input Data      <<CSPro DB>> C:\ENQBASE\CFCRTMdata\WMENQ41.csdb
External        MICS6HH=<<CSPro DB>> C:\ENQBASE\CFCRTMdata\HHENQ41.csdb

Date            Apr 20, 2019
Start Time      09:17:48
End Time        09:18:27

CSPRO Process Summary

User unnumbered messages:

   Line    Freq  Pct.  Message text                                        Denom
   ----    ----  ----  ------------                                        -----
   3336       1    -   Avez-vous une observation à renseigner?                 -

CSPRO Executor Normal End
--------------------------------------------------------------------------------
Application     C:\ENQBASE\CFCRTM\CFCRTMWM.pen
Type            ENTRY
Input Data      <<CSPro DB>> C:\ENQBASE\CFCRTMdata\WMENQ41.csdb
External        MICS6HH=<<CSPro DB>> C:\ENQBASE\CFCRTMdata\HHENQ41.csdb

Date            Apr 20, 2019
Start Time      10:34:04
End Time        10:35:21

CSPRO Process Summary

User unnumbered messages:

   Line    Freq  Pct.  Message text                                        Denom
   ----    ----  ----  ------------                                        -----
   3336       1    -   Avez-vous une observation à renseigner?                 -

CSPRO Executor Normal End
--------------------------------------------------------------------------------
Application     C:\ENQBASE\CFCRTM\CFCRTMWM.pen
Type            ENTRY
Input Data      <<CSPro DB>> C:\ENQBASE\CFCRTMdata\WMENQ41.csdb
External        MICS6HH=<<CSPro DB>> C:\ENQBASE\CFCRTMdata\HHENQ41.csdb

Date            Apr 20, 2019
Start Time      10:54:32
End Time        10:59:35

CSPRO Process Summary

User unnumbered messages:

   Line    Freq  Pct.  Message text                                        Denom
   ----    ----  ----  ------------                                        -----
   3336       1    -   Avez-vous une observation à renseigner?                 -

CSPRO Executor Normal End
--------------------------------------------------------------------------------
Application     C:\ENQBASE\CFCRTM\CFCRTMWM.pen
Type            ENTRY
Input Data      <<CSPro DB>> C:\ENQBASE\CFCRTMdata\WMENQ41.csdb
External        MICS6HH=<<CSPro DB>> C:\ENQBASE\CFCRTMdata\HHENQ41.csdb

Date            Apr 20, 2019
Start Time      11:47:54
End Time        11:48:29

CSPRO Process Summary

User unnumbered messages:

   Line    Freq  Pct.  Message text                                        Denom
   ----    ----  ----  ------------                                        -----
   3336       1    -   Avez-vous une observation à renseigner?                 -

CSPRO Executor Normal End
--------------------------------------------------------------------------------
Application     C:\ENQBASE\CFCRTM\CFCRTMWM.pen
Type            ENTRY
Input Data      <<CSPro DB>> C:\ENQBASE\CFCRTMdata\WMENQ41.csdb
External        MICS6HH=<<CSPro DB>> C:\ENQBASE\CFCRTMdata\HHENQ41.csdb

Date            Apr 20, 2019
Start Time      11:49:27
End Time        11:49:54

CSPRO Process Summary

User unnumbered messages:

   Line    Freq  Pct.  Message text                                        Denom
   ----    ----  ----  ------------                                        -----
   3336       1    -   Avez-vous une observation à renseigner?                 -

CSPRO Executor Normal End
--------------------------------------------------------------------------------
Application     C:\ENQBASE\CFCRTM\CFCRTMWM.pen
Type            ENTRY
Input Data      <<CSPro DB>> C:\ENQBASE\CFCRTMdata\WMENQ41.csdb
External        MICS6HH=<<CSPro DB>> C:\ENQBASE\CFCRTMdata\HHENQ41.csdb

Date            Apr 20, 2019
Start Time      11:51:39
End Time        11:55:33

CSPRO Process Summary

User unnumbered messages:

   Line    Freq  Pct.  Message text                                        Denom
   ----    ----  ----  ------------                                        -----
   3336       1    -   Avez-vous une observation à renseigner?                 -

CSPRO Executor Normal End
--------------------------------------------------------------------------------
Application     C:\ENQBASE\CFCRTM\CFCRTMWM.pen
Type            ENTRY
Input Data      <<CSPro DB>> C:\ENQBASE\CFCRTMdata\WMENQ41.csdb
External        MICS6HH=<<CSPro DB>> C:\ENQBASE\CFCRTMdata\HHENQ41.csdb

Date            Apr 20, 2019
Start Time      15:39:15
End Time        15:40:28

CSPRO Process Summary

User unnumbered messages:

   Line    Freq  Pct.  Message text                                        Denom
   ----    ----  ----  ------------                                        -----
   3336       1    -   Avez-vous une observation à renseigner?                 -

CSPRO Executor Normal End
--------------------------------------------------------------------------------
Application     C:\ENQBASE\CFCRTM\CFCRTMWM.pen
Type            ENTRY
Input Data      <<CSPro DB>> C:\ENQBASE\CFCRTMdata\WMENQ41.csdb
External        MICS6HH=<<CSPro DB>> C:\ENQBASE\CFCRTMdata\HHENQ41.csdb

Date            Apr 20, 2019
Start Time      16:38:53
End Time        16:45:07

CSPRO Process Summary

System messages:

 Number    Frequency   Message text
 ------    ---------   ------------
  99990            1   Operator entered a value out of range            

User unnumbered messages:

   Line    Freq  Pct.  Message text                                        Denom
   ----    ----  ----  ------------                                        -----
   3336       1    -   Avez-vous une observation à renseigner?                 -

CSPRO Executor Normal End
--------------------------------------------------------------------------------
Application     C:\ENQBASE\CFCRTM\CFCRTMWM.pen
Type            ENTRY
Input Data      <<CSPro DB>> C:\ENQBASE\CFCRTMdata\WMENQ41.csdb
External        MICS6HH=<<CSPro DB>> C:\ENQBASE\CFCRTMdata\HHENQ41.csdb

Date            Apr 20, 2019
Start Time      17:34:58
End Time        17:37:06

CSPRO Process Summary

User unnumbered messages:

   Line    Freq  Pct.  Message text                                        Denom
   ----    ----  ----  ------------                                        -----
   3336       1    -   Avez-vous une observation à renseigner?                 -

CSPRO Executor Normal End
--------------------------------------------------------------------------------
Application     C:\ENQBASE\CFCRTM\CFCRTMWM.pen
Type            ENTRY
Input Data      <<CSPro DB>> C:\ENQBASE\CFCRTMdata\WMENQ41.csdb
External        MICS6HH=<<CSPro DB>> C:\ENQBASE\CFCRTMdata\HHENQ41.csdb

Date            Apr 20, 2019
Start Time      17:37:12
End Time        17:40:54

CSPRO Process Summary

User unnumbered messages:

   Line    Freq  Pct.  Message text                                        Denom
   ----    ----  ----  ------------                                        -----
   3336       1    -   Avez-vous une observation à renseigner?                 -

CSPRO Executor Normal End
--------------------------------------------------------------------------------
Application     C:\ENQBASE\CFCRTM\CFCRTMWM.pen
Type            ENTRY
Input Data      <<CSPro DB>> C:\ENQBASE\CFCRTMdata\WMENQ41.csdb
External        MICS6HH=<<CSPro DB>> C:\ENQBASE\CFCRTMdata\HHENQ41.csdb

Date            Apr 22, 2019
Start Time      16:10:15
End Time        16:11:04

CSPRO Process Summary

User unnumbered messages:

   Line    Freq  Pct.  Message text                                        Denom
   ----    ----  ----  ------------                                        -----
   3336       1    -   Avez-vous une observation à renseigner?                 -

CSPRO Executor Normal End
--------------------------------------------------------------------------------
Application     C:\ENQBASE\CFCRTM\CFCRTMWM.pen
Type            ENTRY
Input Data      <<CSPro DB>> C:\ENQBASE\CFCRTMdata\WMENQ41.csdb
External        MICS6HH=<<CSPro DB>> C:\ENQBASE\CFCRTMdata\HHENQ41.csdb

Date            Apr 22, 2019
Start Time      16:11:17
End Time        16:16:47

CSPRO Process Summary

System messages:

 Number    Frequency   Message text
 ------    ---------   ------------
  99990            1   Operator entered a value out of range            

User unnumbered messages:

   Line    Freq  Pct.  Message text                                        Denom
   ----    ----  ----  ------------                                        -----
   3336       3    -   Avez-vous une observation à renseigner?                 -

CSPRO Executor Normal End
--------------------------------------------------------------------------------
Application     C:\ENQBASE\CFCRTM\CFCRTMWM.pen
Type            ENTRY
Input Data      <<CSPro DB>> C:\ENQBASE\CFCRTMdata\WMENQ41.csdb
External        MICS6HH=<<CSPro DB>> C:\ENQBASE\CFCRTMdata\HHENQ41.csdb

Date            Apr 22, 2019
Start Time      16:17:02
End Time        16:21:50

CSPRO Process Summary

User unnumbered messages:

   Line    Freq  Pct.  Message text                                        Denom
   ----    ----  ----  ------------                                        -----
   3336       1    -   Avez-vous une observation à renseigner?                 -

CSPRO Executor Normal End
--------------------------------------------------------------------------------
Application     C:\ENQBASE\CFCRTM\CFCRTMWM.pen
Type            ENTRY
Input Data      <<CSPro DB>> C:\ENQBASE\CFCRTMdata\WMENQ41.csdb
External        MICS6HH=<<CSPro DB>> C:\ENQBASE\CFCRTMdata\HHENQ41.csdb

Date            Apr 22, 2019
Start Time      16:21:59
End Time        16:27:02

CSPRO Process Summary

User unnumbered messages:

   Line    Freq  Pct.  Message text                                        Denom
   ----    ----  ----  ------------                                        -----
   3336       1    -   Avez-vous une observation à renseigner?                 -

CSPRO Executor Normal End
--------------------------------------------------------------------------------
